#
# A fatal error has been detected by the Java Runtime Environment:
#
#  EXCEPTION_ACCESS_VIOLATION (0xc0000005) at pc=0x00007ffa3d136b07, pid=13008, tid=13088
#
# JRE version: Java(TM) SE Runtime Environment (23.0+37) (build 23+37-2369)
# Java VM: Java HotSpot(TM) 64-Bit Server VM (23+37-2369, mixed mode, sharing, tiered, compressed oops, compressed class ptrs, g1 gc, windows-amd64)
# Problematic frame:
# C  [glass.dll+0x26b07]
#
# No core dump will be written. Minidumps are not enabled by default on client versions of Windows
#
# If you would like to submit a bug report, please visit:
#   https://bugreport.java.com/bugreport/crash.jsp
#

---------------  S U M M A R Y ------------

Command Line: -javaagent:E:\IntelliJ IDEA 2024.2.3\lib\idea_rt.jar=56039:E:\IntelliJ IDEA 2024.2.3\bin -Dfile.encoding=UTF-8 -Dsun.stdout.encoding=UTF-8 -Dsun.stderr.encoding=UTF-8 --module-path=C:\Users\admin\.m2\repository\org\openjfx\javafx-fxml\17.0.6\javafx-fxml-17.0.6-win.jar;C:\Users\admin\.m2\repository\org\openjfx\javafx-controls\17.0.6\javafx-controls-17.0.6-win.jar;C:\Users\admin\.m2\repository\org\openjfx\javafx-graphics\17.0.6\javafx-graphics-17.0.6-win.jar;E:\CinemaManagement\target\classes;C:\Users\admin\.m2\repository\org\openjfx\javafx-base\17.0.6\javafx-base-17.0.6-win.jar -Djdk.module.main=org.example.cinemamanagement org.example.cinemamanagement/app.MainApp

Host: Intel(R) Core(TM) i7-10750H CPU @ 2.60GHz, 12 cores, 31G,  Windows 11 , 64 bit Build 22621 (10.0.22621.3958)
Time: Sat Oct 26 19:34:14 2024 SE Asia Standard Time elapsed time: 1232.045767 seconds (0d 0h 20m 32s)

---------------  T H R E A D  ---------------

Current thread (0x000002172b5f4780):  VMThread "VM Thread"          [id=13088, stack(0x000000dbd3800000,0x000000dbd3900000) (1024K)]

Stack: [0x000000dbd3800000,0x000000dbd3900000],  sp=0x000000dbd38fed80,  free space=1019k
Native frames: (J=compiled Java code, j=interpreted, Vv=VM code, C=native code)
C  [glass.dll+0x26b07]  (no source info available)
C  [ucrtbase.dll+0x53a93]  (no source info available)
C  [ucrtbase.dll+0x2042e]  (no source info available)
C  [ucrtbase.dll+0x1dddd]  (no source info available)
C  [glass.dll+0x24261]  (no source info available)
C  [glass.dll+0x24386]  (no source info available)
C  [ntdll.dll+0x28b5f]  (no source info available)
C  [ntdll.dll+0x51566]  (no source info available)
C  [ntdll.dll+0x5115d]  (no source info available)
C  [KERNEL32.DLL+0x17fab]  (no source info available)
C  [ucrtbase.dll+0x1bed8]  (no source info available)
C  [ucrtbase.dll+0x1c099]  (no source info available)
V  [jvm.dll+0x6d98fc]  (no source info available)
V  [jvm.dll+0x6d9430]  (no source info available)
V  [jvm.dll+0x3da534]  (no source info available)
V  [jvm.dll+0x886500]  (no source info available)
V  [jvm.dll+0x887827]  (no source info available)
V  [jvm.dll+0x887d58]  (no source info available)
V  [jvm.dll+0x887ff3]  (no source info available)
V  [jvm.dll+0x824f1b]  (no source info available)
V  [jvm.dll+0x6df055]  (no source info available)
C  [ucrtbase.dll+0x29333]  (no source info available)
C  [KERNEL32.DLL+0x1257d]  (no source info available)
C  [ntdll.dll+0x5af08]  (no source info available)


siginfo: EXCEPTION_ACCESS_VIOLATION (0xc0000005), reading address 0x0000000000000000


Registers:
RAX=0x0000000000000000, RBX=0x000002172b5fea42, RCX=0x000002172b5f4780, RDX=0x000000dbd38fed80
RSP=0x000000dbd38fed80, RBP=0x000002177105d9a8, RSI=0x000000dbd38fee88, RDI=0x000002177105d980
R8 =0x0000000000010002, R9 =0x000002177105d980, R10=0x85f13e9656da4870, R11=0x000000dbd38fed10
R12=0x00007ffa3d1343d4, R13=0x00007ffa18a6b760, R14=0x0000d0b85131f282, R15=0x000002177105d980
RIP=0x00007ffa3d136b07, EFLAGS=0x0000000000010206


Register to memory mapping:

RAX=0x0 is null
RBX=0x000002172b5fea42 is a global jni handle
RCX=0x000002172b5f4780 points into unknown readable memory: 0x00007ffa1886f698 | 98 f6 86 18 fa 7f 00 00
RDX=0x000000dbd38fed80 points into unknown readable memory: 0x0000000000000000 | 00 00 00 00 00 00 00 00
RSP=0x000000dbd38fed80 points into unknown readable memory: 0x0000000000000000 | 00 00 00 00 00 00 00 00
RBP=0x000002177105d9a8 points into unknown readable memory: 0x0000d0b85131f282 | 82 f2 31 51 b8 d0 00 00
RSI=0x000000dbd38fee88 points into unknown readable memory: 0x000000dbd38fee70 | 70 ee 8f d3 db 00 00 00
RDI=0x000002177105d980 points into unknown readable memory: 0x00012f50a57d0932 | 32 09 7d a5 50 2f 01 00
R8 =0x0000000000010002 is an unknown value
R9 =0x000002177105d980 points into unknown readable memory: 0x00012f50a57d0932 | 32 09 7d a5 50 2f 01 00
R10=0x85f13e9656da4870 is an unknown value
R11=0x000000dbd38fed10 points into unknown readable memory: 0x000002177105d980 | 80 d9 05 71 17 02 00 00
R12=0x00007ffa3d1343d4 glass.dll
R13=0x00007ffa18a6b760 jvm.dll
R14=0x0000d0b85131f282 is an unknown value
R15=0x000002177105d980 points into unknown readable memory: 0x00012f50a57d0932 | 32 09 7d a5 50 2f 01 00

Top of Stack: (sp=0x000000dbd38fed80)
0x000000dbd38fed80:   0000000000000000 000000dbd38fee88
0x000000dbd38fed90:   00007ffa18a6b760 00007ffa3d1343d4
0x000000dbd38feda0:   000002177105d988 00007ffa84d33a93
0x000000dbd38fedb0:   000002177105d980 0000021700000000
0x000000dbd38fedc0:   000002177105d9a8 000000dbd38fee88
0x000000dbd38fedd0:   fffffffffffffffe 0000000000000000
0x000000dbd38fede0:   0000000000000001 00007ffa3d110000
0x000000dbd38fedf0:   000000dbd38fee78 00007ffa84d0042e
0x000000dbd38fee00:   0000000000000000 000000dbd38fee88
0x000000dbd38fee10:   000000dbd38ff170 0000000000000001
0x000000dbd38fee20:   0000000000000001 00007ffa84cfdddd
0x000000dbd38fee30:   0000000000000000 00007ffa3d133bcd
0x000000dbd38fee40:   00007ffa73ba2750 000000dbd38fee78
0x000000dbd38fee50:   fffffffffffffffe 000000dbd38fee40
0x000000dbd38fee60:   0000000000000000 00007ffa3d134261
0x000000dbd38fee70:   00007ffa3d14a138 00007ffa00000002
0x000000dbd38fee80:   0000000000000002 000000dbd38fee70
0x000000dbd38fee90:   0000000000000000 00007ffa87358ac3
0x000000dbd38feea0:   0000000000000000 00007ffa3d134386
0x000000dbd38feeb0:   0000000000000001 000000dbd38ff170
0x000000dbd38feec0:   0000000000000001 0000000000000000
0x000000dbd38feed0:   0000000000000001 000000dbd38ff170
0x000000dbd38feee0:   0000000000000001 00007ffa84000000
0x000000dbd38feef0:   00007ffa3d110000 000000007ffe0384
0x000000dbd38fef00:   0000000000000000 00007ffa87358b5f
0x000000dbd38fef10:   00007ffa3d110000 0000000000000000
0x000000dbd38fef20:   0000000000000001 000000007ffe0385
0x000000dbd38fef30:   0000000000000000 00007ffa873817a9
0x000000dbd38fef40:   00000c849c9cb300 0000000000000014
0x000000dbd38fef50:   00007ffa3d1343d4 0000000000000000
0x000000dbd38fef60:   0000000000000000 000000dbd2ca4000
0x000000dbd38fef70:   000002177107af00 00007ffa87381566 

Instructions: (pc=0x00007ffa3d136b07)
0x00007ffa3d136a07:   8b 4d 58 e8 01 cf ff ff 48 8b 4d 60 e8 f8 ce ff
0x00007ffa3d136a17:   ff 48 8b 95 80 00 00 00 48 8b 8d 18 01 00 00 e8
0x00007ffa3d136a27:   c6 c3 ff ff 33 d2 33 c9 e8 3c e1 ff ff 90 48 89
0x00007ffa3d136a37:   54 24 10 55 48 83 ec 20 48 8b ea 48 b8 00 00 00
0x00007ffa3d136a47:   00 00 00 00 00 48 83 c4 20 5d c3 cc 40 55 48 8b
0x00007ffa3d136a57:   ea 48 8b 01 33 c9 81 38 05 00 00 c0 0f 94 c1 8b
0x00007ffa3d136a67:   c1 5d c3 cc 40 55 48 83 ec 20 48 8b ea 8a 4d 40
0x00007ffa3d136a77:   48 83 c4 20 5d e9 f7 d2 ff ff cc 40 55 48 83 ec
0x00007ffa3d136a87:   20 48 8b ea 8a 4d 20 e8 e5 d2 ff ff 90 48 83 c4
0x00007ffa3d136a97:   20 5d c3 cc 40 55 48 83 ec 20 48 8b ea 48 83 c4
0x00007ffa3d136aa7:   20 5d e9 46 d1 ff ff cc 40 55 48 83 ec 30 48 8b
0x00007ffa3d136ab7:   ea 48 8b 01 8b 10 48 89 4c 24 28 89 54 24 20 4c
0x00007ffa3d136ac7:   8d 0d e7 d5 ff ff 4c 8b 45 70 8b 55 68 48 8b 4d
0x00007ffa3d136ad7:   60 e8 87 d0 ff ff 90 48 83 c4 30 5d c3 cc cc cc
0x00007ffa3d136ae7:   cc cc cc cc cc cc cc cc cc 40 53 48 83 ec 20 48
0x00007ffa3d136af7:   8b 1d 33 30 01 00 48 85 db 74 16 e8 09 8b ff ff
0x00007ffa3d136b07:   4c 8b 00 48 8b d3 48 8b c8 41 ff 90 b0 00 00 00
0x00007ffa3d136b17:   90 48 83 c4 20 5b c3 cc cc 40 53 48 83 ec 20 48
0x00007ffa3d136b27:   8b 1d ab 31 01 00 48 85 db 74 57 b8 ff ff ff ff
0x00007ffa3d136b37:   f0 0f c1 43 10 83 f8 01 75 3d 48 85 db 74 38 48
0x00007ffa3d136b47:   8b 0b 48 85 c9 74 0d ff 15 54 07 00 00 48 c7 03
0x00007ffa3d136b57:   00 00 00 00 48 8b 4b 08 48 85 c9 74 0d e8 a7 cd
0x00007ffa3d136b67:   ff ff 48 c7 43 08 00 00 00 00 ba 18 00 00 00 48
0x00007ffa3d136b77:   8b cb e8 92 cd ff ff 48 c7 05 4f 31 01 00 00 00
0x00007ffa3d136b87:   00 00 48 83 c4 20 5b c3 cc 40 53 48 83 ec 20 48
0x00007ffa3d136b97:   8b 1d 1b 31 01 00 48 85 db 74 57 b8 ff ff ff ff
0x00007ffa3d136ba7:   f0 0f c1 43 10 83 f8 01 75 3d 48 85 db 74 38 48
0x00007ffa3d136bb7:   8b 0b 48 85 c9 74 0d ff 15 e4 06 00 00 48 c7 03
0x00007ffa3d136bc7:   00 00 00 00 48 8b 4b 08 48 85 c9 74 0d e8 37 cd
0x00007ffa3d136bd7:   ff ff 48 c7 43 08 00 00 00 00 ba 18 00 00 00 48
0x00007ffa3d136be7:   8b cb e8 22 cd ff ff 48 c7 05 bf 30 01 00 00 00
0x00007ffa3d136bf7:   00 00 48 83 c4 20 5b c3 cc 40 53 48 83 ec 20 48 


Stack slot to memory mapping:

stack at sp + 0 slots: 0x0 is null
stack at sp + 1 slots: 0x000000dbd38fee88 points into unknown readable memory: 0x000000dbd38fee70 | 70 ee 8f d3 db 00 00 00
stack at sp + 2 slots: 0x00007ffa18a6b760 jvm.dll
stack at sp + 3 slots: 0x00007ffa3d1343d4 glass.dll
stack at sp + 4 slots: 0x000002177105d988 points into unknown readable memory: 0x0000d0b85131f282 | 82 f2 31 51 b8 d0 00 00
stack at sp + 5 slots: 0x00007ffa84d33a93 ucrtbase.dll
stack at sp + 6 slots: 0x000002177105d980 points into unknown readable memory: 0x00012f50a57d0932 | 32 09 7d a5 50 2f 01 00
stack at sp + 7 slots: 0x0000021700000000 is an unknown value

VM_Operation (0x000000dbd2fff220): Exit, mode: safepoint, requested by thread 0x0000021772f98d00


---------------  P R O C E S S  ---------------

Threads class SMR info:
_java_thread_list=0x0000021771ba0740, length=25, elements={
0x0000021706c80220, 0x000002172b60d060, 0x000002172b60ed30, 0x000002172b610c20,
0x000002172b611880, 0x000002172b614420, 0x000002172b617110, 0x000002172b624680,
0x000002172b6299e0, 0x000002172b7025e0, 0x0000021771a4a7e0, 0x0000021771a4ae50,
0x00000217720547f0, 0x00000217727299c0, 0x00000217724a2330, 0x000002177177b790,
0x00000217723689f0, 0x000002177236ac90, 0x0000021771603700, 0x0000021771c36b60,
0x0000021771c385a0, 0x0000021772f9add0, 0x0000021772f9b460, 0x0000021772f9baf0,
0x0000021772f98d00
}

Java Threads: ( => current thread )
  0x0000021706c80220 JavaThread "main"                              [_thread_blocked, id=13768, stack(0x000000dbd3100000,0x000000dbd3200000) (1024K)]
  0x000002172b60d060 JavaThread "Reference Handler"          daemon [_thread_blocked, id=13108, stack(0x000000dbd3900000,0x000000dbd3a00000) (1024K)]
  0x000002172b60ed30 JavaThread "Finalizer"                  daemon [_thread_blocked, id=5084, stack(0x000000dbd3a00000,0x000000dbd3b00000) (1024K)]
  0x000002172b610c20 JavaThread "Signal Dispatcher"          daemon [_thread_blocked, id=9036, stack(0x000000dbd3b00000,0x000000dbd3c00000) (1024K)]
  0x000002172b611880 JavaThread "Attach Listener"            daemon [_thread_blocked, id=9016, stack(0x000000dbd3c00000,0x000000dbd3d00000) (1024K)]
  0x000002172b614420 JavaThread "Service Thread"             daemon [_thread_blocked, id=13084, stack(0x000000dbd3d00000,0x000000dbd3e00000) (1024K)]
  0x000002172b617110 JavaThread "Monitor Deflation Thread"   daemon [_thread_blocked, id=12272, stack(0x000000dbd3e00000,0x000000dbd3f00000) (1024K)]
  0x000002172b624680 JavaThread "C2 CompilerThread0"         daemon [_thread_blocked, id=3180, stack(0x000000dbd3f00000,0x000000dbd4000000) (1024K)]
  0x000002172b6299e0 JavaThread "C1 CompilerThread0"         daemon [_thread_blocked, id=4728, stack(0x000000dbd4000000,0x000000dbd4100000) (1024K)]
  0x000002172b7025e0 JavaThread "Common-Cleaner"             daemon [_thread_blocked, id=13384, stack(0x000000dbd4100000,0x000000dbd4200000) (1024K)]
  0x0000021771a4a7e0 JavaThread "Monitor Ctrl-Break"         daemon [_thread_in_native, id=8212, stack(0x000000dbd4400000,0x000000dbd4500000) (1024K)]
  0x0000021771a4ae50 JavaThread "Notification Thread"        daemon [_thread_blocked, id=8596, stack(0x000000dbd4500000,0x000000dbd4600000) (1024K)]
  0x00000217720547f0 JavaThread "QuantumRenderer-0"          daemon [_thread_blocked, id=7540, stack(0x000000dbd4600000,0x000000dbd4700000) (1024K)]
  0x00000217727299c0 JavaThread "RMI TCP Accept-0"           daemon [_thread_in_native, id=10268, stack(0x000000dbd5000000,0x000000dbd5100000) (1024K)]
  0x00000217724a2330 JavaThread "InvokeLaterDispatcher"      daemon [_thread_blocked, id=5808, stack(0x000000dbd5100000,0x000000dbd5200000) (1024K)]
  0x000002177177b790 JavaThread "JavaFX Application Thread"         [_thread_in_native, id=4960, stack(0x000000dbd5200000,0x000000dbd5300000) (1024K)]
  0x00000217723689f0 JavaThread "RMI TCP Connection(1)-192.168.1.8" daemon [_thread_in_native, id=11552, stack(0x000000dbd5600000,0x000000dbd5700000) (1024K)]
  0x000002177236ac90 JavaThread "RMI Scheduler(0)"           daemon [_thread_blocked, id=7356, stack(0x000000dbd5700000,0x000000dbd5800000) (1024K)]
  0x0000021771603700 JavaThread "JMX server connection timeout 39" daemon [_thread_blocked, id=12112, stack(0x000000dbd5900000,0x000000dbd5a00000) (1024K)]
  0x0000021771c36b60 JavaThread "JavaFX-Launcher"                   [_thread_blocked, id=12512, stack(0x000000dbd5a00000,0x000000dbd5b00000) (1024K)]
  0x0000021771c385a0 JavaThread "Thread-2"                   daemon [_thread_in_native, id=11140, stack(0x000000dbd5800000,0x000000dbd5900000) (1024K)]
  0x0000021772f9add0 JavaThread "Prism Font Disposer"        daemon [_thread_blocked, id=12044, stack(0x000000dbd5e00000,0x000000dbd5f00000) (1024K)]
  0x0000021772f9b460 JavaThread "mysql-cj-abandoned-connection-cleanup" daemon [_thread_blocked, id=3856, stack(0x000000dbd4200000,0x000000dbd4300000) (1024K)]
  0x0000021772f9baf0 JavaThread "Cleaner-0"                  daemon [_thread_blocked, id=8600, stack(0x000000dbd6300000,0x000000dbd6400000) (1024K)]
  0x0000021772f98d00 JavaThread "SIGINT handler"             daemon [_thread_blocked, id=14048, stack(0x000000dbd2f00000,0x000000dbd3000000) (1024K)]
Total: 25

Other Threads:
=>0x000002172b5f4780 VMThread "VM Thread"                           [id=13088, stack(0x000000dbd3800000,0x000000dbd3900000) (1024K)]
  0x0000021706ce7b90 WorkerThread "GC Thread#0"                     [id=12912, stack(0x000000dbd3200000,0x000000dbd3300000) (1024K)]
  0x000002177280b6f0 WorkerThread "GC Thread#1"                     [id=2072, stack(0x000000dbd4700000,0x000000dbd4800000) (1024K)]
  0x000002177266fca0 WorkerThread "GC Thread#2"                     [id=4032, stack(0x000000dbd4800000,0x000000dbd4900000) (1024K)]
  0x0000021772667d30 WorkerThread "GC Thread#3"                     [id=10464, stack(0x000000dbd4900000,0x000000dbd4a00000) (1024K)]
  0x0000021772672c10 WorkerThread "GC Thread#4"                     [id=3660, stack(0x000000dbd4a00000,0x000000dbd4b00000) (1024K)]
  0x0000021772673850 WorkerThread "GC Thread#5"                     [id=3680, stack(0x000000dbd4b00000,0x000000dbd4c00000) (1024K)]
  0x0000021772674f80 WorkerThread "GC Thread#6"                     [id=4064, stack(0x000000dbd4c00000,0x000000dbd4d00000) (1024K)]
  0x0000021771b3e0b0 WorkerThread "GC Thread#7"                     [id=8720, stack(0x000000dbd4d00000,0x000000dbd4e00000) (1024K)]
  0x0000021771b3f320 WorkerThread "GC Thread#8"                     [id=2284, stack(0x000000dbd4e00000,0x000000dbd4f00000) (1024K)]
  0x0000021771b3dd00 WorkerThread "GC Thread#9"                     [id=12572, stack(0x000000dbd4f00000,0x000000dbd5000000) (1024K)]
  0x0000021706cfca80 ConcurrentGCThread "G1 Main Marker"            terminated
  0x0000021706cfd590 WorkerThread "G1 Conc#0"                       [id=13588, stack(0x000000dbd3400000,0x000000dbd3500000) (1024K)]
  0x000002177209f0e0 WorkerThread "G1 Conc#1"                       [id=8576, stack(0x000000dbd5b00000,0x000000dbd5c00000) (1024K)]
  0x00000217720a0700 WorkerThread "G1 Conc#2"                       [id=13016, stack(0x000000dbd5c00000,0x000000dbd5d00000) (1024K)]
  0x0000021706d3e710 ConcurrentGCThread "G1 Refine#0"               terminated
  0x0000021728a01370 ConcurrentGCThread "G1 Service"                terminated
Total: 17

Threads with active compile tasks:
Total: 0

VM state: at safepoint (shutting down)

VM Mutex/Monitor currently owned by a thread:  ([mutex/lock_event])
[0x00007ffa18a43910] Threads_lock - owner thread: 0x000002172b5f4780
[0x00007ffa18a43a10] Heap_lock - owner thread: 0x0000021772f98d00

Heap address: 0x0000000604c00000, size: 8116 MB, Compressed Oops mode: Zero based, Oop shift amount: 3

CDS archive(s) mapped at: [0x000002172c000000-0x000002172cd70000-0x000002172cd70000), size 14090240, SharedBaseAddress: 0x000002172c000000, ArchiveRelocationMode: 1.
Compressed class space mapped at: 0x000002172d000000-0x000002176d000000, reserved size: 1073741824
Narrow klass base: 0x000002172c000000, Narrow klass shift: 0, Narrow klass range: 0x41000000

GC Precious Log:
 CardTable entry size: 512
 Card Set container configuration: InlinePtr #cards 4 size 8 Array Of Cards #cards 32 size 80 Howl #buckets 8 coarsen threshold 7372 Howl Bitmap #cards 1024 size 144 coarsen threshold 921 Card regions per heap region 1 cards per card region 8192
 CPUs: 12 total, 12 available
 Memory: 32457M
 Large Page Support: Disabled
 NUMA Support: Disabled
 Compressed Oops: Enabled (Zero based)
 Heap Region Size: 4M
 Heap Min Capacity: 8M
 Heap Initial Capacity: 508M
 Heap Max Capacity: 8116M
 Pre-touch: Disabled
 Parallel Workers: 10
 Concurrent Workers: 3
 Concurrent Refinement Workers: 10
 Periodic GC: Disabled

Heap:
 garbage-first heap   total reserved 8310784K, committed 69632K, used 29590K [0x0000000604c00000, 0x0000000800000000)
  region size 4096K, 6 young (24576K), 2 survivors (8192K)
 Metaspace       used 31358K, committed 31872K, reserved 1114112K
  class space    used 4101K, committed 4352K, reserved 1048576K

Heap Regions: E=young(eden), S=young(survivor), O=old, HS=humongous(starts), HC=humongous(continues), CS=collection set, F=free, TAMS=top-at-mark-start, PB=parsable bottom
|   0|0x0000000604c00000, 0x0000000605000000, 0x0000000605000000|100%| O|  |TAMS 0x0000000604c00000| PB 0x0000000604c00000| Untracked |  0
|   1|0x0000000605000000, 0x0000000605034680, 0x0000000605400000|  5%| O|  |TAMS 0x0000000605000000| PB 0x0000000605000000| Untracked |  0
|   2|0x0000000605400000, 0x0000000605800000, 0x0000000605800000|100%| O|  |TAMS 0x0000000605400000| PB 0x0000000605400000| Untracked |  0
|   3|0x0000000605800000, 0x0000000605a73618, 0x0000000605c00000| 61%| O|  |TAMS 0x0000000605800000| PB 0x0000000605800000| Untracked |  0
|   4|0x0000000605c00000, 0x0000000605c00000, 0x0000000606000000|  0%| F|  |TAMS 0x0000000605c00000| PB 0x0000000605c00000| Untracked |  0
|   5|0x0000000606000000, 0x000000060623dd80, 0x0000000606400000| 56%| S|CS|TAMS 0x0000000606000000| PB 0x0000000606000000| Complete |  0
|   6|0x0000000606400000, 0x0000000606800000, 0x0000000606800000|100%| S|CS|TAMS 0x0000000606400000| PB 0x0000000606400000| Complete |  0
|   7|0x0000000606800000, 0x0000000606800000, 0x0000000606c00000|  0%| F|  |TAMS 0x0000000606800000| PB 0x0000000606800000| Untracked |  0
|   8|0x0000000606c00000, 0x0000000606c00000, 0x0000000607000000|  0%| F|  |TAMS 0x0000000606c00000| PB 0x0000000606c00000| Untracked |  0
|   9|0x0000000607000000, 0x0000000607000000, 0x0000000607400000|  0%| F|  |TAMS 0x0000000607000000| PB 0x0000000607000000| Untracked |  0
|  10|0x0000000607400000, 0x0000000607400000, 0x0000000607800000|  0%| F|  |TAMS 0x0000000607400000| PB 0x0000000607400000| Untracked |  0
|  11|0x0000000607800000, 0x0000000607800000, 0x0000000607c00000|  0%| F|  |TAMS 0x0000000607800000| PB 0x0000000607800000| Untracked |  0
|  12|0x0000000607c00000, 0x0000000607c00000, 0x0000000608000000|  0%| F|  |TAMS 0x0000000607c00000| PB 0x0000000607c00000| Untracked |  0
|  13|0x0000000608000000, 0x0000000608130780, 0x0000000608400000| 29%| E|  |TAMS 0x0000000608000000| PB 0x0000000608000000| Complete |  0
| 118|0x0000000622400000, 0x0000000622800000, 0x0000000622800000|100%| E|CS|TAMS 0x0000000622400000| PB 0x0000000622400000| Complete |  0
| 119|0x0000000622800000, 0x0000000622c00000, 0x0000000622c00000|100%| E|CS|TAMS 0x0000000622800000| PB 0x0000000622800000| Complete |  0
| 126|0x0000000624400000, 0x0000000624800000, 0x0000000624800000|100%| E|CS|TAMS 0x0000000624400000| PB 0x0000000624400000| Complete |  0

Card table byte_map: [0x000002171f9f0000,0x00000217209d0000] _byte_map_base: 0x000002171c9ca000

Marking Bits: (CMBitMap*) 0x0000021706ce82a0
 Bits: [0x00000217209d0000, 0x00000217288a0000)

Polling page: 0x0000021704c80000

Metaspace:

Usage:
  Non-class:     26.62 MB used.
      Class:      4.01 MB used.
       Both:     30.62 MB used.

Virtual space:
  Non-class space:       64.00 MB reserved,      26.88 MB ( 42%) committed,  1 nodes.
      Class space:        1.00 GB reserved,       4.25 MB ( <1%) committed,  1 nodes.
             Both:        1.06 GB reserved,      31.12 MB (  3%) committed. 

Chunk freelists:
   Non-Class:  4.43 MB
       Class:  11.66 MB
        Both:  16.09 MB

MaxMetaspaceSize: unlimited
CompressedClassSpaceSize: 1.00 GB
Initial GC threshold: 21.00 MB
Current GC threshold: 35.12 MB
CDS: on
 - commit_granule_bytes: 65536.
 - commit_granule_words: 8192.
 - virtual_space_node_default_size: 8388608.
 - enlarge_chunks_in_place: 1.
 - use_allocation_guard: 0.


Internal statistics:

num_allocs_failed_limit: 3.
num_arena_births: 550.
num_arena_deaths: 0.
num_vsnodes_births: 2.
num_vsnodes_deaths: 0.
num_space_committed: 498.
num_space_uncommitted: 0.
num_chunks_returned_to_freelist: 3.
num_chunks_taken_from_freelist: 1351.
num_chunk_merges: 3.
num_chunk_splits: 858.
num_chunks_enlarged: 557.
num_inconsistent_stats: 0.

CodeHeap 'non-profiled nmethods': size=120064Kb used=2194Kb max_used=2194Kb free=117869Kb
 bounds [0x0000021716e70000, 0x00000217170e0000, 0x000002171e3b0000]
CodeHeap 'profiled nmethods': size=120000Kb used=8271Kb max_used=8271Kb free=111728Kb
 bounds [0x000002170f3b0000, 0x000002170fbd0000, 0x00000217168e0000]
CodeHeap 'non-nmethods': size=5696Kb used=1964Kb max_used=2033Kb free=3731Kb
 bounds [0x00000217168e0000, 0x0000021716b50000, 0x0000021716e70000]
CodeCache: size=245760Kb, used=12429Kb, max_used=12498Kb, free=233328Kb
 total_blobs=6464, nmethods=5494, adapters=875, full_count=0
Compilation: enabled, stopped_count=0, restarted_count=0

Compilation events (20 events):
Event: 1077.889 Thread 0x000002172b6299e0 5487       3       java.lang.ref.ReferenceQueue::await (15 bytes)
Event: 1077.890 Thread 0x000002172b6299e0 nmethod 5487 0x000002170fbc1d08 code [0x000002170fbc1e40, 0x000002170fbc1fe8]
Event: 1077.890 Thread 0x000002172b6299e0 5488       3       java.util.concurrent.locks.AbstractQueuedSynchronizer$ConditionObject::await (207 bytes)
Event: 1077.890 Thread 0x000002172b6299e0 nmethod 5488 0x000002170fbc2088 code [0x000002170fbc2300, 0x000002170fbc31a8]
Event: 1091.222 Thread 0x000002172b624680 5489       4       java.io.ObjectInputStream$BlockDataInputStream::readUnsignedShort (76 bytes)
Event: 1091.227 Thread 0x000002172b624680 nmethod 5489 0x0000021717092c08 code [0x0000021717092d60, 0x00000217170931e8]
Event: 1092.894 Thread 0x000002172b6299e0 5490       3       java.util.concurrent.locks.AbstractQueuedSynchronizer$ConditionObject::unlinkCancelledWaiters (91 bytes)
Event: 1092.894 Thread 0x000002172b6299e0 nmethod 5490 0x000002170fbc3208 code [0x000002170fbc3340, 0x000002170fbc37b0]
Event: 1132.218 Thread 0x000002172b624680 5491       4       jdk.internal.util.ArraysSupport::hashCode (42 bytes)
Event: 1132.220 Thread 0x000002172b624680 nmethod 5491 0x0000021717093288 code [0x0000021717093380, 0x0000021717093508]
Event: 1155.822 Thread 0x000002172b624680 5492       4       java.util.concurrent.locks.AbstractQueuedSynchronizer::acquireShared (20 bytes)
Event: 1155.839 Thread 0x000002172b624680 nmethod 5492 0x0000021717093588 code [0x0000021717093720, 0x00000217170940e0]
Event: 1198.739 Thread 0x000002172b624680 5493       4       java.util.concurrent.locks.ReentrantReadWriteLock$Sync::tryReleaseShared (146 bytes)
Event: 1198.742 Thread 0x000002172b624680 nmethod 5493 0x0000021717094188 code [0x00000217170942c0, 0x00000217170945b8]
Event: 1231.504 Thread 0x000002172b6299e0 5494       3       java.util.Collections$3::hasMoreElements (10 bytes)
Event: 1231.505 Thread 0x000002172b6299e0 nmethod 5494 0x000002170fbc3808 code [0x000002170fbc3920, 0x000002170fbc3b00]
Event: 1231.505 Thread 0x000002172b6299e0 5495       3       java.util.Collections$3::nextElement (10 bytes)
Event: 1231.505 Thread 0x000002172b6299e0 nmethod 5495 0x000002170fbc3b88 code [0x000002170fbc3ca0, 0x000002170fbc3e80]
Event: 1231.506 Thread 0x000002172b6299e0 5496       1       com.sun.prism.d3d.D3DContext::getResourceFactory (5 bytes)
Event: 1231.506 Thread 0x000002172b6299e0 nmethod 5496 0x0000021717094608 code [0x0000021717094720, 0x00000217170947f0]

GC Heap History (10 events):
Event: 0.821 GC heap before
{Heap before GC invocations=0 (full 0):
 garbage-first heap   total reserved 8310784K, committed 520192K, used 24576K [0x0000000604c00000, 0x0000000800000000)
  region size 4096K, 6 young (24576K), 0 survivors (0K)
 Metaspace       used 7291K, committed 7552K, reserved 1114112K
  class space    used 849K, committed 960K, reserved 1048576K
}
Event: 0.826 GC heap after
{Heap after GC invocations=1 (full 0):
 garbage-first heap   total reserved 8310784K, committed 520192K, used 4217K [0x0000000604c00000, 0x0000000800000000)
  region size 4096K, 1 young (4096K), 1 survivors (4096K)
 Metaspace       used 7291K, committed 7552K, reserved 1114112K
  class space    used 849K, committed 960K, reserved 1048576K
}
Event: 1.254 GC heap before
{Heap before GC invocations=1 (full 0):
 garbage-first heap   total reserved 8310784K, committed 520192K, used 24697K [0x0000000604c00000, 0x0000000800000000)
  region size 4096K, 6 young (24576K), 1 survivors (4096K)
 Metaspace       used 13568K, committed 14016K, reserved 1114112K
  class space    used 1712K, committed 1920K, reserved 1048576K
}
Event: 1.259 GC heap after
{Heap after GC invocations=2 (full 0):
 garbage-first heap   total reserved 8310784K, committed 520192K, used 6461K [0x0000000604c00000, 0x0000000800000000)
  region size 4096K, 1 young (4096K), 1 survivors (4096K)
 Metaspace       used 13568K, committed 14016K, reserved 1114112K
  class space    used 1712K, committed 1920K, reserved 1048576K
}
Event: 3.052 GC heap before
{Heap before GC invocations=2 (full 0):
 garbage-first heap   total reserved 8310784K, committed 520192K, used 22845K [0x0000000604c00000, 0x0000000800000000)
  region size 4096K, 7 young (28672K), 1 survivors (4096K)
 Metaspace       used 21043K, committed 21504K, reserved 1114112K
  class space    used 2659K, committed 2880K, reserved 1048576K
}
Event: 3.057 GC heap after
{Heap after GC invocations=3 (full 0):
 garbage-first heap   total reserved 8310784K, committed 520192K, used 12418K [0x0000000604c00000, 0x0000000800000000)
  region size 4096K, 2 young (8192K), 2 survivors (8192K)
 Metaspace       used 21043K, committed 21504K, reserved 1114112K
  class space    used 2659K, committed 2880K, reserved 1048576K
}
Event: 7.989 GC heap before
{Heap before GC invocations=4 (full 0):
 garbage-first heap   total reserved 8310784K, committed 57344K, used 49282K [0x0000000604c00000, 0x0000000800000000)
  region size 4096K, 12 young (49152K), 2 survivors (8192K)
 Metaspace       used 29406K, committed 29888K, reserved 1114112K
  class space    used 3963K, committed 4160K, reserved 1048576K
}
Event: 8.000 GC heap after
{Heap after GC invocations=5 (full 0):
 garbage-first heap   total reserved 8310784K, committed 69632K, used 15039K [0x0000000604c00000, 0x0000000800000000)
  region size 4096K, 3 young (12288K), 3 survivors (12288K)
 Metaspace       used 29406K, committed 29888K, reserved 1114112K
  class space    used 3963K, committed 4160K, reserved 1048576K
}
Event: 691.885 GC heap before
{Heap before GC invocations=5 (full 0):
 garbage-first heap   total reserved 8310784K, committed 69632K, used 43711K [0x0000000604c00000, 0x0000000800000000)
  region size 4096K, 10 young (40960K), 3 survivors (12288K)
 Metaspace       used 31345K, committed 31872K, reserved 1114112K
  class space    used 4098K, committed 4352K, reserved 1048576K
}
Event: 691.892 GC heap after
{Heap after GC invocations=6 (full 0):
 garbage-first heap   total reserved 8310784K, committed 69632K, used 17302K [0x0000000604c00000, 0x0000000800000000)
  region size 4096K, 2 young (8192K), 2 survivors (8192K)
 Metaspace       used 31345K, committed 31872K, reserved 1114112K
  class space    used 4098K, committed 4352K, reserved 1048576K
}

Dll operation events (20 events):
Event: 0.620 Loaded shared library C:\Users\admin\.openjfx\cache\17.0.6\api-ms-win-crt-math-l1-1-0.dll
Event: 0.625 Loaded shared library C:\Users\admin\.openjfx\cache\17.0.6\api-ms-win-crt-multibyte-l1-1-0.dll
Event: 0.630 Loaded shared library C:\Users\admin\.openjfx\cache\17.0.6\api-ms-win-crt-private-l1-1-0.dll
Event: 0.634 Loaded shared library C:\Users\admin\.openjfx\cache\17.0.6\api-ms-win-crt-process-l1-1-0.dll
Event: 0.639 Loaded shared library C:\Users\admin\.openjfx\cache\17.0.6\api-ms-win-crt-runtime-l1-1-0.dll
Event: 0.644 Loaded shared library C:\Users\admin\.openjfx\cache\17.0.6\api-ms-win-crt-stdio-l1-1-0.dll
Event: 0.649 Loaded shared library C:\Users\admin\.openjfx\cache\17.0.6\api-ms-win-crt-string-l1-1-0.dll
Event: 0.652 Loaded shared library C:\Users\admin\.openjfx\cache\17.0.6\api-ms-win-crt-time-l1-1-0.dll
Event: 0.657 Loaded shared library C:\Users\admin\.openjfx\cache\17.0.6\api-ms-win-crt-utility-l1-1-0.dll
Event: 0.683 Loaded shared library C:\Users\admin\.openjfx\cache\17.0.6\ucrtbase.dll
Event: 0.694 Loaded shared library C:\Users\admin\.openjfx\cache\17.0.6\vcruntime140.dll
Event: 0.700 Loaded shared library C:\Users\admin\.openjfx\cache\17.0.6\vcruntime140_1.dll
Event: 0.718 Loaded shared library C:\Users\admin\.openjfx\cache\17.0.6\msvcp140.dll
Event: 0.725 Loaded shared library C:\Users\admin\.openjfx\cache\17.0.6\msvcp140_1.dll
Event: 0.735 Loaded shared library C:\Users\admin\.openjfx\cache\17.0.6\msvcp140_2.dll
Event: 0.799 Loaded shared library C:\Users\admin\.openjfx\cache\17.0.6\prism_d3d.dll
Event: 0.850 Loaded shared library C:\Users\admin\.openjfx\cache\17.0.6\glass.dll
Event: 1.272 Loaded shared library C:\Users\admin\.openjfx\cache\17.0.6\javafx_font.dll
Event: 1.694 Loaded shared library C:\Program Files\Java\jdk-23\bin\sunmscapi.dll
Event: 3.676 Loaded shared library C:\Users\admin\.openjfx\cache\17.0.6\javafx_iio.dll

Deoptimization events (20 events):
Event: 300.986 Thread 0x00000217723689f0 Uncommon trap: trap_request=0xffffff45 fr.pc=0x000002171703d4ec relative=0x000000000000312c
Event: 300.986 Thread 0x00000217723689f0 Uncommon trap: reason=unstable_if action=reinterpret pc=0x000002171703d4ec method=java.io.ObjectStreamField.isPrimitive()Z @ 14 c2
Event: 300.986 Thread 0x00000217723689f0 DEOPT PACKING pc=0x000002171703d4ec sp=0x000000dbd56fe720
Event: 300.986 Thread 0x00000217723689f0 DEOPT UNPACKING pc=0x0000021716934402 sp=0x000000dbd56fe5c8 mode 2
Event: 300.986 Thread 0x00000217723689f0 Uncommon trap: trap_request=0xffffff45 fr.pc=0x00000217170389fc relative=0x000000000000147c
Event: 300.986 Thread 0x00000217723689f0 Uncommon trap: reason=unstable_if action=reinterpret pc=0x00000217170389fc method=java.io.ObjectStreamClass$FieldReflector.getObjFieldValues(Ljava/lang/Object;[Ljava/lang/Object;)V @ 39 c2
Event: 300.986 Thread 0x00000217723689f0 DEOPT PACKING pc=0x00000217170389fc sp=0x000000dbd56fe730
Event: 300.986 Thread 0x00000217723689f0 DEOPT UNPACKING pc=0x0000021716934402 sp=0x000000dbd56fe600 mode 2
Event: 300.986 Thread 0x00000217723689f0 Uncommon trap: trap_request=0xffffff45 fr.pc=0x0000021717025048 relative=0x0000000000002928
Event: 300.986 Thread 0x00000217723689f0 Uncommon trap: reason=unstable_if action=reinterpret pc=0x0000021717025048 method=java.io.ObjectOutputStream.writeObject0(Ljava/lang/Object;Z)V @ 459 c2
Event: 300.986 Thread 0x00000217723689f0 DEOPT PACKING pc=0x0000021717025048 sp=0x000000dbd56fe670
Event: 300.986 Thread 0x00000217723689f0 DEOPT UNPACKING pc=0x0000021716934402 sp=0x000000dbd56fe648 mode 2
Event: 653.901 Thread 0x00000217723689f0 Uncommon trap: trap_request=0xffffffcc fr.pc=0x000002171707a364 relative=0x00000000000002c4
Event: 653.901 Thread 0x00000217723689f0 Uncommon trap: reason=intrinsic_or_type_checked_inlining action=make_not_entrant pc=0x000002171707a364 method=java.util.ArrayList.toArray([Ljava/lang/Object;)[Ljava/lang/Object; @ 36 c2
Event: 653.901 Thread 0x00000217723689f0 DEOPT PACKING pc=0x000002171707a364 sp=0x000000dbd56fe8c0
Event: 653.901 Thread 0x00000217723689f0 DEOPT UNPACKING pc=0x0000021716934402 sp=0x000000dbd56fe860 mode 2
Event: 1231.504 Thread 0x0000021772f99390 Uncommon trap: trap_request=0xffffffde fr.pc=0x0000021717077b1c relative=0x000000000000165c
Event: 1231.504 Thread 0x0000021772f99390 Uncommon trap: reason=class_check action=maybe_recompile pc=0x0000021717077b1c method=java.io.BufferedOutputStream.implFlush()V @ 8 c2
Event: 1231.504 Thread 0x0000021772f99390 DEOPT PACKING pc=0x0000021717077b1c sp=0x000000dbd54ff150
Event: 1231.504 Thread 0x0000021772f99390 DEOPT UNPACKING pc=0x0000021716934402 sp=0x000000dbd54ff170 mode 2

Classes loaded (20 events):
Event: 17.307 Loading class jdk/internal/util/regex/Grapheme
Event: 17.308 Loading class jdk/internal/util/regex/Grapheme done
Event: 17.309 Loading class jdk/internal/util/regex/IndicConjunctBreak
Event: 17.310 Loading class jdk/internal/util/regex/IndicConjunctBreak done
Event: 20.630 Loading class java/util/TimerTask
Event: 20.631 Loading class java/util/TimerTask done
Event: 20.740 Loading class java/time/format/DateTimeParseException
Event: 20.741 Loading class java/time/DateTimeException
Event: 20.741 Loading class java/time/DateTimeException done
Event: 20.741 Loading class java/time/format/DateTimeParseException done
Event: 22.344 Loading class java/net/VBox
Event: 22.344 Loading class java/net/VBox done
Event: 22.355 Loading class java/net/Label
Event: 22.355 Loading class java/net/Label done
Event: 22.355 Loading class java/net/Insets
Event: 22.355 Loading class java/net/Insets done
Event: 22.357 Loading class java/net/Button
Event: 22.357 Loading class java/net/Button done
Event: 1231.501 Loading class jdk/internal/misc/Signal$1
Event: 1231.502 Loading class jdk/internal/misc/Signal$1 done

Classes unloaded (0 events):
No events

Classes redefined (0 events):
No events

Internal exceptions (20 events):
Event: 3.717 Thread 0x000002177177b790 Exception <a 'java/lang/IncompatibleClassChangeError'{0x0000000606e38c48}: Found class java.lang.Object, but interface was expected> (0x0000000606e38c48) 
thrown [s\open\src\hotspot\share\interpreter\linkResolver.cpp, line 863]
Event: 3.751 Thread 0x000002177177b790 Exception <a 'java/lang/NoSuchMethodError'{0x0000000606f57810}: 'int java.lang.invoke.DirectMethodHandle$Holder.invokeSpecial(java.lang.Object, java.lang.Object, int)'> (0x0000000606f57810) 
thrown [s\open\src\hotspot\share\interpreter\linkResolver.cpp, line 796]
Event: 3.771 Thread 0x000002177177b790 Exception <a 'java/lang/NoSuchMethodError'{0x000000060681b230}: 'java.lang.Object java.lang.invoke.DirectMethodHandle$Holder.newInvokeSpecial(java.lang.Object, java.lang.Object, int)'> (0x000000060681b230) 
thrown [s\open\src\hotspot\share\interpreter\linkResolver.cpp, line 796]
Event: 3.780 Thread 0x000002177177b790 Exception <a 'java/lang/NoSuchMethodError'{0x0000000606849f70}: 'long java.lang.invoke.DirectMethodHandle$Holder.invokeStatic(java.lang.Object, java.lang.Object, java.lang.Object)'> (0x0000000606849f70) 
thrown [s\open\src\hotspot\share\interpreter\linkResolver.cpp, line 796]
Event: 3.780 Thread 0x000002177177b790 Exception <a 'java/lang/NoSuchMethodError'{0x000000060684d358}: 'long java.lang.invoke.DirectMethodHandle$Holder.invokeStaticInit(java.lang.Object, java.lang.Object, java.lang.Object)'> (0x000000060684d358) 
thrown [s\open\src\hotspot\share\interpreter\linkResolver.cpp, line 796]
Event: 3.782 Thread 0x000002177177b790 Exception <a 'java/lang/NoSuchMethodError'{0x0000000606861b58}: 'java.lang.Object java.lang.invoke.DirectMethodHandle$Holder.newInvokeSpecial(java.lang.Object, java.lang.Object, long)'> (0x0000000606861b58) 
thrown [s\open\src\hotspot\share\interpreter\linkResolver.cpp, line 796]
Event: 3.835 Thread 0x00000217720547f0 Exception <a 'java/lang/NoSuchMethodError'{0x0000000606b94fa0}: 'java.lang.Object java.lang.invoke.DirectMethodHandle$Holder.invokeStaticInit(java.lang.Object, int)'> (0x0000000606b94fa0) 
thrown [s\open\src\hotspot\share\interpreter\linkResolver.cpp, line 796]
Event: 7.556 Thread 0x000002177177b790 Exception <a 'sun/nio/fs/WindowsException'{0x000000060656a1e0}> (0x000000060656a1e0) 
thrown [s\open\src\hotspot\share\prims\jni.cpp, line 520]
Event: 7.601 Thread 0x000002177177b790 Exception <a 'sun/nio/fs/WindowsException'{0x0000000606647d38}> (0x0000000606647d38) 
thrown [s\open\src\hotspot\share\prims\jni.cpp, line 520]
Event: 7.601 Thread 0x000002177177b790 Exception <a 'sun/nio/fs/WindowsException'{0x0000000606649c70}> (0x0000000606649c70) 
thrown [s\open\src\hotspot\share\prims\jni.cpp, line 520]
Event: 7.611 Thread 0x000002177177b790 Exception <a 'sun/nio/fs/WindowsException'{0x00000006066a4070}> (0x00000006066a4070) 
thrown [s\open\src\hotspot\share\prims\jni.cpp, line 520]
Event: 7.611 Thread 0x000002177177b790 Exception <a 'sun/nio/fs/WindowsException'{0x00000006066a6330}> (0x00000006066a6330) 
thrown [s\open\src\hotspot\share\prims\jni.cpp, line 520]
Event: 7.614 Thread 0x000002177177b790 Exception <a 'java/lang/NoSuchMethodError'{0x00000006066b3198}: 'java.lang.Object java.lang.invoke.DirectMethodHandle$Holder.invokeVirtual(java.lang.Object, java.lang.Object, java.lang.Object)'> (0x00000006066b3198) 
thrown [s\open\src\hotspot\share\interpreter\linkResolver.cpp, line 796]
Event: 7.744 Thread 0x000002177177b790 Exception <a 'sun/nio/fs/WindowsException'{0x0000000605c4bd50}> (0x0000000605c4bd50) 
thrown [s\open\src\hotspot\share\prims\jni.cpp, line 520]
Event: 7.823 Thread 0x000002177177b790 Exception <a 'java/io/FileNotFoundException'{0x0000000605f4ef20}> (0x0000000605f4ef20) 
thrown [s\open\src\hotspot\share\prims\jni.cpp, line 520]
Event: 7.862 Thread 0x000002177177b790 Exception <a 'java/lang/ClassNotFoundException'{0x000000060591fab8}: com/sun/javafx/scene/control/skin/resources/controls> (0x000000060591fab8) 
thrown [s\open\src\hotspot\share\prims\jni.cpp, line 539]
Event: 7.863 Thread 0x000002177177b790 Exception <a 'java/lang/ClassNotFoundException'{0x000000060592db28}: com/sun/javafx/scene/control/skin/resources/controls_vi> (0x000000060592db28) 
thrown [s\open\src\hotspot\share\prims\jni.cpp, line 539]
Event: 7.863 Thread 0x000002177177b790 Exception <a 'java/lang/ClassNotFoundException'{0x000000060592edd0}: com/sun/javafx/scene/control/skin/resources/controls_vi_VN> (0x000000060592edd0) 
thrown [s\open\src\hotspot\share\prims\jni.cpp, line 539]
Event: 7.886 Thread 0x000002177177b790 Exception <a 'java/lang/NoSuchMethodError'{0x0000000605ab5be0}: 'void java.lang.invoke.DirectMethodHandle$Holder.invokeSpecial(java.lang.Object, java.lang.Object, java.lang.Object, java.lang.Object, java.lang.Object, java.lang.Object)'> (0x0000000605ab5be0) 
thrown [s\open\src\hotspot\share\interpreter\linkResolver.cpp, line 796]
Event: 22.368 Thread 0x000002177177b790 Exception <a 'java/io/FileNotFoundException'{0x00000006227693f8}> (0x00000006227693f8) 
thrown [s\open\src\hotspot\share\prims\jni.cpp, line 520]

VM Operations (20 events):
Event: 3.299 Executing VM operation: HandshakeAllThreads (Deoptimize) done
Event: 7.564 Executing VM operation: HandshakeAllThreads (Deoptimize)
Event: 7.564 Executing VM operation: HandshakeAllThreads (Deoptimize) done
Event: 7.565 Executing VM operation: HandshakeAllThreads (Deoptimize)
Event: 7.565 Executing VM operation: HandshakeAllThreads (Deoptimize) done
Event: 7.688 Executing VM operation: HandshakeAllThreads (Deoptimize)
Event: 7.688 Executing VM operation: HandshakeAllThreads (Deoptimize) done
Event: 7.713 Executing VM operation: HandshakeAllThreads (Deoptimize)
Event: 7.713 Executing VM operation: HandshakeAllThreads (Deoptimize) done
Event: 7.989 Executing VM operation: G1CollectForAllocation (G1 Evacuation Pause)
Event: 8.000 Executing VM operation: G1CollectForAllocation (G1 Evacuation Pause) done
Event: 14.868 Executing VM operation: HandshakeAllThreads (Deoptimize)
Event: 14.868 Executing VM operation: HandshakeAllThreads (Deoptimize) done
Event: 60.150 Executing VM operation: HandshakeAllThreads (HandshakeForDeflation)
Event: 60.150 Executing VM operation: HandshakeAllThreads (HandshakeForDeflation) done
Event: 60.150 Executing VM operation: RendezvousGCThreads
Event: 60.150 Executing VM operation: RendezvousGCThreads done
Event: 691.885 Executing VM operation: G1CollectForAllocation (G1 Evacuation Pause)
Event: 691.892 Executing VM operation: G1CollectForAllocation (G1 Evacuation Pause) done
Event: 1231.508 Executing VM operation: Exit

Memory protections (0 events):
No events

Nmethod flushes (0 events):
No events

Events (20 events):
Event: 3.097 Thread 0x0000021771c37f10 Thread exited: 0x0000021771c37f10
Event: 3.149 Thread 0x000002177177b790 Thread added: 0x0000021771c37f10
Event: 3.266 Thread 0x000002177177b790 Thread added: 0x0000021772f9a740
Event: 3.267 Thread 0x0000021772f9a740 Thread exited: 0x0000021772f9a740
Event: 3.389 Thread 0x000002177177b790 Thread added: 0x0000021772f9add0
Event: 3.997 Thread 0x0000021772e433a0 Thread exited: 0x0000021772e433a0
Event: 4.522 Thread 0x0000021772bd3d30 Thread exited: 0x0000021772bd3d30
Event: 7.554 Thread 0x000002177177b790 Thread added: 0x0000021772f9b460
Event: 7.714 Thread 0x000002172b624680 Thread added: 0x000002172b71abe0
Event: 7.975 Thread 0x00000217720547f0 Thread added: 0x0000021772f9baf0
Event: 8.153 Thread 0x000002172b71abe0 Thread exited: 0x000002172b71abe0
Event: 18.163 Thread 0x0000021771c37f10 Thread exited: 0x0000021771c37f10
Event: 1231.502 Thread 0x000002172b610c20 Thread added: 0x0000021772f98d00
Event: 1231.503 Thread 0x0000021772f98d00 Thread added: 0x0000021772f9d530
Event: 1231.503 Thread 0x0000021772f98d00 Thread added: 0x0000021772f9dbc0
Event: 1231.503 Thread 0x0000021772f98d00 Thread added: 0x0000021772f99390
Event: 1231.505 Thread 0x0000021772f99390 Thread exited: 0x0000021772f99390
Event: 1231.506 Thread 0x0000021772f9d530 Thread exited: 0x0000021772f9d530
Event: 1231.507 Thread 0x0000021772f98d00 Before exit entered
Event: 1231.508 Thread 0x0000021772f9dbc0 Thread exited: 0x0000021772f9dbc0


Dynamic libraries:
0x00007ff71cbe0000 - 0x00007ff71cbf0000 	C:\Program Files\Java\jdk-23\bin\java.exe
0x00007ffa87330000 - 0x00007ffa87547000 	C:\WINDOWS\SYSTEM32\ntdll.dll
0x00007ffa858a0000 - 0x00007ffa85964000 	C:\WINDOWS\System32\KERNEL32.DLL
0x00007ffa84640000 - 0x00007ffa849f7000 	C:\WINDOWS\System32\KERNELBASE.dll
0x00007ffa84ce0000 - 0x00007ffa84df1000 	C:\WINDOWS\System32\ucrtbase.dll
0x00007ffa54790000 - 0x00007ffa547a7000 	C:\Program Files\Java\jdk-23\bin\jli.dll
0x00007ffa4ec00000 - 0x00007ffa4ec1b000 	C:\Program Files\Java\jdk-23\bin\VCRUNTIME140.dll
0x00007ffa85ce0000 - 0x00007ffa85e8f000 	C:\WINDOWS\System32\USER32.dll
0x00007ffa84a00000 - 0x00007ffa84a26000 	C:\WINDOWS\System32\win32u.dll
0x00007ffa600c0000 - 0x00007ffa60353000 	C:\WINDOWS\WinSxS\amd64_microsoft.windows.common-controls_6595b64144ccf1df_6.0.22621.3672_none_2713b9d173822955\COMCTL32.dll
0x00007ffa85bc0000 - 0x00007ffa85be9000 	C:\WINDOWS\System32\GDI32.dll
0x00007ffa85ab0000 - 0x00007ffa85b57000 	C:\WINDOWS\System32\msvcrt.dll
0x00007ffa84e80000 - 0x00007ffa84f98000 	C:\WINDOWS\System32\gdi32full.dll
0x00007ffa84c40000 - 0x00007ffa84cda000 	C:\WINDOWS\System32\msvcp_win.dll
0x00007ffa85a70000 - 0x00007ffa85aa1000 	C:\WINDOWS\System32\IMM32.DLL
0x00007ffa7d020000 - 0x00007ffa7d02c000 	C:\Program Files\Java\jdk-23\bin\vcruntime140_1.dll
0x00007ffa1a830000 - 0x00007ffa1a8be000 	C:\Program Files\Java\jdk-23\bin\msvcp140.dll
0x00007ffa17dd0000 - 0x00007ffa18b1f000 	C:\Program Files\Java\jdk-23\bin\server\jvm.dll
0x00007ffa86590000 - 0x00007ffa86642000 	C:\WINDOWS\System32\ADVAPI32.dll
0x00007ffa86740000 - 0x00007ffa867e8000 	C:\WINDOWS\System32\sechost.dll
0x00007ffa84c10000 - 0x00007ffa84c38000 	C:\WINDOWS\System32\bcrypt.dll
0x00007ffa85160000 - 0x00007ffa85274000 	C:\WINDOWS\System32\RPCRT4.dll
0x00007ffa85c60000 - 0x00007ffa85cd1000 	C:\WINDOWS\System32\WS2_32.dll
0x00007ffa834f0000 - 0x00007ffa8353d000 	C:\WINDOWS\SYSTEM32\POWRPROF.dll
0x00007ffa7d170000 - 0x00007ffa7d1a4000 	C:\WINDOWS\SYSTEM32\WINMM.dll
0x00007ffa7f9d0000 - 0x00007ffa7f9da000 	C:\WINDOWS\SYSTEM32\VERSION.dll
0x00007ffa834d0000 - 0x00007ffa834e3000 	C:\WINDOWS\SYSTEM32\UMPDC.dll
0x00007ffa83780000 - 0x00007ffa83798000 	C:\WINDOWS\SYSTEM32\kernel.appcore.dll
0x00007ffa56c50000 - 0x00007ffa56c5a000 	C:\Program Files\Java\jdk-23\bin\jimage.dll
0x00007ffa7ba40000 - 0x00007ffa7bc72000 	C:\WINDOWS\SYSTEM32\DBGHELP.DLL
0x00007ffa852e0000 - 0x00007ffa8566e000 	C:\WINDOWS\System32\combase.dll
0x00007ffa86660000 - 0x00007ffa86737000 	C:\WINDOWS\System32\OLEAUT32.dll
0x00007ffa74b10000 - 0x00007ffa74b42000 	C:\WINDOWS\SYSTEM32\dbgcore.DLL
0x00007ffa84e00000 - 0x00007ffa84e7b000 	C:\WINDOWS\System32\bcryptPrimitives.dll
0x00007ffa46710000 - 0x00007ffa4671f000 	C:\Program Files\Java\jdk-23\bin\instrument.dll
0x00007ffa4e080000 - 0x00007ffa4e09e000 	C:\Program Files\Java\jdk-23\bin\java.dll
0x00007ffa85670000 - 0x00007ffa85815000 	C:\WINDOWS\System32\ole32.dll
0x00007ffa869b0000 - 0x00007ffa87219000 	C:\WINDOWS\System32\SHELL32.dll
0x00007ffa825c0000 - 0x00007ffa82ebf000 	C:\WINDOWS\SYSTEM32\windows.storage.dll
0x00007ffa82480000 - 0x00007ffa825bf000 	C:\WINDOWS\SYSTEM32\wintypes.dll
0x00007ffa85060000 - 0x00007ffa85159000 	C:\WINDOWS\System32\SHCORE.dll
0x00007ffa86530000 - 0x00007ffa8658e000 	C:\WINDOWS\System32\shlwapi.dll
0x00007ffa84570000 - 0x00007ffa84597000 	C:\WINDOWS\SYSTEM32\profapi.dll
0x00007ffa1a750000 - 0x00007ffa1a827000 	C:\Program Files\Java\jdk-23\bin\jsvml.dll
0x00007ffa56120000 - 0x00007ffa56130000 	C:\Program Files\Java\jdk-23\bin\net.dll
0x00007ffa83bf0000 - 0x00007ffa83c59000 	C:\WINDOWS\system32\mswsock.dll
0x00007ffa4c400000 - 0x00007ffa4c416000 	C:\Program Files\Java\jdk-23\bin\nio.dll
0x00007ffa4c3e0000 - 0x00007ffa4c3f7000 	C:\Program Files\Java\jdk-23\bin\zip.dll
0x00007ffa41c90000 - 0x00007ffa41caa000 	E:\IntelliJ IDEA 2024.2.3\bin\breakgen64.dll
0x00007ffa83200000 - 0x00007ffa83302000 	C:\WINDOWS\SYSTEM32\DNSAPI.dll
0x00007ffa83190000 - 0x00007ffa831bd000 	C:\WINDOWS\SYSTEM32\IPHLPAPI.DLL
0x00007ffa85c50000 - 0x00007ffa85c59000 	C:\WINDOWS\System32\NSI.dll
0x00007ffa719f0000 - 0x00007ffa719fa000 	C:\Windows\System32\rasadhlp.dll
0x00007ffa7c660000 - 0x00007ffa7c6e3000 	C:\WINDOWS\System32\fwpuclnt.dll
0x00007ffa54ba0000 - 0x00007ffa54baa000 	C:\Program Files\Java\jdk-23\bin\management.dll
0x0000021706be0000 - 0x0000021706be3000 	C:\Users\admin\.openjfx\cache\17.0.6\api-ms-win-core-console-l1-1-0.dll
0x00007ffa54070000 - 0x00007ffa5407b000 	C:\Program Files\Java\jdk-23\bin\management_ext.dll
0x00007ffa85bb0000 - 0x00007ffa85bb8000 	C:\WINDOWS\System32\PSAPI.DLL
0x0000021706bf0000 - 0x0000021706bf3000 	C:\Users\admin\.openjfx\cache\17.0.6\api-ms-win-core-console-l1-2-0.dll
0x0000021706c10000 - 0x0000021706c13000 	C:\Users\admin\.openjfx\cache\17.0.6\api-ms-win-core-datetime-l1-1-0.dll
0x0000021706c20000 - 0x0000021706c23000 	C:\Users\admin\.openjfx\cache\17.0.6\api-ms-win-core-debug-l1-1-0.dll
0x0000021706c30000 - 0x0000021706c33000 	C:\Users\admin\.openjfx\cache\17.0.6\api-ms-win-core-errorhandling-l1-1-0.dll
0x000002172be30000 - 0x000002172be34000 	C:\Users\admin\.openjfx\cache\17.0.6\api-ms-win-core-file-l1-1-0.dll
0x000002172be40000 - 0x000002172be43000 	C:\Users\admin\.openjfx\cache\17.0.6\api-ms-win-core-file-l1-2-0.dll
0x000002172be50000 - 0x000002172be53000 	C:\Users\admin\.openjfx\cache\17.0.6\api-ms-win-core-file-l2-1-0.dll
0x000002172bd20000 - 0x000002172bd23000 	C:\Users\admin\.openjfx\cache\17.0.6\api-ms-win-core-handle-l1-1-0.dll
0x000002172bd30000 - 0x000002172bd33000 	C:\Users\admin\.openjfx\cache\17.0.6\api-ms-win-core-heap-l1-1-0.dll
0x000002172bd40000 - 0x000002172bd43000 	C:\Users\admin\.openjfx\cache\17.0.6\api-ms-win-core-interlocked-l1-1-0.dll
0x000002172bd50000 - 0x000002172bd53000 	C:\Users\admin\.openjfx\cache\17.0.6\api-ms-win-core-libraryloader-l1-1-0.dll
0x000002172bd60000 - 0x000002172bd63000 	C:\Users\admin\.openjfx\cache\17.0.6\api-ms-win-core-localization-l1-2-0.dll
0x000002172bd70000 - 0x000002172bd73000 	C:\Users\admin\.openjfx\cache\17.0.6\api-ms-win-core-memory-l1-1-0.dll
0x000002172bd80000 - 0x000002172bd83000 	C:\Users\admin\.openjfx\cache\17.0.6\api-ms-win-core-namedpipe-l1-1-0.dll
0x000002172bd90000 - 0x000002172bd93000 	C:\Users\admin\.openjfx\cache\17.0.6\api-ms-win-core-processenvironment-l1-1-0.dll
0x000002172bda0000 - 0x000002172bda3000 	C:\Users\admin\.openjfx\cache\17.0.6\api-ms-win-core-processthreads-l1-1-0.dll
0x000002172bdb0000 - 0x000002172bdb3000 	C:\Users\admin\.openjfx\cache\17.0.6\api-ms-win-core-processthreads-l1-1-1.dll
0x000002172bdc0000 - 0x000002172bdc3000 	C:\Users\admin\.openjfx\cache\17.0.6\api-ms-win-core-profile-l1-1-0.dll
0x000002172bdd0000 - 0x000002172bdd3000 	C:\Users\admin\.openjfx\cache\17.0.6\api-ms-win-core-rtlsupport-l1-1-0.dll
0x000002172bde0000 - 0x000002172bde3000 	C:\Users\admin\.openjfx\cache\17.0.6\api-ms-win-core-string-l1-1-0.dll
0x000002172bdf0000 - 0x000002172bdf3000 	C:\Users\admin\.openjfx\cache\17.0.6\api-ms-win-core-synch-l1-1-0.dll
0x000002172be00000 - 0x000002172be03000 	C:\Users\admin\.openjfx\cache\17.0.6\api-ms-win-core-synch-l1-2-0.dll
0x000002172be10000 - 0x000002172be13000 	C:\Users\admin\.openjfx\cache\17.0.6\api-ms-win-core-sysinfo-l1-1-0.dll
0x000002172be20000 - 0x000002172be23000 	C:\Users\admin\.openjfx\cache\17.0.6\api-ms-win-core-timezone-l1-1-0.dll
0x000002172be60000 - 0x000002172be63000 	C:\Users\admin\.openjfx\cache\17.0.6\api-ms-win-core-util-l1-1-0.dll
0x000002172be70000 - 0x000002172be73000 	C:\Users\admin\.openjfx\cache\17.0.6\api-ms-win-crt-conio-l1-1-0.dll
0x000002172be80000 - 0x000002172be84000 	C:\Users\admin\.openjfx\cache\17.0.6\api-ms-win-crt-convert-l1-1-0.dll
0x000002172be90000 - 0x000002172be93000 	C:\Users\admin\.openjfx\cache\17.0.6\api-ms-win-crt-environment-l1-1-0.dll
0x000002172bea0000 - 0x000002172bea3000 	C:\Users\admin\.openjfx\cache\17.0.6\api-ms-win-crt-filesystem-l1-1-0.dll
0x000002172beb0000 - 0x000002172beb3000 	C:\Users\admin\.openjfx\cache\17.0.6\api-ms-win-crt-heap-l1-1-0.dll
0x000002172bec0000 - 0x000002172bec3000 	C:\Users\admin\.openjfx\cache\17.0.6\api-ms-win-crt-locale-l1-1-0.dll
0x000002172bed0000 - 0x000002172bed5000 	C:\Users\admin\.openjfx\cache\17.0.6\api-ms-win-crt-math-l1-1-0.dll
0x000002172bee0000 - 0x000002172bee5000 	C:\Users\admin\.openjfx\cache\17.0.6\api-ms-win-crt-multibyte-l1-1-0.dll
0x000002172bef0000 - 0x000002172bf00000 	C:\Users\admin\.openjfx\cache\17.0.6\api-ms-win-crt-private-l1-1-0.dll
0x000002172bf00000 - 0x000002172bf03000 	C:\Users\admin\.openjfx\cache\17.0.6\api-ms-win-crt-process-l1-1-0.dll
0x000002172bf10000 - 0x000002172bf14000 	C:\Users\admin\.openjfx\cache\17.0.6\api-ms-win-crt-runtime-l1-1-0.dll
0x000002172bf20000 - 0x000002172bf24000 	C:\Users\admin\.openjfx\cache\17.0.6\api-ms-win-crt-stdio-l1-1-0.dll
0x000002172bf30000 - 0x000002172bf34000 	C:\Users\admin\.openjfx\cache\17.0.6\api-ms-win-crt-string-l1-1-0.dll
0x000002172bf40000 - 0x000002172bf43000 	C:\Users\admin\.openjfx\cache\17.0.6\api-ms-win-crt-time-l1-1-0.dll
0x000002172bf50000 - 0x000002172bf53000 	C:\Users\admin\.openjfx\cache\17.0.6\api-ms-win-crt-utility-l1-1-0.dll
0x00007ffa17cd0000 - 0x00007ffa17dcc000 	C:\Users\admin\.openjfx\cache\17.0.6\ucrtbase.dll
0x00007ffa40270000 - 0x00007ffa4028a000 	C:\Users\admin\.openjfx\cache\17.0.6\vcruntime140.dll
0x00007ffa40260000 - 0x00007ffa4026c000 	C:\Users\admin\.openjfx\cache\17.0.6\vcruntime140_1.dll
0x00007ffa17c40000 - 0x00007ffa17ccd000 	C:\Users\admin\.openjfx\cache\17.0.6\msvcp140.dll
0x00007ffa40250000 - 0x00007ffa40259000 	C:\Users\admin\.openjfx\cache\17.0.6\msvcp140_1.dll
0x00007ffa3da00000 - 0x00007ffa3da2f000 	C:\Users\admin\.openjfx\cache\17.0.6\msvcp140_2.dll
0x00007ffa83e50000 - 0x00007ffa83e6b000 	C:\WINDOWS\SYSTEM32\CRYPTSP.dll
0x00007ffa836e0000 - 0x00007ffa83715000 	C:\WINDOWS\system32\rsaenh.dll
0x00007ffa83ce0000 - 0x00007ffa83d08000 	C:\WINDOWS\SYSTEM32\USERENV.dll
0x00007ffa83e40000 - 0x00007ffa83e4c000 	C:\WINDOWS\SYSTEM32\CRYPTBASE.dll
0x00007ffa3d9d0000 - 0x00007ffa3d9fa000 	C:\Users\admin\.openjfx\cache\17.0.6\prism_d3d.dll
0x00007ffa513e0000 - 0x00007ffa51588000 	C:\WINDOWS\system32\d3d9.dll
0x00007ffa81d50000 - 0x00007ffa81d7b000 	C:\WINDOWS\SYSTEM32\dwmapi.dll
0x00007ffa81dc0000 - 0x00007ffa81df7000 	C:\WINDOWS\SYSTEM32\dxcore.dll
0x00007ffa5cc30000 - 0x00007ffa5cc47000 	C:\WINDOWS\system32\napinsp.dll
0x00007ffa5cc10000 - 0x00007ffa5cc2b000 	C:\WINDOWS\system32\pnrpnsp.dll
0x00007ffa81ac0000 - 0x00007ffa81b71000 	C:\WINDOWS\system32\uxtheme.dll
0x00007ffa5cbf0000 - 0x00007ffa5cc01000 	C:\WINDOWS\System32\winrnr.dll
0x00007ffa7ed20000 - 0x00007ffa7ed35000 	C:\WINDOWS\system32\wshbth.dll
0x00007ffa5b2c0000 - 0x00007ffa5b2e7000 	C:\WINDOWS\system32\nlansp_c.dll
0x00007ffa7c9d0000 - 0x00007ffa7ca19000 	C:\WINDOWS\SYSTEM32\directxdatabasehelper.dll
0x00007ffa3d110000 - 0x00007ffa3d152000 	C:\Users\admin\.openjfx\cache\17.0.6\glass.dll
0x00007ffa85970000 - 0x00007ffa85a6f000 	C:\WINDOWS\System32\COMDLG32.dll
0x00007ffa86320000 - 0x00007ffa86480000 	C:\WINDOWS\System32\MSCTF.dll
0x00007ffa73b50000 - 0x00007ffa73ba9000 	C:\WINDOWS\SYSTEM32\pdh.dll
0x00007ffa3d440000 - 0x00007ffa3d454000 	C:\Users\admin\.openjfx\cache\17.0.6\javafx_font.dll
0x00007ffa60480000 - 0x00007ffa60491000 	C:\WINDOWS\System32\perfproc.dll
0x00007ffa7d6f0000 - 0x00007ffa7d963000 	C:\WINDOWS\SYSTEM32\dwrite.dll
0x00007ffa46720000 - 0x00007ffa4672e000 	C:\Program Files\Java\jdk-23\bin\sunmscapi.dll
0x00007ffa84a30000 - 0x00007ffa84b96000 	C:\WINDOWS\System32\CRYPT32.dll

dbghelp: loaded successfully - version: 4.0.5 - missing functions: none
symbol engine: initialized successfully - sym options: 0x614 - pdb path: .;C:\Program Files\Java\jdk-23\bin;C:\WINDOWS\SYSTEM32;C:\WINDOWS\WinSxS\amd64_microsoft.windows.common-controls_6595b64144ccf1df_6.0.22621.3672_none_2713b9d173822955;C:\Program Files\Java\jdk-23\bin\server;E:\IntelliJ IDEA 2024.2.3\bin;C:\Users\admin\.openjfx\cache\17.0.6;C:\WINDOWS\System32\DriverStore\FileRepository\iigd_dch.inf_amd64_51f685305808e3a5;C:\Program Files\Common Files\Microsoft Shared\Ink

VM Arguments:
jvm_args: -javaagent:E:\IntelliJ IDEA 2024.2.3\lib\idea_rt.jar=56039:E:\IntelliJ IDEA 2024.2.3\bin -Dfile.encoding=UTF-8 -Dsun.stdout.encoding=UTF-8 -Dsun.stderr.encoding=UTF-8 --module-path=C:\Users\admin\.m2\repository\org\openjfx\javafx-fxml\17.0.6\javafx-fxml-17.0.6-win.jar;C:\Users\admin\.m2\repository\org\openjfx\javafx-controls\17.0.6\javafx-controls-17.0.6-win.jar;C:\Users\admin\.m2\repository\org\openjfx\javafx-graphics\17.0.6\javafx-graphics-17.0.6-win.jar;E:\CinemaManagement\target\classes;C:\Users\admin\.m2\repository\org\openjfx\javafx-base\17.0.6\javafx-base-17.0.6-win.jar -Djdk.module.main=org.example.cinemamanagement 
java_command: org.example.cinemamanagement/app.MainApp
java_class_path (initial): C:\Users\admin\.m2\repository\com\mysql\mysql-connector-j\8.0.32\mysql-connector-j-8.0.32.jar;C:\Users\admin\.m2\repository\com\google\protobuf\protobuf-java\3.21.9\protobuf-java-3.21.9.jar;C:\Users\admin\.m2\repository\org\openjfx\javafx-controls\17.0.6\javafx-controls-17.0.6.jar;C:\Users\admin\.m2\repository\org\openjfx\javafx-fxml\17.0.6\javafx-fxml-17.0.6.jar;C:\Users\admin\.m2\repository\org\openjfx\javafx-graphics\17.0.6\javafx-graphics-17.0.6.jar;C:\Users\admin\.m2\repository\org\openjfx\javafx-base\17.0.6\javafx-base-17.0.6.jar
Launcher Type: SUN_STANDARD

[Global flags]
     intx CICompilerCount                          = 4                                         {product} {ergonomic}
     uint ConcGCThreads                            = 3                                         {product} {ergonomic}
     uint G1ConcRefinementThreads                  = 10                                        {product} {ergonomic}
   size_t G1HeapRegionSize                         = 4194304                                   {product} {ergonomic}
   size_t InitialHeapSize                          = 532676608                                 {product} {ergonomic}
   size_t MarkStackSize                            = 4194304                                   {product} {ergonomic}
   size_t MarkStackSizeMax                         = 536870912                                 {product} {ergonomic}
   size_t MaxHeapSize                              = 8510242816                                {product} {ergonomic}
   size_t MaxNewSize                               = 5104467968                                {product} {ergonomic}
   size_t MinHeapDeltaBytes                        = 4194304                                   {product} {ergonomic}
   size_t MinHeapSize                              = 8388608                                   {product} {ergonomic}
    uintx NonNMethodCodeHeapSize                   = 5832704                                {pd product} {ergonomic}
    uintx NonProfiledCodeHeapSize                  = 122945536                              {pd product} {ergonomic}
    uintx ProfiledCodeHeapSize                     = 122880000                              {pd product} {ergonomic}
    uintx ReservedCodeCacheSize                    = 251658240                              {pd product} {ergonomic}
     bool SegmentedCodeCache                       = true                                      {product} {ergonomic}
   size_t SoftMaxHeapSize                          = 8510242816                             {manageable} {ergonomic}
     bool UseCompressedOops                        = true                           {product lp64_product} {ergonomic}
     bool UseG1GC                                  = true                                      {product} {ergonomic}
     bool UseLargePagesIndividualAllocation        = false                                  {pd product} {ergonomic}

Logging:
Log output configuration:
 #0: stdout all=off uptime,level,tags foldmultilines=false
 #1: stderr all=off uptime,level,tags foldmultilines=false

Environment Variables:
JAVA_HOME=C:\Program Files\Java\jdk-23
PATH="C:\Program Files\Java\jdk-23\bin;";C:\Program Files\Common Files\Oracle\Java\javapath;C:\Program Files (x86)\Common Files\Oracle\Java\java8path;C:\Program Files (x86)\Common Files\Oracle\Java\javapath;C:\WINDOWS\system32;C:\WINDOWS;C:\WINDOWS\System32\Wbem;C:\WINDOWS\System32\WindowsPowerShell\v1.0\;C:\WINDOWS\System32\OpenSSH\;C:\mingw32\bin;C:\Program Files\Git\cmd;C:\Program Files\Cloudflare\Cloudflare WARP\;C:\Program Files\nodejs\;C:\apache-maven-3.9.9\bin;"C:\apache-maven-3.9.9\bin";C:\Program Files\MySQL\MySQL Server 8.0\bin;C:\Program Files (x86)\Microsoft SQL Server\160\DTS\Binn\;C:\Program Files\MySQL\MySQL Shell 8.0\bin\;C:\Program Files\Java\jdk1.8.0_131\bin\javac A.java;C:\Users\admin\AppData\Roaming\npm
USERNAME=admin
OS=Windows_NT
PROCESSOR_IDENTIFIER=Intel64 Family 6 Model 165 Stepping 2, GenuineIntel
TMP=C:\Users\admin\AppData\Local\Temp
TEMP=C:\Users\admin\AppData\Local\Temp




Periodic native trim disabled

---------------  S Y S T E M  ---------------

OS:
 Windows 11 , 64 bit Build 22621 (10.0.22621.3958)
OS uptime: 0 days 0:25 hours

CPU: total 12 (initial active 12) (6 cores per cpu, 2 threads per core) family 6 model 165 stepping 2 microcode 0xec, cx8, cmov, fxsr, ht, mmx, 3dnowpref, sse, sse2, sse3, ssse3, sse4.1, sse4.2, popcnt, lzcnt, tsc, tscinvbit, avx, avx2, aes, erms, clmul, bmi1, bmi2, adx, fma, vzeroupper, clflush, clflushopt, rdtscp, f16c, pku
Processor Information for the first 12 processors :
  Max Mhz: 2600, Current Mhz: 2600, Mhz Limit: 2600

Memory: 4k page, system-wide physical 32457M (22704M free)
TotalPageFile size 37321M (AvailPageFile size 25862M)
current process WorkingSet (physical memory assigned to process): 214M, peak: 249M
current process commit charge ("private bytes"): 252M, peak: 690M

vm_info: Java HotSpot(TM) 64-Bit Server VM (23+37-2369) for windows-amd64 JRE (23+37-2369), built on 2024-08-20T16:01:23Z with MS VC++ 17.6 (VS2022)

END.
