#
# A fatal error has been detected by the Java Runtime Environment:
#
#  EXCEPTION_ACCESS_VIOLATION (0xc0000005) at pc=0x00007ffdb1806b07, pid=8488, tid=38024
#
# JRE version: Java(TM) SE Runtime Environment (23.0+37) (build 23+37-2369)
# Java VM: Java HotSpot(TM) 64-Bit Server VM (23+37-2369, mixed mode, sharing, tiered, compressed oops, compressed class ptrs, g1 gc, windows-amd64)
# Problematic frame:
# C  [glass.dll+0x26b07]
#
# No core dump will be written. Minidumps are not enabled by default on client versions of Windows
#
# If you would like to submit a bug report, please visit:
#   https://bugreport.java.com/bugreport/crash.jsp
#

---------------  S U M M A R Y ------------

Command Line: -javaagent:E:\IntelliJ IDEA 2024.2.3\lib\idea_rt.jar=59776:E:\IntelliJ IDEA 2024.2.3\bin -Dfile.encoding=UTF-8 -Dsun.stdout.encoding=UTF-8 -Dsun.stderr.encoding=UTF-8 --module-path=C:\Users\admin\.m2\repository\org\openjfx\javafx-graphics\17.0.6\javafx-graphics-17.0.6-win.jar;C:\Users\admin\.m2\repository\org\openjfx\javafx-fxml\17.0.6\javafx-fxml-17.0.6-win.jar;C:\Users\admin\.m2\repository\org\openjfx\javafx-base\17.0.6\javafx-base-17.0.6-win.jar;E:\CinemaManagement\target\classes;C:\Users\admin\.m2\repository\org\openjfx\javafx-controls\17.0.6\javafx-controls-17.0.6-win.jar -Djdk.module.main=org.example.cinemamanagement org.example.cinemamanagement/app.MainApp

Host: Intel(R) Core(TM) i7-10750H CPU @ 2.60GHz, 12 cores, 31G,  Windows 11 , 64 bit Build 22621 (10.0.22621.3958)
Time: Sat Oct 19 22:32:51 2024 SE Asia Standard Time elapsed time: 99.953302 seconds (0d 0h 1m 39s)

---------------  T H R E A D  ---------------

Current thread (0x000001f723ae2300):  VMThread "VM Thread"          [id=38024, stack(0x0000008349900000,0x0000008349a00000) (1024K)]

Stack: [0x0000008349900000,0x0000008349a00000],  sp=0x00000083499fefd0,  free space=1019k
Native frames: (J=compiled Java code, j=interpreted, Vv=VM code, C=native code)
C  [glass.dll+0x26b07]  (no source info available)
C  [ucrtbase.dll+0x53a93]  (no source info available)
C  [ucrtbase.dll+0x2042e]  (no source info available)
C  [ucrtbase.dll+0x1dddd]  (no source info available)
C  [glass.dll+0x24261]  (no source info available)
C  [glass.dll+0x24386]  (no source info available)
C  [ntdll.dll+0x28b5f]  (no source info available)
C  [ntdll.dll+0x51566]  (no source info available)
C  [ntdll.dll+0x5115d]  (no source info available)
C  [KERNEL32.DLL+0x17fab]  (no source info available)
C  [ucrtbase.dll+0x1bed8]  (no source info available)
C  [ucrtbase.dll+0x1c099]  (no source info available)
V  [jvm.dll+0x6d98fc]  (no source info available)
V  [jvm.dll+0x6d9430]  (no source info available)
V  [jvm.dll+0x3da534]  (no source info available)
V  [jvm.dll+0x886500]  (no source info available)
V  [jvm.dll+0x887827]  (no source info available)
V  [jvm.dll+0x887d58]  (no source info available)
V  [jvm.dll+0x887ff3]  (no source info available)
V  [jvm.dll+0x824f1b]  (no source info available)
V  [jvm.dll+0x6df055]  (no source info available)
C  [ucrtbase.dll+0x29333]  (no source info available)
C  [KERNEL32.DLL+0x1257d]  (no source info available)
C  [ntdll.dll+0x5af08]  (no source info available)


siginfo: EXCEPTION_ACCESS_VIOLATION (0xc0000005), reading address 0x0000000000000000


Registers:
RAX=0x0000000000000000, RBX=0x000001f723aeb2f2, RCX=0x000001f723ae2300, RDX=0x00000083499fefd0
RSP=0x00000083499fefd0, RBP=0x000001f76c842638, RSI=0x00000083499ff0d8, RDI=0x000001f76c842610
R8 =0x0000000000010002, R9 =0x000001f76c842610, R10=0x85f13e9656da4870, R11=0x00000083499fef60
R12=0x00007ffdb18043d4, R13=0x00007ffdadfcb760, R14=0x0000b5f417ddd3fe, R15=0x000001f76c842610
RIP=0x00007ffdb1806b07, EFLAGS=0x0000000000010202


Register to memory mapping:

RAX=0x0 is null
RBX=0x000001f723aeb2f2 is a global jni handle
RCX=0x000001f723ae2300 points into unknown readable memory: 0x00007ffdaddcf698 | 98 f6 dc ad fd 7f 00 00
RDX=0x00000083499fefd0 points into unknown readable memory: 0x0000000000000000 | 00 00 00 00 00 00 00 00
RSP=0x00000083499fefd0 points into unknown readable memory: 0x0000000000000000 | 00 00 00 00 00 00 00 00
RBP=0x000001f76c842638 points into unknown readable memory: 0x0000b5f417ddd3fe | fe d3 dd 17 f4 b5 00 00
RSI=0x00000083499ff0d8 points into unknown readable memory: 0x00000083499ff0c0 | c0 f0 9f 49 83 00 00 00
RDI=0x000001f76c842610 points into unknown readable memory: 0x0000aa0b7bbddc45 | 45 dc bd 7b 0b aa 00 00
R8 =0x0000000000010002 is an unknown value
R9 =0x000001f76c842610 points into unknown readable memory: 0x0000aa0b7bbddc45 | 45 dc bd 7b 0b aa 00 00
R10=0x85f13e9656da4870 is an unknown value
R11=0x00000083499fef60 points into unknown readable memory: 0x000001f76c842610 | 10 26 84 6c f7 01 00 00
R12=0x00007ffdb18043d4 glass.dll
R13=0x00007ffdadfcb760 jvm.dll
R14=0x0000b5f417ddd3fe is an unknown value
R15=0x000001f76c842610 points into unknown readable memory: 0x0000aa0b7bbddc45 | 45 dc bd 7b 0b aa 00 00

Top of Stack: (sp=0x00000083499fefd0)
0x00000083499fefd0:   0000000000000000 00000083499ff0d8
0x00000083499fefe0:   00007ffdadfcb760 00007ffdb18043d4
0x00000083499feff0:   000001f76c842618 00007ffde4253a93
0x00000083499ff000:   000001f76c842610 000001f700000000
0x00000083499ff010:   000001f76c842638 00000083499ff0d8
0x00000083499ff020:   fffffffffffffffe 0000000000000000
0x00000083499ff030:   0000000000000001 00007ffdb17e0000
0x00000083499ff040:   00000083499ff0c8 00007ffde422042e
0x00000083499ff050:   0000000000000000 00000083499ff0d8
0x00000083499ff060:   00000083499ff3c0 0000000000000001
0x00000083499ff070:   0000000000000001 00007ffde421dddd
0x00000083499ff080:   0000000000000000 00007ffdb1803bcd
0x00000083499ff090:   0000000000000000 00000083499ff0c8
0x00000083499ff0a0:   fffffffffffffffe 00000083499ff300
0x00000083499ff0b0:   0000000000000000 00007ffdb1804261
0x00000083499ff0c0:   00007ffdb181a138 00007ffd00000002
0x00000083499ff0d0:   0000000000000002 00000083499ff0c0
0x00000083499ff0e0:   0000000000000000 00007ffde6cb8ac3
0x00000083499ff0f0:   0000000000000000 00007ffdb1804386
0x00000083499ff100:   0000000000000001 0000000000000001
0x00000083499ff110:   0000000000000001 0000000000000000
0x00000083499ff120:   0000000000000001 00007ffde37a2223
0x00000083499ff130:   00007ffd00000001 0000000000000000
0x00000083499ff140:   00007ffdb17e0000 000000007ffe0384
0x00000083499ff150:   0000000000000000 00007ffde6cb8b5f
0x00000083499ff160:   00007ffdb17e0000 0000000000000000
0x00000083499ff170:   0000000000000001 000000007ffe0385
0x00000083499ff180:   00007ffde6dc7940 00007ffdd5e5b810
0x00000083499ff190:   00007c52a703ab00 00007ffdd4b70000
0x00000083499ff1a0:   00007ffdb18043d4 0000000000000000
0x00000083499ff1b0:   0000000000000000 0000008348c02000
0x00000083499ff1c0:   000001f76c615b40 00007ffde6ce1566 

Instructions: (pc=0x00007ffdb1806b07)
0x00007ffdb1806a07:   8b 4d 58 e8 01 cf ff ff 48 8b 4d 60 e8 f8 ce ff
0x00007ffdb1806a17:   ff 48 8b 95 80 00 00 00 48 8b 8d 18 01 00 00 e8
0x00007ffdb1806a27:   c6 c3 ff ff 33 d2 33 c9 e8 3c e1 ff ff 90 48 89
0x00007ffdb1806a37:   54 24 10 55 48 83 ec 20 48 8b ea 48 b8 00 00 00
0x00007ffdb1806a47:   00 00 00 00 00 48 83 c4 20 5d c3 cc 40 55 48 8b
0x00007ffdb1806a57:   ea 48 8b 01 33 c9 81 38 05 00 00 c0 0f 94 c1 8b
0x00007ffdb1806a67:   c1 5d c3 cc 40 55 48 83 ec 20 48 8b ea 8a 4d 40
0x00007ffdb1806a77:   48 83 c4 20 5d e9 f7 d2 ff ff cc 40 55 48 83 ec
0x00007ffdb1806a87:   20 48 8b ea 8a 4d 20 e8 e5 d2 ff ff 90 48 83 c4
0x00007ffdb1806a97:   20 5d c3 cc 40 55 48 83 ec 20 48 8b ea 48 83 c4
0x00007ffdb1806aa7:   20 5d e9 46 d1 ff ff cc 40 55 48 83 ec 30 48 8b
0x00007ffdb1806ab7:   ea 48 8b 01 8b 10 48 89 4c 24 28 89 54 24 20 4c
0x00007ffdb1806ac7:   8d 0d e7 d5 ff ff 4c 8b 45 70 8b 55 68 48 8b 4d
0x00007ffdb1806ad7:   60 e8 87 d0 ff ff 90 48 83 c4 30 5d c3 cc cc cc
0x00007ffdb1806ae7:   cc cc cc cc cc cc cc cc cc 40 53 48 83 ec 20 48
0x00007ffdb1806af7:   8b 1d 33 30 01 00 48 85 db 74 16 e8 09 8b ff ff
0x00007ffdb1806b07:   4c 8b 00 48 8b d3 48 8b c8 41 ff 90 b0 00 00 00
0x00007ffdb1806b17:   90 48 83 c4 20 5b c3 cc cc 40 53 48 83 ec 20 48
0x00007ffdb1806b27:   8b 1d ab 31 01 00 48 85 db 74 57 b8 ff ff ff ff
0x00007ffdb1806b37:   f0 0f c1 43 10 83 f8 01 75 3d 48 85 db 74 38 48
0x00007ffdb1806b47:   8b 0b 48 85 c9 74 0d ff 15 54 07 00 00 48 c7 03
0x00007ffdb1806b57:   00 00 00 00 48 8b 4b 08 48 85 c9 74 0d e8 a7 cd
0x00007ffdb1806b67:   ff ff 48 c7 43 08 00 00 00 00 ba 18 00 00 00 48
0x00007ffdb1806b77:   8b cb e8 92 cd ff ff 48 c7 05 4f 31 01 00 00 00
0x00007ffdb1806b87:   00 00 48 83 c4 20 5b c3 cc 40 53 48 83 ec 20 48
0x00007ffdb1806b97:   8b 1d 1b 31 01 00 48 85 db 74 57 b8 ff ff ff ff
0x00007ffdb1806ba7:   f0 0f c1 43 10 83 f8 01 75 3d 48 85 db 74 38 48
0x00007ffdb1806bb7:   8b 0b 48 85 c9 74 0d ff 15 e4 06 00 00 48 c7 03
0x00007ffdb1806bc7:   00 00 00 00 48 8b 4b 08 48 85 c9 74 0d e8 37 cd
0x00007ffdb1806bd7:   ff ff 48 c7 43 08 00 00 00 00 ba 18 00 00 00 48
0x00007ffdb1806be7:   8b cb e8 22 cd ff ff 48 c7 05 bf 30 01 00 00 00
0x00007ffdb1806bf7:   00 00 48 83 c4 20 5b c3 cc 40 53 48 83 ec 20 48 


Stack slot to memory mapping:

stack at sp + 0 slots: 0x0 is null
stack at sp + 1 slots: 0x00000083499ff0d8 points into unknown readable memory: 0x00000083499ff0c0 | c0 f0 9f 49 83 00 00 00
stack at sp + 2 slots: 0x00007ffdadfcb760 jvm.dll
stack at sp + 3 slots: 0x00007ffdb18043d4 glass.dll
stack at sp + 4 slots: 0x000001f76c842618 points into unknown readable memory: 0x0000b5f417ddd3fe | fe d3 dd 17 f4 b5 00 00
stack at sp + 5 slots: 0x00007ffde4253a93 ucrtbase.dll
stack at sp + 6 slots: 0x000001f76c842610 points into unknown readable memory: 0x0000aa0b7bbddc45 | 45 dc bd 7b 0b aa 00 00
stack at sp + 7 slots: 0x000001f700000000 points into unknown readable memory: 0x0000000000001400 | 00 14 00 00 00 00 00 00

VM_Operation (0x0000008348fff510): Exit, mode: safepoint, requested by thread 0x000001f7735e01e0


---------------  P R O C E S S  ---------------

Threads class SMR info:
_java_thread_list=0x000001f76ca75ce0, length=21, elements={
0x000001f77f6a4910, 0x000001f723afa4a0, 0x000001f723afc310, 0x000001f723afde90,
0x000001f7265b0080, 0x000001f7265b2800, 0x000001f7265b5d90, 0x000001f7265c4040,
0x000001f7265c6f10, 0x000001f7266b2b70, 0x000001f76c5e2fc0, 0x000001f76c42cd90,
0x000001f76c8028a0, 0x000001f76c8a84a0, 0x000001f76c7fdf40, 0x000001f76ca7a8c0,
0x000001f76cab4ec0, 0x000001f76d690e80, 0x000001f76d691510, 0x000001f76d691ba0,
0x000001f7735e01e0
}

Java Threads: ( => current thread )
  0x000001f77f6a4910 JavaThread "main"                              [_thread_blocked, id=24712, stack(0x0000008349200000,0x0000008349300000) (1024K)]
  0x000001f723afa4a0 JavaThread "Reference Handler"          daemon [_thread_blocked, id=24400, stack(0x0000008349a00000,0x0000008349b00000) (1024K)]
  0x000001f723afc310 JavaThread "Finalizer"                  daemon [_thread_blocked, id=11912, stack(0x0000008349b00000,0x0000008349c00000) (1024K)]
  0x000001f723afde90 JavaThread "Signal Dispatcher"          daemon [_thread_blocked, id=5016, stack(0x0000008349c00000,0x0000008349d00000) (1024K)]
  0x000001f7265b0080 JavaThread "Attach Listener"            daemon [_thread_blocked, id=20100, stack(0x0000008349d00000,0x0000008349e00000) (1024K)]
  0x000001f7265b2800 JavaThread "Service Thread"             daemon [_thread_blocked, id=5208, stack(0x0000008349e00000,0x0000008349f00000) (1024K)]
  0x000001f7265b5d90 JavaThread "Monitor Deflation Thread"   daemon [_thread_blocked, id=1896, stack(0x0000008349f00000,0x000000834a000000) (1024K)]
  0x000001f7265c4040 JavaThread "C2 CompilerThread0"         daemon [_thread_blocked, id=40820, stack(0x000000834a000000,0x000000834a100000) (1024K)]
  0x000001f7265c6f10 JavaThread "C1 CompilerThread0"         daemon [_thread_blocked, id=13280, stack(0x000000834a100000,0x000000834a200000) (1024K)]
  0x000001f7266b2b70 JavaThread "Common-Cleaner"             daemon [_thread_blocked, id=39116, stack(0x000000834a200000,0x000000834a300000) (1024K)]
  0x000001f76c5e2fc0 JavaThread "Monitor Ctrl-Break"         daemon [_thread_in_native, id=40688, stack(0x000000834a500000,0x000000834a600000) (1024K)]
  0x000001f76c42cd90 JavaThread "Notification Thread"        daemon [_thread_blocked, id=24864, stack(0x000000834a600000,0x000000834a700000) (1024K)]
  0x000001f76c8028a0 JavaThread "QuantumRenderer-0"          daemon [_thread_blocked, id=40172, stack(0x000000834a700000,0x000000834a800000) (1024K)]
  0x000001f76c8a84a0 JavaThread "InvokeLaterDispatcher"      daemon [_thread_blocked, id=40548, stack(0x000000834a800000,0x000000834a900000) (1024K)]
  0x000001f76c7fdf40 JavaThread "JavaFX Application Thread"         [_thread_in_native, id=11540, stack(0x000000834a900000,0x000000834aa00000) (1024K)]
  0x000001f76ca7a8c0 JavaThread "Thread-1"                   daemon [_thread_in_native, id=36252, stack(0x000000834ad00000,0x000000834ae00000) (1024K)]
  0x000001f76cab4ec0 JavaThread "JavaFX-Launcher"                   [_thread_blocked, id=39544, stack(0x000000834ae00000,0x000000834af00000) (1024K)]
  0x000001f76d690e80 JavaThread "Prism Font Disposer"        daemon [_thread_blocked, id=39152, stack(0x000000834a400000,0x000000834a500000) (1024K)]
  0x000001f76d691510 JavaThread "mysql-cj-abandoned-connection-cleanup" daemon [_thread_blocked, id=34376, stack(0x000000834a300000,0x000000834a400000) (1024K)]
  0x000001f76d691ba0 JavaThread "Cleaner-0"                  daemon [_thread_blocked, id=15792, stack(0x000000834bd00000,0x000000834be00000) (1024K)]
  0x000001f7735e01e0 JavaThread "SIGINT handler"             daemon [_thread_blocked, id=38128, stack(0x0000008348f00000,0x0000008349000000) (1024K)]
Total: 21

Other Threads:
=>0x000001f723ae2300 VMThread "VM Thread"                           [id=38024, stack(0x0000008349900000,0x0000008349a00000) (1024K)]
  0x000001f701cb7e70 WorkerThread "GC Thread#0"                     [id=10376, stack(0x0000008349300000,0x0000008349400000) (1024K)]
  0x000001f76caa9ef0 WorkerThread "GC Thread#1"                     [id=17624, stack(0x000000834af00000,0x000000834b000000) (1024K)]
  0x000001f76caaa2a0 WorkerThread "GC Thread#2"                     [id=39860, stack(0x000000834b000000,0x000000834b100000) (1024K)]
  0x000001f76cad6840 WorkerThread "GC Thread#3"                     [id=4512, stack(0x000000834b100000,0x000000834b200000) (1024K)]
  0x000001f76cad6bf0 WorkerThread "GC Thread#4"                     [id=3224, stack(0x000000834b200000,0x000000834b300000) (1024K)]
  0x000001f76cad6fa0 WorkerThread "GC Thread#5"                     [id=37740, stack(0x000000834b300000,0x000000834b400000) (1024K)]
  0x000001f76cb79bc0 WorkerThread "GC Thread#6"                     [id=40860, stack(0x000000834b400000,0x000000834b500000) (1024K)]
  0x000001f76cb80740 WorkerThread "GC Thread#7"                     [id=1480, stack(0x000000834b500000,0x000000834b600000) (1024K)]
  0x000001f76cb81250 WorkerThread "GC Thread#8"                     [id=40212, stack(0x000000834b600000,0x000000834b700000) (1024K)]
  0x000001f76cb80ea0 WorkerThread "GC Thread#9"                     [id=15984, stack(0x000000834b700000,0x000000834b800000) (1024K)]
  0x000001f701cccd60 ConcurrentGCThread "G1 Main Marker"            terminated
  0x000001f701cce010 WorkerThread "G1 Conc#0"                       [id=39864, stack(0x0000008349500000,0x0000008349600000) (1024K)]
  0x000001f76cf53610 WorkerThread "G1 Conc#1"                       [id=22692, stack(0x000000834bb00000,0x000000834bc00000) (1024K)]
  0x000001f76cf523a0 WorkerThread "G1 Conc#2"                       [id=37320, stack(0x000000834bc00000,0x000000834bd00000) (1024K)]
  0x000001f72399d890 ConcurrentGCThread "G1 Refine#0"               terminated
  0x000001f701d0e7b0 ConcurrentGCThread "G1 Service"                terminated
Total: 17

Threads with active compile tasks:
Total: 0

VM state: at safepoint (shutting down)

VM Mutex/Monitor currently owned by a thread:  ([mutex/lock_event])
[0x00007ffdadfa3910] Threads_lock - owner thread: 0x000001f723ae2300
[0x00007ffdadfa3a10] Heap_lock - owner thread: 0x000001f7735e01e0

Heap address: 0x0000000604c00000, size: 8116 MB, Compressed Oops mode: Zero based, Oop shift amount: 3

CDS archive(s) mapped at: [0x000001f727000000-0x000001f727d70000-0x000001f727d70000), size 14090240, SharedBaseAddress: 0x000001f727000000, ArchiveRelocationMode: 1.
Compressed class space mapped at: 0x000001f728000000-0x000001f768000000, reserved size: 1073741824
Narrow klass base: 0x000001f727000000, Narrow klass shift: 0, Narrow klass range: 0x41000000

GC Precious Log:
 CardTable entry size: 512
 Card Set container configuration: InlinePtr #cards 4 size 8 Array Of Cards #cards 32 size 80 Howl #buckets 8 coarsen threshold 7372 Howl Bitmap #cards 1024 size 144 coarsen threshold 921 Card regions per heap region 1 cards per card region 8192
 CPUs: 12 total, 12 available
 Memory: 32457M
 Large Page Support: Disabled
 NUMA Support: Disabled
 Compressed Oops: Enabled (Zero based)
 Heap Region Size: 4M
 Heap Min Capacity: 8M
 Heap Initial Capacity: 508M
 Heap Max Capacity: 8116M
 Pre-touch: Disabled
 Parallel Workers: 10
 Concurrent Workers: 3
 Concurrent Refinement Workers: 10
 Periodic GC: Disabled

Heap:
 garbage-first heap   total reserved 8310784K, committed 40960K, used 19838K [0x0000000604c00000, 0x0000000800000000)
  region size 4096K, 5 young (20480K), 2 survivors (8192K)
 Metaspace       used 21806K, committed 22272K, reserved 1114112K
  class space    used 3030K, committed 3264K, reserved 1048576K

Heap Regions: E=young(eden), S=young(survivor), O=old, HS=humongous(starts), HC=humongous(continues), CS=collection set, F=free, TAMS=top-at-mark-start, PB=parsable bottom
|   0|0x0000000604c00000, 0x0000000604f5f948, 0x0000000605000000| 84%| O|  |TAMS 0x0000000604c00000| PB 0x0000000604c00000| Untracked |  0
|   1|0x0000000605000000, 0x0000000605000000, 0x0000000605400000|  0%| F|  |TAMS 0x0000000605000000| PB 0x0000000605000000| Untracked |  0
|   2|0x0000000605400000, 0x0000000605400000, 0x0000000605800000|  0%| F|  |TAMS 0x0000000605400000| PB 0x0000000605400000| Untracked |  0
|   3|0x0000000605800000, 0x0000000605800000, 0x0000000605c00000|  0%| F|  |TAMS 0x0000000605800000| PB 0x0000000605800000| Untracked |  0
|   4|0x0000000605c00000, 0x0000000605c00000, 0x0000000606000000|  0%| F|  |TAMS 0x0000000605c00000| PB 0x0000000605c00000| Untracked |  0
|   5|0x0000000606000000, 0x00000006063ec250, 0x0000000606400000| 98%| E|  |TAMS 0x0000000606000000| PB 0x0000000606000000| Complete |  0
|   6|0x0000000606400000, 0x0000000606800000, 0x0000000606800000|100%| E|CS|TAMS 0x0000000606400000| PB 0x0000000606400000| Complete |  0
| 112|0x0000000620c00000, 0x0000000621000000, 0x0000000621000000|100%| S|CS|TAMS 0x0000000620c00000| PB 0x0000000620c00000| Complete |  0
| 113|0x0000000621000000, 0x0000000621400000, 0x0000000621400000|100%| S|CS|TAMS 0x0000000621000000| PB 0x0000000621000000| Complete |  0
| 126|0x0000000624400000, 0x0000000624800000, 0x0000000624800000|100%| E|CS|TAMS 0x0000000624400000| PB 0x0000000624400000| Complete |  0

Card table byte_map: [0x000001f71a9c0000,0x000001f71b9a0000] _byte_map_base: 0x000001f71799a000

Marking Bits: (CMBitMap*) 0x000001f701cb8580
 Bits: [0x000001f71b9a0000, 0x000001f723870000)

Polling page: 0x000001f701410000

Metaspace:

Usage:
  Non-class:     18.34 MB used.
      Class:      2.96 MB used.
       Both:     21.30 MB used.

Virtual space:
  Non-class space:       64.00 MB reserved,      18.56 MB ( 29%) committed,  1 nodes.
      Class space:        1.00 GB reserved,       3.19 MB ( <1%) committed,  1 nodes.
             Both:        1.06 GB reserved,      21.75 MB (  2%) committed. 

Chunk freelists:
   Non-Class:  13.14 MB
       Class:  12.80 MB
        Both:  25.94 MB

MaxMetaspaceSize: unlimited
CompressedClassSpaceSize: 1.00 GB
Initial GC threshold: 21.00 MB
Current GC threshold: 35.12 MB
CDS: on
 - commit_granule_bytes: 65536.
 - commit_granule_words: 8192.
 - virtual_space_node_default_size: 8388608.
 - enlarge_chunks_in_place: 1.
 - use_allocation_guard: 0.


Internal statistics:

num_allocs_failed_limit: 3.
num_arena_births: 444.
num_arena_deaths: 0.
num_vsnodes_births: 2.
num_vsnodes_deaths: 0.
num_space_committed: 348.
num_space_uncommitted: 0.
num_chunks_returned_to_freelist: 3.
num_chunks_taken_from_freelist: 1157.
num_chunk_merges: 3.
num_chunk_splits: 786.
num_chunks_enlarged: 546.
num_inconsistent_stats: 0.

CodeHeap 'non-profiled nmethods': size=120064Kb used=1636Kb max_used=1636Kb free=118427Kb
 bounds [0x000001f711e40000, 0x000001f7120b0000, 0x000001f719380000]
CodeHeap 'profiled nmethods': size=120000Kb used=6412Kb max_used=6412Kb free=113587Kb
 bounds [0x000001f70a380000, 0x000001f70a9d0000, 0x000001f7118b0000]
CodeHeap 'non-nmethods': size=5696Kb used=1882Kb max_used=1936Kb free=3813Kb
 bounds [0x000001f7118b0000, 0x000001f711b20000, 0x000001f711e40000]
CodeCache: size=245760Kb, used=9930Kb, max_used=9984Kb, free=235827Kb
 total_blobs=5208, nmethods=4301, adapters=811, full_count=0
Compilation: enabled, stopped_count=0, restarted_count=0

Compilation events (20 events):
Event: 31.846 Thread 0x000001f7265c6f10 nmethod 4296 0x000001f70a9bf688 code [0x000001f70a9bf800, 0x000001f70a9c00a8]
Event: 31.846 Thread 0x000001f7265c6f10 4297       3       java.lang.StackTraceElement::isHashedInJavaBase (31 bytes)
Event: 31.847 Thread 0x000001f7265c6f10 nmethod 4297 0x000001f70a9c0108 code [0x000001f70a9c0280, 0x000001f70a9c0708]
Event: 31.847 Thread 0x000001f7265c6f10 4293       3       java.io.BufferedWriter::ensureOpen (18 bytes)
Event: 31.847 Thread 0x000001f7265c6f10 nmethod 4293 0x000001f70a9c0788 code [0x000001f70a9c08c0, 0x000001f70a9c0ac8]
Event: 31.847 Thread 0x000001f7265c6f10 4291       3       java.lang.StringLatin1::writeDigitPair (21 bytes)
Event: 31.847 Thread 0x000001f7265c6f10 nmethod 4291 0x000001f70a9c0b08 code [0x000001f70a9c0c20, 0x000001f70a9c0df0]
Event: 31.847 Thread 0x000001f7265c6f10 4278       3       jdk.internal.reflect.DirectConstructorHandleAccessor::invokeImpl (103 bytes)
Event: 31.848 Thread 0x000001f7265c6f10 nmethod 4278 0x000001f70a9c0e08 code [0x000001f70a9c1160, 0x000001f70a9c2ba0]
Event: 31.849 Thread 0x000001f7265c4040 nmethod 4282 0x000001f711fd7588 code [0x000001f711fd76e0, 0x000001f711fd7f50]
Event: 31.849 Thread 0x000001f7265c4040 4288       4       java.lang.String::checkBoundsBeginEnd (11 bytes)
Event: 31.849 Thread 0x000001f7265c4040 nmethod 4288 0x000001f711fd8008 code [0x000001f711fd8100, 0x000001f711fd81d8]
Event: 82.317 Thread 0x000001f7265c6f10 4298       3       jdk.internal.loader.URLClassPath$JarLoader::findResource (18 bytes)
Event: 82.317 Thread 0x000001f7265c6f10 nmethod 4298 0x000001f70a9c2c88 code [0x000001f70a9c2dc0, 0x000001f70a9c3040]
Event: 85.469 Thread 0x000001f7265c4040 4299       4       com.sun.javafx.tk.quantum.QuantumToolkit::postPulse (133 bytes)
Event: 85.473 Thread 0x000001f7265c4040 nmethod 4299 0x000001f711fd8308 code [0x000001f711fd8460, 0x000001f711fd8748]
Event: 86.670 Thread 0x000001f7265c4040 4300       4       com.sun.javafx.tk.quantum.QuantumToolkit$$Lambda/0x000001f72803ce78::run (8 bytes)
Event: 86.673 Thread 0x000001f7265c4040 nmethod 4300 0x000001f711fd8808 code [0x000001f711fd8960, 0x000001f711fd8ca8]
Event: 99.571 Thread 0x000001f7265c6f10 4301       1       java.util.logging.LogManager$LoggerContext::getOwner (5 bytes)
Event: 99.572 Thread 0x000001f7265c6f10 nmethod 4301 0x000001f711fd8d88 code [0x000001f711fd8ea0, 0x000001f711fd8f70]

GC Heap History (6 events):
Event: 0.731 GC heap before
{Heap before GC invocations=0 (full 0):
 garbage-first heap   total reserved 8310784K, committed 520192K, used 20480K [0x0000000604c00000, 0x0000000800000000)
  region size 4096K, 6 young (24576K), 0 survivors (0K)
 Metaspace       used 5029K, committed 5248K, reserved 1114112K
  class space    used 605K, committed 704K, reserved 1048576K
}
Event: 0.735 GC heap after
{Heap after GC invocations=1 (full 0):
 garbage-first heap   total reserved 8310784K, committed 520192K, used 2953K [0x0000000604c00000, 0x0000000800000000)
  region size 4096K, 1 young (4096K), 1 survivors (4096K)
 Metaspace       used 5029K, committed 5248K, reserved 1114112K
  class space    used 605K, committed 704K, reserved 1048576K
}
Event: 1.147 GC heap before
{Heap before GC invocations=1 (full 0):
 garbage-first heap   total reserved 8310784K, committed 520192K, used 27529K [0x0000000604c00000, 0x0000000800000000)
  region size 4096K, 7 young (28672K), 1 survivors (4096K)
 Metaspace       used 11376K, committed 11712K, reserved 1114112K
  class space    used 1535K, committed 1664K, reserved 1048576K
}
Event: 1.152 GC heap after
{Heap after GC invocations=2 (full 0):
 garbage-first heap   total reserved 8310784K, committed 520192K, used 6741K [0x0000000604c00000, 0x0000000800000000)
  region size 4096K, 1 young (4096K), 1 survivors (4096K)
 Metaspace       used 11376K, committed 11712K, reserved 1114112K
  class space    used 1535K, committed 1664K, reserved 1048576K
}
Event: 19.396 GC heap before
{Heap before GC invocations=2 (full 0):
 garbage-first heap   total reserved 8310784K, committed 520192K, used 51797K [0x0000000604c00000, 0x0000000800000000)
  region size 4096K, 13 young (53248K), 1 survivors (4096K)
 Metaspace       used 21103K, committed 21504K, reserved 1114112K
  class space    used 2983K, committed 3200K, reserved 1048576K
}
Event: 19.402 GC heap after
{Heap after GC invocations=3 (full 0):
 garbage-first heap   total reserved 8310784K, committed 520192K, used 11646K [0x0000000604c00000, 0x0000000800000000)
  region size 4096K, 2 young (8192K), 2 survivors (8192K)
 Metaspace       used 21103K, committed 21504K, reserved 1114112K
  class space    used 2983K, committed 3200K, reserved 1048576K
}

Dll operation events (20 events):
Event: 0.419 Loaded shared library C:\Users\admin\.openjfx\cache\17.0.6\api-ms-win-crt-locale-l1-1-0.dll
Event: 0.422 Loaded shared library C:\Users\admin\.openjfx\cache\17.0.6\api-ms-win-crt-math-l1-1-0.dll
Event: 0.425 Loaded shared library C:\Users\admin\.openjfx\cache\17.0.6\api-ms-win-crt-multibyte-l1-1-0.dll
Event: 0.428 Loaded shared library C:\Users\admin\.openjfx\cache\17.0.6\api-ms-win-crt-private-l1-1-0.dll
Event: 0.431 Loaded shared library C:\Users\admin\.openjfx\cache\17.0.6\api-ms-win-crt-process-l1-1-0.dll
Event: 0.434 Loaded shared library C:\Users\admin\.openjfx\cache\17.0.6\api-ms-win-crt-runtime-l1-1-0.dll
Event: 0.439 Loaded shared library C:\Users\admin\.openjfx\cache\17.0.6\api-ms-win-crt-stdio-l1-1-0.dll
Event: 0.443 Loaded shared library C:\Users\admin\.openjfx\cache\17.0.6\api-ms-win-crt-string-l1-1-0.dll
Event: 0.447 Loaded shared library C:\Users\admin\.openjfx\cache\17.0.6\api-ms-win-crt-time-l1-1-0.dll
Event: 0.451 Loaded shared library C:\Users\admin\.openjfx\cache\17.0.6\api-ms-win-crt-utility-l1-1-0.dll
Event: 0.467 Loaded shared library C:\Users\admin\.openjfx\cache\17.0.6\ucrtbase.dll
Event: 0.471 Loaded shared library C:\Users\admin\.openjfx\cache\17.0.6\vcruntime140.dll
Event: 0.475 Loaded shared library C:\Users\admin\.openjfx\cache\17.0.6\vcruntime140_1.dll
Event: 0.485 Loaded shared library C:\Users\admin\.openjfx\cache\17.0.6\msvcp140.dll
Event: 0.489 Loaded shared library C:\Users\admin\.openjfx\cache\17.0.6\msvcp140_1.dll
Event: 0.495 Loaded shared library C:\Users\admin\.openjfx\cache\17.0.6\msvcp140_2.dll
Event: 0.542 Loaded shared library C:\Users\admin\.openjfx\cache\17.0.6\prism_d3d.dll
Event: 0.582 Loaded shared library C:\Users\admin\.openjfx\cache\17.0.6\glass.dll
Event: 0.748 Loaded shared library C:\Program Files\Java\jdk-23\bin\jimage.dll
Event: 0.985 Loaded shared library C:\Users\admin\.openjfx\cache\17.0.6\javafx_font.dll

Deoptimization events (20 events):
Event: 20.310 Thread 0x000001f76c7fdf40 Uncommon trap: trap_request=0xffffffd6 fr.pc=0x000001f711f8e190 relative=0x0000000000000830
Event: 20.310 Thread 0x000001f76c7fdf40 Uncommon trap: reason=array_check action=maybe_recompile pc=0x000001f711f8e190 method=com.sun.javafx.event.EventDispatchChainImpl.insertFirst(Ljavafx/event/EventDispatcher;)V @ 9 c2
Event: 20.310 Thread 0x000001f76c7fdf40 DEOPT PACKING pc=0x000001f711f8e190 sp=0x000000834a9fd380
Event: 20.310 Thread 0x000001f76c7fdf40 DEOPT UNPACKING pc=0x000001f711904402 sp=0x000000834a9fd2d8 mode 2
Event: 20.310 Thread 0x000001f76c7fdf40 Uncommon trap: trap_request=0xffffffd6 fr.pc=0x000001f711f8e0fc relative=0x000000000000079c
Event: 20.310 Thread 0x000001f76c7fdf40 Uncommon trap: reason=array_check action=maybe_recompile pc=0x000001f711f8e0fc method=com.sun.javafx.event.EventDispatchChainImpl.prepend(Ljavafx/event/EventDispatcher;)Ljavafx/event/EventDispatchChain; @ 33 c2
Event: 20.310 Thread 0x000001f76c7fdf40 DEOPT PACKING pc=0x000001f711f8e0fc sp=0x000000834a9fd380
Event: 20.310 Thread 0x000001f76c7fdf40 DEOPT UNPACKING pc=0x000001f711904402 sp=0x000000834a9fd340 mode 2
Event: 20.370 Thread 0x000001f76c8028a0 DEOPT PACKING pc=0x000001f70a7cb6c2 sp=0x000000834a7fe4f0
Event: 20.370 Thread 0x000001f76c8028a0 DEOPT UNPACKING pc=0x000001f711904b22 sp=0x000000834a7fd928 mode 0
Event: 20.867 Thread 0x000001f76c8028a0 Uncommon trap: trap_request=0xffffff45 fr.pc=0x000001f711f9d474 relative=0x0000000000003314
Event: 20.867 Thread 0x000001f76c8028a0 Uncommon trap: reason=unstable_if action=reinterpret pc=0x000001f711f9d474 method=com.sun.marlin.Renderer._endRendering(IILcom/sun/marlin/MarlinAlphaConsumer;)V @ 207 c2
Event: 20.867 Thread 0x000001f76c8028a0 DEOPT PACKING pc=0x000001f711f9d474 sp=0x000000834a7fe520
Event: 20.868 Thread 0x000001f76c8028a0 DEOPT UNPACKING pc=0x000001f711904402 sp=0x000000834a7fe370 mode 2
Event: 20.868 Thread 0x000001f76c8028a0 Uncommon trap: trap_request=0xffffff45 fr.pc=0x000001f711f76574 relative=0x00000000000032f4
Event: 20.868 Thread 0x000001f76c8028a0 Uncommon trap: reason=unstable_if action=reinterpret pc=0x000001f711f76574 method=com.sun.marlin.Renderer._endRendering(IILcom/sun/marlin/MarlinAlphaConsumer;)V @ 2268 c2
Event: 20.868 Thread 0x000001f76c8028a0 DEOPT PACKING pc=0x000001f711f76574 sp=0x000000834a7fe470
Event: 20.868 Thread 0x000001f76c8028a0 DEOPT UNPACKING pc=0x000001f711904402 sp=0x000000834a7fe370 mode 2
Event: 25.983 Thread 0x000001f76c8028a0 DEOPT PACKING pc=0x000001f70a8eedaa sp=0x000000834a7fe3a0
Event: 25.983 Thread 0x000001f76c8028a0 DEOPT UNPACKING pc=0x000001f711904b22 sp=0x000000834a7fd7d8 mode 0

Classes loaded (20 events):
Event: 31.832 Loading class java/util/stream/IntPipeline done
Event: 31.832 Loading class java/util/stream/IntPipeline$Head done
Event: 31.832 Loading class java/util/stream/IntPipeline$1
Event: 31.832 Loading class java/util/stream/IntPipeline$1 done
Event: 31.832 Loading class java/util/stream/IntPipeline$1$1
Event: 31.832 Loading class java/util/stream/Sink$ChainedInt
Event: 31.832 Loading class java/util/stream/Sink$OfInt
Event: 31.833 Loading class java/util/stream/Sink$OfInt done
Event: 31.833 Loading class java/util/stream/Sink$ChainedInt done
Event: 31.833 Loading class java/util/stream/IntPipeline$1$1 done
Event: 31.838 Loading class java/lang/invoke/WrongMethodTypeException
Event: 31.839 Loading class java/lang/invoke/WrongMethodTypeException done
Event: 31.839 Loading class jdk/internal/reflect/AccessorUtils
Event: 31.839 Loading class jdk/internal/reflect/AccessorUtils done
Event: 31.840 Loading class java/lang/Throwable$WrappedPrintStream
Event: 31.840 Loading class java/lang/Throwable$PrintStreamOrWriter
Event: 31.840 Loading class java/lang/Throwable$PrintStreamOrWriter done
Event: 31.840 Loading class java/lang/Throwable$WrappedPrintStream done
Event: 99.570 Loading class jdk/internal/misc/Signal$1
Event: 99.570 Loading class jdk/internal/misc/Signal$1 done

Classes unloaded (0 events):
No events

Classes redefined (0 events):
No events

Internal exceptions (20 events):
Event: 2.313 Thread 0x000001f76c7fdf40 Exception <a 'sun/nio/fs/WindowsException'{0x0000000623b0a810}> (0x0000000623b0a810) 
thrown [s\open\src\hotspot\share\prims\jni.cpp, line 520]
Event: 2.314 Thread 0x000001f76c7fdf40 Exception <a 'sun/nio/fs/WindowsException'{0x0000000623b0c748}> (0x0000000623b0c748) 
thrown [s\open\src\hotspot\share\prims\jni.cpp, line 520]
Event: 2.322 Thread 0x000001f76c7fdf40 Exception <a 'sun/nio/fs/WindowsException'{0x0000000623b66a28}> (0x0000000623b66a28) 
thrown [s\open\src\hotspot\share\prims\jni.cpp, line 520]
Event: 2.322 Thread 0x000001f76c7fdf40 Exception <a 'sun/nio/fs/WindowsException'{0x0000000623b68aa8}> (0x0000000623b68aa8) 
thrown [s\open\src\hotspot\share\prims\jni.cpp, line 520]
Event: 2.325 Thread 0x000001f76c7fdf40 Exception <a 'java/lang/NoSuchMethodError'{0x0000000623b762a0}: 'java.lang.Object java.lang.invoke.DirectMethodHandle$Holder.invokeVirtual(java.lang.Object, java.lang.Object, java.lang.Object)'> (0x0000000623b762a0) 
thrown [s\open\src\hotspot\share\interpreter\linkResolver.cpp, line 796]
Event: 2.381 Thread 0x000001f76c7fdf40 Exception <a 'sun/nio/fs/WindowsException'{0x0000000623659ea0}> (0x0000000623659ea0) 
thrown [s\open\src\hotspot\share\prims\jni.cpp, line 520]
Event: 2.492 Thread 0x000001f76c7fdf40 Exception <a 'java/lang/NoSuchMethodError'{0x000000062331af40}: 'void java.lang.invoke.Invokers$Holder.invokeExact_MT(java.lang.Object, java.lang.Object, java.lang.Object, java.lang.Object)'> (0x000000062331af40) 
thrown [s\open\src\hotspot\share\interpreter\linkResolver.cpp, line 796]
Event: 2.515 Thread 0x000001f76c7fdf40 Exception <a 'java/io/FileNotFoundException'{0x0000000622c84bd0}> (0x0000000622c84bd0) 
thrown [s\open\src\hotspot\share\prims\jni.cpp, line 520]
Event: 2.550 Thread 0x000001f76c7fdf40 Exception <a 'java/lang/ClassNotFoundException'{0x0000000622e3ce90}: com/sun/javafx/scene/control/skin/resources/controls> (0x0000000622e3ce90) 
thrown [s\open\src\hotspot\share\prims\jni.cpp, line 539]
Event: 2.551 Thread 0x000001f76c7fdf40 Exception <a 'java/lang/ClassNotFoundException'{0x0000000622e4af00}: com/sun/javafx/scene/control/skin/resources/controls_vi> (0x0000000622e4af00) 
thrown [s\open\src\hotspot\share\prims\jni.cpp, line 539]
Event: 2.551 Thread 0x000001f76c7fdf40 Exception <a 'java/lang/ClassNotFoundException'{0x0000000622e4c1a8}: com/sun/javafx/scene/control/skin/resources/controls_vi_VN> (0x0000000622e4c1a8) 
thrown [s\open\src\hotspot\share\prims\jni.cpp, line 539]
Event: 2.577 Thread 0x000001f76c7fdf40 Exception <a 'java/lang/NoSuchMethodError'{0x0000000622fd82d8}: 'void java.lang.invoke.DirectMethodHandle$Holder.invokeSpecial(java.lang.Object, java.lang.Object, java.lang.Object, java.lang.Object, java.lang.Object, java.lang.Object)'> (0x0000000622fd82d8) 
thrown [s\open\src\hotspot\share\interpreter\linkResolver.cpp, line 796]
Event: 3.371 Thread 0x000001f76c7fdf40 Exception <a 'java/lang/NoSuchMethodError'{0x0000000621c4f508}: 'java.lang.Object java.lang.invoke.DirectMethodHandle$Holder.newInvokeSpecial(java.lang.Object, java.lang.Object, int, int, int, int, int, java.lang.Object)'> (0x0000000621c4f508) 
thrown [s\open\src\hotspot\share\interpreter\linkResolver.cpp, line 796]
Event: 3.374 Thread 0x000001f76c7fdf40 Exception <a 'java/lang/NoSuchMethodError'{0x0000000621c61818}: 'java.lang.Object java.lang.invoke.DirectMethodHandle$Holder.newInvokeSpecial(java.lang.Object, java.lang.Object, java.lang.Object, int, int, int, int, int)'> (0x0000000621c61818) 
thrown [s\open\src\hotspot\share\interpreter\linkResolver.cpp, line 796]
Event: 3.376 Thread 0x000001f76c7fdf40 Exception <a 'java/lang/NoSuchMethodError'{0x0000000621c69118}: 'java.lang.Object java.lang.invoke.Invokers$Holder.linkToTargetMethod(java.lang.Object, java.lang.Object, int, int, int, int, int, java.lang.Object)'> (0x0000000621c69118) 
thrown [s\open\src\hotspot\share\interpreter\linkResolver.cpp, line 796]
Event: 4.072 Thread 0x000001f76c7fdf40 Exception <a 'java/lang/NoSuchMethodError'{0x0000000621c8e0c8}: 'java.lang.Object java.lang.invoke.DirectMethodHandle$Holder.newInvokeSpecial(java.lang.Object, java.lang.Object, java.lang.Object, int, java.lang.Object, java.lang.Object, java.lang.Object, int)'> (0x0000000621c8e0c8) 
thrown [s\open\src\hotspot\share\interpreter\linkResolver.cpp, line 796]
Event: 9.900 Thread 0x000001f76c7fdf40 Exception <a 'java/io/FileNotFoundException'{0x0000000621bba248}> (0x0000000621bba248) 
thrown [s\open\src\hotspot\share\prims\jni.cpp, line 520]
Event: 20.333 Thread 0x000001f76c7fdf40 Exception <a 'java/io/FileNotFoundException'{0x00000006247769d8}> (0x00000006247769d8) 
thrown [s\open\src\hotspot\share\prims\jni.cpp, line 520]
Event: 29.972 Thread 0x000001f76c7fdf40 Exception <a 'java/io/FileNotFoundException'{0x00000006067f1020}> (0x00000006067f1020) 
thrown [s\open\src\hotspot\share\prims\jni.cpp, line 520]
Event: 31.838 Thread 0x000001f76c7fdf40 Exception <a 'java/lang/NullPointerException'{0x0000000606199778}> (0x0000000606199778) 
thrown [s\open\src\hotspot\share\interpreter\linkResolver.cpp, line 1389]

VM Operations (20 events):
Event: 2.312 Executing VM operation: HandshakeAllThreads (Deoptimize) done
Event: 2.323 Executing VM operation: HandshakeAllThreads (Deoptimize)
Event: 2.323 Executing VM operation: HandshakeAllThreads (Deoptimize) done
Event: 2.446 Executing VM operation: HandshakeAllThreads (Deoptimize)
Event: 2.446 Executing VM operation: HandshakeAllThreads (Deoptimize) done
Event: 8.138 Executing VM operation: HandshakeAllThreads (Deoptimize)
Event: 8.138 Executing VM operation: HandshakeAllThreads (Deoptimize) done
Event: 9.036 Executing VM operation: HandshakeAllThreads (Deoptimize)
Event: 9.036 Executing VM operation: HandshakeAllThreads (Deoptimize) done
Event: 19.396 Executing VM operation: CollectForMetadataAllocation (Metadata GC Threshold)
Event: 19.402 Executing VM operation: CollectForMetadataAllocation (Metadata GC Threshold) done
Event: 19.409 Executing VM operation: G1PauseRemark
Event: 19.411 Executing VM operation: G1PauseRemark done
Event: 19.413 Executing VM operation: G1PauseCleanup
Event: 19.413 Executing VM operation: G1PauseCleanup done
Event: 60.129 Executing VM operation: HandshakeAllThreads (HandshakeForDeflation)
Event: 60.129 Executing VM operation: HandshakeAllThreads (HandshakeForDeflation) done
Event: 60.129 Executing VM operation: RendezvousGCThreads
Event: 60.129 Executing VM operation: RendezvousGCThreads done
Event: 99.573 Executing VM operation: Exit

Memory protections (0 events):
No events

Nmethod flushes (0 events):
No events

Events (20 events):
Event: 2.290 Thread 0x000001f76c7fdf40 Thread added: 0x000001f76d691510
Event: 2.319 Thread 0x000001f7265c4040 Thread added: 0x000001f76cdf3c00
Event: 2.319 Thread 0x000001f7265c4040 Thread added: 0x000001f76cfbb3a0
Event: 2.657 Thread 0x000001f76c8028a0 Thread added: 0x000001f76d691ba0
Event: 2.964 Thread 0x000001f76cfbb3a0 Thread exited: 0x000001f76cfbb3a0
Event: 2.968 Thread 0x000001f76cdf3c00 Thread exited: 0x000001f76cdf3c00
Event: 9.104 Thread 0x000001f7265c4040 Thread added: 0x000001f7267a8dc0
Event: 9.252 Thread 0x000001f7267a8dc0 Thread exited: 0x000001f7267a8dc0
Event: 9.912 Thread 0x000001f7265c6f10 Thread added: 0x000001f76d14de50
Event: 10.240 Thread 0x000001f76d14de50 Thread exited: 0x000001f76d14de50
Event: 20.337 Thread 0x000001f7265c6f10 Thread added: 0x000001f7267a3a20
Event: 20.781 Thread 0x000001f7267a3a20 Thread exited: 0x000001f7267a3a20
Event: 29.987 Thread 0x000001f7265c6f10 Thread added: 0x000001f76cfe25d0
Event: 30.478 Thread 0x000001f76cfe25d0 Thread exited: 0x000001f76cfe25d0
Event: 99.570 Thread 0x000001f723afde90 Thread added: 0x000001f7735e01e0
Event: 99.571 Thread 0x000001f7735e01e0 Thread added: 0x000001f7735e0870
Event: 99.571 Thread 0x000001f7735e01e0 Thread added: 0x000001f7735e0f00
Event: 99.572 Thread 0x000001f7735e0f00 Thread exited: 0x000001f7735e0f00
Event: 99.572 Thread 0x000001f7735e0870 Thread exited: 0x000001f7735e0870
Event: 99.572 Thread 0x000001f7735e01e0 Before exit entered


Dynamic libraries:
0x00007ff637110000 - 0x00007ff637120000 	C:\Program Files\Java\jdk-23\bin\java.exe
0x00007ffde6c90000 - 0x00007ffde6ea7000 	C:\WINDOWS\SYSTEM32\ntdll.dll
0x00007ffde6030000 - 0x00007ffde60f4000 	C:\WINDOWS\System32\KERNEL32.DLL
0x00007ffde4600000 - 0x00007ffde49b7000 	C:\WINDOWS\System32\KERNELBASE.dll
0x00007ffde4200000 - 0x00007ffde4311000 	C:\WINDOWS\System32\ucrtbase.dll
0x00007ffdd3d70000 - 0x00007ffdd3d8b000 	C:\Program Files\Java\jdk-23\bin\VCRUNTIME140.dll
0x00007ffdd30f0000 - 0x00007ffdd3107000 	C:\Program Files\Java\jdk-23\bin\jli.dll
0x00007ffde5d60000 - 0x00007ffde5f0f000 	C:\WINDOWS\System32\USER32.dll
0x00007ffdc8560000 - 0x00007ffdc87f3000 	C:\WINDOWS\WinSxS\amd64_microsoft.windows.common-controls_6595b64144ccf1df_6.0.22621.3672_none_2713b9d173822955\COMCTL32.dll
0x00007ffde3fa0000 - 0x00007ffde3fc6000 	C:\WINDOWS\System32\win32u.dll
0x00007ffde5f80000 - 0x00007ffde6027000 	C:\WINDOWS\System32\msvcrt.dll
0x00007ffde6ba0000 - 0x00007ffde6bc9000 	C:\WINDOWS\System32\GDI32.dll
0x00007ffde44e0000 - 0x00007ffde45f8000 	C:\WINDOWS\System32\gdi32full.dll
0x00007ffde4440000 - 0x00007ffde44da000 	C:\WINDOWS\System32\msvcp_win.dll
0x00007ffde6100000 - 0x00007ffde6131000 	C:\WINDOWS\System32\IMM32.DLL
0x00007ffddfc90000 - 0x00007ffddfc9c000 	C:\Program Files\Java\jdk-23\bin\vcruntime140_1.dll
0x00007ffdbbc20000 - 0x00007ffdbbcae000 	C:\Program Files\Java\jdk-23\bin\msvcp140.dll
0x00007ffdad330000 - 0x00007ffdae07f000 	C:\Program Files\Java\jdk-23\bin\server\jvm.dll
0x00007ffde4fe0000 - 0x00007ffde5092000 	C:\WINDOWS\System32\ADVAPI32.dll
0x00007ffde59a0000 - 0x00007ffde5a48000 	C:\WINDOWS\System32\sechost.dll
0x00007ffde4410000 - 0x00007ffde4438000 	C:\WINDOWS\System32\bcrypt.dll
0x00007ffde6420000 - 0x00007ffde6534000 	C:\WINDOWS\System32\RPCRT4.dll
0x00007ffde6bd0000 - 0x00007ffde6c41000 	C:\WINDOWS\System32\WS2_32.dll
0x00007ffde2e50000 - 0x00007ffde2e9d000 	C:\WINDOWS\SYSTEM32\POWRPROF.dll
0x00007ffddf7b0000 - 0x00007ffddf7e4000 	C:\WINDOWS\SYSTEM32\WINMM.dll
0x00007ffde01b0000 - 0x00007ffde01ba000 	C:\WINDOWS\SYSTEM32\VERSION.dll
0x00007ffde2e30000 - 0x00007ffde2e43000 	C:\WINDOWS\SYSTEM32\UMPDC.dll
0x00007ffde30e0000 - 0x00007ffde30f8000 	C:\WINDOWS\SYSTEM32\kernel.appcore.dll
0x00007ffddf8e0000 - 0x00007ffddf8ea000 	C:\Program Files\Java\jdk-23\bin\jimage.dll
0x00007ffddc240000 - 0x00007ffddc472000 	C:\WINDOWS\SYSTEM32\DBGHELP.DLL
0x00007ffde4a50000 - 0x00007ffde4dde000 	C:\WINDOWS\System32\combase.dll
0x00007ffde4de0000 - 0x00007ffde4eb7000 	C:\WINDOWS\System32\OLEAUT32.dll
0x00007ffdcda30000 - 0x00007ffdcda62000 	C:\WINDOWS\SYSTEM32\dbgcore.DLL
0x00007ffde4390000 - 0x00007ffde440b000 	C:\WINDOWS\System32\bcryptPrimitives.dll
0x00007ffdd2700000 - 0x00007ffdd270f000 	C:\Program Files\Java\jdk-23\bin\instrument.dll
0x00007ffdd2660000 - 0x00007ffdd267e000 	C:\Program Files\Java\jdk-23\bin\java.dll
0x00007ffde5a50000 - 0x00007ffde5bf5000 	C:\WINDOWS\System32\ole32.dll
0x00007ffde50b0000 - 0x00007ffde5919000 	C:\WINDOWS\System32\SHELL32.dll
0x00007ffde1f20000 - 0x00007ffde281f000 	C:\WINDOWS\SYSTEM32\windows.storage.dll
0x00007ffde1de0000 - 0x00007ffde1f1f000 	C:\WINDOWS\SYSTEM32\wintypes.dll
0x00007ffde6140000 - 0x00007ffde6239000 	C:\WINDOWS\System32\SHCORE.dll
0x00007ffde4ed0000 - 0x00007ffde4f2e000 	C:\WINDOWS\System32\shlwapi.dll
0x00007ffde3ed0000 - 0x00007ffde3ef7000 	C:\WINDOWS\SYSTEM32\profapi.dll
0x00007ffdb35a0000 - 0x00007ffdb3677000 	C:\Program Files\Java\jdk-23\bin\jsvml.dll
0x00007ffdd2650000 - 0x00007ffdd2660000 	C:\Program Files\Java\jdk-23\bin\net.dll
0x00007ffde3550000 - 0x00007ffde35b9000 	C:\WINDOWS\system32\mswsock.dll
0x00007ffdc6fb0000 - 0x00007ffdc6fc6000 	C:\Program Files\Java\jdk-23\bin\nio.dll
0x00007ffdc6000000 - 0x00007ffdc6017000 	C:\Program Files\Java\jdk-23\bin\zip.dll
0x00007ffdc5fe0000 - 0x00007ffdc5ffa000 	E:\IntelliJ IDEA 2024.2.3\bin\breakgen64.dll
0x000001f701bd0000 - 0x000001f701bd3000 	C:\Users\admin\.openjfx\cache\17.0.6\api-ms-win-core-console-l1-1-0.dll
0x000001f701be0000 - 0x000001f701be3000 	C:\Users\admin\.openjfx\cache\17.0.6\api-ms-win-core-console-l1-2-0.dll
0x000001f701bf0000 - 0x000001f701bf3000 	C:\Users\admin\.openjfx\cache\17.0.6\api-ms-win-core-datetime-l1-1-0.dll
0x000001f701c00000 - 0x000001f701c03000 	C:\Users\admin\.openjfx\cache\17.0.6\api-ms-win-core-debug-l1-1-0.dll
0x000001f7269b0000 - 0x000001f7269b3000 	C:\Users\admin\.openjfx\cache\17.0.6\api-ms-win-core-errorhandling-l1-1-0.dll
0x000001f7269c0000 - 0x000001f7269c4000 	C:\Users\admin\.openjfx\cache\17.0.6\api-ms-win-core-file-l1-1-0.dll
0x000001f7269d0000 - 0x000001f7269d3000 	C:\Users\admin\.openjfx\cache\17.0.6\api-ms-win-core-file-l1-2-0.dll
0x000001f7269e0000 - 0x000001f7269e3000 	C:\Users\admin\.openjfx\cache\17.0.6\api-ms-win-core-file-l2-1-0.dll
0x000001f7269f0000 - 0x000001f7269f3000 	C:\Users\admin\.openjfx\cache\17.0.6\api-ms-win-core-handle-l1-1-0.dll
0x000001f726a00000 - 0x000001f726a03000 	C:\Users\admin\.openjfx\cache\17.0.6\api-ms-win-core-heap-l1-1-0.dll
0x000001f726a10000 - 0x000001f726a13000 	C:\Users\admin\.openjfx\cache\17.0.6\api-ms-win-core-interlocked-l1-1-0.dll
0x000001f726a20000 - 0x000001f726a23000 	C:\Users\admin\.openjfx\cache\17.0.6\api-ms-win-core-libraryloader-l1-1-0.dll
0x000001f726a30000 - 0x000001f726a33000 	C:\Users\admin\.openjfx\cache\17.0.6\api-ms-win-core-localization-l1-2-0.dll
0x000001f726a40000 - 0x000001f726a43000 	C:\Users\admin\.openjfx\cache\17.0.6\api-ms-win-core-memory-l1-1-0.dll
0x000001f726a50000 - 0x000001f726a53000 	C:\Users\admin\.openjfx\cache\17.0.6\api-ms-win-core-namedpipe-l1-1-0.dll
0x000001f726a60000 - 0x000001f726a63000 	C:\Users\admin\.openjfx\cache\17.0.6\api-ms-win-core-processenvironment-l1-1-0.dll
0x000001f726a70000 - 0x000001f726a73000 	C:\Users\admin\.openjfx\cache\17.0.6\api-ms-win-core-processthreads-l1-1-0.dll
0x000001f726a80000 - 0x000001f726a83000 	C:\Users\admin\.openjfx\cache\17.0.6\api-ms-win-core-processthreads-l1-1-1.dll
0x000001f726a90000 - 0x000001f726a93000 	C:\Users\admin\.openjfx\cache\17.0.6\api-ms-win-core-profile-l1-1-0.dll
0x000001f726aa0000 - 0x000001f726aa3000 	C:\Users\admin\.openjfx\cache\17.0.6\api-ms-win-core-rtlsupport-l1-1-0.dll
0x000001f726ab0000 - 0x000001f726ab3000 	C:\Users\admin\.openjfx\cache\17.0.6\api-ms-win-core-string-l1-1-0.dll
0x000001f726ac0000 - 0x000001f726ac3000 	C:\Users\admin\.openjfx\cache\17.0.6\api-ms-win-core-synch-l1-1-0.dll
0x000001f726ad0000 - 0x000001f726ad3000 	C:\Users\admin\.openjfx\cache\17.0.6\api-ms-win-core-synch-l1-2-0.dll
0x000001f726ae0000 - 0x000001f726ae3000 	C:\Users\admin\.openjfx\cache\17.0.6\api-ms-win-core-sysinfo-l1-1-0.dll
0x000001f726af0000 - 0x000001f726af3000 	C:\Users\admin\.openjfx\cache\17.0.6\api-ms-win-core-timezone-l1-1-0.dll
0x000001f726b00000 - 0x000001f726b03000 	C:\Users\admin\.openjfx\cache\17.0.6\api-ms-win-core-util-l1-1-0.dll
0x000001f726b10000 - 0x000001f726b13000 	C:\Users\admin\.openjfx\cache\17.0.6\api-ms-win-crt-conio-l1-1-0.dll
0x000001f726b20000 - 0x000001f726b24000 	C:\Users\admin\.openjfx\cache\17.0.6\api-ms-win-crt-convert-l1-1-0.dll
0x000001f726b30000 - 0x000001f726b33000 	C:\Users\admin\.openjfx\cache\17.0.6\api-ms-win-crt-environment-l1-1-0.dll
0x000001f726b40000 - 0x000001f726b43000 	C:\Users\admin\.openjfx\cache\17.0.6\api-ms-win-crt-filesystem-l1-1-0.dll
0x000001f726b50000 - 0x000001f726b53000 	C:\Users\admin\.openjfx\cache\17.0.6\api-ms-win-crt-heap-l1-1-0.dll
0x000001f726b60000 - 0x000001f726b63000 	C:\Users\admin\.openjfx\cache\17.0.6\api-ms-win-crt-locale-l1-1-0.dll
0x000001f726b70000 - 0x000001f726b75000 	C:\Users\admin\.openjfx\cache\17.0.6\api-ms-win-crt-math-l1-1-0.dll
0x000001f726b80000 - 0x000001f726b85000 	C:\Users\admin\.openjfx\cache\17.0.6\api-ms-win-crt-multibyte-l1-1-0.dll
0x000001f726b90000 - 0x000001f726ba0000 	C:\Users\admin\.openjfx\cache\17.0.6\api-ms-win-crt-private-l1-1-0.dll
0x000001f726ba0000 - 0x000001f726ba3000 	C:\Users\admin\.openjfx\cache\17.0.6\api-ms-win-crt-process-l1-1-0.dll
0x000001f726bb0000 - 0x000001f726bb4000 	C:\Users\admin\.openjfx\cache\17.0.6\api-ms-win-crt-runtime-l1-1-0.dll
0x000001f726bc0000 - 0x000001f726bc4000 	C:\Users\admin\.openjfx\cache\17.0.6\api-ms-win-crt-stdio-l1-1-0.dll
0x000001f726bd0000 - 0x000001f726bd4000 	C:\Users\admin\.openjfx\cache\17.0.6\api-ms-win-crt-string-l1-1-0.dll
0x000001f726be0000 - 0x000001f726be3000 	C:\Users\admin\.openjfx\cache\17.0.6\api-ms-win-crt-time-l1-1-0.dll
0x000001f726bf0000 - 0x000001f726bf3000 	C:\Users\admin\.openjfx\cache\17.0.6\api-ms-win-crt-utility-l1-1-0.dll
0x00007ffdad230000 - 0x00007ffdad32c000 	C:\Users\admin\.openjfx\cache\17.0.6\ucrtbase.dll
0x00007ffdc0ea0000 - 0x00007ffdc0eba000 	C:\Users\admin\.openjfx\cache\17.0.6\vcruntime140.dll
0x00007ffdc0e90000 - 0x00007ffdc0e9c000 	C:\Users\admin\.openjfx\cache\17.0.6\vcruntime140_1.dll
0x00007ffdad1a0000 - 0x00007ffdad22d000 	C:\Users\admin\.openjfx\cache\17.0.6\msvcp140.dll
0x00007ffdc0e80000 - 0x00007ffdc0e89000 	C:\Users\admin\.openjfx\cache\17.0.6\msvcp140_1.dll
0x00007ffdbbbf0000 - 0x00007ffdbbc1f000 	C:\Users\admin\.openjfx\cache\17.0.6\msvcp140_2.dll
0x00007ffdbba70000 - 0x00007ffdbba9a000 	C:\Users\admin\.openjfx\cache\17.0.6\prism_d3d.dll
0x00007ffda5b10000 - 0x00007ffda5cb8000 	C:\WINDOWS\system32\d3d9.dll
0x00007ffde16b0000 - 0x00007ffde16db000 	C:\WINDOWS\SYSTEM32\dwmapi.dll
0x00007ffde1720000 - 0x00007ffde1757000 	C:\WINDOWS\SYSTEM32\dxcore.dll
0x00007ffde1420000 - 0x00007ffde14d1000 	C:\WINDOWS\system32\uxtheme.dll
0x00007ffd93530000 - 0x00007ffd936df000 	C:\WINDOWS\System32\DriverStore\FileRepository\iigd_dch.inf_amd64_51f685305808e3a5\igdumdim64.dll
0x00007ffd75900000 - 0x00007ffd789a3000 	C:\WINDOWS\System32\DriverStore\FileRepository\iigd_dch.inf_amd64_51f685305808e3a5\igd9dxva64.dll
0x00007ffde6560000 - 0x00007ffde69d4000 	C:\WINDOWS\System32\SETUPAPI.dll
0x00007ffde3cb0000 - 0x00007ffde3cfe000 	C:\WINDOWS\SYSTEM32\cfgmgr32.dll
0x00007ffdd8370000 - 0x00007ffdd8779000 	C:\WINDOWS\System32\DriverStore\FileRepository\iigd_dch.inf_amd64_51f685305808e3a5\igdgmm64.dll
0x00007ffddbc10000 - 0x00007ffddbc59000 	C:\WINDOWS\SYSTEM32\directxdatabasehelper.dll
0x00007ffdb17e0000 - 0x00007ffdb1822000 	C:\Users\admin\.openjfx\cache\17.0.6\glass.dll
0x00007ffde6aa0000 - 0x00007ffde6b9f000 	C:\WINDOWS\System32\COMDLG32.dll
0x00007ffde5c00000 - 0x00007ffde5d60000 	C:\WINDOWS\System32\MSCTF.dll
0x00007ffdb33e0000 - 0x00007ffdb3407000 	C:\WINDOWS\System32\DriverStore\FileRepository\iigd_dch.inf_amd64_51f685305808e3a5\igdinfo64.dll
0x00007ffdd4b70000 - 0x00007ffdd8304000 	C:\WINDOWS\System32\DriverStore\FileRepository\iigd_dch.inf_amd64_51f685305808e3a5\igc64.dll
0x00007ffdc0e60000 - 0x00007ffdc0e74000 	C:\Users\admin\.openjfx\cache\17.0.6\javafx_font.dll
0x00007ffdde1e0000 - 0x00007ffdde453000 	C:\WINDOWS\SYSTEM32\dwrite.dll
0x00007ffde4f30000 - 0x00007ffde4fe0000 	C:\WINDOWS\System32\clbcatq.dll
0x00007ffde1220000 - 0x00007ffde13d1000 	C:\WINDOWS\SYSTEM32\WindowsCodecs.dll
0x00007ffdb6880000 - 0x00007ffdb68de000 	C:\WINDOWS\system32\dataexchange.dll
0x00007ffdd9df0000 - 0x00007ffdda092000 	C:\WINDOWS\system32\twinapi.appcore.dll
0x00007ffdb4e90000 - 0x00007ffdb4ec2000 	C:\Program Files\Common Files\Microsoft Shared\Ink\rtscom.dll
0x00007ffddb7d0000 - 0x00007ffddb913000 	C:\WINDOWS\SYSTEM32\textinputframework.dll
0x00007ffddf4c0000 - 0x00007ffddf5f3000 	C:\WINDOWS\SYSTEM32\CoreMessaging.dll
0x00007ffddd010000 - 0x00007ffddd37d000 	C:\WINDOWS\SYSTEM32\CoreUIComponents.dll
0x00007ffde37a0000 - 0x00007ffde37ac000 	C:\WINDOWS\SYSTEM32\CRYPTBASE.DLL
0x00007ffdb7f30000 - 0x00007ffdb7f99000 	C:\WINDOWS\system32\Oleacc.dll
0x00007ffde2b60000 - 0x00007ffde2c62000 	C:\WINDOWS\SYSTEM32\DNSAPI.dll
0x00007ffde2af0000 - 0x00007ffde2b1d000 	C:\WINDOWS\SYSTEM32\IPHLPAPI.DLL
0x00007ffde5f10000 - 0x00007ffde5f19000 	C:\WINDOWS\System32\NSI.dll
0x00007ffdd31d0000 - 0x00007ffdd31da000 	C:\Windows\System32\rasadhlp.dll

dbghelp: loaded successfully - version: 4.0.5 - missing functions: none
symbol engine: initialized successfully - sym options: 0x614 - pdb path: .;C:\Program Files\Java\jdk-23\bin;C:\WINDOWS\SYSTEM32;C:\WINDOWS\WinSxS\amd64_microsoft.windows.common-controls_6595b64144ccf1df_6.0.22621.3672_none_2713b9d173822955;C:\Program Files\Java\jdk-23\bin\server;E:\IntelliJ IDEA 2024.2.3\bin;C:\Users\admin\.openjfx\cache\17.0.6;C:\WINDOWS\System32\DriverStore\FileRepository\iigd_dch.inf_amd64_51f685305808e3a5;C:\Program Files\Common Files\Microsoft Shared\Ink

VM Arguments:
jvm_args: -javaagent:E:\IntelliJ IDEA 2024.2.3\lib\idea_rt.jar=59776:E:\IntelliJ IDEA 2024.2.3\bin -Dfile.encoding=UTF-8 -Dsun.stdout.encoding=UTF-8 -Dsun.stderr.encoding=UTF-8 --module-path=C:\Users\admin\.m2\repository\org\openjfx\javafx-graphics\17.0.6\javafx-graphics-17.0.6-win.jar;C:\Users\admin\.m2\repository\org\openjfx\javafx-fxml\17.0.6\javafx-fxml-17.0.6-win.jar;C:\Users\admin\.m2\repository\org\openjfx\javafx-base\17.0.6\javafx-base-17.0.6-win.jar;E:\CinemaManagement\target\classes;C:\Users\admin\.m2\repository\org\openjfx\javafx-controls\17.0.6\javafx-controls-17.0.6-win.jar -Djdk.module.main=org.example.cinemamanagement 
java_command: org.example.cinemamanagement/app.MainApp
java_class_path (initial): C:\Users\admin\.m2\repository\com\mysql\mysql-connector-j\8.0.32\mysql-connector-j-8.0.32.jar;C:\Users\admin\.m2\repository\com\google\protobuf\protobuf-java\3.21.9\protobuf-java-3.21.9.jar;C:\Users\admin\.m2\repository\org\openjfx\javafx-controls\17.0.6\javafx-controls-17.0.6.jar;C:\Users\admin\.m2\repository\org\openjfx\javafx-fxml\17.0.6\javafx-fxml-17.0.6.jar;C:\Users\admin\.m2\repository\org\openjfx\javafx-graphics\17.0.6\javafx-graphics-17.0.6.jar;C:\Users\admin\.m2\repository\org\openjfx\javafx-base\17.0.6\javafx-base-17.0.6.jar
Launcher Type: SUN_STANDARD

[Global flags]
     intx CICompilerCount                          = 4                                         {product} {ergonomic}
     uint ConcGCThreads                            = 3                                         {product} {ergonomic}
     uint G1ConcRefinementThreads                  = 10                                        {product} {ergonomic}
   size_t G1HeapRegionSize                         = 4194304                                   {product} {ergonomic}
   size_t InitialHeapSize                          = 532676608                                 {product} {ergonomic}
   size_t MarkStackSize                            = 4194304                                   {product} {ergonomic}
   size_t MarkStackSizeMax                         = 536870912                                 {product} {ergonomic}
   size_t MaxHeapSize                              = 8510242816                                {product} {ergonomic}
   size_t MaxNewSize                               = 5104467968                                {product} {ergonomic}
   size_t MinHeapDeltaBytes                        = 4194304                                   {product} {ergonomic}
   size_t MinHeapSize                              = 8388608                                   {product} {ergonomic}
    uintx NonNMethodCodeHeapSize                   = 5832704                                {pd product} {ergonomic}
    uintx NonProfiledCodeHeapSize                  = 122945536                              {pd product} {ergonomic}
    uintx ProfiledCodeHeapSize                     = 122880000                              {pd product} {ergonomic}
    uintx ReservedCodeCacheSize                    = 251658240                              {pd product} {ergonomic}
     bool SegmentedCodeCache                       = true                                      {product} {ergonomic}
   size_t SoftMaxHeapSize                          = 8510242816                             {manageable} {ergonomic}
     bool UseCompressedOops                        = true                           {product lp64_product} {ergonomic}
     bool UseG1GC                                  = true                                      {product} {ergonomic}
     bool UseLargePagesIndividualAllocation        = false                                  {pd product} {ergonomic}

Logging:
Log output configuration:
 #0: stdout all=off uptime,level,tags foldmultilines=false
 #1: stderr all=off uptime,level,tags foldmultilines=false

Environment Variables:
JAVA_HOME=C:\Program Files\Java\jdk-23
PATH="C:\Program Files\Java\jdk-23\bin;";C:\Program Files\Common Files\Oracle\Java\javapath;C:\Program Files (x86)\Common Files\Oracle\Java\java8path;C:\Program Files (x86)\Common Files\Oracle\Java\javapath;C:\WINDOWS\system32;C:\WINDOWS;C:\WINDOWS\System32\Wbem;C:\WINDOWS\System32\WindowsPowerShell\v1.0\;C:\WINDOWS\System32\OpenSSH\;C:\mingw32\bin;C:\Program Files\Git\cmd;C:\Program Files\Cloudflare\Cloudflare WARP\;C:\Program Files\nodejs\;C:\apache-maven-3.9.9\bin;"C:\apache-maven-3.9.9\bin";C:\Program Files\MySQL\MySQL Server 8.0\bin;C:\Program Files (x86)\Microsoft SQL Server\160\DTS\Binn\;C:\Program Files\MySQL\MySQL Shell 8.0\bin\;C:\Program Files\Java\jdk1.8.0_131\bin\javac A.java;C:\Users\admin\AppData\Roaming\npm
USERNAME=admin
OS=Windows_NT
PROCESSOR_IDENTIFIER=Intel64 Family 6 Model 165 Stepping 2, GenuineIntel
TMP=C:\Users\admin\AppData\Local\Temp
TEMP=C:\Users\admin\AppData\Local\Temp




Periodic native trim disabled

---------------  S Y S T E M  ---------------

OS:
 Windows 11 , 64 bit Build 22621 (10.0.22621.3958)
OS uptime: 0 days 6:21 hours

CPU: total 12 (initial active 12) (6 cores per cpu, 2 threads per core) family 6 model 165 stepping 2 microcode 0xec, cx8, cmov, fxsr, ht, mmx, 3dnowpref, sse, sse2, sse3, ssse3, sse4.1, sse4.2, popcnt, lzcnt, tsc, tscinvbit, avx, avx2, aes, erms, clmul, bmi1, bmi2, adx, fma, vzeroupper, clflush, clflushopt, rdtscp, f16c, pku
Processor Information for processor 0
  Max Mhz: 2600, Current Mhz: 2600, Mhz Limit: 2600
Processor Information for processor 1
  Max Mhz: 2600, Current Mhz: 800, Mhz Limit: 2600
Processor Information for processor 2
  Max Mhz: 2600, Current Mhz: 800, Mhz Limit: 2600
Processor Information for processor 3
  Max Mhz: 2600, Current Mhz: 800, Mhz Limit: 2600
Processor Information for processor 4
  Max Mhz: 2600, Current Mhz: 800, Mhz Limit: 2600
Processor Information for processor 5
  Max Mhz: 2600, Current Mhz: 800, Mhz Limit: 2600
Processor Information for processor 6
  Max Mhz: 2600, Current Mhz: 800, Mhz Limit: 2600
Processor Information for processor 7
  Max Mhz: 2600, Current Mhz: 800, Mhz Limit: 2600
Processor Information for processor 8
  Max Mhz: 2600, Current Mhz: 800, Mhz Limit: 2600
Processor Information for processor 9
  Max Mhz: 2600, Current Mhz: 800, Mhz Limit: 2600
Processor Information for processor 10
  Max Mhz: 2600, Current Mhz: 800, Mhz Limit: 2600
Processor Information for processor 11
  Max Mhz: 2600, Current Mhz: 800, Mhz Limit: 2600

Memory: 4k page, system-wide physical 32457M (21319M free)
TotalPageFile size 37321M (AvailPageFile size 18478M)
current process WorkingSet (physical memory assigned to process): 155M, peak: 201M
current process commit charge ("private bytes"): 207M, peak: 710M

vm_info: Java HotSpot(TM) 64-Bit Server VM (23+37-2369) for windows-amd64 JRE (23+37-2369), built on 2024-08-20T16:01:23Z with MS VC++ 17.6 (VS2022)

END.
