#
# A fatal error has been detected by the Java Runtime Environment:
#
#  EXCEPTION_ACCESS_VIOLATION (0xc0000005) at pc=0x00007ffdb3116b07, pid=44648, tid=42960
#
# JRE version: Java(TM) SE Runtime Environment (23.0+37) (build 23+37-2369)
# Java VM: Java HotSpot(TM) 64-Bit Server VM (23+37-2369, mixed mode, sharing, tiered, compressed oops, compressed class ptrs, g1 gc, windows-amd64)
# Problematic frame:
# C  [glass.dll+0x26b07]
#
# No core dump will be written. Minidumps are not enabled by default on client versions of Windows
#
# If you would like to submit a bug report, please visit:
#   https://bugreport.java.com/bugreport/crash.jsp
#

---------------  S U M M A R Y ------------

Command Line: -javaagent:E:\IntelliJ IDEA 2024.2.3\lib\idea_rt.jar=61218:E:\IntelliJ IDEA 2024.2.3\bin -Dfile.encoding=UTF-8 -Dsun.stdout.encoding=UTF-8 -Dsun.stderr.encoding=UTF-8 --module-path=C:\Users\admin\.m2\repository\org\openjfx\javafx-base\17.0.6\javafx-base-17.0.6-win.jar;C:\Users\admin\.m2\repository\org\openjfx\javafx-controls\17.0.6\javafx-controls-17.0.6-win.jar;E:\CinemaManagement\target\classes;C:\Users\admin\.m2\repository\org\openjfx\javafx-graphics\17.0.6\javafx-graphics-17.0.6-win.jar;C:\Users\admin\.m2\repository\org\openjfx\javafx-fxml\17.0.6\javafx-fxml-17.0.6-win.jar -Djdk.module.main=org.example.cinemamanagement org.example.cinemamanagement/app.MainApp

Host: Intel(R) Core(TM) i7-10750H CPU @ 2.60GHz, 12 cores, 31G,  Windows 11 , 64 bit Build 22621 (10.0.22621.3958)
Time: Sun Oct 20 00:56:00 2024 SE Asia Standard Time elapsed time: 49.504597 seconds (0d 0h 0m 49s)

---------------  T H R E A D  ---------------

Current thread (0x000002115a230890):  VMThread "VM Thread"          [id=42960, stack(0x000000f318300000,0x000000f318400000) (1024K)]

Stack: [0x000000f318300000,0x000000f318400000],  sp=0x000000f3183ff060,  free space=1020k
Native frames: (J=compiled Java code, j=interpreted, Vv=VM code, C=native code)
C  [glass.dll+0x26b07]  (no source info available)
C  [ucrtbase.dll+0x53a93]  (no source info available)
C  [ucrtbase.dll+0x2042e]  (no source info available)
C  [ucrtbase.dll+0x1dddd]  (no source info available)
C  [glass.dll+0x24261]  (no source info available)
C  [glass.dll+0x24386]  (no source info available)
C  [ntdll.dll+0x28b5f]  (no source info available)
C  [ntdll.dll+0x51566]  (no source info available)
C  [ntdll.dll+0x5115d]  (no source info available)
C  [KERNEL32.DLL+0x17fab]  (no source info available)
C  [ucrtbase.dll+0x1bed8]  (no source info available)
C  [ucrtbase.dll+0x1c099]  (no source info available)
V  [jvm.dll+0x6d98fc]  (no source info available)
V  [jvm.dll+0x6d9430]  (no source info available)
V  [jvm.dll+0x3da534]  (no source info available)
V  [jvm.dll+0x886500]  (no source info available)
V  [jvm.dll+0x887827]  (no source info available)
V  [jvm.dll+0x887d58]  (no source info available)
V  [jvm.dll+0x887ff3]  (no source info available)
V  [jvm.dll+0x824f1b]  (no source info available)
V  [jvm.dll+0x6df055]  (no source info available)
C  [ucrtbase.dll+0x29333]  (no source info available)
C  [KERNEL32.DLL+0x1257d]  (no source info available)
C  [ntdll.dll+0x5af08]  (no source info available)


siginfo: EXCEPTION_ACCESS_VIOLATION (0xc0000005), reading address 0x0000000000000000


Registers:
RAX=0x0000000000000000, RBX=0x000002115a23a4aa, RCX=0x000002115a230890, RDX=0x000000f3183ff060
RSP=0x000000f3183ff060, RBP=0x00000211a0943668, RSI=0x000000f3183ff168, RDI=0x00000211a0943640
R8 =0x0000000000010002, R9 =0x00000211a0943640, R10=0x85f13e9656da4870, R11=0x000000f3183feff0
R12=0x00007ffdb31143d4, R13=0x00007ffd6ec4b760, R14=0x0000b2009bf61666, R15=0x00000211a0943640
RIP=0x00007ffdb3116b07, EFLAGS=0x0000000000010202


Register to memory mapping:

RAX=0x0 is null
RBX=0x000002115a23a4aa is a global jni handle
RCX=0x000002115a230890 points into unknown readable memory: 0x00007ffd6ea4f698 | 98 f6 a4 6e fd 7f 00 00
RDX=0x000000f3183ff060 points into unknown readable memory: 0x0000000000000000 | 00 00 00 00 00 00 00 00
RSP=0x000000f3183ff060 points into unknown readable memory: 0x0000000000000000 | 00 00 00 00 00 00 00 00
RBP=0x00000211a0943668 points into unknown readable memory: 0x0000b2009bf61666 | 66 16 f6 9b 00 b2 00 00
RSI=0x000000f3183ff168 points into unknown readable memory: 0x000000f3183ff150 | 50 f1 3f 18 f3 00 00 00
RDI=0x00000211a0943640 points into unknown readable memory: 0xc44f09009be9e90a | 0a e9 e9 9b 00 09 4f c4
R8 =0x0000000000010002 is an unknown value
R9 =0x00000211a0943640 points into unknown readable memory: 0xc44f09009be9e90a | 0a e9 e9 9b 00 09 4f c4
R10=0x85f13e9656da4870 is an unknown value
R11=0x000000f3183feff0 points into unknown readable memory: 0x00000211a0943640 | 40 36 94 a0 11 02 00 00
R12=0x00007ffdb31143d4 glass.dll
R13=0x00007ffd6ec4b760 jvm.dll
R14=0x0000b2009bf61666 is an unknown value
R15=0x00000211a0943640 points into unknown readable memory: 0xc44f09009be9e90a | 0a e9 e9 9b 00 09 4f c4

Top of Stack: (sp=0x000000f3183ff060)
0x000000f3183ff060:   0000000000000000 000000f3183ff168
0x000000f3183ff070:   00007ffd6ec4b760 00007ffdb31143d4
0x000000f3183ff080:   00000211a0943648 00007ffde4253a93
0x000000f3183ff090:   00000211a0943640 0000021100000000
0x000000f3183ff0a0:   00000211a0943668 000000f3183ff168
0x000000f3183ff0b0:   fffffffffffffffe 0000000000000000
0x000000f3183ff0c0:   0000000000000001 00007ffdb30f0000
0x000000f3183ff0d0:   000000f3183ff158 00007ffde422042e
0x000000f3183ff0e0:   0000000000000000 000000f3183ff168
0x000000f3183ff0f0:   000000f3183ff450 0000000000000001
0x000000f3183ff100:   0000000000000001 00007ffde421dddd
0x000000f3183ff110:   0000000000000000 00007ffdb3113bcd
0x000000f3183ff120:   0000000000000000 000000f3183ff158
0x000000f3183ff130:   fffffffffffffffe 000000f3183ff400
0x000000f3183ff140:   0000000000000000 00007ffdb3114261
0x000000f3183ff150:   00007ffdb312a138 00007ffd00000002
0x000000f3183ff160:   0000000000000002 000000f3183ff150
0x000000f3183ff170:   0000000000000000 00007ffde6cb8ac3
0x000000f3183ff180:   0000000000000000 00007ffdb3114386
0x000000f3183ff190:   0000000000000001 0000000000000001
0x000000f3183ff1a0:   0000000000000001 0000000000000000
0x000000f3183ff1b0:   0000000000000001 00007ffde37a2223
0x000000f3183ff1c0:   00007ffd00000001 0000000000000000
0x000000f3183ff1d0:   00007ffdb30f0000 000000007ffe0384
0x000000f3183ff1e0:   0000000000000000 00007ffde6cb8b5f
0x000000f3183ff1f0:   00007ffdb30f0000 0000000000000000
0x000000f3183ff200:   0000000000000001 000000007ffe0385
0x000000f3183ff210:   00007ffde6dc7940 00007ffdd5e5b810
0x000000f3183ff220:   0000d09b3a17e400 00007ffdd4b70000
0x000000f3183ff230:   00007ffdb31143d4 0000000000000000
0x000000f3183ff240:   0000000000000000 000000f317612000
0x000000f3183ff250:   00000211a05ad900 00007ffde6ce1566 

Instructions: (pc=0x00007ffdb3116b07)
0x00007ffdb3116a07:   8b 4d 58 e8 01 cf ff ff 48 8b 4d 60 e8 f8 ce ff
0x00007ffdb3116a17:   ff 48 8b 95 80 00 00 00 48 8b 8d 18 01 00 00 e8
0x00007ffdb3116a27:   c6 c3 ff ff 33 d2 33 c9 e8 3c e1 ff ff 90 48 89
0x00007ffdb3116a37:   54 24 10 55 48 83 ec 20 48 8b ea 48 b8 00 00 00
0x00007ffdb3116a47:   00 00 00 00 00 48 83 c4 20 5d c3 cc 40 55 48 8b
0x00007ffdb3116a57:   ea 48 8b 01 33 c9 81 38 05 00 00 c0 0f 94 c1 8b
0x00007ffdb3116a67:   c1 5d c3 cc 40 55 48 83 ec 20 48 8b ea 8a 4d 40
0x00007ffdb3116a77:   48 83 c4 20 5d e9 f7 d2 ff ff cc 40 55 48 83 ec
0x00007ffdb3116a87:   20 48 8b ea 8a 4d 20 e8 e5 d2 ff ff 90 48 83 c4
0x00007ffdb3116a97:   20 5d c3 cc 40 55 48 83 ec 20 48 8b ea 48 83 c4
0x00007ffdb3116aa7:   20 5d e9 46 d1 ff ff cc 40 55 48 83 ec 30 48 8b
0x00007ffdb3116ab7:   ea 48 8b 01 8b 10 48 89 4c 24 28 89 54 24 20 4c
0x00007ffdb3116ac7:   8d 0d e7 d5 ff ff 4c 8b 45 70 8b 55 68 48 8b 4d
0x00007ffdb3116ad7:   60 e8 87 d0 ff ff 90 48 83 c4 30 5d c3 cc cc cc
0x00007ffdb3116ae7:   cc cc cc cc cc cc cc cc cc 40 53 48 83 ec 20 48
0x00007ffdb3116af7:   8b 1d 33 30 01 00 48 85 db 74 16 e8 09 8b ff ff
0x00007ffdb3116b07:   4c 8b 00 48 8b d3 48 8b c8 41 ff 90 b0 00 00 00
0x00007ffdb3116b17:   90 48 83 c4 20 5b c3 cc cc 40 53 48 83 ec 20 48
0x00007ffdb3116b27:   8b 1d ab 31 01 00 48 85 db 74 57 b8 ff ff ff ff
0x00007ffdb3116b37:   f0 0f c1 43 10 83 f8 01 75 3d 48 85 db 74 38 48
0x00007ffdb3116b47:   8b 0b 48 85 c9 74 0d ff 15 54 07 00 00 48 c7 03
0x00007ffdb3116b57:   00 00 00 00 48 8b 4b 08 48 85 c9 74 0d e8 a7 cd
0x00007ffdb3116b67:   ff ff 48 c7 43 08 00 00 00 00 ba 18 00 00 00 48
0x00007ffdb3116b77:   8b cb e8 92 cd ff ff 48 c7 05 4f 31 01 00 00 00
0x00007ffdb3116b87:   00 00 48 83 c4 20 5b c3 cc 40 53 48 83 ec 20 48
0x00007ffdb3116b97:   8b 1d 1b 31 01 00 48 85 db 74 57 b8 ff ff ff ff
0x00007ffdb3116ba7:   f0 0f c1 43 10 83 f8 01 75 3d 48 85 db 74 38 48
0x00007ffdb3116bb7:   8b 0b 48 85 c9 74 0d ff 15 e4 06 00 00 48 c7 03
0x00007ffdb3116bc7:   00 00 00 00 48 8b 4b 08 48 85 c9 74 0d e8 37 cd
0x00007ffdb3116bd7:   ff ff 48 c7 43 08 00 00 00 00 ba 18 00 00 00 48
0x00007ffdb3116be7:   8b cb e8 22 cd ff ff 48 c7 05 bf 30 01 00 00 00
0x00007ffdb3116bf7:   00 00 48 83 c4 20 5b c3 cc 40 53 48 83 ec 20 48 


Stack slot to memory mapping:

stack at sp + 0 slots: 0x0 is null
stack at sp + 1 slots: 0x000000f3183ff168 points into unknown readable memory: 0x000000f3183ff150 | 50 f1 3f 18 f3 00 00 00
stack at sp + 2 slots: 0x00007ffd6ec4b760 jvm.dll
stack at sp + 3 slots: 0x00007ffdb31143d4 glass.dll
stack at sp + 4 slots: 0x00000211a0943648 points into unknown readable memory: 0x0000b2009bf61666 | 66 16 f6 9b 00 b2 00 00
stack at sp + 5 slots: 0x00007ffde4253a93 ucrtbase.dll
stack at sp + 6 slots: 0x00000211a0943640 points into unknown readable memory: 0xc44f09009be9e90a | 0a e9 e9 9b 00 09 4f c4
stack at sp + 7 slots: 0x0000021100000000 is an unknown value

VM_Operation (0x000000f31a6ff380): Exit, mode: safepoint, requested by thread 0x00000211a0b372f0


---------------  P R O C E S S  ---------------

Threads class SMR info:
_java_thread_list=0x000002115ada0710, length=20, elements={
0x0000021133d93680, 0x000002115a2483f0, 0x000002115a24a1c0, 0x000002115aad0080,
0x000002115aad1af0, 0x000002115aad2ea0, 0x000002115aae3920, 0x000002115aae63e0,
0x000002115aad2810, 0x000002115aad0740, 0x000002115aad0dd0, 0x000002115aad1460,
0x000002115aad3530, 0x000002115aad2180, 0x000002115aad3bc0, 0x00000211a0b32430,
0x00000211a0b32ac0, 0x00000211a0b38010, 0x00000211a0b31710, 0x00000211a0b372f0
}

Java Threads: ( => current thread )
  0x0000021133d93680 JavaThread "main"                              [_thread_blocked, id=44348, stack(0x000000f317c00000,0x000000f317d00000) (1024K)]
  0x000002115a2483f0 JavaThread "Reference Handler"          daemon [_thread_blocked, id=42896, stack(0x000000f318400000,0x000000f318500000) (1024K)]
  0x000002115a24a1c0 JavaThread "Finalizer"                  daemon [_thread_blocked, id=39100, stack(0x000000f318500000,0x000000f318600000) (1024K)]
  0x000002115aad0080 JavaThread "Attach Listener"            daemon [_thread_blocked, id=44752, stack(0x000000f318700000,0x000000f318800000) (1024K)]
  0x000002115aad1af0 JavaThread "Service Thread"             daemon [_thread_blocked, id=41528, stack(0x000000f318800000,0x000000f318900000) (1024K)]
  0x000002115aad2ea0 JavaThread "Monitor Deflation Thread"   daemon [_thread_blocked, id=43040, stack(0x000000f318900000,0x000000f318a00000) (1024K)]
  0x000002115aae3920 JavaThread "C2 CompilerThread0"         daemon [_thread_blocked, id=28112, stack(0x000000f318a00000,0x000000f318b00000) (1024K)]
  0x000002115aae63e0 JavaThread "C1 CompilerThread0"         daemon [_thread_blocked, id=41208, stack(0x000000f318b00000,0x000000f318c00000) (1024K)]
  0x000002115aad2810 JavaThread "Common-Cleaner"             daemon [_thread_blocked, id=40360, stack(0x000000f318c00000,0x000000f318d00000) (1024K)]
  0x000002115aad0740 JavaThread "Monitor Ctrl-Break"         daemon [_thread_in_native, id=41404, stack(0x000000f318f00000,0x000000f319000000) (1024K)]
  0x000002115aad0dd0 JavaThread "Notification Thread"        daemon [_thread_blocked, id=4340, stack(0x000000f319000000,0x000000f319100000) (1024K)]
  0x000002115aad1460 JavaThread "QuantumRenderer-0"          daemon [_thread_blocked, id=44292, stack(0x000000f319100000,0x000000f319200000) (1024K)]
  0x000002115aad3530 JavaThread "InvokeLaterDispatcher"      daemon [_thread_blocked, id=37108, stack(0x000000f319200000,0x000000f319300000) (1024K)]
  0x000002115aad2180 JavaThread "JavaFX Application Thread"         [_thread_in_native, id=38180, stack(0x000000f319300000,0x000000f319400000) (1024K)]
  0x000002115aad3bc0 JavaThread "Thread-1"                   daemon [_thread_in_native, id=42128, stack(0x000000f319700000,0x000000f319800000) (1024K)]
  0x00000211a0b32430 JavaThread "JavaFX-Launcher"                   [_thread_blocked, id=42020, stack(0x000000f319800000,0x000000f319900000) (1024K)]
  0x00000211a0b32ac0 JavaThread "Prism Font Disposer"        daemon [_thread_blocked, id=43996, stack(0x000000f31a500000,0x000000f31a600000) (1024K)]
  0x00000211a0b38010 JavaThread "Cleaner-0"                  daemon [_thread_blocked, id=42044, stack(0x000000f318e00000,0x000000f318f00000) (1024K)]
  0x00000211a0b31710 JavaThread "mysql-cj-abandoned-connection-cleanup" daemon [_thread_blocked, id=32724, stack(0x000000f318d00000,0x000000f318e00000) (1024K)]
  0x00000211a0b372f0 JavaThread "SIGINT handler"             daemon [_thread_blocked, id=16492, stack(0x000000f31a600000,0x000000f31a700000) (1024K)]
Total: 20

Other Threads:
=>0x000002115a230890 VMThread "VM Thread"                           [id=42960, stack(0x000000f318300000,0x000000f318400000) (1024K)]
  0x00000211362a24f0 WorkerThread "GC Thread#0"                     [id=14052, stack(0x000000f317d00000,0x000000f317e00000) (1024K)]
  0x00000211a0bf49f0 WorkerThread "GC Thread#1"                     [id=11980, stack(0x000000f319900000,0x000000f319a00000) (1024K)]
  0x00000211a0c7de70 WorkerThread "GC Thread#2"                     [id=33568, stack(0x000000f319a00000,0x000000f319b00000) (1024K)]
  0x00000211a0c7e220 WorkerThread "GC Thread#3"                     [id=42348, stack(0x000000f319b00000,0x000000f319c00000) (1024K)]
  0x00000211a0c7e9e0 WorkerThread "GC Thread#4"                     [id=4252, stack(0x000000f319c00000,0x000000f319d00000) (1024K)]
  0x00000211a0c7f5a0 WorkerThread "GC Thread#5"                     [id=1924, stack(0x000000f319d00000,0x000000f319e00000) (1024K)]
  0x00000211a0c845f0 WorkerThread "GC Thread#6"                     [id=29280, stack(0x000000f319e00000,0x000000f319f00000) (1024K)]
  0x00000211a0c861e0 WorkerThread "GC Thread#7"                     [id=38560, stack(0x000000f319f00000,0x000000f31a000000) (1024K)]
  0x00000211a0c87980 WorkerThread "GC Thread#8"                     [id=41452, stack(0x000000f31a000000,0x000000f31a100000) (1024K)]
  0x00000211a0c88490 WorkerThread "GC Thread#9"                     [id=44176, stack(0x000000f31a100000,0x000000f31a200000) (1024K)]
  0x00000211362b7460 ConcurrentGCThread "G1 Main Marker"            terminated
  0x00000211362b8710 WorkerThread "G1 Conc#0"                       [id=28512, stack(0x000000f317f00000,0x000000f318000000) (1024K)]
  0x00000211a12ff640 WorkerThread "G1 Conc#1"                       [id=41016, stack(0x000000f31a700000,0x000000f31a800000) (1024K)]
  0x00000211a1300150 WorkerThread "G1 Conc#2"                       [id=44196, stack(0x000000f31a800000,0x000000f31a900000) (1024K)]
  0x000002115a0ede80 ConcurrentGCThread "G1 Refine#0"               terminated
  0x000002115a0eea00 ConcurrentGCThread "G1 Service"                terminated
Total: 17

Threads with active compile tasks:
Total: 0

VM state: at safepoint (shutting down)

VM Mutex/Monitor currently owned by a thread:  ([mutex/lock_event])
[0x00007ffd6ec23910] Threads_lock - owner thread: 0x000002115a230890
[0x00007ffd6ec23a10] Heap_lock - owner thread: 0x00000211a0b372f0

Heap address: 0x0000000604c00000, size: 8116 MB, Compressed Oops mode: Zero based, Oop shift amount: 3

CDS archive(s) mapped at: [0x000002115b000000-0x000002115bd70000-0x000002115bd70000), size 14090240, SharedBaseAddress: 0x000002115b000000, ArchiveRelocationMode: 1.
Compressed class space mapped at: 0x000002115c000000-0x000002119c000000, reserved size: 1073741824
Narrow klass base: 0x000002115b000000, Narrow klass shift: 0, Narrow klass range: 0x41000000

GC Precious Log:
 CardTable entry size: 512
 Card Set container configuration: InlinePtr #cards 4 size 8 Array Of Cards #cards 32 size 80 Howl #buckets 8 coarsen threshold 7372 Howl Bitmap #cards 1024 size 144 coarsen threshold 921 Card regions per heap region 1 cards per card region 8192
 CPUs: 12 total, 12 available
 Memory: 32457M
 Large Page Support: Disabled
 NUMA Support: Disabled
 Compressed Oops: Enabled (Zero based)
 Heap Region Size: 4M
 Heap Min Capacity: 8M
 Heap Initial Capacity: 508M
 Heap Max Capacity: 8116M
 Pre-touch: Disabled
 Parallel Workers: 10
 Concurrent Workers: 3
 Concurrent Refinement Workers: 10
 Periodic GC: Disabled

Heap:
 garbage-first heap   total reserved 8310784K, committed 40960K, used 15507K [0x0000000604c00000, 0x0000000800000000)
  region size 4096K, 4 young (16384K), 2 survivors (8192K)
 Metaspace       used 21276K, committed 21696K, reserved 1114112K
  class space    used 2983K, committed 3200K, reserved 1048576K

Heap Regions: E=young(eden), S=young(survivor), O=old, HS=humongous(starts), HC=humongous(continues), CS=collection set, F=free, TAMS=top-at-mark-start, PB=parsable bottom
|   0|0x0000000604c00000, 0x0000000604f24fe8, 0x0000000605000000| 78%| O|  |TAMS 0x0000000604c00000| PB 0x0000000604c00000| Untracked |  0
|   1|0x0000000605000000, 0x0000000605000000, 0x0000000605400000|  0%| F|  |TAMS 0x0000000605000000| PB 0x0000000605000000| Untracked |  0
|   2|0x0000000605400000, 0x0000000605400000, 0x0000000605800000|  0%| F|  |TAMS 0x0000000605400000| PB 0x0000000605400000| Untracked |  0
|   3|0x0000000605800000, 0x0000000605800000, 0x0000000605c00000|  0%| F|  |TAMS 0x0000000605800000| PB 0x0000000605800000| Untracked |  0
|   4|0x0000000605c00000, 0x0000000605c00000, 0x0000000606000000|  0%| F|  |TAMS 0x0000000605c00000| PB 0x0000000605c00000| Untracked |  0
|   5|0x0000000606000000, 0x0000000606000000, 0x0000000606400000|  0%| F|  |TAMS 0x0000000606000000| PB 0x0000000606000000| Untracked |  0
|   6|0x0000000606400000, 0x0000000606668110, 0x0000000606800000| 60%| E|  |TAMS 0x0000000606400000| PB 0x0000000606400000| Complete |  0
| 111|0x0000000620800000, 0x0000000620c00000, 0x0000000620c00000|100%| S|CS|TAMS 0x0000000620800000| PB 0x0000000620800000| Complete |  0
| 112|0x0000000620c00000, 0x0000000621000000, 0x0000000621000000|100%| S|CS|TAMS 0x0000000620c00000| PB 0x0000000620c00000| Complete |  0
| 126|0x0000000624400000, 0x0000000624800000, 0x0000000624800000|100%| E|CS|TAMS 0x0000000624400000| PB 0x0000000624400000| Complete |  0

Card table byte_map: [0x000002114ef80000,0x000002114ff60000] _byte_map_base: 0x000002114bf5a000

Marking Bits: (CMBitMap*) 0x00000211362a2c00
 Bits: [0x000002114ff60000, 0x0000021157e30000)

Polling page: 0x0000021134030000

Metaspace:

Usage:
  Non-class:     17.87 MB used.
      Class:      2.91 MB used.
       Both:     20.78 MB used.

Virtual space:
  Non-class space:       64.00 MB reserved,      18.06 MB ( 28%) committed,  1 nodes.
      Class space:        1.00 GB reserved,       3.12 MB ( <1%) committed,  1 nodes.
             Both:        1.06 GB reserved,      21.19 MB (  2%) committed. 

Chunk freelists:
   Non-Class:  13.22 MB
       Class:  12.84 MB
        Both:  26.06 MB

MaxMetaspaceSize: unlimited
CompressedClassSpaceSize: 1.00 GB
Initial GC threshold: 21.00 MB
Current GC threshold: 35.12 MB
CDS: on
 - commit_granule_bytes: 65536.
 - commit_granule_words: 8192.
 - virtual_space_node_default_size: 8388608.
 - enlarge_chunks_in_place: 1.
 - use_allocation_guard: 0.


Internal statistics:

num_allocs_failed_limit: 3.
num_arena_births: 424.
num_arena_deaths: 0.
num_vsnodes_births: 2.
num_vsnodes_deaths: 0.
num_space_committed: 339.
num_space_uncommitted: 0.
num_chunks_returned_to_freelist: 3.
num_chunks_taken_from_freelist: 1123.
num_chunk_merges: 3.
num_chunk_splits: 761.
num_chunks_enlarged: 525.
num_inconsistent_stats: 0.

CodeHeap 'non-profiled nmethods': size=120064Kb used=1261Kb max_used=1261Kb free=118802Kb
 bounds [0x00000211463f0000, 0x0000021146660000, 0x000002114d930000]
CodeHeap 'profiled nmethods': size=120000Kb used=5760Kb max_used=5760Kb free=114240Kb
 bounds [0x000002113e930000, 0x000002113eed0000, 0x0000021145e60000]
CodeHeap 'non-nmethods': size=5696Kb used=1877Kb max_used=1927Kb free=3818Kb
 bounds [0x0000021145e60000, 0x00000211460d0000, 0x00000211463f0000]
CodeCache: size=245760Kb, used=8898Kb, max_used=8948Kb, free=236860Kb
 total_blobs=4834, nmethods=3930, adapters=808, full_count=0
Compilation: enabled, stopped_count=0, restarted_count=0

Compilation events (20 events):
Event: 22.677 Thread 0x000002115aae63e0 nmethod 3924 0x000002113eeceb88 code [0x000002113eecece0, 0x000002113eecf070]
Event: 22.677 Thread 0x000002115aae63e0 3925       3       java.lang.StackTraceElement$HashedModules::contains (13 bytes)
Event: 22.677 Thread 0x000002115aae63e0 nmethod 3925 0x000002113eecf108 code [0x000002113eecf240, 0x000002113eecf438]
Event: 22.677 Thread 0x000002115aae63e0 3926       3       java.io.OutputStream::flush (1 bytes)
Event: 22.677 Thread 0x000002115aae63e0 nmethod 3926 0x000002113eecf488 code [0x000002113eecf5a0, 0x000002113eecf6a8]
Event: 22.679 Thread 0x000002115aae3920 nmethod 3903 0x0000021146529688 code [0x0000021146529780, 0x0000021146529ab0]
Event: 22.679 Thread 0x000002115aae3920 3922       4       java.util.Objects::equals (23 bytes)
Event: 22.679 Thread 0x000002115aae3920 nmethod 3922 0x0000021146529b08 code [0x0000021146529c00, 0x0000021146529ca8]
Event: 23.514 Thread 0x000002115aae63e0 3927       1       com.sun.javafx.scene.control.behavior.BehaviorBase::getNode (5 bytes)
Event: 23.514 Thread 0x000002115aae63e0 nmethod 3927 0x0000021146529e08 code [0x0000021146529f20, 0x0000021146529ff0]
Event: 23.566 Thread 0x000002115aae3920 3928       4       java.lang.Integer::valueOf (32 bytes)
Event: 23.568 Thread 0x000002115aae3920 nmethod 3928 0x000002114652a108 code [0x000002114652a200, 0x000002114652a2f8]
Event: 23.578 Thread 0x000002115aae63e0 3929       3       com.sun.javafx.scene.KeyboardShortcutsHandler::dispatchBubblingEvent (60 bytes)
Event: 23.579 Thread 0x000002115aae63e0 nmethod 3929 0x000002113eecf788 code [0x000002113eecf900, 0x000002113eecff80]
Event: 23.590 Thread 0x000002115aae3920 3930   !   4       javafx.scene.Node::pickNode (130 bytes)
Event: 23.607 Thread 0x000002115aae3920 nmethod 3930 0x000002114652a408 code [0x000002114652a580, 0x000002114652ab68]
Event: 24.766 Thread 0x000002115aae3920 3931       4       com.sun.javafx.event.EventHandlerManager::dispatchBubblingEvent (41 bytes)
Event: 24.783 Thread 0x000002115aae3920 nmethod 3931 0x000002114652ac88 code [0x000002114652ae00, 0x000002114652b2a0]
Event: 49.171 Thread 0x000002115aae63e0 3932       1       java.util.logging.LogManager$LoggerContext::getOwner (5 bytes)
Event: 49.171 Thread 0x000002115aae63e0 nmethod 3932 0x000002114652b388 code [0x000002114652b4a0, 0x000002114652b570]

GC Heap History (6 events):
Event: 0.942 GC heap before
{Heap before GC invocations=0 (full 0):
 garbage-first heap   total reserved 8310784K, committed 520192K, used 20480K [0x0000000604c00000, 0x0000000800000000)
  region size 4096K, 6 young (24576K), 0 survivors (0K)
 Metaspace       used 5089K, committed 5312K, reserved 1114112K
  class space    used 619K, committed 704K, reserved 1048576K
}
Event: 0.945 GC heap after
{Heap after GC invocations=1 (full 0):
 garbage-first heap   total reserved 8310784K, committed 520192K, used 3033K [0x0000000604c00000, 0x0000000800000000)
  region size 4096K, 1 young (4096K), 1 survivors (4096K)
 Metaspace       used 5089K, committed 5312K, reserved 1114112K
  class space    used 619K, committed 704K, reserved 1048576K
}
Event: 1.405 GC heap before
{Heap before GC invocations=1 (full 0):
 garbage-first heap   total reserved 8310784K, committed 520192K, used 27609K [0x0000000604c00000, 0x0000000800000000)
  region size 4096K, 7 young (28672K), 1 survivors (4096K)
 Metaspace       used 11423K, committed 11776K, reserved 1114112K
  class space    used 1547K, committed 1664K, reserved 1048576K
}
Event: 1.410 GC heap after
{Heap after GC invocations=2 (full 0):
 garbage-first heap   total reserved 8310784K, committed 520192K, used 10748K [0x0000000604c00000, 0x0000000800000000)
  region size 4096K, 1 young (4096K), 1 survivors (4096K)
 Metaspace       used 11423K, committed 11776K, reserved 1114112K
  class space    used 1547K, committed 1664K, reserved 1048576K
}
Event: 20.657 GC heap before
{Heap before GC invocations=2 (full 0):
 garbage-first heap   total reserved 8310784K, committed 520192K, used 51708K [0x0000000604c00000, 0x0000000800000000)
  region size 4096K, 13 young (53248K), 1 survivors (4096K)
 Metaspace       used 21088K, committed 21504K, reserved 1114112K
  class space    used 2970K, committed 3200K, reserved 1048576K
}
Event: 20.663 GC heap after
{Heap after GC invocations=3 (full 0):
 garbage-first heap   total reserved 8310784K, committed 520192K, used 11411K [0x0000000604c00000, 0x0000000800000000)
  region size 4096K, 2 young (8192K), 2 survivors (8192K)
 Metaspace       used 21088K, committed 21504K, reserved 1114112K
  class space    used 2970K, committed 3200K, reserved 1048576K
}

Dll operation events (20 events):
Event: 0.636 Loaded shared library C:\Users\admin\.openjfx\cache\17.0.6\api-ms-win-crt-locale-l1-1-0.dll
Event: 0.641 Loaded shared library C:\Users\admin\.openjfx\cache\17.0.6\api-ms-win-crt-math-l1-1-0.dll
Event: 0.646 Loaded shared library C:\Users\admin\.openjfx\cache\17.0.6\api-ms-win-crt-multibyte-l1-1-0.dll
Event: 0.650 Loaded shared library C:\Users\admin\.openjfx\cache\17.0.6\api-ms-win-crt-private-l1-1-0.dll
Event: 0.655 Loaded shared library C:\Users\admin\.openjfx\cache\17.0.6\api-ms-win-crt-process-l1-1-0.dll
Event: 0.660 Loaded shared library C:\Users\admin\.openjfx\cache\17.0.6\api-ms-win-crt-runtime-l1-1-0.dll
Event: 0.665 Loaded shared library C:\Users\admin\.openjfx\cache\17.0.6\api-ms-win-crt-stdio-l1-1-0.dll
Event: 0.669 Loaded shared library C:\Users\admin\.openjfx\cache\17.0.6\api-ms-win-crt-string-l1-1-0.dll
Event: 0.675 Loaded shared library C:\Users\admin\.openjfx\cache\17.0.6\api-ms-win-crt-time-l1-1-0.dll
Event: 0.679 Loaded shared library C:\Users\admin\.openjfx\cache\17.0.6\api-ms-win-crt-utility-l1-1-0.dll
Event: 0.697 Loaded shared library C:\Users\admin\.openjfx\cache\17.0.6\ucrtbase.dll
Event: 0.702 Loaded shared library C:\Users\admin\.openjfx\cache\17.0.6\vcruntime140.dll
Event: 0.707 Loaded shared library C:\Users\admin\.openjfx\cache\17.0.6\vcruntime140_1.dll
Event: 0.717 Loaded shared library C:\Users\admin\.openjfx\cache\17.0.6\msvcp140.dll
Event: 0.722 Loaded shared library C:\Users\admin\.openjfx\cache\17.0.6\msvcp140_1.dll
Event: 0.727 Loaded shared library C:\Users\admin\.openjfx\cache\17.0.6\msvcp140_2.dll
Event: 0.777 Loaded shared library C:\Users\admin\.openjfx\cache\17.0.6\prism_d3d.dll
Event: 0.813 Loaded shared library C:\Users\admin\.openjfx\cache\17.0.6\glass.dll
Event: 0.951 Loaded shared library C:\Program Files\Java\jdk-23\bin\jimage.dll
Event: 1.226 Loaded shared library C:\Users\admin\.openjfx\cache\17.0.6\javafx_font.dll

Deoptimization events (20 events):
Event: 19.662 Thread 0x000002115aad2180 Uncommon trap: trap_request=0xffffffc6 fr.pc=0x000002114645ccf8 relative=0x0000000000000318
Event: 19.662 Thread 0x000002115aad2180 Uncommon trap: reason=bimorphic_or_optimized_type_check action=maybe_recompile pc=0x000002114645ccf8 method=java.util.HashMap.getNode(Ljava/lang/Object;)Ljava/util/HashMap$Node; @ 128 c2
Event: 19.662 Thread 0x000002115aad2180 DEOPT PACKING pc=0x000002114645ccf8 sp=0x000000f3193f8a60
Event: 19.662 Thread 0x000002115aad2180 DEOPT UNPACKING pc=0x0000021145eb4402 sp=0x000000f3193f89d8 mode 2
Event: 20.338 Thread 0x000002115aad1460 DEOPT PACKING pc=0x000002113ed868bb sp=0x000000f3191fdc10
Event: 20.338 Thread 0x000002115aad1460 DEOPT UNPACKING pc=0x0000021145eb4b22 sp=0x000000f3191fd030 mode 0
Event: 20.678 Thread 0x000002115aad2180 Uncommon trap: trap_request=0xffffff45 fr.pc=0x00000211464da5fc relative=0x000000000000007c
Event: 20.678 Thread 0x000002115aad2180 Uncommon trap: reason=unstable_if action=reinterpret pc=0x00000211464da5fc method=java.lang.StringConcatHelper.mix(JLjava/lang/String;)J @ 13 c2
Event: 20.678 Thread 0x000002115aad2180 DEOPT PACKING pc=0x00000211464da5fc sp=0x000000f3193f9650
Event: 20.678 Thread 0x000002115aad2180 DEOPT UNPACKING pc=0x0000021145eb4402 sp=0x000000f3193f95d0 mode 2
Event: 20.680 Thread 0x000002115aad2180 Uncommon trap: trap_request=0xffffff45 fr.pc=0x00000211464b0cb0 relative=0x0000000000000b90
Event: 20.680 Thread 0x000002115aad2180 Uncommon trap: reason=unstable_if action=reinterpret pc=0x00000211464b0cb0 method=java.util.WeakHashMap.expungeStaleEntries()V @ 66 c2
Event: 20.680 Thread 0x000002115aad2180 DEOPT PACKING pc=0x00000211464b0cb0 sp=0x000000f3193f8f20
Event: 20.680 Thread 0x000002115aad2180 DEOPT UNPACKING pc=0x0000021145eb4402 sp=0x000000f3193f8ea0 mode 2
Event: 21.505 Thread 0x000002115aad1460 DEOPT PACKING pc=0x000002113ee00997 sp=0x000000f3191fdaa0
Event: 21.505 Thread 0x000002115aad1460 DEOPT UNPACKING pc=0x0000021145eb4b22 sp=0x000000f3191fced8 mode 0
Event: 22.672 Thread 0x000002115aad2180 DEOPT PACKING pc=0x000002113e98f73f sp=0x000000f3193f8810
Event: 22.672 Thread 0x000002115aad2180 DEOPT UNPACKING pc=0x0000021145eb4b22 sp=0x000000f3193f7cb0 mode 0
Event: 22.674 Thread 0x000002115aad2180 DEOPT PACKING pc=0x000002113e98f73f sp=0x000000f3193f8800
Event: 22.674 Thread 0x000002115aad2180 DEOPT UNPACKING pc=0x0000021145eb4b22 sp=0x000000f3193f7c78 mode 0

Classes loaded (20 events):
Event: 14.372 Loading class sun/util/locale/provider/BreakIteratorProviderImpl$CharacterIteratorCharSequence
Event: 14.372 Loading class sun/util/locale/provider/BreakIteratorProviderImpl$CharacterIteratorCharSequence done
Event: 14.372 Loading class java/text/BreakIterator$BreakIteratorCache
Event: 14.372 Loading class java/text/BreakIterator$BreakIteratorCache done
Event: 19.649 Loading class java/io/SequenceInputStream
Event: 19.649 Loading class java/io/SequenceInputStream done
Event: 20.617 Loading class java/util/TimerTask
Event: 20.617 Loading class java/util/TimerTask done
Event: 20.653 Loading class java/time/format/DateTimeParseException
Event: 20.653 Loading class java/time/DateTimeException
Event: 20.653 Loading class java/time/DateTimeException done
Event: 20.653 Loading class java/time/format/DateTimeParseException done
Event: 22.670 Loading class java/lang/invoke/WrongMethodTypeException
Event: 22.670 Loading class java/lang/invoke/WrongMethodTypeException done
Event: 22.671 Loading class java/lang/Throwable$WrappedPrintStream
Event: 22.671 Loading class java/lang/Throwable$PrintStreamOrWriter
Event: 22.671 Loading class java/lang/Throwable$PrintStreamOrWriter done
Event: 22.671 Loading class java/lang/Throwable$WrappedPrintStream done
Event: 49.169 Loading class jdk/internal/misc/Signal$1
Event: 49.169 Loading class jdk/internal/misc/Signal$1 done

Classes unloaded (0 events):
No events

Classes redefined (0 events):
No events

Internal exceptions (20 events):
Event: 12.064 Thread 0x000002115aad2180 Exception <a 'java/lang/NoSuchMethodError'{0x00000006239d55a0}: 'long java.lang.invoke.DirectMethodHandle$Holder.invokeStaticInit(java.lang.Object, java.lang.Object, java.lang.Object)'> (0x00000006239d55a0) 
thrown [s\open\src\hotspot\share\interpreter\linkResolver.cpp, line 796]
Event: 12.065 Thread 0x000002115aad2180 Exception <a 'java/lang/NoSuchMethodError'{0x00000006239ea4e0}: 'java.lang.Object java.lang.invoke.DirectMethodHandle$Holder.newInvokeSpecial(java.lang.Object, java.lang.Object, long)'> (0x00000006239ea4e0) 
thrown [s\open\src\hotspot\share\interpreter\linkResolver.cpp, line 796]
Event: 12.066 Thread 0x000002115aad2180 Exception <a 'java/lang/NoSuchMethodError'{0x00000006239ede40}: 'java.lang.Object java.lang.invoke.Invokers$Holder.linkToTargetMethod(java.lang.Object, long, java.lang.Object)'> (0x00000006239ede40) 
thrown [s\open\src\hotspot\share\interpreter\linkResolver.cpp, line 796]
Event: 12.172 Thread 0x000002115aad2180 Exception <a 'java/lang/NoSuchMethodError'{0x0000000623b96d70}: 'void java.lang.invoke.Invokers$Holder.invokeExact_MT(java.lang.Object, java.lang.Object, java.lang.Object, java.lang.Object)'> (0x0000000623b96d70) 
thrown [s\open\src\hotspot\share\interpreter\linkResolver.cpp, line 796]
Event: 12.199 Thread 0x000002115aad2180 Exception <a 'java/io/FileNotFoundException'{0x0000000623537a18}> (0x0000000623537a18) 
thrown [s\open\src\hotspot\share\prims\jni.cpp, line 520]
Event: 12.206 Thread 0x000002115aad2180 Exception <a 'java/lang/ClassNotFoundException'{0x0000000623582590}: com/sun/javafx/scene/control/skin/resources/controls> (0x0000000623582590) 
thrown [s\open\src\hotspot\share\prims\jni.cpp, line 539]
Event: 12.206 Thread 0x000002115aad2180 Exception <a 'java/lang/ClassNotFoundException'{0x00000006235905f0}: com/sun/javafx/scene/control/skin/resources/controls_vi> (0x00000006235905f0) 
thrown [s\open\src\hotspot\share\prims\jni.cpp, line 539]
Event: 12.207 Thread 0x000002115aad2180 Exception <a 'java/lang/ClassNotFoundException'{0x0000000623591888}: com/sun/javafx/scene/control/skin/resources/controls_vi_VN> (0x0000000623591888) 
thrown [s\open\src\hotspot\share\prims\jni.cpp, line 539]
Event: 12.270 Thread 0x000002115aad2180 Exception <a 'java/lang/NoSuchMethodError'{0x0000000622d87ce8}: 'void java.lang.invoke.DirectMethodHandle$Holder.invokeSpecial(java.lang.Object, java.lang.Object, java.lang.Object, java.lang.Object, java.lang.Object, java.lang.Object)'> (0x0000000622d87ce8) 
thrown [s\open\src\hotspot\share\interpreter\linkResolver.cpp, line 796]
Event: 14.144 Thread 0x000002115aad2180 Exception <a 'sun/nio/fs/WindowsException'{0x000000062220c550}> (0x000000062220c550) 
thrown [s\open\src\hotspot\share\prims\jni.cpp, line 520]
Event: 14.165 Thread 0x000002115aad2180 Exception <a 'sun/nio/fs/WindowsException'{0x00000006222e4cc0}> (0x00000006222e4cc0) 
thrown [s\open\src\hotspot\share\prims\jni.cpp, line 520]
Event: 14.166 Thread 0x000002115aad2180 Exception <a 'sun/nio/fs/WindowsException'{0x00000006222e6bf8}> (0x00000006222e6bf8) 
thrown [s\open\src\hotspot\share\prims\jni.cpp, line 520]
Event: 14.174 Thread 0x000002115aad2180 Exception <a 'sun/nio/fs/WindowsException'{0x0000000622340ec8}> (0x0000000622340ec8) 
thrown [s\open\src\hotspot\share\prims\jni.cpp, line 520]
Event: 14.174 Thread 0x000002115aad2180 Exception <a 'sun/nio/fs/WindowsException'{0x0000000622342f48}> (0x0000000622342f48) 
thrown [s\open\src\hotspot\share\prims\jni.cpp, line 520]
Event: 14.178 Thread 0x000002115aad2180 Exception <a 'java/lang/NoSuchMethodError'{0x000000062234db60}: 'java.lang.Object java.lang.invoke.DirectMethodHandle$Holder.invokeVirtual(java.lang.Object, java.lang.Object, java.lang.Object)'> (0x000000062234db60) 
thrown [s\open\src\hotspot\share\interpreter\linkResolver.cpp, line 796]
Event: 14.233 Thread 0x000002115aad2180 Exception <a 'sun/nio/fs/WindowsException'{0x0000000621e30418}> (0x0000000621e30418) 
thrown [s\open\src\hotspot\share\prims\jni.cpp, line 520]
Event: 14.340 Thread 0x000002115aad2180 Exception <a 'java/io/FileNotFoundException'{0x0000000621b244f0}> (0x0000000621b244f0) 
thrown [s\open\src\hotspot\share\prims\jni.cpp, line 520]
Event: 15.637 Thread 0x000002115aad2180 Exception <a 'java/lang/NoSuchMethodError'{0x000000062147c280}: 'java.lang.Object java.lang.invoke.DirectMethodHandle$Holder.newInvokeSpecial(java.lang.Object, java.lang.Object, java.lang.Object, int, java.lang.Object, java.lang.Object, java.lang.Object, int)'> (0x000000062147c280) 
thrown [s\open\src\hotspot\share\interpreter\linkResolver.cpp, line 796]
Event: 21.611 Thread 0x000002115aad2180 Exception <a 'java/io/FileNotFoundException'{0x0000000624701df0}> (0x0000000624701df0) 
thrown [s\open\src\hotspot\share\prims\jni.cpp, line 520]
Event: 22.670 Thread 0x000002115aad2180 Exception <a 'sun/nio/fs/WindowsException'{0x00000006247d0580}> (0x00000006247d0580) 
thrown [s\open\src\hotspot\share\prims\jni.cpp, line 520]

VM Operations (20 events):
Event: 14.147 Executing VM operation: HandshakeAllThreads (Deoptimize) done
Event: 14.147 Executing VM operation: HandshakeAllThreads (Deoptimize)
Event: 14.147 Executing VM operation: HandshakeAllThreads (Deoptimize) done
Event: 14.164 Executing VM operation: HandshakeAllThreads (Deoptimize)
Event: 14.164 Executing VM operation: HandshakeAllThreads (Deoptimize) done
Event: 14.175 Executing VM operation: HandshakeAllThreads (Deoptimize)
Event: 14.175 Executing VM operation: HandshakeAllThreads (Deoptimize) done
Event: 14.299 Executing VM operation: HandshakeAllThreads (Deoptimize)
Event: 14.299 Executing VM operation: HandshakeAllThreads (Deoptimize) done
Event: 19.647 Executing VM operation: HandshakeAllThreads (Deoptimize)
Event: 19.647 Executing VM operation: HandshakeAllThreads (Deoptimize) done
Event: 20.630 Executing VM operation: HandshakeAllThreads (Deoptimize)
Event: 20.630 Executing VM operation: HandshakeAllThreads (Deoptimize) done
Event: 20.657 Executing VM operation: CollectForMetadataAllocation (Metadata GC Threshold)
Event: 20.663 Executing VM operation: CollectForMetadataAllocation (Metadata GC Threshold) done
Event: 20.670 Executing VM operation: G1PauseRemark
Event: 20.674 Executing VM operation: G1PauseRemark done
Event: 20.676 Executing VM operation: G1PauseCleanup
Event: 20.677 Executing VM operation: G1PauseCleanup done
Event: 49.172 Executing VM operation: Exit

Memory protections (0 events):
No events

Nmethod flushes (0 events):
No events

Events (20 events):
Event: 1.681 Thread 0x000002115ad164b0 Thread exited: 0x000002115ad164b0
Event: 12.305 Thread 0x000002115aae63e0 Thread added: 0x00000211a14af050
Event: 12.342 Thread 0x000002115aad1460 Thread added: 0x00000211a0b38010
Event: 13.003 Thread 0x00000211a14af050 Thread exited: 0x00000211a14af050
Event: 14.142 Thread 0x000002115aad2180 Thread added: 0x00000211a0b31710
Event: 14.200 Thread 0x000002115aae63e0 Thread added: 0x00000211a1304d80
Event: 14.533 Thread 0x00000211a1304d80 Thread exited: 0x00000211a1304d80
Event: 19.665 Thread 0x000002115aae63e0 Thread added: 0x00000211a02016c0
Event: 20.146 Thread 0x00000211a02016c0 Thread exited: 0x00000211a02016c0
Event: 20.635 Thread 0x000002115aae63e0 Thread added: 0x000002115ace48d0
Event: 20.830 Thread 0x000002115ace48d0 Thread exited: 0x000002115ace48d0
Event: 21.635 Thread 0x000002115aae63e0 Thread added: 0x00000211a179a1b0
Event: 22.111 Thread 0x00000211a179a1b0 Thread exited: 0x00000211a179a1b0
Event: 49.169 Thread 0x000002115a24d120 Thread added: 0x00000211a0b372f0
Event: 49.170 Thread 0x00000211a0b372f0 Thread added: 0x00000211a0b386a0
Event: 49.170 Thread 0x00000211a0b372f0 Thread added: 0x00000211a0b34500
Event: 49.171 Thread 0x00000211a0b386a0 Thread exited: 0x00000211a0b386a0
Event: 49.172 Thread 0x00000211a0b34500 Thread exited: 0x00000211a0b34500
Event: 49.172 Thread 0x00000211a0b372f0 Before exit entered
Event: 49.172 Thread 0x000002115a24d120 Thread exited: 0x000002115a24d120


Dynamic libraries:
0x00007ff637110000 - 0x00007ff637120000 	C:\Program Files\Java\jdk-23\bin\java.exe
0x00007ffde6c90000 - 0x00007ffde6ea7000 	C:\WINDOWS\SYSTEM32\ntdll.dll
0x00007ffde6030000 - 0x00007ffde60f4000 	C:\WINDOWS\System32\KERNEL32.DLL
0x00007ffde4600000 - 0x00007ffde49b7000 	C:\WINDOWS\System32\KERNELBASE.dll
0x00007ffde4200000 - 0x00007ffde4311000 	C:\WINDOWS\System32\ucrtbase.dll
0x00007ffddfa70000 - 0x00007ffddfa87000 	C:\Program Files\Java\jdk-23\bin\jli.dll
0x00007ffde0200000 - 0x00007ffde021b000 	C:\Program Files\Java\jdk-23\bin\VCRUNTIME140.dll
0x00007ffde5d60000 - 0x00007ffde5f0f000 	C:\WINDOWS\System32\USER32.dll
0x00007ffdc8560000 - 0x00007ffdc87f3000 	C:\WINDOWS\WinSxS\amd64_microsoft.windows.common-controls_6595b64144ccf1df_6.0.22621.3672_none_2713b9d173822955\COMCTL32.dll
0x00007ffde3fa0000 - 0x00007ffde3fc6000 	C:\WINDOWS\System32\win32u.dll
0x00007ffde5f80000 - 0x00007ffde6027000 	C:\WINDOWS\System32\msvcrt.dll
0x00007ffde6ba0000 - 0x00007ffde6bc9000 	C:\WINDOWS\System32\GDI32.dll
0x00007ffde44e0000 - 0x00007ffde45f8000 	C:\WINDOWS\System32\gdi32full.dll
0x00007ffde4440000 - 0x00007ffde44da000 	C:\WINDOWS\System32\msvcp_win.dll
0x00007ffde6100000 - 0x00007ffde6131000 	C:\WINDOWS\System32\IMM32.DLL
0x00007ffde0870000 - 0x00007ffde087c000 	C:\Program Files\Java\jdk-23\bin\vcruntime140_1.dll
0x00007ffdbbd90000 - 0x00007ffdbbe1e000 	C:\Program Files\Java\jdk-23\bin\msvcp140.dll
0x00007ffd6dfb0000 - 0x00007ffd6ecff000 	C:\Program Files\Java\jdk-23\bin\server\jvm.dll
0x00007ffde4fe0000 - 0x00007ffde5092000 	C:\WINDOWS\System32\ADVAPI32.dll
0x00007ffde59a0000 - 0x00007ffde5a48000 	C:\WINDOWS\System32\sechost.dll
0x00007ffde4410000 - 0x00007ffde4438000 	C:\WINDOWS\System32\bcrypt.dll
0x00007ffde6420000 - 0x00007ffde6534000 	C:\WINDOWS\System32\RPCRT4.dll
0x00007ffde6bd0000 - 0x00007ffde6c41000 	C:\WINDOWS\System32\WS2_32.dll
0x00007ffde2e50000 - 0x00007ffde2e9d000 	C:\WINDOWS\SYSTEM32\POWRPROF.dll
0x00007ffddf7b0000 - 0x00007ffddf7e4000 	C:\WINDOWS\SYSTEM32\WINMM.dll
0x00007ffde01b0000 - 0x00007ffde01ba000 	C:\WINDOWS\SYSTEM32\VERSION.dll
0x00007ffde2e30000 - 0x00007ffde2e43000 	C:\WINDOWS\SYSTEM32\UMPDC.dll
0x00007ffde30e0000 - 0x00007ffde30f8000 	C:\WINDOWS\SYSTEM32\kernel.appcore.dll
0x00007ffddfc90000 - 0x00007ffddfc9a000 	C:\Program Files\Java\jdk-23\bin\jimage.dll
0x00007ffddc240000 - 0x00007ffddc472000 	C:\WINDOWS\SYSTEM32\DBGHELP.DLL
0x00007ffde4a50000 - 0x00007ffde4dde000 	C:\WINDOWS\System32\combase.dll
0x00007ffde4de0000 - 0x00007ffde4eb7000 	C:\WINDOWS\System32\OLEAUT32.dll
0x00007ffdcda30000 - 0x00007ffdcda62000 	C:\WINDOWS\SYSTEM32\dbgcore.DLL
0x00007ffde4390000 - 0x00007ffde440b000 	C:\WINDOWS\System32\bcryptPrimitives.dll
0x00007ffdd2660000 - 0x00007ffdd266f000 	C:\Program Files\Java\jdk-23\bin\instrument.dll
0x00007ffdcc270000 - 0x00007ffdcc28e000 	C:\Program Files\Java\jdk-23\bin\java.dll
0x00007ffde5a50000 - 0x00007ffde5bf5000 	C:\WINDOWS\System32\ole32.dll
0x00007ffde50b0000 - 0x00007ffde5919000 	C:\WINDOWS\System32\SHELL32.dll
0x00007ffde1f20000 - 0x00007ffde281f000 	C:\WINDOWS\SYSTEM32\windows.storage.dll
0x00007ffde1de0000 - 0x00007ffde1f1f000 	C:\WINDOWS\SYSTEM32\wintypes.dll
0x00007ffde6140000 - 0x00007ffde6239000 	C:\WINDOWS\System32\SHCORE.dll
0x00007ffde4ed0000 - 0x00007ffde4f2e000 	C:\WINDOWS\System32\shlwapi.dll
0x00007ffde3ed0000 - 0x00007ffde3ef7000 	C:\WINDOWS\SYSTEM32\profapi.dll
0x00007ffdbbbf0000 - 0x00007ffdbbcc7000 	C:\Program Files\Java\jdk-23\bin\jsvml.dll
0x00007ffdcf1a0000 - 0x00007ffdcf1b0000 	C:\Program Files\Java\jdk-23\bin\net.dll
0x00007ffde3550000 - 0x00007ffde35b9000 	C:\WINDOWS\system32\mswsock.dll
0x00007ffdcc250000 - 0x00007ffdcc266000 	C:\Program Files\Java\jdk-23\bin\nio.dll
0x00007ffdcc1f0000 - 0x00007ffdcc207000 	C:\Program Files\Java\jdk-23\bin\zip.dll
0x00007ffdc9060000 - 0x00007ffdc907a000 	E:\IntelliJ IDEA 2024.2.3\bin\breakgen64.dll
0x0000021136130000 - 0x0000021136133000 	C:\Users\admin\.openjfx\cache\17.0.6\api-ms-win-core-console-l1-1-0.dll
0x0000021136140000 - 0x0000021136143000 	C:\Users\admin\.openjfx\cache\17.0.6\api-ms-win-core-console-l1-2-0.dll
0x0000021136150000 - 0x0000021136153000 	C:\Users\admin\.openjfx\cache\17.0.6\api-ms-win-core-datetime-l1-1-0.dll
0x0000021136160000 - 0x0000021136163000 	C:\Users\admin\.openjfx\cache\17.0.6\api-ms-win-core-debug-l1-1-0.dll
0x0000021136170000 - 0x0000021136173000 	C:\Users\admin\.openjfx\cache\17.0.6\api-ms-win-core-errorhandling-l1-1-0.dll
0x0000021136180000 - 0x0000021136184000 	C:\Users\admin\.openjfx\cache\17.0.6\api-ms-win-core-file-l1-1-0.dll
0x0000021136190000 - 0x0000021136193000 	C:\Users\admin\.openjfx\cache\17.0.6\api-ms-win-core-file-l1-2-0.dll
0x00000211361a0000 - 0x00000211361a3000 	C:\Users\admin\.openjfx\cache\17.0.6\api-ms-win-core-file-l2-1-0.dll
0x00000211361b0000 - 0x00000211361b3000 	C:\Users\admin\.openjfx\cache\17.0.6\api-ms-win-core-handle-l1-1-0.dll
0x000002115aed0000 - 0x000002115aed3000 	C:\Users\admin\.openjfx\cache\17.0.6\api-ms-win-core-heap-l1-1-0.dll
0x000002115aee0000 - 0x000002115aee3000 	C:\Users\admin\.openjfx\cache\17.0.6\api-ms-win-core-interlocked-l1-1-0.dll
0x000002115aef0000 - 0x000002115aef3000 	C:\Users\admin\.openjfx\cache\17.0.6\api-ms-win-core-libraryloader-l1-1-0.dll
0x000002115af00000 - 0x000002115af03000 	C:\Users\admin\.openjfx\cache\17.0.6\api-ms-win-core-localization-l1-2-0.dll
0x000002115af10000 - 0x000002115af13000 	C:\Users\admin\.openjfx\cache\17.0.6\api-ms-win-core-memory-l1-1-0.dll
0x000002115af20000 - 0x000002115af23000 	C:\Users\admin\.openjfx\cache\17.0.6\api-ms-win-core-namedpipe-l1-1-0.dll
0x000002115af30000 - 0x000002115af33000 	C:\Users\admin\.openjfx\cache\17.0.6\api-ms-win-core-processenvironment-l1-1-0.dll
0x000002115af40000 - 0x000002115af43000 	C:\Users\admin\.openjfx\cache\17.0.6\api-ms-win-core-processthreads-l1-1-0.dll
0x000002115af50000 - 0x000002115af53000 	C:\Users\admin\.openjfx\cache\17.0.6\api-ms-win-core-processthreads-l1-1-1.dll
0x000002115af60000 - 0x000002115af63000 	C:\Users\admin\.openjfx\cache\17.0.6\api-ms-win-core-profile-l1-1-0.dll
0x000002115af70000 - 0x000002115af73000 	C:\Users\admin\.openjfx\cache\17.0.6\api-ms-win-core-rtlsupport-l1-1-0.dll
0x000002115af80000 - 0x000002115af83000 	C:\Users\admin\.openjfx\cache\17.0.6\api-ms-win-core-string-l1-1-0.dll
0x000002115af90000 - 0x000002115af93000 	C:\Users\admin\.openjfx\cache\17.0.6\api-ms-win-core-synch-l1-1-0.dll
0x000002115afa0000 - 0x000002115afa3000 	C:\Users\admin\.openjfx\cache\17.0.6\api-ms-win-core-synch-l1-2-0.dll
0x000002115afb0000 - 0x000002115afb3000 	C:\Users\admin\.openjfx\cache\17.0.6\api-ms-win-core-sysinfo-l1-1-0.dll
0x000002115afc0000 - 0x000002115afc3000 	C:\Users\admin\.openjfx\cache\17.0.6\api-ms-win-core-timezone-l1-1-0.dll
0x000002115afd0000 - 0x000002115afd3000 	C:\Users\admin\.openjfx\cache\17.0.6\api-ms-win-core-util-l1-1-0.dll
0x000002115afe0000 - 0x000002115afe3000 	C:\Users\admin\.openjfx\cache\17.0.6\api-ms-win-crt-conio-l1-1-0.dll
0x000002115aff0000 - 0x000002115aff4000 	C:\Users\admin\.openjfx\cache\17.0.6\api-ms-win-crt-convert-l1-1-0.dll
0x00000211a17d0000 - 0x00000211a17d3000 	C:\Users\admin\.openjfx\cache\17.0.6\api-ms-win-crt-environment-l1-1-0.dll
0x00000211a17e0000 - 0x00000211a17e3000 	C:\Users\admin\.openjfx\cache\17.0.6\api-ms-win-crt-filesystem-l1-1-0.dll
0x00000211a17f0000 - 0x00000211a17f3000 	C:\Users\admin\.openjfx\cache\17.0.6\api-ms-win-crt-heap-l1-1-0.dll
0x00000211a1800000 - 0x00000211a1803000 	C:\Users\admin\.openjfx\cache\17.0.6\api-ms-win-crt-locale-l1-1-0.dll
0x00000211a1810000 - 0x00000211a1815000 	C:\Users\admin\.openjfx\cache\17.0.6\api-ms-win-crt-math-l1-1-0.dll
0x00000211a1820000 - 0x00000211a1825000 	C:\Users\admin\.openjfx\cache\17.0.6\api-ms-win-crt-multibyte-l1-1-0.dll
0x00000211a1830000 - 0x00000211a1840000 	C:\Users\admin\.openjfx\cache\17.0.6\api-ms-win-crt-private-l1-1-0.dll
0x00000211a1840000 - 0x00000211a1843000 	C:\Users\admin\.openjfx\cache\17.0.6\api-ms-win-crt-process-l1-1-0.dll
0x00000211a1850000 - 0x00000211a1854000 	C:\Users\admin\.openjfx\cache\17.0.6\api-ms-win-crt-runtime-l1-1-0.dll
0x00000211a1860000 - 0x00000211a1864000 	C:\Users\admin\.openjfx\cache\17.0.6\api-ms-win-crt-stdio-l1-1-0.dll
0x00000211a1870000 - 0x00000211a1874000 	C:\Users\admin\.openjfx\cache\17.0.6\api-ms-win-crt-string-l1-1-0.dll
0x00000211a1880000 - 0x00000211a1883000 	C:\Users\admin\.openjfx\cache\17.0.6\api-ms-win-crt-time-l1-1-0.dll
0x00000211a1890000 - 0x00000211a1893000 	C:\Users\admin\.openjfx\cache\17.0.6\api-ms-win-crt-utility-l1-1-0.dll
0x00007ffdad160000 - 0x00007ffdad25c000 	C:\Users\admin\.openjfx\cache\17.0.6\ucrtbase.dll
0x00007ffdc0fb0000 - 0x00007ffdc0fca000 	C:\Users\admin\.openjfx\cache\17.0.6\vcruntime140.dll
0x00007ffdc27a0000 - 0x00007ffdc27ac000 	C:\Users\admin\.openjfx\cache\17.0.6\vcruntime140_1.dll
0x00007ffdadff0000 - 0x00007ffdae07d000 	C:\Users\admin\.openjfx\cache\17.0.6\msvcp140.dll
0x00007ffdc0fa0000 - 0x00007ffdc0fa9000 	C:\Users\admin\.openjfx\cache\17.0.6\msvcp140_1.dll
0x00007ffdbbbc0000 - 0x00007ffdbbbef000 	C:\Users\admin\.openjfx\cache\17.0.6\msvcp140_2.dll
0x00007ffdbbb90000 - 0x00007ffdbbbba000 	C:\Users\admin\.openjfx\cache\17.0.6\prism_d3d.dll
0x00007ffda5b10000 - 0x00007ffda5cb8000 	C:\WINDOWS\system32\d3d9.dll
0x00007ffde16b0000 - 0x00007ffde16db000 	C:\WINDOWS\SYSTEM32\dwmapi.dll
0x00007ffde1720000 - 0x00007ffde1757000 	C:\WINDOWS\SYSTEM32\dxcore.dll
0x00007ffde1420000 - 0x00007ffde14d1000 	C:\WINDOWS\system32\uxtheme.dll
0x00007ffd738d0000 - 0x00007ffd73a7f000 	C:\WINDOWS\System32\DriverStore\FileRepository\iigd_dch.inf_amd64_51f685305808e3a5\igdumdim64.dll
0x00007ffd55970000 - 0x00007ffd58a13000 	C:\WINDOWS\System32\DriverStore\FileRepository\iigd_dch.inf_amd64_51f685305808e3a5\igd9dxva64.dll
0x00007ffde6560000 - 0x00007ffde69d4000 	C:\WINDOWS\System32\SETUPAPI.dll
0x00007ffde3cb0000 - 0x00007ffde3cfe000 	C:\WINDOWS\SYSTEM32\cfgmgr32.dll
0x00007ffdd8370000 - 0x00007ffdd8779000 	C:\WINDOWS\System32\DriverStore\FileRepository\iigd_dch.inf_amd64_51f685305808e3a5\igdgmm64.dll
0x00007ffddbc10000 - 0x00007ffddbc59000 	C:\WINDOWS\SYSTEM32\directxdatabasehelper.dll
0x00007ffdb30f0000 - 0x00007ffdb3132000 	C:\Users\admin\.openjfx\cache\17.0.6\glass.dll
0x00007ffde6aa0000 - 0x00007ffde6b9f000 	C:\WINDOWS\System32\COMDLG32.dll
0x00007ffde5c00000 - 0x00007ffde5d60000 	C:\WINDOWS\System32\MSCTF.dll
0x00007ffdb33e0000 - 0x00007ffdb3407000 	C:\WINDOWS\System32\DriverStore\FileRepository\iigd_dch.inf_amd64_51f685305808e3a5\igdinfo64.dll
0x00007ffdd4b70000 - 0x00007ffdd8304000 	C:\WINDOWS\System32\DriverStore\FileRepository\iigd_dch.inf_amd64_51f685305808e3a5\igc64.dll
0x00007ffdc0e60000 - 0x00007ffdc0e74000 	C:\Users\admin\.openjfx\cache\17.0.6\javafx_font.dll
0x00007ffdde1e0000 - 0x00007ffdde453000 	C:\WINDOWS\SYSTEM32\dwrite.dll
0x00007ffde4f30000 - 0x00007ffde4fe0000 	C:\WINDOWS\System32\clbcatq.dll
0x00007ffde1220000 - 0x00007ffde13d1000 	C:\WINDOWS\SYSTEM32\WindowsCodecs.dll
0x00007ffdb6880000 - 0x00007ffdb68de000 	C:\WINDOWS\system32\dataexchange.dll
0x00007ffdd9df0000 - 0x00007ffdda092000 	C:\WINDOWS\system32\twinapi.appcore.dll
0x00007ffdcc210000 - 0x00007ffdcc242000 	C:\Program Files\Common Files\Microsoft Shared\Ink\rtscom.dll
0x00007ffddb7d0000 - 0x00007ffddb913000 	C:\WINDOWS\SYSTEM32\textinputframework.dll
0x00007ffddf4c0000 - 0x00007ffddf5f3000 	C:\WINDOWS\SYSTEM32\CoreMessaging.dll
0x00007ffddd010000 - 0x00007ffddd37d000 	C:\WINDOWS\SYSTEM32\CoreUIComponents.dll
0x00007ffde37a0000 - 0x00007ffde37ac000 	C:\WINDOWS\SYSTEM32\CRYPTBASE.DLL
0x00007ffdb7f30000 - 0x00007ffdb7f99000 	C:\WINDOWS\system32\Oleacc.dll
0x00007ffde2b60000 - 0x00007ffde2c62000 	C:\WINDOWS\SYSTEM32\DNSAPI.dll
0x00007ffde2af0000 - 0x00007ffde2b1d000 	C:\WINDOWS\SYSTEM32\IPHLPAPI.DLL
0x00007ffde5f10000 - 0x00007ffde5f19000 	C:\WINDOWS\System32\NSI.dll
0x00007ffdd31d0000 - 0x00007ffdd31da000 	C:\Windows\System32\rasadhlp.dll

dbghelp: loaded successfully - version: 4.0.5 - missing functions: none
symbol engine: initialized successfully - sym options: 0x614 - pdb path: .;C:\Program Files\Java\jdk-23\bin;C:\WINDOWS\SYSTEM32;C:\WINDOWS\WinSxS\amd64_microsoft.windows.common-controls_6595b64144ccf1df_6.0.22621.3672_none_2713b9d173822955;C:\Program Files\Java\jdk-23\bin\server;E:\IntelliJ IDEA 2024.2.3\bin;C:\Users\admin\.openjfx\cache\17.0.6;C:\WINDOWS\System32\DriverStore\FileRepository\iigd_dch.inf_amd64_51f685305808e3a5;C:\Program Files\Common Files\Microsoft Shared\Ink

VM Arguments:
jvm_args: -javaagent:E:\IntelliJ IDEA 2024.2.3\lib\idea_rt.jar=61218:E:\IntelliJ IDEA 2024.2.3\bin -Dfile.encoding=UTF-8 -Dsun.stdout.encoding=UTF-8 -Dsun.stderr.encoding=UTF-8 --module-path=C:\Users\admin\.m2\repository\org\openjfx\javafx-base\17.0.6\javafx-base-17.0.6-win.jar;C:\Users\admin\.m2\repository\org\openjfx\javafx-controls\17.0.6\javafx-controls-17.0.6-win.jar;E:\CinemaManagement\target\classes;C:\Users\admin\.m2\repository\org\openjfx\javafx-graphics\17.0.6\javafx-graphics-17.0.6-win.jar;C:\Users\admin\.m2\repository\org\openjfx\javafx-fxml\17.0.6\javafx-fxml-17.0.6-win.jar -Djdk.module.main=org.example.cinemamanagement 
java_command: org.example.cinemamanagement/app.MainApp
java_class_path (initial): C:\Users\admin\.m2\repository\com\mysql\mysql-connector-j\8.0.32\mysql-connector-j-8.0.32.jar;C:\Users\admin\.m2\repository\com\google\protobuf\protobuf-java\3.21.9\protobuf-java-3.21.9.jar;C:\Users\admin\.m2\repository\org\openjfx\javafx-controls\17.0.6\javafx-controls-17.0.6.jar;C:\Users\admin\.m2\repository\org\openjfx\javafx-fxml\17.0.6\javafx-fxml-17.0.6.jar;C:\Users\admin\.m2\repository\org\openjfx\javafx-graphics\17.0.6\javafx-graphics-17.0.6.jar;C:\Users\admin\.m2\repository\org\openjfx\javafx-base\17.0.6\javafx-base-17.0.6.jar
Launcher Type: SUN_STANDARD

[Global flags]
     intx CICompilerCount                          = 4                                         {product} {ergonomic}
     uint ConcGCThreads                            = 3                                         {product} {ergonomic}
     uint G1ConcRefinementThreads                  = 10                                        {product} {ergonomic}
   size_t G1HeapRegionSize                         = 4194304                                   {product} {ergonomic}
   size_t InitialHeapSize                          = 532676608                                 {product} {ergonomic}
   size_t MarkStackSize                            = 4194304                                   {product} {ergonomic}
   size_t MarkStackSizeMax                         = 536870912                                 {product} {ergonomic}
   size_t MaxHeapSize                              = 8510242816                                {product} {ergonomic}
   size_t MaxNewSize                               = 5104467968                                {product} {ergonomic}
   size_t MinHeapDeltaBytes                        = 4194304                                   {product} {ergonomic}
   size_t MinHeapSize                              = 8388608                                   {product} {ergonomic}
    uintx NonNMethodCodeHeapSize                   = 5832704                                {pd product} {ergonomic}
    uintx NonProfiledCodeHeapSize                  = 122945536                              {pd product} {ergonomic}
    uintx ProfiledCodeHeapSize                     = 122880000                              {pd product} {ergonomic}
    uintx ReservedCodeCacheSize                    = 251658240                              {pd product} {ergonomic}
     bool SegmentedCodeCache                       = true                                      {product} {ergonomic}
   size_t SoftMaxHeapSize                          = 8510242816                             {manageable} {ergonomic}
     bool UseCompressedOops                        = true                           {product lp64_product} {ergonomic}
     bool UseG1GC                                  = true                                      {product} {ergonomic}
     bool UseLargePagesIndividualAllocation        = false                                  {pd product} {ergonomic}

Logging:
Log output configuration:
 #0: stdout all=off uptime,level,tags foldmultilines=false
 #1: stderr all=off uptime,level,tags foldmultilines=false

Environment Variables:
JAVA_HOME=C:\Program Files\Java\jdk-23
PATH="C:\Program Files\Java\jdk-23\bin;";C:\Program Files\Common Files\Oracle\Java\javapath;C:\Program Files (x86)\Common Files\Oracle\Java\java8path;C:\Program Files (x86)\Common Files\Oracle\Java\javapath;C:\WINDOWS\system32;C:\WINDOWS;C:\WINDOWS\System32\Wbem;C:\WINDOWS\System32\WindowsPowerShell\v1.0\;C:\WINDOWS\System32\OpenSSH\;C:\mingw32\bin;C:\Program Files\Git\cmd;C:\Program Files\Cloudflare\Cloudflare WARP\;C:\Program Files\nodejs\;C:\apache-maven-3.9.9\bin;"C:\apache-maven-3.9.9\bin";C:\Program Files\MySQL\MySQL Server 8.0\bin;C:\Program Files (x86)\Microsoft SQL Server\160\DTS\Binn\;C:\Program Files\MySQL\MySQL Shell 8.0\bin\;C:\Program Files\Java\jdk1.8.0_131\bin\javac A.java;C:\Users\admin\AppData\Roaming\npm
USERNAME=admin
OS=Windows_NT
PROCESSOR_IDENTIFIER=Intel64 Family 6 Model 165 Stepping 2, GenuineIntel
TMP=C:\Users\admin\AppData\Local\Temp
TEMP=C:\Users\admin\AppData\Local\Temp




Periodic native trim disabled

---------------  S Y S T E M  ---------------

OS:
 Windows 11 , 64 bit Build 22621 (10.0.22621.3958)
OS uptime: 0 days 8:44 hours

CPU: total 12 (initial active 12) (6 cores per cpu, 2 threads per core) family 6 model 165 stepping 2 microcode 0xec, cx8, cmov, fxsr, ht, mmx, 3dnowpref, sse, sse2, sse3, ssse3, sse4.1, sse4.2, popcnt, lzcnt, tsc, tscinvbit, avx, avx2, aes, erms, clmul, bmi1, bmi2, adx, fma, vzeroupper, clflush, clflushopt, rdtscp, f16c, pku
Processor Information for processor 0
  Max Mhz: 2600, Current Mhz: 900, Mhz Limit: 2600
Processor Information for processor 1
  Max Mhz: 2600, Current Mhz: 900, Mhz Limit: 2600
Processor Information for processor 2
  Max Mhz: 2600, Current Mhz: 900, Mhz Limit: 2600
Processor Information for processor 3
  Max Mhz: 2600, Current Mhz: 1000, Mhz Limit: 2600
Processor Information for processor 4
  Max Mhz: 2600, Current Mhz: 900, Mhz Limit: 2600
Processor Information for processor 5
  Max Mhz: 2600, Current Mhz: 900, Mhz Limit: 2600
Processor Information for processor 6
  Max Mhz: 2600, Current Mhz: 900, Mhz Limit: 2600
Processor Information for processor 7
  Max Mhz: 2600, Current Mhz: 900, Mhz Limit: 2600
Processor Information for processor 8
  Max Mhz: 2600, Current Mhz: 900, Mhz Limit: 2600
Processor Information for processor 9
  Max Mhz: 2600, Current Mhz: 900, Mhz Limit: 2600
Processor Information for processor 10
  Max Mhz: 2600, Current Mhz: 2600, Mhz Limit: 2600
Processor Information for processor 11
  Max Mhz: 2600, Current Mhz: 900, Mhz Limit: 2600

Memory: 4k page, system-wide physical 32457M (16281M free)
TotalPageFile size 37321M (AvailPageFile size 15398M)
current process WorkingSet (physical memory assigned to process): 149M, peak: 199M
current process commit charge ("private bytes"): 206M, peak: 689M

vm_info: Java HotSpot(TM) 64-Bit Server VM (23+37-2369) for windows-amd64 JRE (23+37-2369), built on 2024-08-20T16:01:23Z with MS VC++ 17.6 (VS2022)

END.
