#
# A fatal error has been detected by the Java Runtime Environment:
#
#  EXCEPTION_ACCESS_VIOLATION (0xc0000005) at pc=0x00007ff887716b07, pid=14184, tid=9532
#
# JRE version: Java(TM) SE Runtime Environment (23.0+37) (build 23+37-2369)
# Java VM: Java HotSpot(TM) 64-Bit Server VM (23+37-2369, mixed mode, sharing, tiered, compressed oops, compressed class ptrs, g1 gc, windows-amd64)
# Problematic frame:
# C  [glass.dll+0x26b07]
#
# No core dump will be written. Minidumps are not enabled by default on client versions of Windows
#
# If you would like to submit a bug report, please visit:
#   https://bugreport.java.com/bugreport/crash.jsp
#

---------------  S U M M A R Y ------------

Command Line: -javaagent:E:\IntelliJ IDEA 2024.2.3\lib\idea_rt.jar=52654:E:\IntelliJ IDEA 2024.2.3\bin -Dfile.encoding=UTF-8 -Dsun.stdout.encoding=UTF-8 -Dsun.stderr.encoding=UTF-8 --module-path=E:\CinemaManagement\target\classes;C:\Users\admin\.m2\repository\org\openjfx\javafx-controls\17.0.6\javafx-controls-17.0.6-win.jar;C:\Users\admin\.m2\repository\org\openjfx\javafx-base\17.0.6\javafx-base-17.0.6-win.jar;C:\Users\admin\.m2\repository\org\openjfx\javafx-graphics\17.0.6\javafx-graphics-17.0.6-win.jar;C:\Users\admin\.m2\repository\org\openjfx\javafx-fxml\17.0.6\javafx-fxml-17.0.6-win.jar -Djdk.module.main=org.example.cinemamanagement org.example.cinemamanagement/app.MainApp

Host: Intel(R) Core(TM) i7-10750H CPU @ 2.60GHz, 12 cores, 31G,  Windows 11 , 64 bit Build 22621 (10.0.22621.3958)
Time: Sat Oct 19 10:20:29 2024 SE Asia Standard Time elapsed time: 92.214720 seconds (0d 0h 1m 32s)

---------------  T H R E A D  ---------------

Current thread (0x000001d3c900a420):  VMThread "VM Thread"          [id=9532, stack(0x0000005d3fb00000,0x0000005d3fc00000) (1024K)]

Stack: [0x0000005d3fb00000,0x0000005d3fc00000],  sp=0x0000005d3fbff1a0,  free space=1020k
Native frames: (J=compiled Java code, j=interpreted, Vv=VM code, C=native code)
C  [glass.dll+0x26b07]  (no source info available)
C  [ucrtbase.dll+0x53a93]  (no source info available)
C  [ucrtbase.dll+0x2042e]  (no source info available)
C  [ucrtbase.dll+0x1dddd]  (no source info available)
C  [glass.dll+0x24261]  (no source info available)
C  [glass.dll+0x24386]  (no source info available)
C  [ntdll.dll+0x28b5f]  (no source info available)
C  [ntdll.dll+0x51566]  (no source info available)
C  [ntdll.dll+0x5115d]  (no source info available)
C  [KERNEL32.DLL+0x17fab]  (no source info available)
C  [ucrtbase.dll+0x1bed8]  (no source info available)
C  [ucrtbase.dll+0x1c099]  (no source info available)
V  [jvm.dll+0x6d98fc]  (no source info available)
V  [jvm.dll+0x6d9430]  (no source info available)
V  [jvm.dll+0x3da534]  (no source info available)
V  [jvm.dll+0x886500]  (no source info available)
V  [jvm.dll+0x887827]  (no source info available)
V  [jvm.dll+0x887d58]  (no source info available)
V  [jvm.dll+0x887ff3]  (no source info available)
V  [jvm.dll+0x824f1b]  (no source info available)
V  [jvm.dll+0x6df055]  (no source info available)
C  [ucrtbase.dll+0x29333]  (no source info available)
C  [KERNEL32.DLL+0x1257d]  (no source info available)
C  [ntdll.dll+0x5af08]  (no source info available)


siginfo: EXCEPTION_ACCESS_VIOLATION (0xc0000005), reading address 0x0000000000000000


Registers:
RAX=0x0000000000000000, RBX=0x000001d3c9011a6a, RCX=0x000001d3c900a420, RDX=0x0000005d3fbff1a0
RSP=0x0000005d3fbff1a0, RBP=0x000001d3ce299bd8, RSI=0x0000005d3fbff2a8, RDI=0x000001d3ce299bb0
R8 =0x0000000000010002, R9 =0x000001d3ce299bb0, R10=0x85f13e9656da4870, R11=0x0000005d3fbff130
R12=0x00007ff8877143d4, R13=0x00007ff867adb760, R14=0x000057ce1b8b18cc, R15=0x000001d3ce299bb0
RIP=0x00007ff887716b07, EFLAGS=0x0000000000010202


Register to memory mapping:

RAX=0x0 is null
RBX=0x000001d3c9011a6a is a global jni handle
RCX=0x000001d3c900a420 points into unknown readable memory: 0x00007ff8678df698 | 98 f6 8d 67 f8 7f 00 00
RDX=0x0000005d3fbff1a0 points into unknown readable memory: 0x0000000000000000 | 00 00 00 00 00 00 00 00
RSP=0x0000005d3fbff1a0 points into unknown readable memory: 0x0000000000000000 | 00 00 00 00 00 00 00 00
RBP=0x000001d3ce299bd8 points into unknown readable memory: 0x000057ce1b8b18cc | cc 18 8b 1b ce 57 00 00
RSI=0x0000005d3fbff2a8 points into unknown readable memory: 0x0000005d3fbff290 | 90 f2 bf 3f 5d 00 00 00
RDI=0x000001d3ce299bb0 points into unknown readable memory: 0x07ffdfb90865d8cc | cc d8 65 08 b9 df ff 07
R8 =0x0000000000010002 is an unknown value
R9 =0x000001d3ce299bb0 points into unknown readable memory: 0x07ffdfb90865d8cc | cc d8 65 08 b9 df ff 07
R10=0x85f13e9656da4870 is an unknown value
R11=0x0000005d3fbff130 points into unknown readable memory: 0x000001d3ce299bb0 | b0 9b 29 ce d3 01 00 00
R12=0x00007ff8877143d4 glass.dll
R13=0x00007ff867adb760 jvm.dll
R14=0x000057ce1b8b18cc is an unknown value
R15=0x000001d3ce299bb0 points into unknown readable memory: 0x07ffdfb90865d8cc | cc d8 65 08 b9 df ff 07

Top of Stack: (sp=0x0000005d3fbff1a0)
0x0000005d3fbff1a0:   0000000000000000 0000005d3fbff2a8
0x0000005d3fbff1b0:   00007ff867adb760 00007ff8877143d4
0x0000005d3fbff1c0:   000001d3ce299bb8 00007ff8a3863a93
0x0000005d3fbff1d0:   000001d3ce299bb0 000001d300000000
0x0000005d3fbff1e0:   000001d3ce299bd8 0000005d3fbff2a8
0x0000005d3fbff1f0:   fffffffffffffffe 0000000000000000
0x0000005d3fbff200:   0000000000000001 00007ff8876f0000
0x0000005d3fbff210:   0000005d3fbff298 00007ff8a383042e
0x0000005d3fbff220:   0000000000000000 0000005d3fbff2a8
0x0000005d3fbff230:   0000005d3fbff590 0000000000000001
0x0000005d3fbff240:   0000000000000001 00007ff8a382dddd
0x0000005d3fbff250:   0000000000000000 00007ff887713bcd
0x0000005d3fbff260:   0000000000000000 0000005d3fbff298
0x0000005d3fbff270:   fffffffffffffffe 0000005d3fbff500
0x0000005d3fbff280:   0000000000000000 00007ff887714261
0x0000005d3fbff290:   00007ff88772a138 00007ff800000002
0x0000005d3fbff2a0:   0000000000000002 0000005d3fbff290
0x0000005d3fbff2b0:   0000000000000000 00007ff8a5ed8ac3
0x0000005d3fbff2c0:   0000000000000000 00007ff887714386
0x0000005d3fbff2d0:   0000000000000001 0000000000000001
0x0000005d3fbff2e0:   0000000000000001 0000000000000000
0x0000005d3fbff2f0:   0000000000000001 00007ff8a29c2223
0x0000005d3fbff300:   00007ff800000001 0000000000000000
0x0000005d3fbff310:   00007ff8876f0000 000000007ffe0384
0x0000005d3fbff320:   0000000000000000 00007ff8a5ed8b5f
0x0000005d3fbff330:   00007ff8876f0000 0000000000000000
0x0000005d3fbff340:   0000000000000001 000000007ffe0385
0x0000005d3fbff350:   00007ff8a5fe7940 00007ff894eeb810
0x0000005d3fbff360:   0000e140d9f3a400 00007ff893c00000
0x0000005d3fbff370:   00007ff8877143d4 0000000000000000
0x0000005d3fbff380:   0000000000000000 0000005d3ef68000
0x0000005d3fbff390:   000001d3cee889a0 00007ff8a5f01566 

Instructions: (pc=0x00007ff887716b07)
0x00007ff887716a07:   8b 4d 58 e8 01 cf ff ff 48 8b 4d 60 e8 f8 ce ff
0x00007ff887716a17:   ff 48 8b 95 80 00 00 00 48 8b 8d 18 01 00 00 e8
0x00007ff887716a27:   c6 c3 ff ff 33 d2 33 c9 e8 3c e1 ff ff 90 48 89
0x00007ff887716a37:   54 24 10 55 48 83 ec 20 48 8b ea 48 b8 00 00 00
0x00007ff887716a47:   00 00 00 00 00 48 83 c4 20 5d c3 cc 40 55 48 8b
0x00007ff887716a57:   ea 48 8b 01 33 c9 81 38 05 00 00 c0 0f 94 c1 8b
0x00007ff887716a67:   c1 5d c3 cc 40 55 48 83 ec 20 48 8b ea 8a 4d 40
0x00007ff887716a77:   48 83 c4 20 5d e9 f7 d2 ff ff cc 40 55 48 83 ec
0x00007ff887716a87:   20 48 8b ea 8a 4d 20 e8 e5 d2 ff ff 90 48 83 c4
0x00007ff887716a97:   20 5d c3 cc 40 55 48 83 ec 20 48 8b ea 48 83 c4
0x00007ff887716aa7:   20 5d e9 46 d1 ff ff cc 40 55 48 83 ec 30 48 8b
0x00007ff887716ab7:   ea 48 8b 01 8b 10 48 89 4c 24 28 89 54 24 20 4c
0x00007ff887716ac7:   8d 0d e7 d5 ff ff 4c 8b 45 70 8b 55 68 48 8b 4d
0x00007ff887716ad7:   60 e8 87 d0 ff ff 90 48 83 c4 30 5d c3 cc cc cc
0x00007ff887716ae7:   cc cc cc cc cc cc cc cc cc 40 53 48 83 ec 20 48
0x00007ff887716af7:   8b 1d 33 30 01 00 48 85 db 74 16 e8 09 8b ff ff
0x00007ff887716b07:   4c 8b 00 48 8b d3 48 8b c8 41 ff 90 b0 00 00 00
0x00007ff887716b17:   90 48 83 c4 20 5b c3 cc cc 40 53 48 83 ec 20 48
0x00007ff887716b27:   8b 1d ab 31 01 00 48 85 db 74 57 b8 ff ff ff ff
0x00007ff887716b37:   f0 0f c1 43 10 83 f8 01 75 3d 48 85 db 74 38 48
0x00007ff887716b47:   8b 0b 48 85 c9 74 0d ff 15 54 07 00 00 48 c7 03
0x00007ff887716b57:   00 00 00 00 48 8b 4b 08 48 85 c9 74 0d e8 a7 cd
0x00007ff887716b67:   ff ff 48 c7 43 08 00 00 00 00 ba 18 00 00 00 48
0x00007ff887716b77:   8b cb e8 92 cd ff ff 48 c7 05 4f 31 01 00 00 00
0x00007ff887716b87:   00 00 48 83 c4 20 5b c3 cc 40 53 48 83 ec 20 48
0x00007ff887716b97:   8b 1d 1b 31 01 00 48 85 db 74 57 b8 ff ff ff ff
0x00007ff887716ba7:   f0 0f c1 43 10 83 f8 01 75 3d 48 85 db 74 38 48
0x00007ff887716bb7:   8b 0b 48 85 c9 74 0d ff 15 e4 06 00 00 48 c7 03
0x00007ff887716bc7:   00 00 00 00 48 8b 4b 08 48 85 c9 74 0d e8 37 cd
0x00007ff887716bd7:   ff ff 48 c7 43 08 00 00 00 00 ba 18 00 00 00 48
0x00007ff887716be7:   8b cb e8 22 cd ff ff 48 c7 05 bf 30 01 00 00 00
0x00007ff887716bf7:   00 00 48 83 c4 20 5b c3 cc 40 53 48 83 ec 20 48 


Stack slot to memory mapping:

stack at sp + 0 slots: 0x0 is null
stack at sp + 1 slots: 0x0000005d3fbff2a8 points into unknown readable memory: 0x0000005d3fbff290 | 90 f2 bf 3f 5d 00 00 00
stack at sp + 2 slots: 0x00007ff867adb760 jvm.dll
stack at sp + 3 slots: 0x00007ff8877143d4 glass.dll
stack at sp + 4 slots: 0x000001d3ce299bb8 points into unknown readable memory: 0x000057ce1b8b18cc | cc 18 8b 1b ce 57 00 00
stack at sp + 5 slots: 0x00007ff8a3863a93 ucrtbase.dll
stack at sp + 6 slots: 0x000001d3ce299bb0 points into unknown readable memory: 0x07ffdfb90865d8cc | cc d8 65 08 b9 df ff 07
stack at sp + 7 slots: 0x000001d300000000 is an unknown value

VM_Operation (0x0000005d3f2fef90): Exit, mode: safepoint, requested by thread 0x000001d3cf5d4a70


---------------  P R O C E S S  ---------------

Threads class SMR info:
_java_thread_list=0x000001d3ce0ce600, length=20, elements={
0x000001d3dff1c2c0, 0x000001d3c9020c10, 0x000001d3c90228e0, 0x000001d3c9024a10,
0x000001d3c90276b0, 0x000001d3c9033ff0, 0x000001d3c9029580, 0x000001d3c9029c40,
0x000001d3c9154310, 0x000001d3ce38c490, 0x000001d3c9b41ed0, 0x000001d3ce36bd60,
0x000001d3c9be4e30, 0x000001d3ce355770, 0x000001d3ce620e30, 0x000001d3ce61f390,
0x000001d3cf5d3030, 0x000001d3cf5d43e0, 0x000001d3cf5d1c80, 0x000001d3cf5d4a70
}

Java Threads: ( => current thread )
  0x000001d3dff1c2c0 JavaThread "main"                              [_thread_blocked, id=2284, stack(0x0000005d3f400000,0x0000005d3f500000) (1024K)]
  0x000001d3c9020c10 JavaThread "Reference Handler"          daemon [_thread_blocked, id=10740, stack(0x0000005d3fc00000,0x0000005d3fd00000) (1024K)]
  0x000001d3c90228e0 JavaThread "Finalizer"                  daemon [_thread_blocked, id=3420, stack(0x0000005d3fd00000,0x0000005d3fe00000) (1024K)]
  0x000001d3c9024a10 JavaThread "Attach Listener"            daemon [_thread_blocked, id=12744, stack(0x0000005d3ff00000,0x0000005d40000000) (1024K)]
  0x000001d3c90276b0 JavaThread "Service Thread"             daemon [_thread_blocked, id=9416, stack(0x0000005d40000000,0x0000005d40100000) (1024K)]
  0x000001d3c9033ff0 JavaThread "Monitor Deflation Thread"   daemon [_thread_blocked, id=3664, stack(0x0000005d40100000,0x0000005d40200000) (1024K)]
  0x000001d3c9029580 JavaThread "C2 CompilerThread0"         daemon [_thread_blocked, id=3636, stack(0x0000005d40200000,0x0000005d40300000) (1024K)]
  0x000001d3c9029c40 JavaThread "C1 CompilerThread0"         daemon [_thread_blocked, id=4260, stack(0x0000005d40300000,0x0000005d40400000) (1024K)]
  0x000001d3c9154310 JavaThread "Common-Cleaner"             daemon [_thread_blocked, id=14208, stack(0x0000005d40400000,0x0000005d40500000) (1024K)]
  0x000001d3ce38c490 JavaThread "Monitor Ctrl-Break"         daemon [_thread_in_native, id=14072, stack(0x0000005d40700000,0x0000005d40800000) (1024K)]
  0x000001d3c9b41ed0 JavaThread "Notification Thread"        daemon [_thread_blocked, id=14448, stack(0x0000005d40800000,0x0000005d40900000) (1024K)]
  0x000001d3ce36bd60 JavaThread "QuantumRenderer-0"          daemon [_thread_blocked, id=6000, stack(0x0000005d40900000,0x0000005d40a00000) (1024K)]
  0x000001d3c9be4e30 JavaThread "InvokeLaterDispatcher"      daemon [_thread_blocked, id=16176, stack(0x0000005d40a00000,0x0000005d40b00000) (1024K)]
  0x000001d3ce355770 JavaThread "JavaFX Application Thread"         [_thread_in_native, id=2444, stack(0x0000005d40b00000,0x0000005d40c00000) (1024K)]
  0x000001d3ce620e30 JavaThread "Thread-1"                   daemon [_thread_in_native, id=16964, stack(0x0000005d40e00000,0x0000005d40f00000) (1024K)]
  0x000001d3ce61f390 JavaThread "JavaFX-Launcher"                   [_thread_blocked, id=14292, stack(0x0000005d40f00000,0x0000005d41000000) (1024K)]
  0x000001d3cf5d3030 JavaThread "Prism Font Disposer"        daemon [_thread_blocked, id=16840, stack(0x0000005d41d00000,0x0000005d41e00000) (1024K)]
  0x000001d3cf5d43e0 JavaThread "mysql-cj-abandoned-connection-cleanup" daemon [_thread_blocked, id=16764, stack(0x0000005d40500000,0x0000005d40600000) (1024K)]
  0x000001d3cf5d1c80 JavaThread "Cleaner-0"                  daemon [_thread_blocked, id=10764, stack(0x0000005d41e00000,0x0000005d41f00000) (1024K)]
  0x000001d3cf5d4a70 JavaThread "SIGINT handler"             daemon [_thread_blocked, id=4444, stack(0x0000005d3f200000,0x0000005d3f300000) (1024K)]
Total: 20

Other Threads:
=>0x000001d3c900a420 VMThread "VM Thread"                           [id=9532, stack(0x0000005d3fb00000,0x0000005d3fc00000) (1024K)]
  0x000001d3dff83a20 WorkerThread "GC Thread#0"                     [id=14256, stack(0x0000005d3f500000,0x0000005d3f600000) (1024K)]
  0x000001d3ce6ac980 WorkerThread "GC Thread#1"                     [id=11864, stack(0x0000005d41000000,0x0000005d41100000) (1024K)]
  0x000001d3cf070350 WorkerThread "GC Thread#2"                     [id=5652, stack(0x0000005d41100000,0x0000005d41200000) (1024K)]
  0x000001d3cf070700 WorkerThread "GC Thread#3"                     [id=11152, stack(0x0000005d41200000,0x0000005d41300000) (1024K)]
  0x000001d3cf070eb0 WorkerThread "GC Thread#4"                     [id=1392, stack(0x0000005d41300000,0x0000005d41400000) (1024K)]
  0x000001d3ceffb2a0 WorkerThread "GC Thread#5"                     [id=14384, stack(0x0000005d41400000,0x0000005d41500000) (1024K)]
  0x000001d3ceffb650 WorkerThread "GC Thread#6"                     [id=14036, stack(0x0000005d41500000,0x0000005d41600000) (1024K)]
  0x000001d3ceffc210 WorkerThread "GC Thread#7"                     [id=16640, stack(0x0000005d41600000,0x0000005d41700000) (1024K)]
  0x000001d3cf004b00 WorkerThread "GC Thread#8"                     [id=16432, stack(0x0000005d41700000,0x0000005d41800000) (1024K)]
  0x000001d3cf005260 WorkerThread "GC Thread#9"                     [id=2840, stack(0x0000005d41800000,0x0000005d41900000) (1024K)]
  0x000001d3dff98910 ConcurrentGCThread "G1 Main Marker"            terminated
  0x000001d3dff99bc0 WorkerThread "G1 Conc#0"                       [id=12560, stack(0x0000005d3f700000,0x0000005d3f800000) (1024K)]
  0x000001d3dffde750 ConcurrentGCThread "G1 Refine#0"               terminated
  0x000001d3f9dc5370 ConcurrentGCThread "G1 Service"                terminated
Total: 15

Threads with active compile tasks:
Total: 0

VM state: at safepoint (shutting down)

VM Mutex/Monitor currently owned by a thread:  ([mutex/lock_event])
[0x00007ff867ab3910] Threads_lock - owner thread: 0x000001d3c900a420
[0x00007ff867ab3a10] Heap_lock - owner thread: 0x000001d3cf5d4a70

Heap address: 0x0000000604c00000, size: 8116 MB, Compressed Oops mode: Zero based, Oop shift amount: 3

CDS archive(s) mapped at: [0x000001d388000000-0x000001d388d70000-0x000001d388d70000), size 14090240, SharedBaseAddress: 0x000001d388000000, ArchiveRelocationMode: 1.
Compressed class space mapped at: 0x000001d389000000-0x000001d3c9000000, reserved size: 1073741824
Narrow klass base: 0x000001d388000000, Narrow klass shift: 0, Narrow klass range: 0x41000000

GC Precious Log:
 CardTable entry size: 512
 Card Set container configuration: InlinePtr #cards 4 size 8 Array Of Cards #cards 32 size 80 Howl #buckets 8 coarsen threshold 7372 Howl Bitmap #cards 1024 size 144 coarsen threshold 921 Card regions per heap region 1 cards per card region 8192
 CPUs: 12 total, 12 available
 Memory: 32457M
 Large Page Support: Disabled
 NUMA Support: Disabled
 Compressed Oops: Enabled (Zero based)
 Heap Region Size: 4M
 Heap Min Capacity: 8M
 Heap Initial Capacity: 508M
 Heap Max Capacity: 8116M
 Pre-touch: Disabled
 Parallel Workers: 10
 Concurrent Workers: 3
 Concurrent Refinement Workers: 10
 Periodic GC: Disabled

Heap:
 garbage-first heap   total reserved 8310784K, committed 520192K, used 51653K [0x0000000604c00000, 0x0000000800000000)
  region size 4096K, 13 young (53248K), 1 survivors (4096K)
 Metaspace       used 21115K, committed 21504K, reserved 1114112K
  class space    used 2979K, committed 3200K, reserved 1048576K

Heap Regions: E=young(eden), S=young(survivor), O=old, HS=humongous(starts), HC=humongous(continues), CS=collection set, F=free, TAMS=top-at-mark-start, PB=parsable bottom
|   0|0x0000000604c00000, 0x0000000604ec7f78, 0x0000000605000000| 69%| O|  |TAMS 0x0000000604c00000| PB 0x0000000604c00000| Untracked |  0
|   1|0x0000000605000000, 0x0000000605000000, 0x0000000605400000|  0%| F|  |TAMS 0x0000000605000000| PB 0x0000000605000000| Untracked |  0
|   2|0x0000000605400000, 0x0000000605400000, 0x0000000605800000|  0%| F|  |TAMS 0x0000000605400000| PB 0x0000000605400000| Untracked |  0
|   3|0x0000000605800000, 0x0000000605800000, 0x0000000605c00000|  0%| F|  |TAMS 0x0000000605800000| PB 0x0000000605800000| Untracked |  0
|   4|0x0000000605c00000, 0x0000000605c00000, 0x0000000606000000|  0%| F|  |TAMS 0x0000000605c00000| PB 0x0000000605c00000| Untracked |  0
|   5|0x0000000606000000, 0x0000000606000000, 0x0000000606400000|  0%| F|  |TAMS 0x0000000606000000| PB 0x0000000606000000| Untracked |  0
|   6|0x0000000606400000, 0x0000000606400000, 0x0000000606800000|  0%| F|  |TAMS 0x0000000606400000| PB 0x0000000606400000| Untracked |  0
|   7|0x0000000606800000, 0x0000000606800000, 0x0000000606c00000|  0%| F|  |TAMS 0x0000000606800000| PB 0x0000000606800000| Untracked |  0
|   8|0x0000000606c00000, 0x0000000606c00000, 0x0000000607000000|  0%| F|  |TAMS 0x0000000606c00000| PB 0x0000000606c00000| Untracked |  0
|   9|0x0000000607000000, 0x0000000607000000, 0x0000000607400000|  0%| F|  |TAMS 0x0000000607000000| PB 0x0000000607000000| Untracked |  0
|  10|0x0000000607400000, 0x0000000607400000, 0x0000000607800000|  0%| F|  |TAMS 0x0000000607400000| PB 0x0000000607400000| Untracked |  0
|  11|0x0000000607800000, 0x0000000607800000, 0x0000000607c00000|  0%| F|  |TAMS 0x0000000607800000| PB 0x0000000607800000| Untracked |  0
|  12|0x0000000607c00000, 0x0000000607c00000, 0x0000000608000000|  0%| F|  |TAMS 0x0000000607c00000| PB 0x0000000607c00000| Untracked |  0
|  13|0x0000000608000000, 0x0000000608000000, 0x0000000608400000|  0%| F|  |TAMS 0x0000000608000000| PB 0x0000000608000000| Untracked |  0
|  14|0x0000000608400000, 0x0000000608400000, 0x0000000608800000|  0%| F|  |TAMS 0x0000000608400000| PB 0x0000000608400000| Untracked |  0
|  15|0x0000000608800000, 0x0000000608800000, 0x0000000608c00000|  0%| F|  |TAMS 0x0000000608800000| PB 0x0000000608800000| Untracked |  0
|  16|0x0000000608c00000, 0x0000000608c00000, 0x0000000609000000|  0%| F|  |TAMS 0x0000000608c00000| PB 0x0000000608c00000| Untracked |  0
|  17|0x0000000609000000, 0x0000000609000000, 0x0000000609400000|  0%| F|  |TAMS 0x0000000609000000| PB 0x0000000609000000| Untracked |  0
|  18|0x0000000609400000, 0x0000000609400000, 0x0000000609800000|  0%| F|  |TAMS 0x0000000609400000| PB 0x0000000609400000| Untracked |  0
|  19|0x0000000609800000, 0x0000000609800000, 0x0000000609c00000|  0%| F|  |TAMS 0x0000000609800000| PB 0x0000000609800000| Untracked |  0
|  20|0x0000000609c00000, 0x0000000609c00000, 0x000000060a000000|  0%| F|  |TAMS 0x0000000609c00000| PB 0x0000000609c00000| Untracked |  0
|  21|0x000000060a000000, 0x000000060a000000, 0x000000060a400000|  0%| F|  |TAMS 0x000000060a000000| PB 0x000000060a000000| Untracked |  0
|  22|0x000000060a400000, 0x000000060a400000, 0x000000060a800000|  0%| F|  |TAMS 0x000000060a400000| PB 0x000000060a400000| Untracked |  0
|  23|0x000000060a800000, 0x000000060a800000, 0x000000060ac00000|  0%| F|  |TAMS 0x000000060a800000| PB 0x000000060a800000| Untracked |  0
|  24|0x000000060ac00000, 0x000000060ac00000, 0x000000060b000000|  0%| F|  |TAMS 0x000000060ac00000| PB 0x000000060ac00000| Untracked |  0
|  25|0x000000060b000000, 0x000000060b000000, 0x000000060b400000|  0%| F|  |TAMS 0x000000060b000000| PB 0x000000060b000000| Untracked |  0
|  26|0x000000060b400000, 0x000000060b400000, 0x000000060b800000|  0%| F|  |TAMS 0x000000060b400000| PB 0x000000060b400000| Untracked |  0
|  27|0x000000060b800000, 0x000000060b800000, 0x000000060bc00000|  0%| F|  |TAMS 0x000000060b800000| PB 0x000000060b800000| Untracked |  0
|  28|0x000000060bc00000, 0x000000060bc00000, 0x000000060c000000|  0%| F|  |TAMS 0x000000060bc00000| PB 0x000000060bc00000| Untracked |  0
|  29|0x000000060c000000, 0x000000060c000000, 0x000000060c400000|  0%| F|  |TAMS 0x000000060c000000| PB 0x000000060c000000| Untracked |  0
|  30|0x000000060c400000, 0x000000060c400000, 0x000000060c800000|  0%| F|  |TAMS 0x000000060c400000| PB 0x000000060c400000| Untracked |  0
|  31|0x000000060c800000, 0x000000060c800000, 0x000000060cc00000|  0%| F|  |TAMS 0x000000060c800000| PB 0x000000060c800000| Untracked |  0
|  32|0x000000060cc00000, 0x000000060cc00000, 0x000000060d000000|  0%| F|  |TAMS 0x000000060cc00000| PB 0x000000060cc00000| Untracked |  0
|  33|0x000000060d000000, 0x000000060d000000, 0x000000060d400000|  0%| F|  |TAMS 0x000000060d000000| PB 0x000000060d000000| Untracked |  0
|  34|0x000000060d400000, 0x000000060d400000, 0x000000060d800000|  0%| F|  |TAMS 0x000000060d400000| PB 0x000000060d400000| Untracked |  0
|  35|0x000000060d800000, 0x000000060d800000, 0x000000060dc00000|  0%| F|  |TAMS 0x000000060d800000| PB 0x000000060d800000| Untracked |  0
|  36|0x000000060dc00000, 0x000000060dc00000, 0x000000060e000000|  0%| F|  |TAMS 0x000000060dc00000| PB 0x000000060dc00000| Untracked |  0
|  37|0x000000060e000000, 0x000000060e000000, 0x000000060e400000|  0%| F|  |TAMS 0x000000060e000000| PB 0x000000060e000000| Untracked |  0
|  38|0x000000060e400000, 0x000000060e400000, 0x000000060e800000|  0%| F|  |TAMS 0x000000060e400000| PB 0x000000060e400000| Untracked |  0
|  39|0x000000060e800000, 0x000000060e800000, 0x000000060ec00000|  0%| F|  |TAMS 0x000000060e800000| PB 0x000000060e800000| Untracked |  0
|  40|0x000000060ec00000, 0x000000060ec00000, 0x000000060f000000|  0%| F|  |TAMS 0x000000060ec00000| PB 0x000000060ec00000| Untracked |  0
|  41|0x000000060f000000, 0x000000060f000000, 0x000000060f400000|  0%| F|  |TAMS 0x000000060f000000| PB 0x000000060f000000| Untracked |  0
|  42|0x000000060f400000, 0x000000060f400000, 0x000000060f800000|  0%| F|  |TAMS 0x000000060f400000| PB 0x000000060f400000| Untracked |  0
|  43|0x000000060f800000, 0x000000060f800000, 0x000000060fc00000|  0%| F|  |TAMS 0x000000060f800000| PB 0x000000060f800000| Untracked |  0
|  44|0x000000060fc00000, 0x000000060fc00000, 0x0000000610000000|  0%| F|  |TAMS 0x000000060fc00000| PB 0x000000060fc00000| Untracked |  0
|  45|0x0000000610000000, 0x0000000610000000, 0x0000000610400000|  0%| F|  |TAMS 0x0000000610000000| PB 0x0000000610000000| Untracked |  0
|  46|0x0000000610400000, 0x0000000610400000, 0x0000000610800000|  0%| F|  |TAMS 0x0000000610400000| PB 0x0000000610400000| Untracked |  0
|  47|0x0000000610800000, 0x0000000610800000, 0x0000000610c00000|  0%| F|  |TAMS 0x0000000610800000| PB 0x0000000610800000| Untracked |  0
|  48|0x0000000610c00000, 0x0000000610c00000, 0x0000000611000000|  0%| F|  |TAMS 0x0000000610c00000| PB 0x0000000610c00000| Untracked |  0
|  49|0x0000000611000000, 0x0000000611000000, 0x0000000611400000|  0%| F|  |TAMS 0x0000000611000000| PB 0x0000000611000000| Untracked |  0
|  50|0x0000000611400000, 0x0000000611400000, 0x0000000611800000|  0%| F|  |TAMS 0x0000000611400000| PB 0x0000000611400000| Untracked |  0
|  51|0x0000000611800000, 0x0000000611800000, 0x0000000611c00000|  0%| F|  |TAMS 0x0000000611800000| PB 0x0000000611800000| Untracked |  0
|  52|0x0000000611c00000, 0x0000000611c00000, 0x0000000612000000|  0%| F|  |TAMS 0x0000000611c00000| PB 0x0000000611c00000| Untracked |  0
|  53|0x0000000612000000, 0x0000000612000000, 0x0000000612400000|  0%| F|  |TAMS 0x0000000612000000| PB 0x0000000612000000| Untracked |  0
|  54|0x0000000612400000, 0x0000000612400000, 0x0000000612800000|  0%| F|  |TAMS 0x0000000612400000| PB 0x0000000612400000| Untracked |  0
|  55|0x0000000612800000, 0x0000000612800000, 0x0000000612c00000|  0%| F|  |TAMS 0x0000000612800000| PB 0x0000000612800000| Untracked |  0
|  56|0x0000000612c00000, 0x0000000612c00000, 0x0000000613000000|  0%| F|  |TAMS 0x0000000612c00000| PB 0x0000000612c00000| Untracked |  0
|  57|0x0000000613000000, 0x0000000613000000, 0x0000000613400000|  0%| F|  |TAMS 0x0000000613000000| PB 0x0000000613000000| Untracked |  0
|  58|0x0000000613400000, 0x0000000613400000, 0x0000000613800000|  0%| F|  |TAMS 0x0000000613400000| PB 0x0000000613400000| Untracked |  0
|  59|0x0000000613800000, 0x0000000613800000, 0x0000000613c00000|  0%| F|  |TAMS 0x0000000613800000| PB 0x0000000613800000| Untracked |  0
|  60|0x0000000613c00000, 0x0000000613c00000, 0x0000000614000000|  0%| F|  |TAMS 0x0000000613c00000| PB 0x0000000613c00000| Untracked |  0
|  61|0x0000000614000000, 0x0000000614000000, 0x0000000614400000|  0%| F|  |TAMS 0x0000000614000000| PB 0x0000000614000000| Untracked |  0
|  62|0x0000000614400000, 0x0000000614400000, 0x0000000614800000|  0%| F|  |TAMS 0x0000000614400000| PB 0x0000000614400000| Untracked |  0
|  63|0x0000000614800000, 0x0000000614800000, 0x0000000614c00000|  0%| F|  |TAMS 0x0000000614800000| PB 0x0000000614800000| Untracked |  0
|  64|0x0000000614c00000, 0x0000000614c00000, 0x0000000615000000|  0%| F|  |TAMS 0x0000000614c00000| PB 0x0000000614c00000| Untracked |  0
|  65|0x0000000615000000, 0x0000000615000000, 0x0000000615400000|  0%| F|  |TAMS 0x0000000615000000| PB 0x0000000615000000| Untracked |  0
|  66|0x0000000615400000, 0x0000000615400000, 0x0000000615800000|  0%| F|  |TAMS 0x0000000615400000| PB 0x0000000615400000| Untracked |  0
|  67|0x0000000615800000, 0x0000000615800000, 0x0000000615c00000|  0%| F|  |TAMS 0x0000000615800000| PB 0x0000000615800000| Untracked |  0
|  68|0x0000000615c00000, 0x0000000615c00000, 0x0000000616000000|  0%| F|  |TAMS 0x0000000615c00000| PB 0x0000000615c00000| Untracked |  0
|  69|0x0000000616000000, 0x0000000616000000, 0x0000000616400000|  0%| F|  |TAMS 0x0000000616000000| PB 0x0000000616000000| Untracked |  0
|  70|0x0000000616400000, 0x0000000616400000, 0x0000000616800000|  0%| F|  |TAMS 0x0000000616400000| PB 0x0000000616400000| Untracked |  0
|  71|0x0000000616800000, 0x0000000616800000, 0x0000000616c00000|  0%| F|  |TAMS 0x0000000616800000| PB 0x0000000616800000| Untracked |  0
|  72|0x0000000616c00000, 0x0000000616c00000, 0x0000000617000000|  0%| F|  |TAMS 0x0000000616c00000| PB 0x0000000616c00000| Untracked |  0
|  73|0x0000000617000000, 0x0000000617000000, 0x0000000617400000|  0%| F|  |TAMS 0x0000000617000000| PB 0x0000000617000000| Untracked |  0
|  74|0x0000000617400000, 0x0000000617400000, 0x0000000617800000|  0%| F|  |TAMS 0x0000000617400000| PB 0x0000000617400000| Untracked |  0
|  75|0x0000000617800000, 0x0000000617800000, 0x0000000617c00000|  0%| F|  |TAMS 0x0000000617800000| PB 0x0000000617800000| Untracked |  0
|  76|0x0000000617c00000, 0x0000000617c00000, 0x0000000618000000|  0%| F|  |TAMS 0x0000000617c00000| PB 0x0000000617c00000| Untracked |  0
|  77|0x0000000618000000, 0x0000000618000000, 0x0000000618400000|  0%| F|  |TAMS 0x0000000618000000| PB 0x0000000618000000| Untracked |  0
|  78|0x0000000618400000, 0x0000000618400000, 0x0000000618800000|  0%| F|  |TAMS 0x0000000618400000| PB 0x0000000618400000| Untracked |  0
|  79|0x0000000618800000, 0x0000000618800000, 0x0000000618c00000|  0%| F|  |TAMS 0x0000000618800000| PB 0x0000000618800000| Untracked |  0
|  80|0x0000000618c00000, 0x0000000618c00000, 0x0000000619000000|  0%| F|  |TAMS 0x0000000618c00000| PB 0x0000000618c00000| Untracked |  0
|  81|0x0000000619000000, 0x0000000619000000, 0x0000000619400000|  0%| F|  |TAMS 0x0000000619000000| PB 0x0000000619000000| Untracked |  0
|  82|0x0000000619400000, 0x0000000619400000, 0x0000000619800000|  0%| F|  |TAMS 0x0000000619400000| PB 0x0000000619400000| Untracked |  0
|  83|0x0000000619800000, 0x0000000619800000, 0x0000000619c00000|  0%| F|  |TAMS 0x0000000619800000| PB 0x0000000619800000| Untracked |  0
|  84|0x0000000619c00000, 0x0000000619c00000, 0x000000061a000000|  0%| F|  |TAMS 0x0000000619c00000| PB 0x0000000619c00000| Untracked |  0
|  85|0x000000061a000000, 0x000000061a000000, 0x000000061a400000|  0%| F|  |TAMS 0x000000061a000000| PB 0x000000061a000000| Untracked |  0
|  86|0x000000061a400000, 0x000000061a400000, 0x000000061a800000|  0%| F|  |TAMS 0x000000061a400000| PB 0x000000061a400000| Untracked |  0
|  87|0x000000061a800000, 0x000000061a800000, 0x000000061ac00000|  0%| F|  |TAMS 0x000000061a800000| PB 0x000000061a800000| Untracked |  0
|  88|0x000000061ac00000, 0x000000061ac00000, 0x000000061b000000|  0%| F|  |TAMS 0x000000061ac00000| PB 0x000000061ac00000| Untracked |  0
|  89|0x000000061b000000, 0x000000061b000000, 0x000000061b400000|  0%| F|  |TAMS 0x000000061b000000| PB 0x000000061b000000| Untracked |  0
|  90|0x000000061b400000, 0x000000061b400000, 0x000000061b800000|  0%| F|  |TAMS 0x000000061b400000| PB 0x000000061b400000| Untracked |  0
|  91|0x000000061b800000, 0x000000061b800000, 0x000000061bc00000|  0%| F|  |TAMS 0x000000061b800000| PB 0x000000061b800000| Untracked |  0
|  92|0x000000061bc00000, 0x000000061bc00000, 0x000000061c000000|  0%| F|  |TAMS 0x000000061bc00000| PB 0x000000061bc00000| Untracked |  0
|  93|0x000000061c000000, 0x000000061c000000, 0x000000061c400000|  0%| F|  |TAMS 0x000000061c000000| PB 0x000000061c000000| Untracked |  0
|  94|0x000000061c400000, 0x000000061c400000, 0x000000061c800000|  0%| F|  |TAMS 0x000000061c400000| PB 0x000000061c400000| Untracked |  0
|  95|0x000000061c800000, 0x000000061c800000, 0x000000061cc00000|  0%| F|  |TAMS 0x000000061c800000| PB 0x000000061c800000| Untracked |  0
|  96|0x000000061cc00000, 0x000000061cc00000, 0x000000061d000000|  0%| F|  |TAMS 0x000000061cc00000| PB 0x000000061cc00000| Untracked |  0
|  97|0x000000061d000000, 0x000000061d000000, 0x000000061d400000|  0%| F|  |TAMS 0x000000061d000000| PB 0x000000061d000000| Untracked |  0
|  98|0x000000061d400000, 0x000000061d400000, 0x000000061d800000|  0%| F|  |TAMS 0x000000061d400000| PB 0x000000061d400000| Untracked |  0
|  99|0x000000061d800000, 0x000000061d800000, 0x000000061dc00000|  0%| F|  |TAMS 0x000000061d800000| PB 0x000000061d800000| Untracked |  0
| 100|0x000000061dc00000, 0x000000061dc00000, 0x000000061e000000|  0%| F|  |TAMS 0x000000061dc00000| PB 0x000000061dc00000| Untracked |  0
| 101|0x000000061e000000, 0x000000061e000000, 0x000000061e400000|  0%| F|  |TAMS 0x000000061e000000| PB 0x000000061e000000| Untracked |  0
| 102|0x000000061e400000, 0x000000061e400000, 0x000000061e800000|  0%| F|  |TAMS 0x000000061e400000| PB 0x000000061e400000| Untracked |  0
| 103|0x000000061e800000, 0x000000061e800000, 0x000000061ec00000|  0%| F|  |TAMS 0x000000061e800000| PB 0x000000061e800000| Untracked |  0
| 104|0x000000061ec00000, 0x000000061ec00000, 0x000000061f000000|  0%| F|  |TAMS 0x000000061ec00000| PB 0x000000061ec00000| Untracked |  0
| 105|0x000000061f000000, 0x000000061f000000, 0x000000061f400000|  0%| F|  |TAMS 0x000000061f000000| PB 0x000000061f000000| Untracked |  0
| 106|0x000000061f400000, 0x000000061f400000, 0x000000061f800000|  0%| F|  |TAMS 0x000000061f400000| PB 0x000000061f400000| Untracked |  0
| 107|0x000000061f800000, 0x000000061f800000, 0x000000061fc00000|  0%| F|  |TAMS 0x000000061f800000| PB 0x000000061f800000| Untracked |  0
| 108|0x000000061fc00000, 0x000000061fc00000, 0x0000000620000000|  0%| F|  |TAMS 0x000000061fc00000| PB 0x000000061fc00000| Untracked |  0
| 109|0x0000000620000000, 0x0000000620000000, 0x0000000620400000|  0%| F|  |TAMS 0x0000000620000000| PB 0x0000000620000000| Untracked |  0
| 110|0x0000000620400000, 0x0000000620400000, 0x0000000620800000|  0%| F|  |TAMS 0x0000000620400000| PB 0x0000000620400000| Untracked |  0
| 111|0x0000000620800000, 0x0000000620800000, 0x0000000620c00000|  0%| F|  |TAMS 0x0000000620800000| PB 0x0000000620800000| Untracked |  0
| 112|0x0000000620c00000, 0x0000000620c00000, 0x0000000621000000|  0%| F|  |TAMS 0x0000000620c00000| PB 0x0000000620c00000| Untracked |  0
| 113|0x0000000621000000, 0x0000000621000000, 0x0000000621400000|  0%| F|  |TAMS 0x0000000621000000| PB 0x0000000621000000| Untracked |  0
| 114|0x0000000621400000, 0x0000000621526f68, 0x0000000621800000| 28%| E|  |TAMS 0x0000000621400000| PB 0x0000000621400000| Complete |  0
| 115|0x0000000621800000, 0x0000000621c00000, 0x0000000621c00000|100%| E|CS|TAMS 0x0000000621800000| PB 0x0000000621800000| Complete |  0
| 116|0x0000000621c00000, 0x0000000622000000, 0x0000000622000000|100%| E|CS|TAMS 0x0000000621c00000| PB 0x0000000621c00000| Complete |  0
| 117|0x0000000622000000, 0x0000000622400000, 0x0000000622400000|100%| E|CS|TAMS 0x0000000622000000| PB 0x0000000622000000| Complete |  0
| 118|0x0000000622400000, 0x0000000622800000, 0x0000000622800000|100%| E|CS|TAMS 0x0000000622400000| PB 0x0000000622400000| Complete |  0
| 119|0x0000000622800000, 0x0000000622ba9600, 0x0000000622c00000| 91%| S|CS|TAMS 0x0000000622800000| PB 0x0000000622800000| Complete |  0
| 120|0x0000000622c00000, 0x0000000623000000, 0x0000000623000000|100%| E|CS|TAMS 0x0000000622c00000| PB 0x0000000622c00000| Complete |  0
| 121|0x0000000623000000, 0x0000000623400000, 0x0000000623400000|100%| E|CS|TAMS 0x0000000623000000| PB 0x0000000623000000| Complete |  0
| 122|0x0000000623400000, 0x0000000623800000, 0x0000000623800000|100%| E|CS|TAMS 0x0000000623400000| PB 0x0000000623400000| Complete |  0
| 123|0x0000000623800000, 0x0000000623c00000, 0x0000000623c00000|100%| E|CS|TAMS 0x0000000623800000| PB 0x0000000623800000| Complete |  0
| 124|0x0000000623c00000, 0x0000000624000000, 0x0000000624000000|100%| E|CS|TAMS 0x0000000623c00000| PB 0x0000000623c00000| Complete |  0
| 125|0x0000000624000000, 0x0000000624400000, 0x0000000624400000|100%| E|CS|TAMS 0x0000000624000000| PB 0x0000000624000000| Complete |  0
| 126|0x0000000624400000, 0x0000000624800000, 0x0000000624800000|100%| E|CS|TAMS 0x0000000624400000| PB 0x0000000624400000| Complete |  0

Card table byte_map: [0x000001d3f8c90000,0x000001d3f9c70000] _byte_map_base: 0x000001d3f5c6a000

Marking Bits: (CMBitMap*) 0x000001d3dff84130
 Bits: [0x000001d380000000, 0x000001d387ed0000)

Polling page: 0x000001d3ddbd0000

Metaspace:

Usage:
  Non-class:     17.71 MB used.
      Class:      2.91 MB used.
       Both:     20.62 MB used.

Virtual space:
  Non-class space:       64.00 MB reserved,      17.88 MB ( 28%) committed,  1 nodes.
      Class space:        1.00 GB reserved,       3.12 MB ( <1%) committed,  1 nodes.
             Both:        1.06 GB reserved,      21.00 MB (  2%) committed. 

Chunk freelists:
   Non-Class:  13.62 MB
       Class:  12.86 MB
        Both:  26.48 MB

MaxMetaspaceSize: unlimited
CompressedClassSpaceSize: 1.00 GB
Initial GC threshold: 21.00 MB
Current GC threshold: 21.00 MB
CDS: on
 - commit_granule_bytes: 65536.
 - commit_granule_words: 8192.
 - virtual_space_node_default_size: 8388608.
 - enlarge_chunks_in_place: 1.
 - use_allocation_guard: 0.


Internal statistics:

num_allocs_failed_limit: 0.
num_arena_births: 422.
num_arena_deaths: 0.
num_vsnodes_births: 2.
num_vsnodes_deaths: 0.
num_space_committed: 336.
num_space_uncommitted: 0.
num_chunks_returned_to_freelist: 0.
num_chunks_taken_from_freelist: 1097.
num_chunk_merges: 0.
num_chunk_splits: 746.
num_chunks_enlarged: 523.
num_inconsistent_stats: 0.

CodeHeap 'non-profiled nmethods': size=120064Kb used=1281Kb max_used=1281Kb free=118782Kb
 bounds [0x000001d3f0110000, 0x000001d3f0380000, 0x000001d3f7650000]
CodeHeap 'profiled nmethods': size=120000Kb used=5203Kb max_used=5203Kb free=114796Kb
 bounds [0x000001d3e8650000, 0x000001d3e8b70000, 0x000001d3efb80000]
CodeHeap 'non-nmethods': size=5696Kb used=1873Kb max_used=1922Kb free=3822Kb
 bounds [0x000001d3efb80000, 0x000001d3efdf0000, 0x000001d3f0110000]
CodeCache: size=245760Kb, used=8357Kb, max_used=8406Kb, free=237400Kb
 total_blobs=4541, nmethods=3639, adapters=807, full_count=0
Compilation: enabled, stopped_count=0, restarted_count=0

Compilation events (20 events):
Event: 39.017 Thread 0x000001d3c9029c40 nmethod 3630 0x000001d3e8b60308 code [0x000001d3e8b60420, 0x000001d3e8b60540]
Event: 39.035 Thread 0x000001d3c9029580 nmethod 3614 0x000001d3f024db88 code [0x000001d3f024dce0, 0x000001d3f024e550]
Event: 39.035 Thread 0x000001d3c9029580 3629       4       java.util.Objects::equals (23 bytes)
Event: 39.036 Thread 0x000001d3c9029580 nmethod 3629 0x000001d3f024e608 code [0x000001d3f024e700, 0x000001d3f024e7a8]
Event: 40.067 Thread 0x000001d3c9029c40 3634       3       com.sun.javafx.tk.quantum.QuantumToolkit::isSupported (142 bytes)
Event: 40.069 Thread 0x000001d3c9029c40 nmethod 3634 0x000001d3e8b60608 code [0x000001d3e8b608a0, 0x000001d3e8b619b8]
Event: 40.093 Thread 0x000001d3c9029c40 3635       3       com.sun.javafx.scene.EnteredExitedHandler::dispatchBubblingEvent (204 bytes)
Event: 40.096 Thread 0x000001d3c9029c40 nmethod 3635 0x000001d3e8b61a88 code [0x000001d3e8b61e00, 0x000001d3e8b64208]
Event: 40.096 Thread 0x000001d3c9029c40 3636       3       com.sun.javafx.css.PseudoClassState::cast (6 bytes)
Event: 40.097 Thread 0x000001d3c9029c40 nmethod 3636 0x000001d3e8b64308 code [0x000001d3e8b64440, 0x000001d3e8b64778]
Event: 40.097 Thread 0x000001d3c9029c40 3637       3       com.sun.javafx.css.PseudoClassState::cast (21 bytes)
Event: 40.097 Thread 0x000001d3c9029c40 nmethod 3637 0x000001d3e8b64808 code [0x000001d3e8b64940, 0x000001d3e8b64c20]
Event: 50.224 Thread 0x000001d3c9029580 3638       4       javafx.scene.Node::localToScene (21 bytes)
Event: 50.242 Thread 0x000001d3c9029580 nmethod 3638 0x000001d3f024e908 code [0x000001d3f024eaa0, 0x000001d3f024f008]
Event: 86.118 Thread 0x000001d3c9029580 3639       4       com.sun.javafx.tk.quantum.QuantumToolkit::postPulse (133 bytes)
Event: 86.125 Thread 0x000001d3c9029580 nmethod 3639 0x000001d3f024f088 code [0x000001d3f024f200, 0x000001d3f024f930]
Event: 86.646 Thread 0x000001d3c9029580 3640       4       com.sun.javafx.tk.quantum.QuantumToolkit$$Lambda/0x000001d38903c7b8::run (8 bytes)
Event: 86.661 Thread 0x000001d3c9029580 nmethod 3640 0x000001d3f024fa08 code [0x000001d3f024fb80, 0x000001d3f02502d8]
Event: 91.866 Thread 0x000001d3c9029c40 3641       1       java.util.logging.LogManager$LoggerContext::getOwner (5 bytes)
Event: 91.866 Thread 0x000001d3c9029c40 nmethod 3641 0x000001d3f0250408 code [0x000001d3f0250520, 0x000001d3f02505f0]

GC Heap History (4 events):
Event: 0.706 GC heap before
{Heap before GC invocations=0 (full 0):
 garbage-first heap   total reserved 8310784K, committed 520192K, used 20480K [0x0000000604c00000, 0x0000000800000000)
  region size 4096K, 6 young (24576K), 0 survivors (0K)
 Metaspace       used 5120K, committed 5312K, reserved 1114112K
  class space    used 625K, committed 704K, reserved 1048576K
}
Event: 0.710 GC heap after
{Heap after GC invocations=1 (full 0):
 garbage-first heap   total reserved 8310784K, committed 520192K, used 2970K [0x0000000604c00000, 0x0000000800000000)
  region size 4096K, 1 young (4096K), 1 survivors (4096K)
 Metaspace       used 5120K, committed 5312K, reserved 1114112K
  class space    used 625K, committed 704K, reserved 1048576K
}
Event: 1.116 GC heap before
{Heap before GC invocations=1 (full 0):
 garbage-first heap   total reserved 8310784K, committed 520192K, used 27546K [0x0000000604c00000, 0x0000000800000000)
  region size 4096K, 7 young (28672K), 1 survivors (4096K)
 Metaspace       used 11494K, committed 11776K, reserved 1114112K
  class space    used 1553K, committed 1664K, reserved 1048576K
}
Event: 1.121 GC heap after
{Heap after GC invocations=2 (full 0):
 garbage-first heap   total reserved 8310784K, committed 520192K, used 6597K [0x0000000604c00000, 0x0000000800000000)
  region size 4096K, 1 young (4096K), 1 survivors (4096K)
 Metaspace       used 11494K, committed 11776K, reserved 1114112K
  class space    used 1553K, committed 1664K, reserved 1048576K
}

Dll operation events (20 events):
Event: 0.430 Loaded shared library C:\Users\admin\.openjfx\cache\17.0.6\api-ms-win-crt-locale-l1-1-0.dll
Event: 0.434 Loaded shared library C:\Users\admin\.openjfx\cache\17.0.6\api-ms-win-crt-math-l1-1-0.dll
Event: 0.437 Loaded shared library C:\Users\admin\.openjfx\cache\17.0.6\api-ms-win-crt-multibyte-l1-1-0.dll
Event: 0.442 Loaded shared library C:\Users\admin\.openjfx\cache\17.0.6\api-ms-win-crt-private-l1-1-0.dll
Event: 0.445 Loaded shared library C:\Users\admin\.openjfx\cache\17.0.6\api-ms-win-crt-process-l1-1-0.dll
Event: 0.448 Loaded shared library C:\Users\admin\.openjfx\cache\17.0.6\api-ms-win-crt-runtime-l1-1-0.dll
Event: 0.451 Loaded shared library C:\Users\admin\.openjfx\cache\17.0.6\api-ms-win-crt-stdio-l1-1-0.dll
Event: 0.455 Loaded shared library C:\Users\admin\.openjfx\cache\17.0.6\api-ms-win-crt-string-l1-1-0.dll
Event: 0.458 Loaded shared library C:\Users\admin\.openjfx\cache\17.0.6\api-ms-win-crt-time-l1-1-0.dll
Event: 0.461 Loaded shared library C:\Users\admin\.openjfx\cache\17.0.6\api-ms-win-crt-utility-l1-1-0.dll
Event: 0.477 Loaded shared library C:\Users\admin\.openjfx\cache\17.0.6\ucrtbase.dll
Event: 0.481 Loaded shared library C:\Users\admin\.openjfx\cache\17.0.6\vcruntime140.dll
Event: 0.484 Loaded shared library C:\Users\admin\.openjfx\cache\17.0.6\vcruntime140_1.dll
Event: 0.493 Loaded shared library C:\Users\admin\.openjfx\cache\17.0.6\msvcp140.dll
Event: 0.495 Loaded shared library C:\Users\admin\.openjfx\cache\17.0.6\msvcp140_1.dll
Event: 0.500 Loaded shared library C:\Users\admin\.openjfx\cache\17.0.6\msvcp140_2.dll
Event: 0.539 Loaded shared library C:\Users\admin\.openjfx\cache\17.0.6\prism_d3d.dll
Event: 0.570 Loaded shared library C:\Users\admin\.openjfx\cache\17.0.6\glass.dll
Event: 0.715 Loaded shared library C:\Program Files\Java\jdk-23\bin\jimage.dll
Event: 0.939 Loaded shared library C:\Users\admin\.openjfx\cache\17.0.6\javafx_font.dll

Deoptimization events (20 events):
Event: 35.359 Thread 0x000001d3ce36bd60 DEOPT PACKING pc=0x000001d3e8a8cd38 sp=0x0000005d409fd810
Event: 35.359 Thread 0x000001d3ce36bd60 DEOPT UNPACKING pc=0x000001d3efbd4b22 sp=0x0000005d409fcc68 mode 0
Event: 35.716 Thread 0x000001d3ce36bd60 DEOPT PACKING pc=0x000001d3e8a8cd59 sp=0x0000005d409fd810
Event: 35.716 Thread 0x000001d3ce36bd60 DEOPT UNPACKING pc=0x000001d3efbd4b22 sp=0x0000005d409fcc78 mode 0
Event: 35.718 Thread 0x000001d3ce36bd60 DEOPT PACKING pc=0x000001d3e8a8cd59 sp=0x0000005d409fd810
Event: 35.718 Thread 0x000001d3ce36bd60 DEOPT UNPACKING pc=0x000001d3efbd4b22 sp=0x0000005d409fcc78 mode 0
Event: 35.720 Thread 0x000001d3ce36bd60 DEOPT PACKING pc=0x000001d3e8a8ce16 sp=0x0000005d409fddb0
Event: 35.720 Thread 0x000001d3ce36bd60 DEOPT UNPACKING pc=0x000001d3efbd4b22 sp=0x0000005d409fd218 mode 0
Event: 35.721 Thread 0x000001d3ce36bd60 DEOPT PACKING pc=0x000001d3e8a8cd38 sp=0x0000005d409fddb0
Event: 35.721 Thread 0x000001d3ce36bd60 DEOPT UNPACKING pc=0x000001d3efbd4b22 sp=0x0000005d409fd208 mode 0
Event: 35.721 Thread 0x000001d3ce36bd60 DEOPT PACKING pc=0x000001d3e8a8cd38 sp=0x0000005d409fda40
Event: 35.721 Thread 0x000001d3ce36bd60 DEOPT UNPACKING pc=0x000001d3efbd4b22 sp=0x0000005d409fce98 mode 0
Event: 35.722 Thread 0x000001d3ce36bd60 DEOPT PACKING pc=0x000001d3e8a8ce16 sp=0x0000005d409fdb20
Event: 35.722 Thread 0x000001d3ce36bd60 DEOPT UNPACKING pc=0x000001d3efbd4b22 sp=0x0000005d409fcf88 mode 0
Event: 35.723 Thread 0x000001d3ce36bd60 DEOPT PACKING pc=0x000001d3e8a8cd38 sp=0x0000005d409fda40
Event: 35.723 Thread 0x000001d3ce36bd60 DEOPT UNPACKING pc=0x000001d3efbd4b22 sp=0x0000005d409fce98 mode 0
Event: 35.725 Thread 0x000001d3ce36bd60 DEOPT PACKING pc=0x000001d3e8a8cd38 sp=0x0000005d409fd8e0
Event: 35.725 Thread 0x000001d3ce36bd60 DEOPT UNPACKING pc=0x000001d3efbd4b22 sp=0x0000005d409fcd38 mode 0
Event: 35.725 Thread 0x000001d3ce36bd60 DEOPT PACKING pc=0x000001d3e8a8cd59 sp=0x0000005d409fd8e0
Event: 35.725 Thread 0x000001d3ce36bd60 DEOPT UNPACKING pc=0x000001d3efbd4b22 sp=0x0000005d409fcd48 mode 0

Classes loaded (20 events):
Event: 28.875 Loading class java/lang/invoke/DirectMethodHandle$StaticAccessor
Event: 28.876 Loading class java/lang/invoke/DirectMethodHandle$StaticAccessor done
Event: 28.901 Loading class java/lang/FdLibm$Atan2
Event: 28.901 Loading class java/lang/FdLibm$Atan2 done
Event: 34.023 Loading class java/io/SequenceInputStream
Event: 34.023 Loading class java/io/SequenceInputStream done
Event: 35.609 Loading class java/util/TimerTask
Event: 35.609 Loading class java/util/TimerTask done
Event: 35.673 Loading class java/time/format/DateTimeParseException
Event: 35.673 Loading class java/time/DateTimeException
Event: 35.673 Loading class java/time/DateTimeException done
Event: 35.673 Loading class java/time/format/DateTimeParseException done
Event: 39.000 Loading class java/lang/invoke/WrongMethodTypeException
Event: 39.000 Loading class java/lang/invoke/WrongMethodTypeException done
Event: 39.001 Loading class java/lang/Throwable$WrappedPrintStream
Event: 39.001 Loading class java/lang/Throwable$PrintStreamOrWriter
Event: 39.001 Loading class java/lang/Throwable$PrintStreamOrWriter done
Event: 39.001 Loading class java/lang/Throwable$WrappedPrintStream done
Event: 91.861 Loading class jdk/internal/misc/Signal$1
Event: 91.861 Loading class jdk/internal/misc/Signal$1 done

Classes unloaded (0 events):
No events

Classes redefined (0 events):
No events

Internal exceptions (20 events):
Event: 28.267 Thread 0x000001d3ce355770 Exception <a 'java/lang/NoSuchMethodError'{0x00000006239892c8}: 'long java.lang.invoke.DirectMethodHandle$Holder.invokeStatic(java.lang.Object, java.lang.Object, java.lang.Object)'> (0x00000006239892c8) 
thrown [s\open\src\hotspot\share\interpreter\linkResolver.cpp, line 796]
Event: 28.267 Thread 0x000001d3ce355770 Exception <a 'java/lang/NoSuchMethodError'{0x000000062398c6e0}: 'long java.lang.invoke.DirectMethodHandle$Holder.invokeStaticInit(java.lang.Object, java.lang.Object, java.lang.Object)'> (0x000000062398c6e0) 
thrown [s\open\src\hotspot\share\interpreter\linkResolver.cpp, line 796]
Event: 28.273 Thread 0x000001d3ce355770 Exception <a 'java/lang/NoSuchMethodError'{0x00000006239a1620}: 'java.lang.Object java.lang.invoke.DirectMethodHandle$Holder.newInvokeSpecial(java.lang.Object, java.lang.Object, long)'> (0x00000006239a1620) 
thrown [s\open\src\hotspot\share\interpreter\linkResolver.cpp, line 796]
Event: 28.273 Thread 0x000001d3ce355770 Exception <a 'java/lang/NoSuchMethodError'{0x00000006239a4f80}: 'java.lang.Object java.lang.invoke.Invokers$Holder.linkToTargetMethod(java.lang.Object, long, java.lang.Object)'> (0x00000006239a4f80) 
thrown [s\open\src\hotspot\share\interpreter\linkResolver.cpp, line 796]
Event: 28.485 Thread 0x000001d3ce355770 Exception <a 'sun/nio/fs/WindowsException'{0x00000006239e4ef0}> (0x00000006239e4ef0) 
thrown [s\open\src\hotspot\share\prims\jni.cpp, line 520]
Event: 28.524 Thread 0x000001d3ce355770 Exception <a 'sun/nio/fs/WindowsException'{0x0000000623abe358}> (0x0000000623abe358) 
thrown [s\open\src\hotspot\share\prims\jni.cpp, line 520]
Event: 28.525 Thread 0x000001d3ce355770 Exception <a 'sun/nio/fs/WindowsException'{0x0000000623ac0508}> (0x0000000623ac0508) 
thrown [s\open\src\hotspot\share\prims\jni.cpp, line 520]
Event: 28.534 Thread 0x000001d3ce355770 Exception <a 'sun/nio/fs/WindowsException'{0x0000000623b1a7b0}> (0x0000000623b1a7b0) 
thrown [s\open\src\hotspot\share\prims\jni.cpp, line 520]
Event: 28.535 Thread 0x000001d3ce355770 Exception <a 'sun/nio/fs/WindowsException'{0x0000000623b1c830}> (0x0000000623b1c830) 
thrown [s\open\src\hotspot\share\prims\jni.cpp, line 520]
Event: 28.538 Thread 0x000001d3ce355770 Exception <a 'java/lang/NoSuchMethodError'{0x0000000623b2a028}: 'java.lang.Object java.lang.invoke.DirectMethodHandle$Holder.invokeVirtual(java.lang.Object, java.lang.Object, java.lang.Object)'> (0x0000000623b2a028) 
thrown [s\open\src\hotspot\share\interpreter\linkResolver.cpp, line 796]
Event: 28.596 Thread 0x000001d3ce355770 Exception <a 'sun/nio/fs/WindowsException'{0x000000062360e120}> (0x000000062360e120) 
thrown [s\open\src\hotspot\share\prims\jni.cpp, line 520]
Event: 28.709 Thread 0x000001d3ce355770 Exception <a 'java/lang/NoSuchMethodError'{0x00000006232c53b8}: 'void java.lang.invoke.Invokers$Holder.invokeExact_MT(java.lang.Object, java.lang.Object, java.lang.Object, java.lang.Object)'> (0x00000006232c53b8) 
thrown [s\open\src\hotspot\share\interpreter\linkResolver.cpp, line 796]
Event: 28.733 Thread 0x000001d3ce355770 Exception <a 'java/io/FileNotFoundException'{0x0000000622c70128}> (0x0000000622c70128) 
thrown [s\open\src\hotspot\share\prims\jni.cpp, line 520]
Event: 28.766 Thread 0x000001d3ce355770 Exception <a 'java/lang/ClassNotFoundException'{0x0000000622e26180}: com/sun/javafx/scene/control/skin/resources/controls> (0x0000000622e26180) 
thrown [s\open\src\hotspot\share\prims\jni.cpp, line 539]
Event: 28.767 Thread 0x000001d3ce355770 Exception <a 'java/lang/ClassNotFoundException'{0x0000000622e344b8}: com/sun/javafx/scene/control/skin/resources/controls_vi> (0x0000000622e344b8) 
thrown [s\open\src\hotspot\share\prims\jni.cpp, line 539]
Event: 28.767 Thread 0x000001d3ce355770 Exception <a 'java/lang/ClassNotFoundException'{0x0000000622e35760}: com/sun/javafx/scene/control/skin/resources/controls_vi_VN> (0x0000000622e35760) 
thrown [s\open\src\hotspot\share\prims\jni.cpp, line 539]
Event: 28.793 Thread 0x000001d3ce355770 Exception <a 'java/lang/NoSuchMethodError'{0x0000000622fc21b0}: 'void java.lang.invoke.DirectMethodHandle$Holder.invokeSpecial(java.lang.Object, java.lang.Object, java.lang.Object, java.lang.Object, java.lang.Object, java.lang.Object)'> (0x0000000622fc21b0) 
thrown [s\open\src\hotspot\share\interpreter\linkResolver.cpp, line 796]
Event: 29.944 Thread 0x000001d3ce355770 Exception <a 'java/lang/NoSuchMethodError'{0x00000006227ec7f0}: 'java.lang.Object java.lang.invoke.DirectMethodHandle$Holder.newInvokeSpecial(java.lang.Object, java.lang.Object, java.lang.Object, int, java.lang.Object, java.lang.Object, java.lang.Object, int)'> (0x00000006227ec7f0) 
thrown [s\open\src\hotspot\share\interpreter\linkResolver.cpp, line 796]
Event: 37.360 Thread 0x000001d3ce355770 Exception <a 'java/io/FileNotFoundException'{0x0000000621af2000}> (0x0000000621af2000) 
thrown [s\open\src\hotspot\share\prims\jni.cpp, line 520]
Event: 38.999 Thread 0x000001d3ce355770 Exception <a 'sun/nio/fs/WindowsException'{0x0000000621ba18b0}> (0x0000000621ba18b0) 
thrown [s\open\src\hotspot\share\prims\jni.cpp, line 520]

VM Operations (20 events):
Event: 1.034 Executing VM operation: HandshakeAllThreads (Deoptimize) done
Event: 1.116 Executing VM operation: G1CollectForAllocation (G1 Evacuation Pause)
Event: 1.121 Executing VM operation: G1CollectForAllocation (G1 Evacuation Pause) done
Event: 28.493 Executing VM operation: HandshakeAllThreads (Deoptimize)
Event: 28.493 Executing VM operation: HandshakeAllThreads (Deoptimize) done
Event: 28.522 Executing VM operation: HandshakeAllThreads (Deoptimize)
Event: 28.523 Executing VM operation: HandshakeAllThreads (Deoptimize) done
Event: 28.536 Executing VM operation: HandshakeAllThreads (Deoptimize)
Event: 28.536 Executing VM operation: HandshakeAllThreads (Deoptimize) done
Event: 28.661 Executing VM operation: HandshakeAllThreads (Deoptimize)
Event: 28.661 Executing VM operation: HandshakeAllThreads (Deoptimize) done
Event: 34.018 Executing VM operation: HandshakeAllThreads (Deoptimize)
Event: 34.018 Executing VM operation: HandshakeAllThreads (Deoptimize) done
Event: 35.642 Executing VM operation: HandshakeAllThreads (Deoptimize)
Event: 35.642 Executing VM operation: HandshakeAllThreads (Deoptimize) done
Event: 60.214 Executing VM operation: HandshakeAllThreads (HandshakeForDeflation)
Event: 60.214 Executing VM operation: HandshakeAllThreads (HandshakeForDeflation) done
Event: 60.214 Executing VM operation: RendezvousGCThreads
Event: 60.214 Executing VM operation: RendezvousGCThreads done
Event: 91.868 Executing VM operation: Exit

Memory protections (0 events):
No events

Nmethod flushes (0 events):
No events

Events (20 events):
Event: 0.579 Thread 0x000001d3c92f85e0 Thread exited: 0x000001d3c92f85e0
Event: 0.646 Thread 0x000001d3ce620e30 Thread added: 0x000001d3ce620e30
Event: 0.679 Thread 0x000001d3dff1c2c0 Thread added: 0x000001d3ce61f390
Event: 0.958 Thread 0x000001d3c9029c40 Thread added: 0x000001d3ce5be730
Event: 1.213 Thread 0x000001d3ce355770 Thread added: 0x000001d3cf5d3030
Event: 1.353 Thread 0x000001d3ce5be730 Thread exited: 0x000001d3ce5be730
Event: 1.353 Thread 0x000001d3c924d510 Thread exited: 0x000001d3c924d510
Event: 28.480 Thread 0x000001d3ce355770 Thread added: 0x000001d3cf5d43e0
Event: 28.530 Thread 0x000001d3c9029580 Thread added: 0x000001d3cf00c450
Event: 28.869 Thread 0x000001d3ce36bd60 Thread added: 0x000001d3cf5d1c80
Event: 29.116 Thread 0x000001d3cf00c450 Thread exited: 0x000001d3cf00c450
Event: 35.652 Thread 0x000001d3c9029c40 Thread added: 0x000001d3c97a8950
Event: 35.918 Thread 0x000001d3c97a8950 Thread exited: 0x000001d3c97a8950
Event: 91.861 Thread 0x000001d3c9023db0 Thread added: 0x000001d3cf5d4a70
Event: 91.862 Thread 0x000001d3cf5d4a70 Thread added: 0x000001d3cf5d15f0
Event: 91.863 Thread 0x000001d3cf5d4a70 Thread added: 0x000001d3cf5d2310
Event: 91.866 Thread 0x000001d3cf5d15f0 Thread exited: 0x000001d3cf5d15f0
Event: 91.866 Thread 0x000001d3cf5d4a70 Before exit entered
Event: 91.867 Thread 0x000001d3cf5d2310 Thread exited: 0x000001d3cf5d2310
Event: 91.868 Thread 0x000001d3c9023db0 Thread exited: 0x000001d3c9023db0


Dynamic libraries:
0x00007ff629680000 - 0x00007ff629690000 	C:\Program Files\Java\jdk-23\bin\java.exe
0x00007ff8a5eb0000 - 0x00007ff8a60c7000 	C:\WINDOWS\SYSTEM32\ntdll.dll
0x00007ff8a5480000 - 0x00007ff8a5544000 	C:\WINDOWS\System32\KERNEL32.DLL
0x00007ff8a31c0000 - 0x00007ff8a3577000 	C:\WINDOWS\System32\KERNELBASE.dll
0x00007ff8a3810000 - 0x00007ff8a3921000 	C:\WINDOWS\System32\ucrtbase.dll
0x00007ff892210000 - 0x00007ff892227000 	C:\Program Files\Java\jdk-23\bin\jli.dll
0x00007ff892670000 - 0x00007ff89268b000 	C:\Program Files\Java\jdk-23\bin\VCRUNTIME140.dll
0x00007ff8a5a30000 - 0x00007ff8a5bdf000 	C:\WINDOWS\System32\USER32.dll
0x00007ff8a39d0000 - 0x00007ff8a39f6000 	C:\WINDOWS\System32\win32u.dll
0x00007ff887740000 - 0x00007ff8879d3000 	C:\WINDOWS\WinSxS\amd64_microsoft.windows.common-controls_6595b64144ccf1df_6.0.22621.3672_none_2713b9d173822955\COMCTL32.dll
0x00007ff8a4c90000 - 0x00007ff8a4cb9000 	C:\WINDOWS\System32\GDI32.dll
0x00007ff8a5be0000 - 0x00007ff8a5c87000 	C:\WINDOWS\System32\msvcrt.dll
0x00007ff8a36f0000 - 0x00007ff8a3808000 	C:\WINDOWS\System32\gdi32full.dll
0x00007ff8a3930000 - 0x00007ff8a39ca000 	C:\WINDOWS\System32\msvcp_win.dll
0x00007ff8a5d30000 - 0x00007ff8a5d61000 	C:\WINDOWS\System32\IMM32.DLL
0x00007ff89c2f0000 - 0x00007ff89c2fc000 	C:\Program Files\Java\jdk-23\bin\vcruntime140_1.dll
0x00007ff892120000 - 0x00007ff8921ae000 	C:\Program Files\Java\jdk-23\bin\msvcp140.dll
0x00007ff866e40000 - 0x00007ff867b8f000 	C:\Program Files\Java\jdk-23\bin\server\jvm.dll
0x00007ff8a5970000 - 0x00007ff8a5a22000 	C:\WINDOWS\System32\ADVAPI32.dll
0x00007ff8a4690000 - 0x00007ff8a4738000 	C:\WINDOWS\System32\sechost.dll
0x00007ff8a3640000 - 0x00007ff8a3668000 	C:\WINDOWS\System32\bcrypt.dll
0x00007ff8a5550000 - 0x00007ff8a5664000 	C:\WINDOWS\System32\RPCRT4.dll
0x00007ff8a5cb0000 - 0x00007ff8a5d21000 	C:\WINDOWS\System32\WS2_32.dll
0x00007ff8a2070000 - 0x00007ff8a20bd000 	C:\WINDOWS\SYSTEM32\POWRPROF.dll
0x00007ff89f3b0000 - 0x00007ff89f3ba000 	C:\WINDOWS\SYSTEM32\VERSION.dll
0x00007ff89eb30000 - 0x00007ff89eb64000 	C:\WINDOWS\SYSTEM32\WINMM.dll
0x00007ff8a2050000 - 0x00007ff8a2063000 	C:\WINDOWS\SYSTEM32\UMPDC.dll
0x00007ff8a2300000 - 0x00007ff8a2318000 	C:\WINDOWS\SYSTEM32\kernel.appcore.dll
0x00007ff892e10000 - 0x00007ff892e1a000 	C:\Program Files\Java\jdk-23\bin\jimage.dll
0x00007ff89b230000 - 0x00007ff89b462000 	C:\WINDOWS\SYSTEM32\DBGHELP.DLL
0x00007ff8a4740000 - 0x00007ff8a4ace000 	C:\WINDOWS\System32\combase.dll
0x00007ff8a5830000 - 0x00007ff8a5907000 	C:\WINDOWS\System32\OLEAUT32.dll
0x00007ff88c970000 - 0x00007ff88c9a2000 	C:\WINDOWS\SYSTEM32\dbgcore.DLL
0x00007ff8a3670000 - 0x00007ff8a36eb000 	C:\WINDOWS\System32\bcryptPrimitives.dll
0x00007ff8921e0000 - 0x00007ff8921ef000 	C:\Program Files\Java\jdk-23\bin\instrument.dll
0x00007ff8921f0000 - 0x00007ff89220e000 	C:\Program Files\Java\jdk-23\bin\java.dll
0x00007ff8a5680000 - 0x00007ff8a5825000 	C:\WINDOWS\System32\ole32.dll
0x00007ff8a3e20000 - 0x00007ff8a4689000 	C:\WINDOWS\System32\SHELL32.dll
0x00007ff8a1140000 - 0x00007ff8a1a3f000 	C:\WINDOWS\SYSTEM32\windows.storage.dll
0x00007ff8a1000000 - 0x00007ff8a113f000 	C:\WINDOWS\SYSTEM32\wintypes.dll
0x00007ff8a5d70000 - 0x00007ff8a5e69000 	C:\WINDOWS\System32\SHCORE.dll
0x00007ff8a3d90000 - 0x00007ff8a3dee000 	C:\WINDOWS\System32\shlwapi.dll
0x00007ff8a30f0000 - 0x00007ff8a3117000 	C:\WINDOWS\SYSTEM32\profapi.dll
0x00007ff892010000 - 0x00007ff8920e7000 	C:\Program Files\Java\jdk-23\bin\jsvml.dll
0x00007ff892110000 - 0x00007ff892120000 	C:\Program Files\Java\jdk-23\bin\net.dll
0x00007ff8a2770000 - 0x00007ff8a27d9000 	C:\WINDOWS\system32\mswsock.dll
0x00007ff891ff0000 - 0x00007ff892006000 	C:\Program Files\Java\jdk-23\bin\nio.dll
0x00007ff891fd0000 - 0x00007ff891fe7000 	C:\Program Files\Java\jdk-23\bin\zip.dll
0x00007ff891fb0000 - 0x00007ff891fca000 	E:\IntelliJ IDEA 2024.2.3\bin\breakgen64.dll
0x000001d387ef0000 - 0x000001d387ef3000 	C:\Users\admin\.openjfx\cache\17.0.6\api-ms-win-core-console-l1-1-0.dll
0x000001d387f00000 - 0x000001d387f03000 	C:\Users\admin\.openjfx\cache\17.0.6\api-ms-win-core-console-l1-2-0.dll
0x000001d387f10000 - 0x000001d387f13000 	C:\Users\admin\.openjfx\cache\17.0.6\api-ms-win-core-datetime-l1-1-0.dll
0x000001d387f20000 - 0x000001d387f23000 	C:\Users\admin\.openjfx\cache\17.0.6\api-ms-win-core-debug-l1-1-0.dll
0x000001d387f30000 - 0x000001d387f33000 	C:\Users\admin\.openjfx\cache\17.0.6\api-ms-win-core-errorhandling-l1-1-0.dll
0x000001d387f40000 - 0x000001d387f44000 	C:\Users\admin\.openjfx\cache\17.0.6\api-ms-win-core-file-l1-1-0.dll
0x000001d387f50000 - 0x000001d387f53000 	C:\Users\admin\.openjfx\cache\17.0.6\api-ms-win-core-file-l1-2-0.dll
0x000001d387f60000 - 0x000001d387f63000 	C:\Users\admin\.openjfx\cache\17.0.6\api-ms-win-core-file-l2-1-0.dll
0x000001d387f70000 - 0x000001d387f73000 	C:\Users\admin\.openjfx\cache\17.0.6\api-ms-win-core-handle-l1-1-0.dll
0x000001d387f80000 - 0x000001d387f83000 	C:\Users\admin\.openjfx\cache\17.0.6\api-ms-win-core-heap-l1-1-0.dll
0x000001d387f90000 - 0x000001d387f93000 	C:\Users\admin\.openjfx\cache\17.0.6\api-ms-win-core-interlocked-l1-1-0.dll
0x000001d387fa0000 - 0x000001d387fa3000 	C:\Users\admin\.openjfx\cache\17.0.6\api-ms-win-core-libraryloader-l1-1-0.dll
0x000001d387fb0000 - 0x000001d387fb3000 	C:\Users\admin\.openjfx\cache\17.0.6\api-ms-win-core-localization-l1-2-0.dll
0x000001d387fc0000 - 0x000001d387fc3000 	C:\Users\admin\.openjfx\cache\17.0.6\api-ms-win-core-memory-l1-1-0.dll
0x000001d387fd0000 - 0x000001d387fd3000 	C:\Users\admin\.openjfx\cache\17.0.6\api-ms-win-core-namedpipe-l1-1-0.dll
0x000001d387fe0000 - 0x000001d387fe3000 	C:\Users\admin\.openjfx\cache\17.0.6\api-ms-win-core-processenvironment-l1-1-0.dll
0x000001d387ff0000 - 0x000001d387ff3000 	C:\Users\admin\.openjfx\cache\17.0.6\api-ms-win-core-processthreads-l1-1-0.dll
0x000001d3c9d20000 - 0x000001d3c9d23000 	C:\Users\admin\.openjfx\cache\17.0.6\api-ms-win-core-processthreads-l1-1-1.dll
0x000001d3c9d30000 - 0x000001d3c9d33000 	C:\Users\admin\.openjfx\cache\17.0.6\api-ms-win-core-profile-l1-1-0.dll
0x000001d3c9d40000 - 0x000001d3c9d43000 	C:\Users\admin\.openjfx\cache\17.0.6\api-ms-win-core-rtlsupport-l1-1-0.dll
0x000001d3c9d50000 - 0x000001d3c9d53000 	C:\Users\admin\.openjfx\cache\17.0.6\api-ms-win-core-string-l1-1-0.dll
0x000001d3c9d60000 - 0x000001d3c9d63000 	C:\Users\admin\.openjfx\cache\17.0.6\api-ms-win-core-synch-l1-1-0.dll
0x000001d3c9d70000 - 0x000001d3c9d73000 	C:\Users\admin\.openjfx\cache\17.0.6\api-ms-win-core-synch-l1-2-0.dll
0x000001d3c9d80000 - 0x000001d3c9d83000 	C:\Users\admin\.openjfx\cache\17.0.6\api-ms-win-core-sysinfo-l1-1-0.dll
0x000001d3c9d90000 - 0x000001d3c9d93000 	C:\Users\admin\.openjfx\cache\17.0.6\api-ms-win-core-timezone-l1-1-0.dll
0x000001d3c9da0000 - 0x000001d3c9da3000 	C:\Users\admin\.openjfx\cache\17.0.6\api-ms-win-core-util-l1-1-0.dll
0x000001d3c9db0000 - 0x000001d3c9db3000 	C:\Users\admin\.openjfx\cache\17.0.6\api-ms-win-crt-conio-l1-1-0.dll
0x000001d3c9dc0000 - 0x000001d3c9dc4000 	C:\Users\admin\.openjfx\cache\17.0.6\api-ms-win-crt-convert-l1-1-0.dll
0x000001d3c9dd0000 - 0x000001d3c9dd3000 	C:\Users\admin\.openjfx\cache\17.0.6\api-ms-win-crt-environment-l1-1-0.dll
0x000001d3c9de0000 - 0x000001d3c9de3000 	C:\Users\admin\.openjfx\cache\17.0.6\api-ms-win-crt-filesystem-l1-1-0.dll
0x000001d3c9df0000 - 0x000001d3c9df3000 	C:\Users\admin\.openjfx\cache\17.0.6\api-ms-win-crt-heap-l1-1-0.dll
0x000001d3c9e00000 - 0x000001d3c9e03000 	C:\Users\admin\.openjfx\cache\17.0.6\api-ms-win-crt-locale-l1-1-0.dll
0x000001d3c9e10000 - 0x000001d3c9e15000 	C:\Users\admin\.openjfx\cache\17.0.6\api-ms-win-crt-math-l1-1-0.dll
0x000001d3c9e20000 - 0x000001d3c9e25000 	C:\Users\admin\.openjfx\cache\17.0.6\api-ms-win-crt-multibyte-l1-1-0.dll
0x000001d3c9e30000 - 0x000001d3c9e40000 	C:\Users\admin\.openjfx\cache\17.0.6\api-ms-win-crt-private-l1-1-0.dll
0x000001d3c9e40000 - 0x000001d3c9e43000 	C:\Users\admin\.openjfx\cache\17.0.6\api-ms-win-crt-process-l1-1-0.dll
0x000001d3c9e50000 - 0x000001d3c9e54000 	C:\Users\admin\.openjfx\cache\17.0.6\api-ms-win-crt-runtime-l1-1-0.dll
0x000001d3c9e60000 - 0x000001d3c9e64000 	C:\Users\admin\.openjfx\cache\17.0.6\api-ms-win-crt-stdio-l1-1-0.dll
0x000001d3c9e70000 - 0x000001d3c9e74000 	C:\Users\admin\.openjfx\cache\17.0.6\api-ms-win-crt-string-l1-1-0.dll
0x000001d3c9c00000 - 0x000001d3c9c03000 	C:\Users\admin\.openjfx\cache\17.0.6\api-ms-win-crt-time-l1-1-0.dll
0x000001d3c9c10000 - 0x000001d3c9c13000 	C:\Users\admin\.openjfx\cache\17.0.6\api-ms-win-crt-utility-l1-1-0.dll
0x00007ff88cab0000 - 0x00007ff88cbac000 	C:\Users\admin\.openjfx\cache\17.0.6\ucrtbase.dll
0x00007ff891f50000 - 0x00007ff891f6a000 	C:\Users\admin\.openjfx\cache\17.0.6\vcruntime140.dll
0x00007ff891f40000 - 0x00007ff891f4c000 	C:\Users\admin\.openjfx\cache\17.0.6\vcruntime140_1.dll
0x00007ff885ff0000 - 0x00007ff88607d000 	C:\Users\admin\.openjfx\cache\17.0.6\msvcp140.dll
0x00007ff891f30000 - 0x00007ff891f39000 	C:\Users\admin\.openjfx\cache\17.0.6\msvcp140_1.dll
0x00007ff891f00000 - 0x00007ff891f2f000 	C:\Users\admin\.openjfx\cache\17.0.6\msvcp140_2.dll
0x00007ff891ed0000 - 0x00007ff891efa000 	C:\Users\admin\.openjfx\cache\17.0.6\prism_d3d.dll
0x00007ff8659e0000 - 0x00007ff865b88000 	C:\WINDOWS\system32\d3d9.dll
0x00007ff8a08d0000 - 0x00007ff8a08fb000 	C:\WINDOWS\SYSTEM32\dwmapi.dll
0x00007ff8a0940000 - 0x00007ff8a0977000 	C:\WINDOWS\SYSTEM32\dxcore.dll
0x00007ff8a0640000 - 0x00007ff8a06f1000 	C:\WINDOWS\system32\uxtheme.dll
0x00007ff84cc10000 - 0x00007ff84cdbf000 	C:\WINDOWS\System32\DriverStore\FileRepository\iigd_dch.inf_amd64_51f685305808e3a5\igdumdim64.dll
0x00007ff849b60000 - 0x00007ff84cc03000 	C:\WINDOWS\System32\DriverStore\FileRepository\iigd_dch.inf_amd64_51f685305808e3a5\igd9dxva64.dll
0x00007ff8a5000000 - 0x00007ff8a5474000 	C:\WINDOWS\System32\SETUPAPI.dll
0x00007ff8a2eb0000 - 0x00007ff8a2efe000 	C:\WINDOWS\SYSTEM32\cfgmgr32.dll
0x00007ff897400000 - 0x00007ff897809000 	C:\WINDOWS\System32\DriverStore\FileRepository\iigd_dch.inf_amd64_51f685305808e3a5\igdgmm64.dll
0x00007ff89cf30000 - 0x00007ff89cf79000 	C:\WINDOWS\SYSTEM32\directxdatabasehelper.dll
0x00007ff8876f0000 - 0x00007ff887732000 	C:\Users\admin\.openjfx\cache\17.0.6\glass.dll
0x00007ff8a4cc0000 - 0x00007ff8a4dbf000 	C:\WINDOWS\System32\COMDLG32.dll
0x00007ff8a4e40000 - 0x00007ff8a4fa0000 	C:\WINDOWS\System32\MSCTF.dll
0x00007ff849a20000 - 0x00007ff849a47000 	C:\WINDOWS\System32\DriverStore\FileRepository\iigd_dch.inf_amd64_51f685305808e3a5\igdinfo64.dll
0x00007ff893c00000 - 0x00007ff897394000 	C:\WINDOWS\System32\DriverStore\FileRepository\iigd_dch.inf_amd64_51f685305808e3a5\igc64.dll
0x00007ff891d60000 - 0x00007ff891d74000 	C:\Users\admin\.openjfx\cache\17.0.6\javafx_font.dll
0x00007ff89ccb0000 - 0x00007ff89cf23000 	C:\WINDOWS\SYSTEM32\dwrite.dll
0x00007ff8a3ce0000 - 0x00007ff8a3d90000 	C:\WINDOWS\System32\clbcatq.dll
0x00007ff8a0440000 - 0x00007ff8a05f1000 	C:\WINDOWS\SYSTEM32\WindowsCodecs.dll
0x00007ff877c80000 - 0x00007ff877cde000 	C:\WINDOWS\system32\dataexchange.dll
0x00007ff898f00000 - 0x00007ff8991a2000 	C:\WINDOWS\system32\twinapi.appcore.dll
0x00007ff89d3d0000 - 0x00007ff89d402000 	C:\Program Files\Common Files\Microsoft Shared\Ink\rtscom.dll
0x00007ff89a870000 - 0x00007ff89a9b3000 	C:\WINDOWS\SYSTEM32\textinputframework.dll
0x00007ff876740000 - 0x00007ff8767a9000 	C:\WINDOWS\system32\Oleacc.dll
0x00007ff89e6d0000 - 0x00007ff89e803000 	C:\WINDOWS\SYSTEM32\CoreMessaging.dll
0x00007ff89bf00000 - 0x00007ff89c26d000 	C:\WINDOWS\SYSTEM32\CoreUIComponents.dll
0x00007ff8a29c0000 - 0x00007ff8a29cc000 	C:\WINDOWS\SYSTEM32\CRYPTBASE.DLL
0x00007ff8a1d80000 - 0x00007ff8a1e82000 	C:\WINDOWS\SYSTEM32\DNSAPI.dll
0x00007ff8a1d10000 - 0x00007ff8a1d3d000 	C:\WINDOWS\SYSTEM32\IPHLPAPI.DLL
0x00007ff8a3e10000 - 0x00007ff8a3e19000 	C:\WINDOWS\System32\NSI.dll
0x00007ff892400000 - 0x00007ff89240a000 	C:\Windows\System32\rasadhlp.dll

dbghelp: loaded successfully - version: 4.0.5 - missing functions: none
symbol engine: initialized successfully - sym options: 0x614 - pdb path: .;C:\Program Files\Java\jdk-23\bin;C:\WINDOWS\SYSTEM32;C:\WINDOWS\WinSxS\amd64_microsoft.windows.common-controls_6595b64144ccf1df_6.0.22621.3672_none_2713b9d173822955;C:\Program Files\Java\jdk-23\bin\server;E:\IntelliJ IDEA 2024.2.3\bin;C:\Users\admin\.openjfx\cache\17.0.6;C:\WINDOWS\System32\DriverStore\FileRepository\iigd_dch.inf_amd64_51f685305808e3a5;C:\Program Files\Common Files\Microsoft Shared\Ink

VM Arguments:
jvm_args: -javaagent:E:\IntelliJ IDEA 2024.2.3\lib\idea_rt.jar=52654:E:\IntelliJ IDEA 2024.2.3\bin -Dfile.encoding=UTF-8 -Dsun.stdout.encoding=UTF-8 -Dsun.stderr.encoding=UTF-8 --module-path=E:\CinemaManagement\target\classes;C:\Users\admin\.m2\repository\org\openjfx\javafx-controls\17.0.6\javafx-controls-17.0.6-win.jar;C:\Users\admin\.m2\repository\org\openjfx\javafx-base\17.0.6\javafx-base-17.0.6-win.jar;C:\Users\admin\.m2\repository\org\openjfx\javafx-graphics\17.0.6\javafx-graphics-17.0.6-win.jar;C:\Users\admin\.m2\repository\org\openjfx\javafx-fxml\17.0.6\javafx-fxml-17.0.6-win.jar -Djdk.module.main=org.example.cinemamanagement 
java_command: org.example.cinemamanagement/app.MainApp
java_class_path (initial): C:\Users\admin\.m2\repository\com\mysql\mysql-connector-j\8.0.32\mysql-connector-j-8.0.32.jar;C:\Users\admin\.m2\repository\com\google\protobuf\protobuf-java\3.21.9\protobuf-java-3.21.9.jar;C:\Users\admin\.m2\repository\org\openjfx\javafx-controls\17.0.6\javafx-controls-17.0.6.jar;C:\Users\admin\.m2\repository\org\openjfx\javafx-fxml\17.0.6\javafx-fxml-17.0.6.jar;C:\Users\admin\.m2\repository\org\openjfx\javafx-graphics\17.0.6\javafx-graphics-17.0.6.jar;C:\Users\admin\.m2\repository\org\openjfx\javafx-base\17.0.6\javafx-base-17.0.6.jar
Launcher Type: SUN_STANDARD

[Global flags]
     intx CICompilerCount                          = 4                                         {product} {ergonomic}
     uint ConcGCThreads                            = 3                                         {product} {ergonomic}
     uint G1ConcRefinementThreads                  = 10                                        {product} {ergonomic}
   size_t G1HeapRegionSize                         = 4194304                                   {product} {ergonomic}
   size_t InitialHeapSize                          = 532676608                                 {product} {ergonomic}
   size_t MarkStackSize                            = 4194304                                   {product} {ergonomic}
   size_t MarkStackSizeMax                         = 536870912                                 {product} {ergonomic}
   size_t MaxHeapSize                              = 8510242816                                {product} {ergonomic}
   size_t MaxNewSize                               = 5104467968                                {product} {ergonomic}
   size_t MinHeapDeltaBytes                        = 4194304                                   {product} {ergonomic}
   size_t MinHeapSize                              = 8388608                                   {product} {ergonomic}
    uintx NonNMethodCodeHeapSize                   = 5832704                                {pd product} {ergonomic}
    uintx NonProfiledCodeHeapSize                  = 122945536                              {pd product} {ergonomic}
    uintx ProfiledCodeHeapSize                     = 122880000                              {pd product} {ergonomic}
    uintx ReservedCodeCacheSize                    = 251658240                              {pd product} {ergonomic}
     bool SegmentedCodeCache                       = true                                      {product} {ergonomic}
   size_t SoftMaxHeapSize                          = 8510242816                             {manageable} {ergonomic}
     bool UseCompressedOops                        = true                           {product lp64_product} {ergonomic}
     bool UseG1GC                                  = true                                      {product} {ergonomic}
     bool UseLargePagesIndividualAllocation        = false                                  {pd product} {ergonomic}

Logging:
Log output configuration:
 #0: stdout all=off uptime,level,tags foldmultilines=false
 #1: stderr all=off uptime,level,tags foldmultilines=false

Environment Variables:
JAVA_HOME=C:\Program Files\Java\jdk-23
PATH="C:\Program Files\Java\jdk-23\bin;";C:\Program Files\Common Files\Oracle\Java\javapath;C:\Program Files (x86)\Common Files\Oracle\Java\java8path;C:\Program Files (x86)\Common Files\Oracle\Java\javapath;C:\WINDOWS\system32;C:\WINDOWS;C:\WINDOWS\System32\Wbem;C:\WINDOWS\System32\WindowsPowerShell\v1.0\;C:\WINDOWS\System32\OpenSSH\;C:\mingw32\bin;C:\Program Files\Git\cmd;C:\Program Files\Cloudflare\Cloudflare WARP\;C:\Program Files\nodejs\;C:\apache-maven-3.9.9\bin;"C:\apache-maven-3.9.9\bin";C:\Program Files\MySQL\MySQL Server 8.0\bin;C:\Program Files (x86)\Microsoft SQL Server\160\DTS\Binn\;C:\Program Files\MySQL\MySQL Shell 8.0\bin\;C:\Program Files\Java\jdk1.8.0_131\bin\javac A.java;C:\Users\admin\AppData\Roaming\npm
USERNAME=admin
OS=Windows_NT
PROCESSOR_IDENTIFIER=Intel64 Family 6 Model 165 Stepping 2, GenuineIntel
TMP=C:\Users\admin\AppData\Local\Temp
TEMP=C:\Users\admin\AppData\Local\Temp




Periodic native trim disabled

---------------  S Y S T E M  ---------------

OS:
 Windows 11 , 64 bit Build 22621 (10.0.22621.3958)
OS uptime: 0 days 1:21 hours

CPU: total 12 (initial active 12) (6 cores per cpu, 2 threads per core) family 6 model 165 stepping 2 microcode 0xec, cx8, cmov, fxsr, ht, mmx, 3dnowpref, sse, sse2, sse3, ssse3, sse4.1, sse4.2, popcnt, lzcnt, tsc, tscinvbit, avx, avx2, aes, erms, clmul, bmi1, bmi2, adx, fma, vzeroupper, clflush, clflushopt, rdtscp, f16c, pku
Processor Information for processor 0
  Max Mhz: 2600, Current Mhz: 2600, Mhz Limit: 2600
Processor Information for processor 1
  Max Mhz: 2600, Current Mhz: 800, Mhz Limit: 2600
Processor Information for processor 2
  Max Mhz: 2600, Current Mhz: 800, Mhz Limit: 2600
Processor Information for processor 3
  Max Mhz: 2600, Current Mhz: 800, Mhz Limit: 2600
Processor Information for processor 4
  Max Mhz: 2600, Current Mhz: 800, Mhz Limit: 2600
Processor Information for processor 5
  Max Mhz: 2600, Current Mhz: 800, Mhz Limit: 2600
Processor Information for processor 6
  Max Mhz: 2600, Current Mhz: 800, Mhz Limit: 2600
Processor Information for processor 7
  Max Mhz: 2600, Current Mhz: 2600, Mhz Limit: 2600
Processor Information for processor 8
  Max Mhz: 2600, Current Mhz: 800, Mhz Limit: 2600
Processor Information for processor 9
  Max Mhz: 2600, Current Mhz: 800, Mhz Limit: 2600
Processor Information for processor 10
  Max Mhz: 2600, Current Mhz: 800, Mhz Limit: 2600
Processor Information for processor 11
  Max Mhz: 2600, Current Mhz: 800, Mhz Limit: 2600

Memory: 4k page, system-wide physical 32457M (19757M free)
TotalPageFile size 37321M (AvailPageFile size 21748M)
current process WorkingSet (physical memory assigned to process): 182M, peak: 195M
current process commit charge ("private bytes"): 683M, peak: 697M

vm_info: Java HotSpot(TM) 64-Bit Server VM (23+37-2369) for windows-amd64 JRE (23+37-2369), built on 2024-08-20T16:01:23Z with MS VC++ 17.6 (VS2022)

END.
