#
# A fatal error has been detected by the Java Runtime Environment:
#
#  EXCEPTION_ACCESS_VIOLATION (0xc0000005) at pc=0x00007ff9a2f46b07, pid=10824, tid=5068
#
# JRE version: Java(TM) SE Runtime Environment (23.0+37) (build 23+37-2369)
# Java VM: Java HotSpot(TM) 64-Bit Server VM (23+37-2369, mixed mode, sharing, tiered, compressed oops, compressed class ptrs, g1 gc, windows-amd64)
# Problematic frame:
# C  [glass.dll+0x26b07]
#
# No core dump will be written. Minidumps are not enabled by default on client versions of Windows
#
# If you would like to submit a bug report, please visit:
#   https://bugreport.java.com/bugreport/crash.jsp
#

---------------  S U M M A R Y ------------

Command Line: -javaagent:E:\IntelliJ IDEA 2024.2.3\lib\idea_rt.jar=50749:E:\IntelliJ IDEA 2024.2.3\bin -Dfile.encoding=UTF-8 -Dsun.stdout.encoding=UTF-8 -Dsun.stderr.encoding=UTF-8 --module-path=C:\Users\admin\.m2\repository\org\openjfx\javafx-controls\17.0.6\javafx-controls-17.0.6-win.jar;C:\Users\admin\.m2\repository\org\openjfx\javafx-graphics\17.0.6\javafx-graphics-17.0.6-win.jar;E:\CinemaManagement\target\classes;C:\Users\admin\.m2\repository\org\openjfx\javafx-fxml\17.0.6\javafx-fxml-17.0.6-win.jar;C:\Users\admin\.m2\repository\org\openjfx\javafx-base\17.0.6\javafx-base-17.0.6-win.jar -Djdk.module.main=org.example.cinemamanagement org.example.cinemamanagement/app.MainApp

Host: Intel(R) Core(TM) i7-10750H CPU @ 2.60GHz, 12 cores, 31G,  Windows 11 , 64 bit Build 22621 (10.0.22621.3958)
Time: Sun Oct 13 20:45:02 2024 SE Asia Standard Time elapsed time: 2110.507945 seconds (0d 0h 35m 10s)

---------------  T H R E A D  ---------------

Current thread (0x000001aa6bade2b0):  VMThread "VM Thread"          [id=5068, stack(0x0000008784100000,0x0000008784200000) (1024K)]

Stack: [0x0000008784100000,0x0000008784200000],  sp=0x00000087841ff180,  free space=1020k
Native frames: (J=compiled Java code, j=interpreted, Vv=VM code, C=native code)
C  [glass.dll+0x26b07]  (no source info available)
C  [ucrtbase.dll+0x53a93]  (no source info available)
C  [ucrtbase.dll+0x2042e]  (no source info available)
C  [ucrtbase.dll+0x1dddd]  (no source info available)
C  [glass.dll+0x24261]  (no source info available)
C  [glass.dll+0x24386]  (no source info available)
C  [ntdll.dll+0x28b5f]  (no source info available)
C  [ntdll.dll+0x51566]  (no source info available)
C  [ntdll.dll+0x5115d]  (no source info available)
C  [KERNEL32.DLL+0x17fab]  (no source info available)
C  [ucrtbase.dll+0x1bed8]  (no source info available)
C  [ucrtbase.dll+0x1c099]  (no source info available)
V  [jvm.dll+0x6d98fc]  (no source info available)
V  [jvm.dll+0x6d9430]  (no source info available)
V  [jvm.dll+0x3da534]  (no source info available)
V  [jvm.dll+0x886500]  (no source info available)
V  [jvm.dll+0x887827]  (no source info available)
V  [jvm.dll+0x887d58]  (no source info available)
V  [jvm.dll+0x887ff3]  (no source info available)
V  [jvm.dll+0x824f1b]  (no source info available)
V  [jvm.dll+0x6df055]  (no source info available)
C  [ucrtbase.dll+0x29333]  (no source info available)
C  [KERNEL32.DLL+0x1257d]  (no source info available)
C  [ntdll.dll+0x5af08]  (no source info available)


siginfo: EXCEPTION_ACCESS_VIOLATION (0xc0000005), reading address 0x0000000000000000


Registers:
RAX=0x0000000000000000, RBX=0x000001aa4500b06a, RCX=0x000001aa6bade2b0, RDX=0x00000087841ff180
RSP=0x00000087841ff180, RBP=0x000001aa459bb7f8, RSI=0x00000087841ff288, RDI=0x000001aa459bb7d0
R8 =0x0000000000010002, R9 =0x000001aa459bb7d0, R10=0x85f13e9656da4870, R11=0x00000087841ff110
R12=0x00007ff9a2f443d4, R13=0x00007ff9821bb760, R14=0x0000dbcfe966a37e, R15=0x000001aa459bb7d0
RIP=0x00007ff9a2f46b07, EFLAGS=0x0000000000010206


Register to memory mapping:

RAX=0x0 is null
RBX=0x000001aa4500b06a is a global jni handle
RCX=0x000001aa6bade2b0 points into unknown readable memory: 0x00007ff981fbf698 | 98 f6 fb 81 f9 7f 00 00
RDX=0x00000087841ff180 points into unknown readable memory: 0x0000000000000000 | 00 00 00 00 00 00 00 00
RSP=0x00000087841ff180 points into unknown readable memory: 0x0000000000000000 | 00 00 00 00 00 00 00 00
RBP=0x000001aa459bb7f8 points into unknown readable memory: 0x0000dbcfe966a37e | 7e a3 66 e9 cf db 00 00
RSI=0x00000087841ff288 points into unknown readable memory: 0x00000087841ff270 | 70 f2 1f 84 87 00 00 00
RDI=0x000001aa459bb7d0 points into unknown readable memory: 0x0000c43181dbacc5 | c5 ac db 81 31 c4 00 00
R8 =0x0000000000010002 is an unknown value
R9 =0x000001aa459bb7d0 points into unknown readable memory: 0x0000c43181dbacc5 | c5 ac db 81 31 c4 00 00
R10=0x85f13e9656da4870 is an unknown value
R11=0x00000087841ff110 points into unknown readable memory: 0x000001aa459bb7d0 | d0 b7 9b 45 aa 01 00 00
R12=0x00007ff9a2f443d4 glass.dll
R13=0x00007ff9821bb760 jvm.dll
R14=0x0000dbcfe966a37e is an unknown value
R15=0x000001aa459bb7d0 points into unknown readable memory: 0x0000c43181dbacc5 | c5 ac db 81 31 c4 00 00

Top of Stack: (sp=0x00000087841ff180)
0x00000087841ff180:   0000000000000000 00000087841ff288
0x00000087841ff190:   00007ff9821bb760 00007ff9a2f443d4
0x00000087841ff1a0:   000001aa459bb7d8 00007ff9b45b3a93
0x00000087841ff1b0:   000001aa459bb7d0 000001aa00000000
0x00000087841ff1c0:   000001aa459bb7f8 00000087841ff288
0x00000087841ff1d0:   fffffffffffffffe 0000000000000000
0x00000087841ff1e0:   0000000000000001 00007ff9a2f20000
0x00000087841ff1f0:   00000087841ff278 00007ff9b458042e
0x00000087841ff200:   0000000000000000 00000087841ff288
0x00000087841ff210:   00000087841ff570 0000000000000001
0x00000087841ff220:   0000000000000001 00007ff9b457dddd
0x00000087841ff230:   0000000000000000 00007ff9a2f43bcd
0x00000087841ff240:   0000000000000000 00000087841ff278
0x00000087841ff250:   fffffffffffffffe 00000087841ff500
0x00000087841ff260:   0000000000000000 00007ff9a2f44261
0x00000087841ff270:   00007ff9a2f5a138 00007ff900000002
0x00000087841ff280:   0000000000000002 00000087841ff270
0x00000087841ff290:   0000000000000000 00007ff9b6d18ac3
0x00000087841ff2a0:   0000000000000000 00007ff9a2f44386
0x00000087841ff2b0:   0000000000000001 0000000000000001
0x00000087841ff2c0:   0000000000000001 0000000000000000
0x00000087841ff2d0:   0000000000000001 00007ff9b3802223
0x00000087841ff2e0:   00007ff900000001 0000000000000000
0x00000087841ff2f0:   00007ff9a2f20000 000000007ffe0384
0x00000087841ff300:   0000000000000000 00007ff9b6d18b5f
0x00000087841ff310:   00007ff9a2f20000 0000000000000000
0x00000087841ff320:   0000000000000001 000000007ffe0385
0x00000087841ff330:   00007ff9b6e27940 00007ff9a5eab810
0x00000087841ff340:   0000543f8d903400 00007ff9a4bc0000
0x00000087841ff350:   00007ff9a2f443d4 0000000000000000
0x00000087841ff360:   0000000000000000 0000008783565000
0x00000087841ff370:   000001aa455aeed0 00007ff9b6d41566 

Instructions: (pc=0x00007ff9a2f46b07)
0x00007ff9a2f46a07:   8b 4d 58 e8 01 cf ff ff 48 8b 4d 60 e8 f8 ce ff
0x00007ff9a2f46a17:   ff 48 8b 95 80 00 00 00 48 8b 8d 18 01 00 00 e8
0x00007ff9a2f46a27:   c6 c3 ff ff 33 d2 33 c9 e8 3c e1 ff ff 90 48 89
0x00007ff9a2f46a37:   54 24 10 55 48 83 ec 20 48 8b ea 48 b8 00 00 00
0x00007ff9a2f46a47:   00 00 00 00 00 48 83 c4 20 5d c3 cc 40 55 48 8b
0x00007ff9a2f46a57:   ea 48 8b 01 33 c9 81 38 05 00 00 c0 0f 94 c1 8b
0x00007ff9a2f46a67:   c1 5d c3 cc 40 55 48 83 ec 20 48 8b ea 8a 4d 40
0x00007ff9a2f46a77:   48 83 c4 20 5d e9 f7 d2 ff ff cc 40 55 48 83 ec
0x00007ff9a2f46a87:   20 48 8b ea 8a 4d 20 e8 e5 d2 ff ff 90 48 83 c4
0x00007ff9a2f46a97:   20 5d c3 cc 40 55 48 83 ec 20 48 8b ea 48 83 c4
0x00007ff9a2f46aa7:   20 5d e9 46 d1 ff ff cc 40 55 48 83 ec 30 48 8b
0x00007ff9a2f46ab7:   ea 48 8b 01 8b 10 48 89 4c 24 28 89 54 24 20 4c
0x00007ff9a2f46ac7:   8d 0d e7 d5 ff ff 4c 8b 45 70 8b 55 68 48 8b 4d
0x00007ff9a2f46ad7:   60 e8 87 d0 ff ff 90 48 83 c4 30 5d c3 cc cc cc
0x00007ff9a2f46ae7:   cc cc cc cc cc cc cc cc cc 40 53 48 83 ec 20 48
0x00007ff9a2f46af7:   8b 1d 33 30 01 00 48 85 db 74 16 e8 09 8b ff ff
0x00007ff9a2f46b07:   4c 8b 00 48 8b d3 48 8b c8 41 ff 90 b0 00 00 00
0x00007ff9a2f46b17:   90 48 83 c4 20 5b c3 cc cc 40 53 48 83 ec 20 48
0x00007ff9a2f46b27:   8b 1d ab 31 01 00 48 85 db 74 57 b8 ff ff ff ff
0x00007ff9a2f46b37:   f0 0f c1 43 10 83 f8 01 75 3d 48 85 db 74 38 48
0x00007ff9a2f46b47:   8b 0b 48 85 c9 74 0d ff 15 54 07 00 00 48 c7 03
0x00007ff9a2f46b57:   00 00 00 00 48 8b 4b 08 48 85 c9 74 0d e8 a7 cd
0x00007ff9a2f46b67:   ff ff 48 c7 43 08 00 00 00 00 ba 18 00 00 00 48
0x00007ff9a2f46b77:   8b cb e8 92 cd ff ff 48 c7 05 4f 31 01 00 00 00
0x00007ff9a2f46b87:   00 00 48 83 c4 20 5b c3 cc 40 53 48 83 ec 20 48
0x00007ff9a2f46b97:   8b 1d 1b 31 01 00 48 85 db 74 57 b8 ff ff ff ff
0x00007ff9a2f46ba7:   f0 0f c1 43 10 83 f8 01 75 3d 48 85 db 74 38 48
0x00007ff9a2f46bb7:   8b 0b 48 85 c9 74 0d ff 15 e4 06 00 00 48 c7 03
0x00007ff9a2f46bc7:   00 00 00 00 48 8b 4b 08 48 85 c9 74 0d e8 37 cd
0x00007ff9a2f46bd7:   ff ff 48 c7 43 08 00 00 00 00 ba 18 00 00 00 48
0x00007ff9a2f46be7:   8b cb e8 22 cd ff ff 48 c7 05 bf 30 01 00 00 00
0x00007ff9a2f46bf7:   00 00 48 83 c4 20 5b c3 cc 40 53 48 83 ec 20 48 


Stack slot to memory mapping:

stack at sp + 0 slots: 0x0 is null
stack at sp + 1 slots: 0x00000087841ff288 points into unknown readable memory: 0x00000087841ff270 | 70 f2 1f 84 87 00 00 00
stack at sp + 2 slots: 0x00007ff9821bb760 jvm.dll
stack at sp + 3 slots: 0x00007ff9a2f443d4 glass.dll
stack at sp + 4 slots: 0x000001aa459bb7d8 points into unknown readable memory: 0x0000dbcfe966a37e | 7e a3 66 e9 cf db 00 00
stack at sp + 5 slots: 0x00007ff9b45b3a93 ucrtbase.dll
stack at sp + 6 slots: 0x000001aa459bb7d0 points into unknown readable memory: 0x0000c43181dbacc5 | c5 ac db 81 31 c4 00 00
stack at sp + 7 slots: 0x000001aa00000000 is pointing into metadata

VM_Operation (0x00000087838ff3b0): Exit, mode: safepoint, requested by thread 0x000001aa6e8bb090


---------------  P R O C E S S  ---------------

Threads class SMR info:
_java_thread_list=0x000001aa6f125760, length=20, elements={
0x000001aa49cac3f0, 0x000001aa4501a320, 0x000001aa4501b490, 0x000001aa45022610,
0x000001aa45023500, 0x000001aa4502c370, 0x000001aa45032620, 0x000001aa450330d0,
0x000001aa45110f60, 0x000001aa458d4d70, 0x000001aa4597d9f0, 0x000001aa4599a470,
0x000001aa45b74f90, 0x000001aa45b1eee0, 0x000001aa6e76be30, 0x000001aa6e752400,
0x000001aa6e8bb720, 0x000001aa6e8baa00, 0x000001aa6e8b9650, 0x000001aa6e8bb090
}

Java Threads: ( => current thread )
  0x000001aa49cac3f0 JavaThread "main"                              [_thread_blocked, id=12364, stack(0x0000008783a00000,0x0000008783b00000) (1024K)]
  0x000001aa4501a320 JavaThread "Reference Handler"          daemon [_thread_blocked, id=8556, stack(0x0000008784200000,0x0000008784300000) (1024K)]
  0x000001aa4501b490 JavaThread "Finalizer"                  daemon [_thread_blocked, id=10920, stack(0x0000008784300000,0x0000008784400000) (1024K)]
  0x000001aa45022610 JavaThread "Attach Listener"            daemon [_thread_blocked, id=1076, stack(0x0000008784500000,0x0000008784600000) (1024K)]
  0x000001aa45023500 JavaThread "Service Thread"             daemon [_thread_blocked, id=8884, stack(0x0000008784600000,0x0000008784700000) (1024K)]
  0x000001aa4502c370 JavaThread "Monitor Deflation Thread"   daemon [_thread_blocked, id=6716, stack(0x0000008784700000,0x0000008784800000) (1024K)]
  0x000001aa45032620 JavaThread "C2 CompilerThread0"         daemon [_thread_blocked, id=9024, stack(0x0000008784800000,0x0000008784900000) (1024K)]
  0x000001aa450330d0 JavaThread "C1 CompilerThread0"         daemon [_thread_blocked, id=8496, stack(0x0000008784900000,0x0000008784a00000) (1024K)]
  0x000001aa45110f60 JavaThread "Common-Cleaner"             daemon [_thread_blocked, id=5860, stack(0x0000008784a00000,0x0000008784b00000) (1024K)]
  0x000001aa458d4d70 JavaThread "Monitor Ctrl-Break"         daemon [_thread_in_native, id=3224, stack(0x0000008784d00000,0x0000008784e00000) (1024K)]
  0x000001aa4597d9f0 JavaThread "Notification Thread"        daemon [_thread_blocked, id=11964, stack(0x0000008784e00000,0x0000008784f00000) (1024K)]
  0x000001aa4599a470 JavaThread "QuantumRenderer-0"          daemon [_thread_blocked, id=8308, stack(0x0000008784c00000,0x0000008784d00000) (1024K)]
  0x000001aa45b74f90 JavaThread "InvokeLaterDispatcher"      daemon [_thread_blocked, id=9432, stack(0x0000008784f00000,0x0000008785000000) (1024K)]
  0x000001aa45b1eee0 JavaThread "JavaFX Application Thread"         [_thread_in_native, id=5624, stack(0x0000008785000000,0x0000008785100000) (1024K)]
  0x000001aa6e76be30 JavaThread "Thread-1"                   daemon [_thread_in_native, id=4972, stack(0x0000008785400000,0x0000008785500000) (1024K)]
  0x000001aa6e752400 JavaThread "JavaFX-Launcher"                   [_thread_blocked, id=11652, stack(0x0000008785500000,0x0000008785600000) (1024K)]
  0x000001aa6e8bb720 JavaThread "Prism Font Disposer"        daemon [_thread_blocked, id=13156, stack(0x0000008786300000,0x0000008786400000) (1024K)]
  0x000001aa6e8baa00 JavaThread "mysql-cj-abandoned-connection-cleanup" daemon [_thread_blocked, id=3244, stack(0x0000008784b00000,0x0000008784c00000) (1024K)]
  0x000001aa6e8b9650 JavaThread "Cleaner-0"                  daemon [_thread_blocked, id=7720, stack(0x0000008786400000,0x0000008786500000) (1024K)]
  0x000001aa6e8bb090 JavaThread "SIGINT handler"             daemon [_thread_blocked, id=4992, stack(0x0000008783800000,0x0000008783900000) (1024K)]
Total: 20

Other Threads:
=>0x000001aa6bade2b0 VMThread "VM Thread"                           [id=5068, stack(0x0000008784100000,0x0000008784200000) (1024K)]
  0x000001aa49d14020 WorkerThread "GC Thread#0"                     [id=5388, stack(0x0000008783b00000,0x0000008783c00000) (1024K)]
  0x000001aa4515ca90 WorkerThread "GC Thread#1"                     [id=7204, stack(0x0000008785600000,0x0000008785700000) (1024K)]
  0x000001aa4515ce40 WorkerThread "GC Thread#2"                     [id=9468, stack(0x0000008785700000,0x0000008785800000) (1024K)]
  0x000001aa4515d1f0 WorkerThread "GC Thread#3"                     [id=12000, stack(0x0000008785800000,0x0000008785900000) (1024K)]
  0x000001aa4515d5a0 WorkerThread "GC Thread#4"                     [id=8032, stack(0x0000008785900000,0x0000008785a00000) (1024K)]
  0x000001aa6e799f70 WorkerThread "GC Thread#5"                     [id=13040, stack(0x0000008785a00000,0x0000008785b00000) (1024K)]
  0x000001aa6e79a320 WorkerThread "GC Thread#6"                     [id=3776, stack(0x0000008785b00000,0x0000008785c00000) (1024K)]
  0x000001aa6e79a6d0 WorkerThread "GC Thread#7"                     [id=9748, stack(0x0000008785c00000,0x0000008785d00000) (1024K)]
  0x000001aa6e79b360 WorkerThread "GC Thread#8"                     [id=5352, stack(0x0000008785d00000,0x0000008785e00000) (1024K)]
  0x000001aa6e79b710 WorkerThread "GC Thread#9"                     [id=7384, stack(0x0000008785e00000,0x0000008785f00000) (1024K)]
  0x000001aa49d28f10 ConcurrentGCThread "G1 Main Marker"            terminated
  0x000001aa49d2a1c0 WorkerThread "G1 Conc#0"                       [id=10220, stack(0x0000008783d00000,0x0000008783e00000) (1024K)]
  0x000001aa6b99f050 ConcurrentGCThread "G1 Refine#0"               terminated
  0x000001aa6b9a1be0 ConcurrentGCThread "G1 Service"                terminated
Total: 15

Threads with active compile tasks:
Total: 0

VM state: at safepoint (shutting down)

VM Mutex/Monitor currently owned by a thread:  ([mutex/lock_event])
[0x00007ff982193910] Threads_lock - owner thread: 0x000001aa6bade2b0
[0x00007ff982193a10] Heap_lock - owner thread: 0x000001aa6e8bb090

Heap address: 0x0000000604c00000, size: 8116 MB, Compressed Oops mode: Zero based, Oop shift amount: 3

CDS archive(s) mapped at: [0x000001aa00000000-0x000001aa00d70000-0x000001aa00d70000), size 14090240, SharedBaseAddress: 0x000001aa00000000, ArchiveRelocationMode: 1.
Compressed class space mapped at: 0x000001aa01000000-0x000001aa41000000, reserved size: 1073741824
Narrow klass base: 0x000001aa00000000, Narrow klass shift: 0, Narrow klass range: 0x41000000

GC Precious Log:
 CardTable entry size: 512
 Card Set container configuration: InlinePtr #cards 4 size 8 Array Of Cards #cards 32 size 80 Howl #buckets 8 coarsen threshold 7372 Howl Bitmap #cards 1024 size 144 coarsen threshold 921 Card regions per heap region 1 cards per card region 8192
 CPUs: 12 total, 12 available
 Memory: 32457M
 Large Page Support: Disabled
 NUMA Support: Disabled
 Compressed Oops: Enabled (Zero based)
 Heap Region Size: 4M
 Heap Min Capacity: 8M
 Heap Initial Capacity: 508M
 Heap Max Capacity: 8116M
 Pre-touch: Disabled
 Parallel Workers: 10
 Concurrent Workers: 3
 Concurrent Refinement Workers: 10
 Periodic GC: Disabled

Heap:
 garbage-first heap   total reserved 8310784K, committed 520192K, used 47677K [0x0000000604c00000, 0x0000000800000000)
  region size 4096K, 13 young (53248K), 1 survivors (4096K)
 Metaspace       used 21001K, committed 21376K, reserved 1114112K
  class space    used 2954K, committed 3136K, reserved 1048576K

Heap Regions: E=young(eden), S=young(survivor), O=old, HS=humongous(starts), HC=humongous(continues), CS=collection set, F=free, TAMS=top-at-mark-start, PB=parsable bottom
|   0|0x0000000604c00000, 0x0000000604ecdd98, 0x0000000605000000| 70%| O|  |TAMS 0x0000000604c00000| PB 0x0000000604c00000| Untracked |  0
|   1|0x0000000605000000, 0x0000000605000000, 0x0000000605400000|  0%| F|  |TAMS 0x0000000605000000| PB 0x0000000605000000| Untracked |  0
|   2|0x0000000605400000, 0x0000000605400000, 0x0000000605800000|  0%| F|  |TAMS 0x0000000605400000| PB 0x0000000605400000| Untracked |  0
|   3|0x0000000605800000, 0x0000000605800000, 0x0000000605c00000|  0%| F|  |TAMS 0x0000000605800000| PB 0x0000000605800000| Untracked |  0
|   4|0x0000000605c00000, 0x0000000605c00000, 0x0000000606000000|  0%| F|  |TAMS 0x0000000605c00000| PB 0x0000000605c00000| Untracked |  0
|   5|0x0000000606000000, 0x0000000606000000, 0x0000000606400000|  0%| F|  |TAMS 0x0000000606000000| PB 0x0000000606000000| Untracked |  0
|   6|0x0000000606400000, 0x0000000606400000, 0x0000000606800000|  0%| F|  |TAMS 0x0000000606400000| PB 0x0000000606400000| Untracked |  0
|   7|0x0000000606800000, 0x0000000606800000, 0x0000000606c00000|  0%| F|  |TAMS 0x0000000606800000| PB 0x0000000606800000| Untracked |  0
|   8|0x0000000606c00000, 0x0000000606c00000, 0x0000000607000000|  0%| F|  |TAMS 0x0000000606c00000| PB 0x0000000606c00000| Untracked |  0
|   9|0x0000000607000000, 0x0000000607000000, 0x0000000607400000|  0%| F|  |TAMS 0x0000000607000000| PB 0x0000000607000000| Untracked |  0
|  10|0x0000000607400000, 0x0000000607400000, 0x0000000607800000|  0%| F|  |TAMS 0x0000000607400000| PB 0x0000000607400000| Untracked |  0
|  11|0x0000000607800000, 0x0000000607800000, 0x0000000607c00000|  0%| F|  |TAMS 0x0000000607800000| PB 0x0000000607800000| Untracked |  0
|  12|0x0000000607c00000, 0x0000000607c00000, 0x0000000608000000|  0%| F|  |TAMS 0x0000000607c00000| PB 0x0000000607c00000| Untracked |  0
|  13|0x0000000608000000, 0x0000000608000000, 0x0000000608400000|  0%| F|  |TAMS 0x0000000608000000| PB 0x0000000608000000| Untracked |  0
|  14|0x0000000608400000, 0x0000000608400000, 0x0000000608800000|  0%| F|  |TAMS 0x0000000608400000| PB 0x0000000608400000| Untracked |  0
|  15|0x0000000608800000, 0x0000000608800000, 0x0000000608c00000|  0%| F|  |TAMS 0x0000000608800000| PB 0x0000000608800000| Untracked |  0
|  16|0x0000000608c00000, 0x0000000608c00000, 0x0000000609000000|  0%| F|  |TAMS 0x0000000608c00000| PB 0x0000000608c00000| Untracked |  0
|  17|0x0000000609000000, 0x0000000609000000, 0x0000000609400000|  0%| F|  |TAMS 0x0000000609000000| PB 0x0000000609000000| Untracked |  0
|  18|0x0000000609400000, 0x0000000609400000, 0x0000000609800000|  0%| F|  |TAMS 0x0000000609400000| PB 0x0000000609400000| Untracked |  0
|  19|0x0000000609800000, 0x0000000609800000, 0x0000000609c00000|  0%| F|  |TAMS 0x0000000609800000| PB 0x0000000609800000| Untracked |  0
|  20|0x0000000609c00000, 0x0000000609c00000, 0x000000060a000000|  0%| F|  |TAMS 0x0000000609c00000| PB 0x0000000609c00000| Untracked |  0
|  21|0x000000060a000000, 0x000000060a000000, 0x000000060a400000|  0%| F|  |TAMS 0x000000060a000000| PB 0x000000060a000000| Untracked |  0
|  22|0x000000060a400000, 0x000000060a400000, 0x000000060a800000|  0%| F|  |TAMS 0x000000060a400000| PB 0x000000060a400000| Untracked |  0
|  23|0x000000060a800000, 0x000000060a800000, 0x000000060ac00000|  0%| F|  |TAMS 0x000000060a800000| PB 0x000000060a800000| Untracked |  0
|  24|0x000000060ac00000, 0x000000060ac00000, 0x000000060b000000|  0%| F|  |TAMS 0x000000060ac00000| PB 0x000000060ac00000| Untracked |  0
|  25|0x000000060b000000, 0x000000060b000000, 0x000000060b400000|  0%| F|  |TAMS 0x000000060b000000| PB 0x000000060b000000| Untracked |  0
|  26|0x000000060b400000, 0x000000060b400000, 0x000000060b800000|  0%| F|  |TAMS 0x000000060b400000| PB 0x000000060b400000| Untracked |  0
|  27|0x000000060b800000, 0x000000060b800000, 0x000000060bc00000|  0%| F|  |TAMS 0x000000060b800000| PB 0x000000060b800000| Untracked |  0
|  28|0x000000060bc00000, 0x000000060bc00000, 0x000000060c000000|  0%| F|  |TAMS 0x000000060bc00000| PB 0x000000060bc00000| Untracked |  0
|  29|0x000000060c000000, 0x000000060c000000, 0x000000060c400000|  0%| F|  |TAMS 0x000000060c000000| PB 0x000000060c000000| Untracked |  0
|  30|0x000000060c400000, 0x000000060c400000, 0x000000060c800000|  0%| F|  |TAMS 0x000000060c400000| PB 0x000000060c400000| Untracked |  0
|  31|0x000000060c800000, 0x000000060c800000, 0x000000060cc00000|  0%| F|  |TAMS 0x000000060c800000| PB 0x000000060c800000| Untracked |  0
|  32|0x000000060cc00000, 0x000000060cc00000, 0x000000060d000000|  0%| F|  |TAMS 0x000000060cc00000| PB 0x000000060cc00000| Untracked |  0
|  33|0x000000060d000000, 0x000000060d000000, 0x000000060d400000|  0%| F|  |TAMS 0x000000060d000000| PB 0x000000060d000000| Untracked |  0
|  34|0x000000060d400000, 0x000000060d400000, 0x000000060d800000|  0%| F|  |TAMS 0x000000060d400000| PB 0x000000060d400000| Untracked |  0
|  35|0x000000060d800000, 0x000000060d800000, 0x000000060dc00000|  0%| F|  |TAMS 0x000000060d800000| PB 0x000000060d800000| Untracked |  0
|  36|0x000000060dc00000, 0x000000060dc00000, 0x000000060e000000|  0%| F|  |TAMS 0x000000060dc00000| PB 0x000000060dc00000| Untracked |  0
|  37|0x000000060e000000, 0x000000060e000000, 0x000000060e400000|  0%| F|  |TAMS 0x000000060e000000| PB 0x000000060e000000| Untracked |  0
|  38|0x000000060e400000, 0x000000060e400000, 0x000000060e800000|  0%| F|  |TAMS 0x000000060e400000| PB 0x000000060e400000| Untracked |  0
|  39|0x000000060e800000, 0x000000060e800000, 0x000000060ec00000|  0%| F|  |TAMS 0x000000060e800000| PB 0x000000060e800000| Untracked |  0
|  40|0x000000060ec00000, 0x000000060ec00000, 0x000000060f000000|  0%| F|  |TAMS 0x000000060ec00000| PB 0x000000060ec00000| Untracked |  0
|  41|0x000000060f000000, 0x000000060f000000, 0x000000060f400000|  0%| F|  |TAMS 0x000000060f000000| PB 0x000000060f000000| Untracked |  0
|  42|0x000000060f400000, 0x000000060f400000, 0x000000060f800000|  0%| F|  |TAMS 0x000000060f400000| PB 0x000000060f400000| Untracked |  0
|  43|0x000000060f800000, 0x000000060f800000, 0x000000060fc00000|  0%| F|  |TAMS 0x000000060f800000| PB 0x000000060f800000| Untracked |  0
|  44|0x000000060fc00000, 0x000000060fc00000, 0x0000000610000000|  0%| F|  |TAMS 0x000000060fc00000| PB 0x000000060fc00000| Untracked |  0
|  45|0x0000000610000000, 0x0000000610000000, 0x0000000610400000|  0%| F|  |TAMS 0x0000000610000000| PB 0x0000000610000000| Untracked |  0
|  46|0x0000000610400000, 0x0000000610400000, 0x0000000610800000|  0%| F|  |TAMS 0x0000000610400000| PB 0x0000000610400000| Untracked |  0
|  47|0x0000000610800000, 0x0000000610800000, 0x0000000610c00000|  0%| F|  |TAMS 0x0000000610800000| PB 0x0000000610800000| Untracked |  0
|  48|0x0000000610c00000, 0x0000000610c00000, 0x0000000611000000|  0%| F|  |TAMS 0x0000000610c00000| PB 0x0000000610c00000| Untracked |  0
|  49|0x0000000611000000, 0x0000000611000000, 0x0000000611400000|  0%| F|  |TAMS 0x0000000611000000| PB 0x0000000611000000| Untracked |  0
|  50|0x0000000611400000, 0x0000000611400000, 0x0000000611800000|  0%| F|  |TAMS 0x0000000611400000| PB 0x0000000611400000| Untracked |  0
|  51|0x0000000611800000, 0x0000000611800000, 0x0000000611c00000|  0%| F|  |TAMS 0x0000000611800000| PB 0x0000000611800000| Untracked |  0
|  52|0x0000000611c00000, 0x0000000611c00000, 0x0000000612000000|  0%| F|  |TAMS 0x0000000611c00000| PB 0x0000000611c00000| Untracked |  0
|  53|0x0000000612000000, 0x0000000612000000, 0x0000000612400000|  0%| F|  |TAMS 0x0000000612000000| PB 0x0000000612000000| Untracked |  0
|  54|0x0000000612400000, 0x0000000612400000, 0x0000000612800000|  0%| F|  |TAMS 0x0000000612400000| PB 0x0000000612400000| Untracked |  0
|  55|0x0000000612800000, 0x0000000612800000, 0x0000000612c00000|  0%| F|  |TAMS 0x0000000612800000| PB 0x0000000612800000| Untracked |  0
|  56|0x0000000612c00000, 0x0000000612c00000, 0x0000000613000000|  0%| F|  |TAMS 0x0000000612c00000| PB 0x0000000612c00000| Untracked |  0
|  57|0x0000000613000000, 0x0000000613000000, 0x0000000613400000|  0%| F|  |TAMS 0x0000000613000000| PB 0x0000000613000000| Untracked |  0
|  58|0x0000000613400000, 0x0000000613400000, 0x0000000613800000|  0%| F|  |TAMS 0x0000000613400000| PB 0x0000000613400000| Untracked |  0
|  59|0x0000000613800000, 0x0000000613800000, 0x0000000613c00000|  0%| F|  |TAMS 0x0000000613800000| PB 0x0000000613800000| Untracked |  0
|  60|0x0000000613c00000, 0x0000000613c00000, 0x0000000614000000|  0%| F|  |TAMS 0x0000000613c00000| PB 0x0000000613c00000| Untracked |  0
|  61|0x0000000614000000, 0x0000000614000000, 0x0000000614400000|  0%| F|  |TAMS 0x0000000614000000| PB 0x0000000614000000| Untracked |  0
|  62|0x0000000614400000, 0x0000000614400000, 0x0000000614800000|  0%| F|  |TAMS 0x0000000614400000| PB 0x0000000614400000| Untracked |  0
|  63|0x0000000614800000, 0x0000000614800000, 0x0000000614c00000|  0%| F|  |TAMS 0x0000000614800000| PB 0x0000000614800000| Untracked |  0
|  64|0x0000000614c00000, 0x0000000614c00000, 0x0000000615000000|  0%| F|  |TAMS 0x0000000614c00000| PB 0x0000000614c00000| Untracked |  0
|  65|0x0000000615000000, 0x0000000615000000, 0x0000000615400000|  0%| F|  |TAMS 0x0000000615000000| PB 0x0000000615000000| Untracked |  0
|  66|0x0000000615400000, 0x0000000615400000, 0x0000000615800000|  0%| F|  |TAMS 0x0000000615400000| PB 0x0000000615400000| Untracked |  0
|  67|0x0000000615800000, 0x0000000615800000, 0x0000000615c00000|  0%| F|  |TAMS 0x0000000615800000| PB 0x0000000615800000| Untracked |  0
|  68|0x0000000615c00000, 0x0000000615c00000, 0x0000000616000000|  0%| F|  |TAMS 0x0000000615c00000| PB 0x0000000615c00000| Untracked |  0
|  69|0x0000000616000000, 0x0000000616000000, 0x0000000616400000|  0%| F|  |TAMS 0x0000000616000000| PB 0x0000000616000000| Untracked |  0
|  70|0x0000000616400000, 0x0000000616400000, 0x0000000616800000|  0%| F|  |TAMS 0x0000000616400000| PB 0x0000000616400000| Untracked |  0
|  71|0x0000000616800000, 0x0000000616800000, 0x0000000616c00000|  0%| F|  |TAMS 0x0000000616800000| PB 0x0000000616800000| Untracked |  0
|  72|0x0000000616c00000, 0x0000000616c00000, 0x0000000617000000|  0%| F|  |TAMS 0x0000000616c00000| PB 0x0000000616c00000| Untracked |  0
|  73|0x0000000617000000, 0x0000000617000000, 0x0000000617400000|  0%| F|  |TAMS 0x0000000617000000| PB 0x0000000617000000| Untracked |  0
|  74|0x0000000617400000, 0x0000000617400000, 0x0000000617800000|  0%| F|  |TAMS 0x0000000617400000| PB 0x0000000617400000| Untracked |  0
|  75|0x0000000617800000, 0x0000000617800000, 0x0000000617c00000|  0%| F|  |TAMS 0x0000000617800000| PB 0x0000000617800000| Untracked |  0
|  76|0x0000000617c00000, 0x0000000617c00000, 0x0000000618000000|  0%| F|  |TAMS 0x0000000617c00000| PB 0x0000000617c00000| Untracked |  0
|  77|0x0000000618000000, 0x0000000618000000, 0x0000000618400000|  0%| F|  |TAMS 0x0000000618000000| PB 0x0000000618000000| Untracked |  0
|  78|0x0000000618400000, 0x0000000618400000, 0x0000000618800000|  0%| F|  |TAMS 0x0000000618400000| PB 0x0000000618400000| Untracked |  0
|  79|0x0000000618800000, 0x0000000618800000, 0x0000000618c00000|  0%| F|  |TAMS 0x0000000618800000| PB 0x0000000618800000| Untracked |  0
|  80|0x0000000618c00000, 0x0000000618c00000, 0x0000000619000000|  0%| F|  |TAMS 0x0000000618c00000| PB 0x0000000618c00000| Untracked |  0
|  81|0x0000000619000000, 0x0000000619000000, 0x0000000619400000|  0%| F|  |TAMS 0x0000000619000000| PB 0x0000000619000000| Untracked |  0
|  82|0x0000000619400000, 0x0000000619400000, 0x0000000619800000|  0%| F|  |TAMS 0x0000000619400000| PB 0x0000000619400000| Untracked |  0
|  83|0x0000000619800000, 0x0000000619800000, 0x0000000619c00000|  0%| F|  |TAMS 0x0000000619800000| PB 0x0000000619800000| Untracked |  0
|  84|0x0000000619c00000, 0x0000000619c00000, 0x000000061a000000|  0%| F|  |TAMS 0x0000000619c00000| PB 0x0000000619c00000| Untracked |  0
|  85|0x000000061a000000, 0x000000061a000000, 0x000000061a400000|  0%| F|  |TAMS 0x000000061a000000| PB 0x000000061a000000| Untracked |  0
|  86|0x000000061a400000, 0x000000061a400000, 0x000000061a800000|  0%| F|  |TAMS 0x000000061a400000| PB 0x000000061a400000| Untracked |  0
|  87|0x000000061a800000, 0x000000061a800000, 0x000000061ac00000|  0%| F|  |TAMS 0x000000061a800000| PB 0x000000061a800000| Untracked |  0
|  88|0x000000061ac00000, 0x000000061ac00000, 0x000000061b000000|  0%| F|  |TAMS 0x000000061ac00000| PB 0x000000061ac00000| Untracked |  0
|  89|0x000000061b000000, 0x000000061b000000, 0x000000061b400000|  0%| F|  |TAMS 0x000000061b000000| PB 0x000000061b000000| Untracked |  0
|  90|0x000000061b400000, 0x000000061b400000, 0x000000061b800000|  0%| F|  |TAMS 0x000000061b400000| PB 0x000000061b400000| Untracked |  0
|  91|0x000000061b800000, 0x000000061b800000, 0x000000061bc00000|  0%| F|  |TAMS 0x000000061b800000| PB 0x000000061b800000| Untracked |  0
|  92|0x000000061bc00000, 0x000000061bc00000, 0x000000061c000000|  0%| F|  |TAMS 0x000000061bc00000| PB 0x000000061bc00000| Untracked |  0
|  93|0x000000061c000000, 0x000000061c000000, 0x000000061c400000|  0%| F|  |TAMS 0x000000061c000000| PB 0x000000061c000000| Untracked |  0
|  94|0x000000061c400000, 0x000000061c400000, 0x000000061c800000|  0%| F|  |TAMS 0x000000061c400000| PB 0x000000061c400000| Untracked |  0
|  95|0x000000061c800000, 0x000000061c800000, 0x000000061cc00000|  0%| F|  |TAMS 0x000000061c800000| PB 0x000000061c800000| Untracked |  0
|  96|0x000000061cc00000, 0x000000061cc00000, 0x000000061d000000|  0%| F|  |TAMS 0x000000061cc00000| PB 0x000000061cc00000| Untracked |  0
|  97|0x000000061d000000, 0x000000061d000000, 0x000000061d400000|  0%| F|  |TAMS 0x000000061d000000| PB 0x000000061d000000| Untracked |  0
|  98|0x000000061d400000, 0x000000061d400000, 0x000000061d800000|  0%| F|  |TAMS 0x000000061d400000| PB 0x000000061d400000| Untracked |  0
|  99|0x000000061d800000, 0x000000061d800000, 0x000000061dc00000|  0%| F|  |TAMS 0x000000061d800000| PB 0x000000061d800000| Untracked |  0
| 100|0x000000061dc00000, 0x000000061dc00000, 0x000000061e000000|  0%| F|  |TAMS 0x000000061dc00000| PB 0x000000061dc00000| Untracked |  0
| 101|0x000000061e000000, 0x000000061e000000, 0x000000061e400000|  0%| F|  |TAMS 0x000000061e000000| PB 0x000000061e000000| Untracked |  0
| 102|0x000000061e400000, 0x000000061e400000, 0x000000061e800000|  0%| F|  |TAMS 0x000000061e400000| PB 0x000000061e400000| Untracked |  0
| 103|0x000000061e800000, 0x000000061e800000, 0x000000061ec00000|  0%| F|  |TAMS 0x000000061e800000| PB 0x000000061e800000| Untracked |  0
| 104|0x000000061ec00000, 0x000000061ec00000, 0x000000061f000000|  0%| F|  |TAMS 0x000000061ec00000| PB 0x000000061ec00000| Untracked |  0
| 105|0x000000061f000000, 0x000000061f000000, 0x000000061f400000|  0%| F|  |TAMS 0x000000061f000000| PB 0x000000061f000000| Untracked |  0
| 106|0x000000061f400000, 0x000000061f400000, 0x000000061f800000|  0%| F|  |TAMS 0x000000061f400000| PB 0x000000061f400000| Untracked |  0
| 107|0x000000061f800000, 0x000000061f800000, 0x000000061fc00000|  0%| F|  |TAMS 0x000000061f800000| PB 0x000000061f800000| Untracked |  0
| 108|0x000000061fc00000, 0x000000061fc00000, 0x0000000620000000|  0%| F|  |TAMS 0x000000061fc00000| PB 0x000000061fc00000| Untracked |  0
| 109|0x0000000620000000, 0x0000000620000000, 0x0000000620400000|  0%| F|  |TAMS 0x0000000620000000| PB 0x0000000620000000| Untracked |  0
| 110|0x0000000620400000, 0x0000000620400000, 0x0000000620800000|  0%| F|  |TAMS 0x0000000620400000| PB 0x0000000620400000| Untracked |  0
| 111|0x0000000620800000, 0x0000000620800000, 0x0000000620c00000|  0%| F|  |TAMS 0x0000000620800000| PB 0x0000000620800000| Untracked |  0
| 112|0x0000000620c00000, 0x0000000620c00000, 0x0000000621000000|  0%| F|  |TAMS 0x0000000620c00000| PB 0x0000000620c00000| Untracked |  0
| 113|0x0000000621000000, 0x0000000621000000, 0x0000000621400000|  0%| F|  |TAMS 0x0000000621000000| PB 0x0000000621000000| Untracked |  0
| 114|0x0000000621400000, 0x00000006214ac0e8, 0x0000000621800000| 16%| E|  |TAMS 0x0000000621400000| PB 0x0000000621400000| Complete |  0
| 115|0x0000000621800000, 0x0000000621c00000, 0x0000000621c00000|100%| E|CS|TAMS 0x0000000621800000| PB 0x0000000621800000| Complete |  0
| 116|0x0000000621c00000, 0x0000000622000000, 0x0000000622000000|100%| E|CS|TAMS 0x0000000621c00000| PB 0x0000000621c00000| Complete |  0
| 117|0x0000000622000000, 0x0000000622400000, 0x0000000622400000|100%| E|CS|TAMS 0x0000000622000000| PB 0x0000000622000000| Complete |  0
| 118|0x0000000622400000, 0x0000000622800000, 0x0000000622800000|100%| E|CS|TAMS 0x0000000622400000| PB 0x0000000622400000| Complete |  0
| 119|0x0000000622800000, 0x0000000622bc1948, 0x0000000622c00000| 93%| S|CS|TAMS 0x0000000622800000| PB 0x0000000622800000| Complete |  0
| 120|0x0000000622c00000, 0x0000000623000000, 0x0000000623000000|100%| E|CS|TAMS 0x0000000622c00000| PB 0x0000000622c00000| Complete |  0
| 121|0x0000000623000000, 0x0000000623400000, 0x0000000623400000|100%| E|CS|TAMS 0x0000000623000000| PB 0x0000000623000000| Complete |  0
| 122|0x0000000623400000, 0x0000000623800000, 0x0000000623800000|100%| E|CS|TAMS 0x0000000623400000| PB 0x0000000623400000| Complete |  0
| 123|0x0000000623800000, 0x0000000623c00000, 0x0000000623c00000|100%| E|CS|TAMS 0x0000000623800000| PB 0x0000000623800000| Complete |  0
| 124|0x0000000623c00000, 0x0000000624000000, 0x0000000624000000|100%| E|CS|TAMS 0x0000000623c00000| PB 0x0000000623c00000| Complete |  0
| 125|0x0000000624000000, 0x0000000624400000, 0x0000000624400000|100%| E|  |TAMS 0x0000000624000000| PB 0x0000000624000000| Complete |  0
| 126|0x0000000624400000, 0x0000000624800000, 0x0000000624800000|100%| E|CS|TAMS 0x0000000624400000| PB 0x0000000624400000| Complete |  0

Card table byte_map: [0x000001aa62a30000,0x000001aa63a10000] _byte_map_base: 0x000001aa5fa0a000

Marking Bits: (CMBitMap*) 0x000001aa49d14730
 Bits: [0x000001aa63a10000, 0x000001aa6b8e0000)

Polling page: 0x000001aa47b10000

Metaspace:

Usage:
  Non-class:     17.62 MB used.
      Class:      2.88 MB used.
       Both:     20.51 MB used.

Virtual space:
  Non-class space:       64.00 MB reserved,      17.81 MB ( 28%) committed,  1 nodes.
      Class space:        1.00 GB reserved,       3.06 MB ( <1%) committed,  1 nodes.
             Both:        1.06 GB reserved,      20.88 MB (  2%) committed. 

Chunk freelists:
   Non-Class:  13.70 MB
       Class:  12.88 MB
        Both:  26.58 MB

MaxMetaspaceSize: unlimited
CompressedClassSpaceSize: 1.00 GB
Initial GC threshold: 21.00 MB
Current GC threshold: 21.00 MB
CDS: on
 - commit_granule_bytes: 65536.
 - commit_granule_words: 8192.
 - virtual_space_node_default_size: 8388608.
 - enlarge_chunks_in_place: 1.
 - use_allocation_guard: 0.


Internal statistics:

num_allocs_failed_limit: 0.
num_arena_births: 382.
num_arena_deaths: 0.
num_vsnodes_births: 2.
num_vsnodes_deaths: 0.
num_space_committed: 334.
num_space_uncommitted: 0.
num_chunks_returned_to_freelist: 0.
num_chunks_taken_from_freelist: 1051.
num_chunk_merges: 0.
num_chunk_splits: 717.
num_chunks_enlarged: 520.
num_inconsistent_stats: 0.

CodeHeap 'non-profiled nmethods': size=120064Kb used=1189Kb max_used=1189Kb free=118875Kb
 bounds [0x000001aa59ea0000, 0x000001aa5a110000, 0x000001aa613e0000]
CodeHeap 'profiled nmethods': size=120000Kb used=5146Kb max_used=5146Kb free=114854Kb
 bounds [0x000001aa523e0000, 0x000001aa528f0000, 0x000001aa59910000]
CodeHeap 'non-nmethods': size=5696Kb used=1868Kb max_used=1931Kb free=3828Kb
 bounds [0x000001aa59910000, 0x000001aa59b80000, 0x000001aa59ea0000]
CodeCache: size=245760Kb, used=8203Kb, max_used=8266Kb, free=237557Kb
 total_blobs=4506, nmethods=3613, adapters=797, full_count=0
Compilation: enabled, stopped_count=0, restarted_count=0

Compilation events (20 events):
Event: 1108.703 Thread 0x000001aa450330d0 3606       3       java.lang.Thread::getContextClassLoader (30 bytes)
Event: 1108.703 Thread 0x000001aa450330d0 nmethod 3606 0x000001aa528e5388 code [0x000001aa528e54c0, 0x000001aa528e5718]
Event: 1278.753 Thread 0x000001aa450330d0 3607   !   3       com.mysql.cj.jdbc.AbandonedConnectionCleanupThread::checkThreadContextClassLoader (20 bytes)
Event: 1278.754 Thread 0x000001aa450330d0 nmethod 3607 0x000001aa528e5788 code [0x000001aa528e5900, 0x000001aa528e5f60]
Event: 1741.109 Thread 0x000001aa450330d0 3608   !   3       jdk.internal.ref.PhantomCleanable::isListEmpty (34 bytes)
Event: 1741.110 Thread 0x000001aa450330d0 nmethod 3608 0x000001aa528e6008 code [0x000001aa528e6120, 0x000001aa528e6418]
Event: 1741.110 Thread 0x000001aa450330d0 3609       3       jdk.internal.misc.InnocuousThread::eraseThreadLocals (23 bytes)
Event: 1741.110 Thread 0x000001aa450330d0 nmethod 3609 0x000001aa528e6488 code [0x000001aa528e65a0, 0x000001aa528e6798]
Event: 1758.900 Thread 0x000001aa45032620 3610   !   4       java.util.jar.JarFile::checkForSpecialAttributes (163 bytes)
Event: 1758.907 Thread 0x000001aa45032620 nmethod 3610 0x000001aa59fc6108 code [0x000001aa59fc6260, 0x000001aa59fc67a8]
Event: 1778.906 Thread 0x000001aa45032620 3611       4       java.util.zip.ZipCoder::hash (36 bytes)
Event: 1778.912 Thread 0x000001aa45032620 nmethod 3611 0x000001aa59fc6808 code [0x000001aa59fc6960, 0x000001aa59fc6de8]
Event: 1963.962 Thread 0x000001aa45032620 3612       4       java.util.zip.ZipFile$Source::getEntryPos (164 bytes)
Event: 1964.003 Thread 0x000001aa45032620 nmethod 3612 0x000001aa59fc6e88 code [0x000001aa59fc7060, 0x000001aa59fc7f98]
Event: 1973.966 Thread 0x000001aa45032620 3613   !   4       java.util.zip.ZipFile::getEntry (59 bytes)
Event: 1973.971 Thread 0x000001aa45032620 nmethod 3613 0x000001aa59fc8108 code [0x000001aa59fc8240, 0x000001aa59fc8578]
Event: 1978.967 Thread 0x000001aa45032620 3614       4       java.util.jar.JarFile::getEntry (35 bytes)
Event: 1978.974 Thread 0x000001aa45032620 nmethod 3614 0x000001aa59fc8608 code [0x000001aa59fc87a0, 0x000001aa59fc9030]
Event: 2110.133 Thread 0x000001aa450330d0 3615       1       java.util.logging.LogManager$LoggerContext::getOwner (5 bytes)
Event: 2110.133 Thread 0x000001aa450330d0 nmethod 3615 0x000001aa59fc9108 code [0x000001aa59fc9220, 0x000001aa59fc92f0]

GC Heap History (4 events):
Event: 0.664 GC heap before
{Heap before GC invocations=0 (full 0):
 garbage-first heap   total reserved 8310784K, committed 520192K, used 20480K [0x0000000604c00000, 0x0000000800000000)
  region size 4096K, 6 young (24576K), 0 survivors (0K)
 Metaspace       used 5078K, committed 5312K, reserved 1114112K
  class space    used 619K, committed 704K, reserved 1048576K
}
Event: 0.667 GC heap after
{Heap after GC invocations=1 (full 0):
 garbage-first heap   total reserved 8310784K, committed 520192K, used 2988K [0x0000000604c00000, 0x0000000800000000)
  region size 4096K, 1 young (4096K), 1 survivors (4096K)
 Metaspace       used 5078K, committed 5312K, reserved 1114112K
  class space    used 619K, committed 704K, reserved 1048576K
}
Event: 1.066 GC heap before
{Heap before GC invocations=1 (full 0):
 garbage-first heap   total reserved 8310784K, committed 520192K, used 23468K [0x0000000604c00000, 0x0000000800000000)
  region size 4096K, 7 young (28672K), 1 survivors (4096K)
 Metaspace       used 11448K, committed 11776K, reserved 1114112K
  class space    used 1550K, committed 1664K, reserved 1048576K
}
Event: 1.070 GC heap after
{Heap after GC invocations=2 (full 0):
 garbage-first heap   total reserved 8310784K, committed 520192K, used 6717K [0x0000000604c00000, 0x0000000800000000)
  region size 4096K, 1 young (4096K), 1 survivors (4096K)
 Metaspace       used 11448K, committed 11776K, reserved 1114112K
  class space    used 1550K, committed 1664K, reserved 1048576K
}

Dll operation events (20 events):
Event: 0.405 Loaded shared library C:\Users\admin\.openjfx\cache\17.0.6\api-ms-win-crt-locale-l1-1-0.dll
Event: 0.408 Loaded shared library C:\Users\admin\.openjfx\cache\17.0.6\api-ms-win-crt-math-l1-1-0.dll
Event: 0.411 Loaded shared library C:\Users\admin\.openjfx\cache\17.0.6\api-ms-win-crt-multibyte-l1-1-0.dll
Event: 0.415 Loaded shared library C:\Users\admin\.openjfx\cache\17.0.6\api-ms-win-crt-private-l1-1-0.dll
Event: 0.418 Loaded shared library C:\Users\admin\.openjfx\cache\17.0.6\api-ms-win-crt-process-l1-1-0.dll
Event: 0.421 Loaded shared library C:\Users\admin\.openjfx\cache\17.0.6\api-ms-win-crt-runtime-l1-1-0.dll
Event: 0.425 Loaded shared library C:\Users\admin\.openjfx\cache\17.0.6\api-ms-win-crt-stdio-l1-1-0.dll
Event: 0.428 Loaded shared library C:\Users\admin\.openjfx\cache\17.0.6\api-ms-win-crt-string-l1-1-0.dll
Event: 0.431 Loaded shared library C:\Users\admin\.openjfx\cache\17.0.6\api-ms-win-crt-time-l1-1-0.dll
Event: 0.434 Loaded shared library C:\Users\admin\.openjfx\cache\17.0.6\api-ms-win-crt-utility-l1-1-0.dll
Event: 0.449 Loaded shared library C:\Users\admin\.openjfx\cache\17.0.6\ucrtbase.dll
Event: 0.453 Loaded shared library C:\Users\admin\.openjfx\cache\17.0.6\vcruntime140.dll
Event: 0.456 Loaded shared library C:\Users\admin\.openjfx\cache\17.0.6\vcruntime140_1.dll
Event: 0.466 Loaded shared library C:\Users\admin\.openjfx\cache\17.0.6\msvcp140.dll
Event: 0.469 Loaded shared library C:\Users\admin\.openjfx\cache\17.0.6\msvcp140_1.dll
Event: 0.474 Loaded shared library C:\Users\admin\.openjfx\cache\17.0.6\msvcp140_2.dll
Event: 0.515 Loaded shared library C:\Users\admin\.openjfx\cache\17.0.6\prism_d3d.dll
Event: 0.546 Loaded shared library C:\Users\admin\.openjfx\cache\17.0.6\glass.dll
Event: 0.675 Loaded shared library C:\Program Files\Java\jdk-23\bin\jimage.dll
Event: 0.898 Loaded shared library C:\Users\admin\.openjfx\cache\17.0.6\javafx_font.dll

Deoptimization events (20 events):
Event: 12.806 Thread 0x000001aa45b1eee0 DEOPT PACKING pc=0x000001aa59f5bc90 sp=0x00000087850f8940
Event: 12.806 Thread 0x000001aa45b1eee0 DEOPT UNPACKING pc=0x000001aa59964402 sp=0x00000087850f89b0 mode 2
Event: 12.806 Thread 0x000001aa45b1eee0 Uncommon trap: trap_request=0xffffffde fr.pc=0x000001aa59f5bc90 relative=0x0000000000001df0
Event: 12.806 Thread 0x000001aa45b1eee0 Uncommon trap: reason=class_check action=maybe_recompile pc=0x000001aa59f5bc90 method=java.util.zip.InflaterInputStream.read([BII)I @ 78 c2
Event: 12.806 Thread 0x000001aa45b1eee0 DEOPT PACKING pc=0x000001aa59f5bc90 sp=0x00000087850f8940
Event: 12.806 Thread 0x000001aa45b1eee0 DEOPT UNPACKING pc=0x000001aa59964402 sp=0x00000087850f89b0 mode 2
Event: 12.806 Thread 0x000001aa45b1eee0 Uncommon trap: trap_request=0xffffffde fr.pc=0x000001aa59f5bc90 relative=0x0000000000001df0
Event: 12.806 Thread 0x000001aa45b1eee0 Uncommon trap: reason=class_check action=maybe_recompile pc=0x000001aa59f5bc90 method=java.util.zip.InflaterInputStream.read([BII)I @ 78 c2
Event: 12.806 Thread 0x000001aa45b1eee0 DEOPT PACKING pc=0x000001aa59f5bc90 sp=0x00000087850f8940
Event: 12.806 Thread 0x000001aa45b1eee0 DEOPT UNPACKING pc=0x000001aa59964402 sp=0x00000087850f89b0 mode 2
Event: 12.842 Thread 0x000001aa4599a470 DEOPT PACKING pc=0x000001aa527485d9 sp=0x0000008784cfd840
Event: 12.842 Thread 0x000001aa4599a470 DEOPT UNPACKING pc=0x000001aa59964b22 sp=0x0000008784cfcca8 mode 0
Event: 12.842 Thread 0x000001aa4599a470 DEOPT PACKING pc=0x000001aa527485d9 sp=0x0000008784cfd840
Event: 12.842 Thread 0x000001aa4599a470 DEOPT UNPACKING pc=0x000001aa59964b22 sp=0x0000008784cfcca8 mode 0
Event: 12.843 Thread 0x000001aa4599a470 DEOPT PACKING pc=0x000001aa527485b8 sp=0x0000008784cfd840
Event: 12.843 Thread 0x000001aa4599a470 DEOPT UNPACKING pc=0x000001aa59964b22 sp=0x0000008784cfcc98 mode 0
Event: 14.827 Thread 0x000001aa45b1eee0 Uncommon trap: trap_request=0xffffff6e fr.pc=0x000001aa59fab240 relative=0x0000000000000420
Event: 14.827 Thread 0x000001aa45b1eee0 Uncommon trap: reason=loop_limit_check action=maybe_recompile pc=0x000001aa59fab240 method=java.lang.StringLatin1.indexOf([BI[BII)I @ 37 c2
Event: 14.827 Thread 0x000001aa45b1eee0 DEOPT PACKING pc=0x000001aa59fab240 sp=0x00000087850f8e60
Event: 14.827 Thread 0x000001aa45b1eee0 DEOPT UNPACKING pc=0x000001aa59964402 sp=0x00000087850f8dc0 mode 2

Classes loaded (20 events):
Event: 3.732 Loading class jdk/internal/ref/CleanerImpl$InnocuousThreadFactory
Event: 3.732 Loading class jdk/internal/ref/CleanerImpl$InnocuousThreadFactory done
Event: 3.737 Loading class sun/misc/Unsafe
Event: 3.737 Loading class sun/misc/Unsafe done
Event: 3.737 Loading class sun/misc/Unsafe$MemoryAccessOption
Event: 3.737 Loading class sun/misc/Unsafe$MemoryAccessOption done
Event: 3.738 Loading class java/lang/invoke/DirectMethodHandle$StaticAccessor
Event: 3.738 Loading class java/lang/invoke/DirectMethodHandle$StaticAccessor done
Event: 3.763 Loading class java/lang/FdLibm$Atan2
Event: 3.763 Loading class java/lang/FdLibm$Atan2 done
Event: 12.800 Loading class java/io/SequenceInputStream
Event: 12.800 Loading class java/io/SequenceInputStream done
Event: 14.770 Loading class java/util/TimerTask
Event: 14.770 Loading class java/util/TimerTask done
Event: 14.815 Loading class java/time/format/DateTimeParseException
Event: 14.815 Loading class java/time/DateTimeException
Event: 14.815 Loading class java/time/DateTimeException done
Event: 14.815 Loading class java/time/format/DateTimeParseException done
Event: 2110.131 Loading class jdk/internal/misc/Signal$1
Event: 2110.131 Loading class jdk/internal/misc/Signal$1 done

Classes unloaded (0 events):
No events

Classes redefined (0 events):
No events

Internal exceptions (20 events):
Event: 1.257 Thread 0x000001aa4599a470 Exception <a 'java/lang/NoSuchMethodError'{0x0000000623dce478}: 'int java.lang.invoke.DirectMethodHandle$Holder.invokeStaticInit(java.lang.Object, java.lang.Object)'> (0x0000000623dce478) 
thrown [s\open\src\hotspot\share\interpreter\linkResolver.cpp, line 796]
Event: 1.275 Thread 0x000001aa4599a470 Exception <a 'java/lang/NoSuchMethodError'{0x0000000623ed5de0}: 'java.lang.Object java.lang.invoke.DirectMethodHandle$Holder.invokeStaticInit(java.lang.Object, int)'> (0x0000000623ed5de0) 
thrown [s\open\src\hotspot\share\interpreter\linkResolver.cpp, line 796]
Event: 3.132 Thread 0x000001aa45b1eee0 Exception <a 'java/lang/NoSuchMethodError'{0x00000006239598b0}: 'long java.lang.invoke.DirectMethodHandle$Holder.invokeStatic(java.lang.Object, java.lang.Object, java.lang.Object)'> (0x00000006239598b0) 
thrown [s\open\src\hotspot\share\interpreter\linkResolver.cpp, line 796]
Event: 3.132 Thread 0x000001aa45b1eee0 Exception <a 'java/lang/NoSuchMethodError'{0x000000062395ccc8}: 'long java.lang.invoke.DirectMethodHandle$Holder.invokeStaticInit(java.lang.Object, java.lang.Object, java.lang.Object)'> (0x000000062395ccc8) 
thrown [s\open\src\hotspot\share\interpreter\linkResolver.cpp, line 796]
Event: 3.134 Thread 0x000001aa45b1eee0 Exception <a 'java/lang/NoSuchMethodError'{0x0000000623971e70}: 'java.lang.Object java.lang.invoke.DirectMethodHandle$Holder.newInvokeSpecial(java.lang.Object, java.lang.Object, long)'> (0x0000000623971e70) 
thrown [s\open\src\hotspot\share\interpreter\linkResolver.cpp, line 796]
Event: 3.135 Thread 0x000001aa45b1eee0 Exception <a 'java/lang/NoSuchMethodError'{0x00000006239757d0}: 'java.lang.Object java.lang.invoke.Invokers$Holder.linkToTargetMethod(java.lang.Object, long, java.lang.Object)'> (0x00000006239757d0) 
thrown [s\open\src\hotspot\share\interpreter\linkResolver.cpp, line 796]
Event: 3.358 Thread 0x000001aa45b1eee0 Exception <a 'sun/nio/fs/WindowsException'{0x00000006239b5c98}> (0x00000006239b5c98) 
thrown [s\open\src\hotspot\share\prims\jni.cpp, line 520]
Event: 3.388 Thread 0x000001aa45b1eee0 Exception <a 'sun/nio/fs/WindowsException'{0x0000000623a8fe98}> (0x0000000623a8fe98) 
thrown [s\open\src\hotspot\share\prims\jni.cpp, line 520]
Event: 3.388 Thread 0x000001aa45b1eee0 Exception <a 'sun/nio/fs/WindowsException'{0x0000000623a91dd0}> (0x0000000623a91dd0) 
thrown [s\open\src\hotspot\share\prims\jni.cpp, line 520]
Event: 3.396 Thread 0x000001aa45b1eee0 Exception <a 'sun/nio/fs/WindowsException'{0x0000000623aec088}> (0x0000000623aec088) 
thrown [s\open\src\hotspot\share\prims\jni.cpp, line 520]
Event: 3.396 Thread 0x000001aa45b1eee0 Exception <a 'sun/nio/fs/WindowsException'{0x0000000623aee108}> (0x0000000623aee108) 
thrown [s\open\src\hotspot\share\prims\jni.cpp, line 520]
Event: 3.400 Thread 0x000001aa45b1eee0 Exception <a 'java/lang/NoSuchMethodError'{0x0000000623afb900}: 'java.lang.Object java.lang.invoke.DirectMethodHandle$Holder.invokeVirtual(java.lang.Object, java.lang.Object, java.lang.Object)'> (0x0000000623afb900) 
thrown [s\open\src\hotspot\share\interpreter\linkResolver.cpp, line 796]
Event: 3.454 Thread 0x000001aa45b1eee0 Exception <a 'sun/nio/fs/WindowsException'{0x00000006235de698}> (0x00000006235de698) 
thrown [s\open\src\hotspot\share\prims\jni.cpp, line 520]
Event: 3.567 Thread 0x000001aa45b1eee0 Exception <a 'java/lang/NoSuchMethodError'{0x0000000623295c70}: 'void java.lang.invoke.Invokers$Holder.invokeExact_MT(java.lang.Object, java.lang.Object, java.lang.Object, java.lang.Object)'> (0x0000000623295c70) 
thrown [s\open\src\hotspot\share\interpreter\linkResolver.cpp, line 796]
Event: 3.593 Thread 0x000001aa45b1eee0 Exception <a 'java/io/FileNotFoundException'{0x0000000622c84ee0}> (0x0000000622c84ee0) 
thrown [s\open\src\hotspot\share\prims\jni.cpp, line 520]
Event: 3.627 Thread 0x000001aa45b1eee0 Exception <a 'java/lang/ClassNotFoundException'{0x0000000622e3ade8}: com/sun/javafx/scene/control/skin/resources/controls> (0x0000000622e3ade8) 
thrown [s\open\src\hotspot\share\prims\jni.cpp, line 539]
Event: 3.628 Thread 0x000001aa45b1eee0 Exception <a 'java/lang/ClassNotFoundException'{0x0000000622e48e58}: com/sun/javafx/scene/control/skin/resources/controls_vi> (0x0000000622e48e58) 
thrown [s\open\src\hotspot\share\prims\jni.cpp, line 539]
Event: 3.628 Thread 0x000001aa45b1eee0 Exception <a 'java/lang/ClassNotFoundException'{0x0000000622e4a100}: com/sun/javafx/scene/control/skin/resources/controls_vi_VN> (0x0000000622e4a100) 
thrown [s\open\src\hotspot\share\prims\jni.cpp, line 539]
Event: 3.654 Thread 0x000001aa45b1eee0 Exception <a 'java/lang/NoSuchMethodError'{0x0000000622fd68c8}: 'void java.lang.invoke.DirectMethodHandle$Holder.invokeSpecial(java.lang.Object, java.lang.Object, java.lang.Object, java.lang.Object, java.lang.Object, java.lang.Object)'> (0x0000000622fd68c8) 
thrown [s\open\src\hotspot\share\interpreter\linkResolver.cpp, line 796]
Event: 15.878 Thread 0x000001aa45b1eee0 Exception <a 'java/io/FileNotFoundException'{0x0000000621a85200}> (0x0000000621a85200) 
thrown [s\open\src\hotspot\share\prims\jni.cpp, line 520]

VM Operations (20 events):
Event: 0.991 Executing VM operation: HandshakeAllThreads (Deoptimize) done
Event: 1.066 Executing VM operation: G1CollectForAllocation (G1 Evacuation Pause)
Event: 1.070 Executing VM operation: G1CollectForAllocation (G1 Evacuation Pause) done
Event: 3.363 Executing VM operation: HandshakeAllThreads (Deoptimize)
Event: 3.363 Executing VM operation: HandshakeAllThreads (Deoptimize) done
Event: 3.387 Executing VM operation: HandshakeAllThreads (Deoptimize)
Event: 3.387 Executing VM operation: HandshakeAllThreads (Deoptimize) done
Event: 3.397 Executing VM operation: HandshakeAllThreads (Deoptimize)
Event: 3.397 Executing VM operation: HandshakeAllThreads (Deoptimize) done
Event: 3.519 Executing VM operation: HandshakeAllThreads (Deoptimize)
Event: 3.519 Executing VM operation: HandshakeAllThreads (Deoptimize) done
Event: 12.796 Executing VM operation: HandshakeAllThreads (Deoptimize)
Event: 12.796 Executing VM operation: HandshakeAllThreads (Deoptimize) done
Event: 14.793 Executing VM operation: HandshakeAllThreads (Deoptimize)
Event: 14.793 Executing VM operation: HandshakeAllThreads (Deoptimize) done
Event: 60.147 Executing VM operation: HandshakeAllThreads (HandshakeForDeflation)
Event: 60.147 Executing VM operation: HandshakeAllThreads (HandshakeForDeflation) done
Event: 60.147 Executing VM operation: RendezvousGCThreads
Event: 60.147 Executing VM operation: RendezvousGCThreads done
Event: 2110.135 Executing VM operation: Exit

Memory protections (0 events):
No events

Nmethod flushes (0 events):
No events

Events (20 events):
Event: 0.505 Thread 0x000001aa49cac3f0 Thread added: 0x000001aa4599a470
Event: 0.548 Thread 0x000001aa49cac3f0 Thread added: 0x000001aa45b74f90
Event: 0.551 Thread 0x000001aa49cac3f0 Thread added: 0x000001aa45b1eee0
Event: 0.619 Thread 0x000001aa6e76be30 Thread added: 0x000001aa6e76be30
Event: 0.645 Thread 0x000001aa49cac3f0 Thread added: 0x000001aa6e752400
Event: 0.920 Thread 0x000001aa450330d0 Thread added: 0x000001aa6e92fb60
Event: 1.168 Thread 0x000001aa45b1eee0 Thread added: 0x000001aa6e8bb720
Event: 1.322 Thread 0x000001aa6e92fb60 Thread exited: 0x000001aa6e92fb60
Event: 2.230 Thread 0x000001aa4522c000 Thread exited: 0x000001aa4522c000
Event: 3.355 Thread 0x000001aa45b1eee0 Thread added: 0x000001aa6e8baa00
Event: 3.394 Thread 0x000001aa45032620 Thread added: 0x000001aa6ec0f4f0
Event: 3.732 Thread 0x000001aa4599a470 Thread added: 0x000001aa6e8b9650
Event: 3.965 Thread 0x000001aa6ec0f4f0 Thread exited: 0x000001aa6ec0f4f0
Event: 2110.131 Thread 0x000001aa45021bb0 Thread added: 0x000001aa6e8bb090
Event: 2110.132 Thread 0x000001aa6e8bb090 Thread added: 0x000001aa6e8bbdb0
Event: 2110.133 Thread 0x000001aa6e8bb090 Thread added: 0x000001aa6e8b8930
Event: 2110.133 Thread 0x000001aa6e8b8930 Thread exited: 0x000001aa6e8b8930
Event: 2110.134 Thread 0x000001aa6e8bbdb0 Thread exited: 0x000001aa6e8bbdb0
Event: 2110.134 Thread 0x000001aa6e8bb090 Before exit entered
Event: 2110.135 Thread 0x000001aa45021bb0 Thread exited: 0x000001aa45021bb0


Dynamic libraries:
0x00007ff646690000 - 0x00007ff6466a0000 	C:\Program Files\Java\jdk-23\bin\java.exe
0x00007ff9b6cf0000 - 0x00007ff9b6f07000 	C:\WINDOWS\SYSTEM32\ntdll.dll
0x00007ff9b5960000 - 0x00007ff9b5a24000 	C:\WINDOWS\System32\KERNEL32.DLL
0x00007ff9b4000000 - 0x00007ff9b43b7000 	C:\WINDOWS\System32\KERNELBASE.dll
0x00007ff9b4560000 - 0x00007ff9b4671000 	C:\WINDOWS\System32\ucrtbase.dll
0x00007ff9af370000 - 0x00007ff9af387000 	C:\Program Files\Java\jdk-23\bin\jli.dll
0x00007ff9af390000 - 0x00007ff9af3ab000 	C:\Program Files\Java\jdk-23\bin\VCRUNTIME140.dll
0x00007ff9b6970000 - 0x00007ff9b6b1f000 	C:\WINDOWS\System32\USER32.dll
0x00007ff9984d0000 - 0x00007ff998763000 	C:\WINDOWS\WinSxS\amd64_microsoft.windows.common-controls_6595b64144ccf1df_6.0.22621.3672_none_2713b9d173822955\COMCTL32.dll
0x00007ff9b43c0000 - 0x00007ff9b43e6000 	C:\WINDOWS\System32\win32u.dll
0x00007ff9b66a0000 - 0x00007ff9b6747000 	C:\WINDOWS\System32\msvcrt.dll
0x00007ff9b4ca0000 - 0x00007ff9b4cc9000 	C:\WINDOWS\System32\GDI32.dll
0x00007ff9b4680000 - 0x00007ff9b4798000 	C:\WINDOWS\System32\gdi32full.dll
0x00007ff9b47a0000 - 0x00007ff9b483a000 	C:\WINDOWS\System32\msvcp_win.dll
0x00007ff9b4ed0000 - 0x00007ff9b4f01000 	C:\WINDOWS\System32\IMM32.DLL
0x00007ff9b0fb0000 - 0x00007ff9b0fbc000 	C:\Program Files\Java\jdk-23\bin\vcruntime140_1.dll
0x00007ff9af2e0000 - 0x00007ff9af36e000 	C:\Program Files\Java\jdk-23\bin\msvcp140.dll
0x00007ff981520000 - 0x00007ff98226f000 	C:\Program Files\Java\jdk-23\bin\server\jvm.dll
0x00007ff9b4df0000 - 0x00007ff9b4ea2000 	C:\WINDOWS\System32\ADVAPI32.dll
0x00007ff9b4d40000 - 0x00007ff9b4de8000 	C:\WINDOWS\System32\sechost.dll
0x00007ff9b49f0000 - 0x00007ff9b4a18000 	C:\WINDOWS\System32\bcrypt.dll
0x00007ff9b4b80000 - 0x00007ff9b4c94000 	C:\WINDOWS\System32\RPCRT4.dll
0x00007ff9b5c10000 - 0x00007ff9b5c81000 	C:\WINDOWS\System32\WS2_32.dll
0x00007ff9b2eb0000 - 0x00007ff9b2efd000 	C:\WINDOWS\SYSTEM32\POWRPROF.dll
0x00007ff9af220000 - 0x00007ff9af254000 	C:\WINDOWS\SYSTEM32\WINMM.dll
0x00007ff9b0270000 - 0x00007ff9b027a000 	C:\WINDOWS\SYSTEM32\VERSION.dll
0x00007ff9b2e90000 - 0x00007ff9b2ea3000 	C:\WINDOWS\SYSTEM32\UMPDC.dll
0x00007ff9b3140000 - 0x00007ff9b3158000 	C:\WINDOWS\SYSTEM32\kernel.appcore.dll
0x00007ff9b0d00000 - 0x00007ff9b0d0a000 	C:\Program Files\Java\jdk-23\bin\jimage.dll
0x00007ff9ac2a0000 - 0x00007ff9ac4d2000 	C:\WINDOWS\SYSTEM32\DBGHELP.DLL
0x00007ff9b5c90000 - 0x00007ff9b601e000 	C:\WINDOWS\System32\combase.dll
0x00007ff9b5780000 - 0x00007ff9b5857000 	C:\WINDOWS\System32\OLEAUT32.dll
0x00007ff99de60000 - 0x00007ff99de92000 	C:\WINDOWS\SYSTEM32\dbgcore.DLL
0x00007ff9b48b0000 - 0x00007ff9b492b000 	C:\WINDOWS\System32\bcryptPrimitives.dll
0x00007ff9af2b0000 - 0x00007ff9af2bf000 	C:\Program Files\Java\jdk-23\bin\instrument.dll
0x00007ff9af2c0000 - 0x00007ff9af2de000 	C:\Program Files\Java\jdk-23\bin\java.dll
0x00007ff9b5a50000 - 0x00007ff9b5bf5000 	C:\WINDOWS\System32\ole32.dll
0x00007ff9b4f10000 - 0x00007ff9b5779000 	C:\WINDOWS\System32\SHELL32.dll
0x00007ff9b1f80000 - 0x00007ff9b287f000 	C:\WINDOWS\SYSTEM32\windows.storage.dll
0x00007ff9b1e40000 - 0x00007ff9b1f7f000 	C:\WINDOWS\SYSTEM32\wintypes.dll
0x00007ff9b6020000 - 0x00007ff9b6119000 	C:\WINDOWS\System32\SHCORE.dll
0x00007ff9b6640000 - 0x00007ff9b669e000 	C:\WINDOWS\System32\shlwapi.dll
0x00007ff9b3f30000 - 0x00007ff9b3f57000 	C:\WINDOWS\SYSTEM32\profapi.dll
0x00007ff9a3860000 - 0x00007ff9a3937000 	C:\Program Files\Java\jdk-23\bin\jsvml.dll
0x00007ff9af2a0000 - 0x00007ff9af2b0000 	C:\Program Files\Java\jdk-23\bin\net.dll
0x00007ff9b35b0000 - 0x00007ff9b3619000 	C:\WINDOWS\system32\mswsock.dll
0x00007ff9af260000 - 0x00007ff9af276000 	C:\Program Files\Java\jdk-23\bin\nio.dll
0x00007ff9ad8d0000 - 0x00007ff9ad8e7000 	C:\Program Files\Java\jdk-23\bin\zip.dll
0x00007ff9ad740000 - 0x00007ff9ad75a000 	E:\IntelliJ IDEA 2024.2.3\bin\breakgen64.dll
0x000001aa45c20000 - 0x000001aa45c23000 	C:\Users\admin\.openjfx\cache\17.0.6\api-ms-win-core-console-l1-1-0.dll
0x000001aa45c30000 - 0x000001aa45c33000 	C:\Users\admin\.openjfx\cache\17.0.6\api-ms-win-core-console-l1-2-0.dll
0x000001aa45c40000 - 0x000001aa45c43000 	C:\Users\admin\.openjfx\cache\17.0.6\api-ms-win-core-datetime-l1-1-0.dll
0x000001aa45c50000 - 0x000001aa45c53000 	C:\Users\admin\.openjfx\cache\17.0.6\api-ms-win-core-debug-l1-1-0.dll
0x000001aa45c60000 - 0x000001aa45c63000 	C:\Users\admin\.openjfx\cache\17.0.6\api-ms-win-core-errorhandling-l1-1-0.dll
0x000001aa45c70000 - 0x000001aa45c74000 	C:\Users\admin\.openjfx\cache\17.0.6\api-ms-win-core-file-l1-1-0.dll
0x000001aa45c80000 - 0x000001aa45c83000 	C:\Users\admin\.openjfx\cache\17.0.6\api-ms-win-core-file-l1-2-0.dll
0x000001aa45c90000 - 0x000001aa45c93000 	C:\Users\admin\.openjfx\cache\17.0.6\api-ms-win-core-file-l2-1-0.dll
0x000001aa45ca0000 - 0x000001aa45ca3000 	C:\Users\admin\.openjfx\cache\17.0.6\api-ms-win-core-handle-l1-1-0.dll
0x000001aa45cb0000 - 0x000001aa45cb3000 	C:\Users\admin\.openjfx\cache\17.0.6\api-ms-win-core-heap-l1-1-0.dll
0x000001aa45cc0000 - 0x000001aa45cc3000 	C:\Users\admin\.openjfx\cache\17.0.6\api-ms-win-core-interlocked-l1-1-0.dll
0x000001aa45cd0000 - 0x000001aa45cd3000 	C:\Users\admin\.openjfx\cache\17.0.6\api-ms-win-core-libraryloader-l1-1-0.dll
0x000001aa45ce0000 - 0x000001aa45ce3000 	C:\Users\admin\.openjfx\cache\17.0.6\api-ms-win-core-localization-l1-2-0.dll
0x000001aa45cf0000 - 0x000001aa45cf3000 	C:\Users\admin\.openjfx\cache\17.0.6\api-ms-win-core-memory-l1-1-0.dll
0x000001aa45d00000 - 0x000001aa45d03000 	C:\Users\admin\.openjfx\cache\17.0.6\api-ms-win-core-namedpipe-l1-1-0.dll
0x000001aa45d10000 - 0x000001aa45d13000 	C:\Users\admin\.openjfx\cache\17.0.6\api-ms-win-core-processenvironment-l1-1-0.dll
0x000001aa45d20000 - 0x000001aa45d23000 	C:\Users\admin\.openjfx\cache\17.0.6\api-ms-win-core-processthreads-l1-1-0.dll
0x000001aa45d30000 - 0x000001aa45d33000 	C:\Users\admin\.openjfx\cache\17.0.6\api-ms-win-core-processthreads-l1-1-1.dll
0x000001aa45d40000 - 0x000001aa45d43000 	C:\Users\admin\.openjfx\cache\17.0.6\api-ms-win-core-profile-l1-1-0.dll
0x000001aa45d50000 - 0x000001aa45d53000 	C:\Users\admin\.openjfx\cache\17.0.6\api-ms-win-core-rtlsupport-l1-1-0.dll
0x000001aa45d60000 - 0x000001aa45d63000 	C:\Users\admin\.openjfx\cache\17.0.6\api-ms-win-core-string-l1-1-0.dll
0x000001aa45d70000 - 0x000001aa45d73000 	C:\Users\admin\.openjfx\cache\17.0.6\api-ms-win-core-synch-l1-1-0.dll
0x000001aa45d80000 - 0x000001aa45d83000 	C:\Users\admin\.openjfx\cache\17.0.6\api-ms-win-core-synch-l1-2-0.dll
0x000001aa45d90000 - 0x000001aa45d93000 	C:\Users\admin\.openjfx\cache\17.0.6\api-ms-win-core-sysinfo-l1-1-0.dll
0x000001aa45da0000 - 0x000001aa45da3000 	C:\Users\admin\.openjfx\cache\17.0.6\api-ms-win-core-timezone-l1-1-0.dll
0x000001aa45db0000 - 0x000001aa45db3000 	C:\Users\admin\.openjfx\cache\17.0.6\api-ms-win-core-util-l1-1-0.dll
0x000001aa45dc0000 - 0x000001aa45dc3000 	C:\Users\admin\.openjfx\cache\17.0.6\api-ms-win-crt-conio-l1-1-0.dll
0x000001aa45dd0000 - 0x000001aa45dd4000 	C:\Users\admin\.openjfx\cache\17.0.6\api-ms-win-crt-convert-l1-1-0.dll
0x000001aa45de0000 - 0x000001aa45de3000 	C:\Users\admin\.openjfx\cache\17.0.6\api-ms-win-crt-environment-l1-1-0.dll
0x000001aa45df0000 - 0x000001aa45df3000 	C:\Users\admin\.openjfx\cache\17.0.6\api-ms-win-crt-filesystem-l1-1-0.dll
0x000001aa45e00000 - 0x000001aa45e03000 	C:\Users\admin\.openjfx\cache\17.0.6\api-ms-win-crt-heap-l1-1-0.dll
0x000001aa45e10000 - 0x000001aa45e13000 	C:\Users\admin\.openjfx\cache\17.0.6\api-ms-win-crt-locale-l1-1-0.dll
0x000001aa45e20000 - 0x000001aa45e25000 	C:\Users\admin\.openjfx\cache\17.0.6\api-ms-win-crt-math-l1-1-0.dll
0x000001aa45e30000 - 0x000001aa45e35000 	C:\Users\admin\.openjfx\cache\17.0.6\api-ms-win-crt-multibyte-l1-1-0.dll
0x000001aa45e40000 - 0x000001aa45e50000 	C:\Users\admin\.openjfx\cache\17.0.6\api-ms-win-crt-private-l1-1-0.dll
0x000001aa45e50000 - 0x000001aa45e53000 	C:\Users\admin\.openjfx\cache\17.0.6\api-ms-win-crt-process-l1-1-0.dll
0x000001aa45e60000 - 0x000001aa45e64000 	C:\Users\admin\.openjfx\cache\17.0.6\api-ms-win-crt-runtime-l1-1-0.dll
0x000001aa45e70000 - 0x000001aa45e74000 	C:\Users\admin\.openjfx\cache\17.0.6\api-ms-win-crt-stdio-l1-1-0.dll
0x000001aa45e80000 - 0x000001aa45e84000 	C:\Users\admin\.openjfx\cache\17.0.6\api-ms-win-crt-string-l1-1-0.dll
0x000001aa45e90000 - 0x000001aa45e93000 	C:\Users\admin\.openjfx\cache\17.0.6\api-ms-win-crt-time-l1-1-0.dll
0x000001aa45ea0000 - 0x000001aa45ea3000 	C:\Users\admin\.openjfx\cache\17.0.6\api-ms-win-crt-utility-l1-1-0.dll
0x00007ff9a2db0000 - 0x00007ff9a2eac000 	C:\Users\admin\.openjfx\cache\17.0.6\ucrtbase.dll
0x00007ff9a3830000 - 0x00007ff9a384a000 	C:\Users\admin\.openjfx\cache\17.0.6\vcruntime140.dll
0x00007ff9a3820000 - 0x00007ff9a382c000 	C:\Users\admin\.openjfx\cache\17.0.6\vcruntime140_1.dll
0x00007ff99ed20000 - 0x00007ff99edad000 	C:\Users\admin\.openjfx\cache\17.0.6\msvcp140.dll
0x00007ff9a3810000 - 0x00007ff9a3819000 	C:\Users\admin\.openjfx\cache\17.0.6\msvcp140_1.dll
0x00007ff9a3740000 - 0x00007ff9a376f000 	C:\Users\admin\.openjfx\cache\17.0.6\msvcp140_2.dll
0x00007ff9a2f70000 - 0x00007ff9a2f9a000 	C:\Users\admin\.openjfx\cache\17.0.6\prism_d3d.dll
0x00007ff975710000 - 0x00007ff9758b8000 	C:\WINDOWS\system32\d3d9.dll
0x00007ff9b1710000 - 0x00007ff9b173b000 	C:\WINDOWS\SYSTEM32\dwmapi.dll
0x00007ff9b1780000 - 0x00007ff9b17b7000 	C:\WINDOWS\SYSTEM32\dxcore.dll
0x00007ff9b1480000 - 0x00007ff9b1531000 	C:\WINDOWS\system32\uxtheme.dll
0x00007ff94cd70000 - 0x00007ff94cf1f000 	C:\WINDOWS\System32\DriverStore\FileRepository\iigd_dch.inf_amd64_51f685305808e3a5\igdumdim64.dll
0x00007ff9487a0000 - 0x00007ff94b843000 	C:\WINDOWS\System32\DriverStore\FileRepository\iigd_dch.inf_amd64_51f685305808e3a5\igd9dxva64.dll
0x00007ff9b6130000 - 0x00007ff9b65a4000 	C:\WINDOWS\System32\SETUPAPI.dll
0x00007ff9b3cf0000 - 0x00007ff9b3d3e000 	C:\WINDOWS\SYSTEM32\cfgmgr32.dll
0x00007ff9a8360000 - 0x00007ff9a8769000 	C:\WINDOWS\System32\DriverStore\FileRepository\iigd_dch.inf_amd64_51f685305808e3a5\igdgmm64.dll
0x00007ff9abc70000 - 0x00007ff9abcb9000 	C:\WINDOWS\SYSTEM32\directxdatabasehelper.dll
0x00007ff9a2f20000 - 0x00007ff9a2f62000 	C:\Users\admin\.openjfx\cache\17.0.6\glass.dll
0x00007ff9b6bb0000 - 0x00007ff9b6caf000 	C:\WINDOWS\System32\COMDLG32.dll
0x00007ff9b4a20000 - 0x00007ff9b4b80000 	C:\WINDOWS\System32\MSCTF.dll
0x00007ff9945d0000 - 0x00007ff9945f7000 	C:\WINDOWS\System32\DriverStore\FileRepository\iigd_dch.inf_amd64_51f685305808e3a5\igdinfo64.dll
0x00007ff9a4bc0000 - 0x00007ff9a8354000 	C:\WINDOWS\System32\DriverStore\FileRepository\iigd_dch.inf_amd64_51f685305808e3a5\igc64.dll
0x00007ff9a2d90000 - 0x00007ff9a2da4000 	C:\Users\admin\.openjfx\cache\17.0.6\javafx_font.dll
0x00007ff9ae2e0000 - 0x00007ff9ae553000 	C:\WINDOWS\SYSTEM32\dwrite.dll
0x00007ff9b58b0000 - 0x00007ff9b5960000 	C:\WINDOWS\System32\clbcatq.dll
0x00007ff9b1280000 - 0x00007ff9b1431000 	C:\WINDOWS\SYSTEM32\WindowsCodecs.dll
0x00007ff985aa0000 - 0x00007ff985afe000 	C:\WINDOWS\system32\dataexchange.dll
0x00007ff9a9c80000 - 0x00007ff9a9f22000 	C:\WINDOWS\system32\twinapi.appcore.dll
0x00007ff9a2c50000 - 0x00007ff9a2c82000 	C:\Program Files\Common Files\Microsoft Shared\Ink\rtscom.dll
0x00007ff9ab830000 - 0x00007ff9ab973000 	C:\WINDOWS\SYSTEM32\textinputframework.dll
0x00007ff9af9c0000 - 0x00007ff9afaf3000 	C:\WINDOWS\SYSTEM32\CoreMessaging.dll
0x00007ff9ad0b0000 - 0x00007ff9ad41d000 	C:\WINDOWS\SYSTEM32\CoreUIComponents.dll
0x00007ff9b3800000 - 0x00007ff9b380c000 	C:\WINDOWS\SYSTEM32\CRYPTBASE.DLL
0x00007ff985c80000 - 0x00007ff985ce9000 	C:\WINDOWS\system32\Oleacc.dll
0x00007ff9b2bc0000 - 0x00007ff9b2cc2000 	C:\WINDOWS\SYSTEM32\DNSAPI.dll
0x00007ff9b2b50000 - 0x00007ff9b2b7d000 	C:\WINDOWS\SYSTEM32\IPHLPAPI.DLL
0x00007ff9b6120000 - 0x00007ff9b6129000 	C:\WINDOWS\System32\NSI.dll
0x00007ff9a36b0000 - 0x00007ff9a36ba000 	C:\Windows\System32\rasadhlp.dll

dbghelp: loaded successfully - version: 4.0.5 - missing functions: none
symbol engine: initialized successfully - sym options: 0x614 - pdb path: .;C:\Program Files\Java\jdk-23\bin;C:\WINDOWS\SYSTEM32;C:\WINDOWS\WinSxS\amd64_microsoft.windows.common-controls_6595b64144ccf1df_6.0.22621.3672_none_2713b9d173822955;C:\Program Files\Java\jdk-23\bin\server;E:\IntelliJ IDEA 2024.2.3\bin;C:\Users\admin\.openjfx\cache\17.0.6;C:\WINDOWS\System32\DriverStore\FileRepository\iigd_dch.inf_amd64_51f685305808e3a5;C:\Program Files\Common Files\Microsoft Shared\Ink

VM Arguments:
jvm_args: -javaagent:E:\IntelliJ IDEA 2024.2.3\lib\idea_rt.jar=50749:E:\IntelliJ IDEA 2024.2.3\bin -Dfile.encoding=UTF-8 -Dsun.stdout.encoding=UTF-8 -Dsun.stderr.encoding=UTF-8 --module-path=C:\Users\admin\.m2\repository\org\openjfx\javafx-controls\17.0.6\javafx-controls-17.0.6-win.jar;C:\Users\admin\.m2\repository\org\openjfx\javafx-graphics\17.0.6\javafx-graphics-17.0.6-win.jar;E:\CinemaManagement\target\classes;C:\Users\admin\.m2\repository\org\openjfx\javafx-fxml\17.0.6\javafx-fxml-17.0.6-win.jar;C:\Users\admin\.m2\repository\org\openjfx\javafx-base\17.0.6\javafx-base-17.0.6-win.jar -Djdk.module.main=org.example.cinemamanagement 
java_command: org.example.cinemamanagement/app.MainApp
java_class_path (initial): C:\Users\admin\.m2\repository\com\mysql\mysql-connector-j\8.0.32\mysql-connector-j-8.0.32.jar;C:\Users\admin\.m2\repository\com\google\protobuf\protobuf-java\3.21.9\protobuf-java-3.21.9.jar;C:\Users\admin\.m2\repository\org\openjfx\javafx-controls\17.0.6\javafx-controls-17.0.6.jar;C:\Users\admin\.m2\repository\org\openjfx\javafx-fxml\17.0.6\javafx-fxml-17.0.6.jar;C:\Users\admin\.m2\repository\org\openjfx\javafx-graphics\17.0.6\javafx-graphics-17.0.6.jar;C:\Users\admin\.m2\repository\org\openjfx\javafx-base\17.0.6\javafx-base-17.0.6.jar
Launcher Type: SUN_STANDARD

[Global flags]
     intx CICompilerCount                          = 4                                         {product} {ergonomic}
     uint ConcGCThreads                            = 3                                         {product} {ergonomic}
     uint G1ConcRefinementThreads                  = 10                                        {product} {ergonomic}
   size_t G1HeapRegionSize                         = 4194304                                   {product} {ergonomic}
   size_t InitialHeapSize                          = 532676608                                 {product} {ergonomic}
   size_t MarkStackSize                            = 4194304                                   {product} {ergonomic}
   size_t MarkStackSizeMax                         = 536870912                                 {product} {ergonomic}
   size_t MaxHeapSize                              = 8510242816                                {product} {ergonomic}
   size_t MaxNewSize                               = 5104467968                                {product} {ergonomic}
   size_t MinHeapDeltaBytes                        = 4194304                                   {product} {ergonomic}
   size_t MinHeapSize                              = 8388608                                   {product} {ergonomic}
    uintx NonNMethodCodeHeapSize                   = 5832704                                {pd product} {ergonomic}
    uintx NonProfiledCodeHeapSize                  = 122945536                              {pd product} {ergonomic}
    uintx ProfiledCodeHeapSize                     = 122880000                              {pd product} {ergonomic}
    uintx ReservedCodeCacheSize                    = 251658240                              {pd product} {ergonomic}
     bool SegmentedCodeCache                       = true                                      {product} {ergonomic}
   size_t SoftMaxHeapSize                          = 8510242816                             {manageable} {ergonomic}
     bool UseCompressedOops                        = true                           {product lp64_product} {ergonomic}
     bool UseG1GC                                  = true                                      {product} {ergonomic}
     bool UseLargePagesIndividualAllocation        = false                                  {pd product} {ergonomic}

Logging:
Log output configuration:
 #0: stdout all=off uptime,level,tags foldmultilines=false
 #1: stderr all=off uptime,level,tags foldmultilines=false

Environment Variables:
JAVA_HOME=C:\Program Files\Java\jdk-23
PATH="C:\Program Files\Java\jdk-23\bin;";C:\Program Files\Common Files\Oracle\Java\javapath;C:\Program Files (x86)\Common Files\Oracle\Java\java8path;C:\Program Files (x86)\Common Files\Oracle\Java\javapath;C:\WINDOWS\system32;C:\WINDOWS;C:\WINDOWS\System32\Wbem;C:\WINDOWS\System32\WindowsPowerShell\v1.0\;C:\WINDOWS\System32\OpenSSH\;C:\mingw32\bin;C:\Program Files\Git\cmd;C:\Program Files\Cloudflare\Cloudflare WARP\;C:\Program Files\nodejs\;C:\apache-maven-3.9.9\bin;"C:\apache-maven-3.9.9\bin";C:\Program Files\MySQL\MySQL Server 8.0\bin;C:\Program Files (x86)\Microsoft SQL Server\160\DTS\Binn\;C:\Program Files\MySQL\MySQL Shell 8.0\bin\;C:\Program Files\Java\jdk1.8.0_131\bin\javac A.java;C:\Users\admin\AppData\Roaming\npm
USERNAME=admin
OS=Windows_NT
PROCESSOR_IDENTIFIER=Intel64 Family 6 Model 165 Stepping 2, GenuineIntel
TMP=C:\Users\admin\AppData\Local\Temp
TEMP=C:\Users\admin\AppData\Local\Temp




Periodic native trim disabled

---------------  S Y S T E M  ---------------

OS:
 Windows 11 , 64 bit Build 22621 (10.0.22621.3958)
OS uptime: 0 days 3:42 hours

CPU: total 12 (initial active 12) (6 cores per cpu, 2 threads per core) family 6 model 165 stepping 2 microcode 0xec, cx8, cmov, fxsr, ht, mmx, 3dnowpref, sse, sse2, sse3, ssse3, sse4.1, sse4.2, popcnt, lzcnt, tsc, tscinvbit, avx, avx2, aes, erms, clmul, bmi1, bmi2, adx, fma, vzeroupper, clflush, clflushopt, rdtscp, f16c, pku
Processor Information for processor 0
  Max Mhz: 2600, Current Mhz: 2600, Mhz Limit: 2600
Processor Information for processor 1
  Max Mhz: 2600, Current Mhz: 800, Mhz Limit: 2600
Processor Information for processor 2
  Max Mhz: 2600, Current Mhz: 800, Mhz Limit: 2600
Processor Information for processor 3
  Max Mhz: 2600, Current Mhz: 800, Mhz Limit: 2600
Processor Information for processor 4
  Max Mhz: 2600, Current Mhz: 800, Mhz Limit: 2600
Processor Information for processor 5
  Max Mhz: 2600, Current Mhz: 800, Mhz Limit: 2600
Processor Information for processor 6
  Max Mhz: 2600, Current Mhz: 800, Mhz Limit: 2600
Processor Information for processor 7
  Max Mhz: 2600, Current Mhz: 800, Mhz Limit: 2600
Processor Information for processor 8
  Max Mhz: 2600, Current Mhz: 800, Mhz Limit: 2600
Processor Information for processor 9
  Max Mhz: 2600, Current Mhz: 800, Mhz Limit: 2600
Processor Information for processor 10
  Max Mhz: 2600, Current Mhz: 800, Mhz Limit: 2600
Processor Information for processor 11
  Max Mhz: 2600, Current Mhz: 800, Mhz Limit: 2600

Memory: 4k page, system-wide physical 32457M (20470M free)
TotalPageFile size 37321M (AvailPageFile size 23053M)
current process WorkingSet (physical memory assigned to process): 179M, peak: 190M
current process commit charge ("private bytes"): 680M, peak: 695M

vm_info: Java HotSpot(TM) 64-Bit Server VM (23+37-2369) for windows-amd64 JRE (23+37-2369), built on 2024-08-20T16:01:23Z with MS VC++ 17.6 (VS2022)

END.
